#-----------------------------------------------------------
# Vivado v2020.2 (64-bit)
# SW Build 3064766 on Wed Nov 18 09:12:45 MST 2020
# IP Build 3064653 on Wed Nov 18 14:17:31 MST 2020
# Start of session at: Thu Mar 31 08:39:59 2022
# Process ID: 6060
# Current directory: D:/Courses/大二下/cs/cod实验/实验2/zy_lab2
# Command line: vivado.exe -gui_launcher_event rodinguilauncherevent13556 D:\Courses\大二下\cs\cod实验\实验2\zy_lab2\zy_lab2.xpr
# Log file: D:/Courses/大二下/cs/cod实验/实验2/zy_lab2/vivado.log
# Journal file: D:/Courses/大二下/cs/cod实验/实验2/zy_lab2\vivado.jou
#-----------------------------------------------------------
start_gui
open_project D:/Courses/大二下/cs/cod实验/实验2/zy_lab2/zy_lab2.xpr
Scanning sources...
Finished scanning sources
INFO: [IP_Flow 19-234] Refreshing IP repositories
INFO: [IP_Flow 19-1704] No user IP repositories specified
INFO: [IP_Flow 19-2313] Loaded Vivado IP repository 'D:/product/Vivado/Vivado/2020.2/data/ip'.
open_project: Time (s): cpu = 00:00:27 ; elapsed = 00:00:10 . Memory (MB): peak = 1008.262 ; gain = 0.000
update_compile_order -fileset sources_1
create_ip -name dist_mem_gen -vendor xilinx.com -library ip -version 8.0 -module_name dist_mem_gen_0 -dir d:/Courses/cs/cod/2/zy_lab2/zy_lab2.srcs/sources_1
set_property -dict [list CONFIG.depth {32} CONFIG.coefficient_file {D:/Courses/大二下/cs/cod实验/实验2/zy_lab2/LAB2.coe}] [get_ips dist_mem_gen_0]
INFO: [IP_Flow 19-3484] Absolute path of file 'd:/Courses/大二下/cs/cod实验/实验2/zy_lab2/LAB2.coe' provided. It will be converted relative to IP Instance files '../../../../../../../大二下/cs/cod实验/实验2/zy_lab2/LAB2.coe'
generate_target {instantiation_template} [get_files d:/Courses/cs/cod/2/zy_lab2/zy_lab2.srcs/sources_1/dist_mem_gen_0/dist_mem_gen_0.xci]
INFO: [IP_Flow 19-1686] Generating 'Instantiation Template' target for IP 'dist_mem_gen_0'...
update_compile_order -fileset sources_1
generate_target all [get_files  d:/Courses/cs/cod/2/zy_lab2/zy_lab2.srcs/sources_1/dist_mem_gen_0/dist_mem_gen_0.xci]
INFO: [IP_Flow 19-1686] Generating 'Synthesis' target for IP 'dist_mem_gen_0'...
INFO: [IP_Flow 19-1686] Generating 'Simulation' target for IP 'dist_mem_gen_0'...
INFO: [IP_Flow 19-1686] Generating 'Change Log' target for IP 'dist_mem_gen_0'...
catch { config_ip_cache -export [get_ips -all dist_mem_gen_0] }
export_ip_user_files -of_objects [get_files d:/Courses/cs/cod/2/zy_lab2/zy_lab2.srcs/sources_1/dist_mem_gen_0/dist_mem_gen_0.xci] -no_script -sync -force -quiet
create_ip_run [get_files -of_objects [get_fileset sources_1] d:/Courses/cs/cod/2/zy_lab2/zy_lab2.srcs/sources_1/dist_mem_gen_0/dist_mem_gen_0.xci]
launch_runs dist_mem_gen_0_synth_1 -jobs 4
[Thu Mar 31 08:57:37 2022] Launched dist_mem_gen_0_synth_1...
Run output will be captured here: D:/Courses/大二下/cs/cod实验/实验2/zy_lab2/zy_lab2.runs/dist_mem_gen_0_synth_1/runme.log
export_simulation -of_objects [get_files d:/Courses/cs/cod/2/zy_lab2/zy_lab2.srcs/sources_1/dist_mem_gen_0/dist_mem_gen_0.xci] -directory D:/Courses/大二下/cs/cod实验/实验2/zy_lab2/zy_lab2.ip_user_files/sim_scripts -ip_user_files_dir D:/Courses/大二下/cs/cod实验/实验2/zy_lab2/zy_lab2.ip_user_files -ipstatic_source_dir D:/Courses/大二下/cs/cod实验/实验2/zy_lab2/zy_lab2.ip_user_files/ipstatic -lib_map_path [list {modelsim=D:/Courses/大二下/cs/cod实验/实验2/zy_lab2/zy_lab2.cache/compile_simlib/modelsim} {questa=D:/Courses/大二下/cs/cod实验/实验2/zy_lab2/zy_lab2.cache/compile_simlib/questa} {riviera=D:/Courses/大二下/cs/cod实验/实验2/zy_lab2/zy_lab2.cache/compile_simlib/riviera} {activehdl=D:/Courses/大二下/cs/cod实验/实验2/zy_lab2/zy_lab2.cache/compile_simlib/activehdl}] -use_ip_compiled_libs -force -quiet
WARNING: [IP_Flow 19-4067] Ignoring invalid widget type specified checkbox.Providing a default widget
WARNING: [IP_Flow 19-4067] Ignoring invalid widget type specified checkbox.Providing a default widget
create_ip -name blk_mem_gen -vendor xilinx.com -library ip -version 8.4 -module_name blk_mem_gen_0 -dir d:/Courses/cs/cod/2/zy_lab2/zy_lab2.srcs/sources_1
set_property -dict [list CONFIG.Write_Depth_A {32} CONFIG.Load_Init_File {false}] [get_ips blk_mem_gen_0]
generate_target {instantiation_template} [get_files d:/Courses/cs/cod/2/zy_lab2/zy_lab2.srcs/sources_1/blk_mem_gen_0/blk_mem_gen_0.xci]
INFO: [IP_Flow 19-1686] Generating 'Instantiation Template' target for IP 'blk_mem_gen_0'...
generate_target all [get_files  d:/Courses/cs/cod/2/zy_lab2/zy_lab2.srcs/sources_1/blk_mem_gen_0/blk_mem_gen_0.xci]
INFO: [IP_Flow 19-1686] Generating 'Synthesis' target for IP 'blk_mem_gen_0'...
INFO: [IP_Flow 19-1686] Generating 'Simulation' target for IP 'blk_mem_gen_0'...
INFO: [IP_Flow 19-1686] Generating 'Miscellaneous' target for IP 'blk_mem_gen_0'...
INFO: [IP_Flow 19-1686] Generating 'Change Log' target for IP 'blk_mem_gen_0'...
catch { config_ip_cache -export [get_ips -all blk_mem_gen_0] }
export_ip_user_files -of_objects [get_files d:/Courses/cs/cod/2/zy_lab2/zy_lab2.srcs/sources_1/blk_mem_gen_0/blk_mem_gen_0.xci] -no_script -sync -force -quiet
create_ip_run [get_files -of_objects [get_fileset sources_1] d:/Courses/cs/cod/2/zy_lab2/zy_lab2.srcs/sources_1/blk_mem_gen_0/blk_mem_gen_0.xci]
launch_runs blk_mem_gen_0_synth_1 -jobs 4
[Thu Mar 31 08:59:51 2022] Launched blk_mem_gen_0_synth_1...
Run output will be captured here: D:/Courses/大二下/cs/cod实验/实验2/zy_lab2/zy_lab2.runs/blk_mem_gen_0_synth_1/runme.log
export_simulation -of_objects [get_files d:/Courses/cs/cod/2/zy_lab2/zy_lab2.srcs/sources_1/blk_mem_gen_0/blk_mem_gen_0.xci] -directory D:/Courses/大二下/cs/cod实验/实验2/zy_lab2/zy_lab2.ip_user_files/sim_scripts -ip_user_files_dir D:/Courses/大二下/cs/cod实验/实验2/zy_lab2/zy_lab2.ip_user_files -ipstatic_source_dir D:/Courses/大二下/cs/cod实验/实验2/zy_lab2/zy_lab2.ip_user_files/ipstatic -lib_map_path [list {modelsim=D:/Courses/大二下/cs/cod实验/实验2/zy_lab2/zy_lab2.cache/compile_simlib/modelsim} {questa=D:/Courses/大二下/cs/cod实验/实验2/zy_lab2/zy_lab2.cache/compile_simlib/questa} {riviera=D:/Courses/大二下/cs/cod实验/实验2/zy_lab2/zy_lab2.cache/compile_simlib/riviera} {activehdl=D:/Courses/大二下/cs/cod实验/实验2/zy_lab2/zy_lab2.cache/compile_simlib/activehdl}] -use_ip_compiled_libs -force -quiet
WARNING: [IP_Flow 19-4067] Ignoring invalid widget type specified checkbox.Providing a default widget
WARNING: [IP_Flow 19-4067] Ignoring invalid widget type specified checkbox.Providing a default widget
export_ip_user_files -of_objects  [get_files d:/Courses/cs/cod/2/zy_lab2/zy_lab2.srcs/sources_1/blk_mem_gen_0/blk_mem_gen_0.xci] -no_script -reset -force -quiet
remove_files  -fileset blk_mem_gen_0 d:/Courses/cs/cod/2/zy_lab2/zy_lab2.srcs/sources_1/blk_mem_gen_0/blk_mem_gen_0.xci
INFO: [Project 1-386] Moving file 'd:/Courses/cs/cod/2/zy_lab2/zy_lab2.srcs/sources_1/blk_mem_gen_0/blk_mem_gen_0.xci' from fileset 'blk_mem_gen_0' to fileset 'sources_1'.
export_ip_user_files -of_objects  [get_files d:/Courses/cs/cod/2/zy_lab2/zy_lab2.srcs/sources_1/dist_mem_gen_0/dist_mem_gen_0.xci] -no_script -reset -force -quiet
remove_files  -fileset dist_mem_gen_0 d:/Courses/cs/cod/2/zy_lab2/zy_lab2.srcs/sources_1/dist_mem_gen_0/dist_mem_gen_0.xci
INFO: [Project 1-386] Moving file 'd:/Courses/cs/cod/2/zy_lab2/zy_lab2.srcs/sources_1/dist_mem_gen_0/dist_mem_gen_0.xci' from fileset 'dist_mem_gen_0' to fileset 'sources_1'.
exit
INFO: [Common 17-206] Exiting Vivado at Thu Mar 31 09:04:41 2022...
