#-----------------------------------------------------------
# Vivado v2020.2 (64-bit)
# SW Build 3064766 on Wed Nov 18 09:12:45 MST 2020
# IP Build 3064653 on Wed Nov 18 14:17:31 MST 2020
# Start of session at: Wed Mar 30 21:45:50 2022
# Process ID: 3288
# Current directory: D:/Courses/大二下/cs/cod实验/实验2/zy_lab2
# Command line: vivado.exe -gui_launcher_event rodinguilauncherevent10984 D:\Courses\大二下\cs\cod实验\实验2\zy_lab2\zy_lab2.xpr
# Log file: D:/Courses/大二下/cs/cod实验/实验2/zy_lab2/vivado.log
# Journal file: D:/Courses/大二下/cs/cod实验/实验2/zy_lab2\vivado.jou
#-----------------------------------------------------------
start_gui
open_project D:/Courses/大二下/cs/cod实验/实验2/zy_lab2/zy_lab2.xpr
INFO: [Project 1-313] Project file moved from 'C:/Users/13232/Desktop/vivado/zy_lab2' since last save.
Scanning sources...
Finished scanning sources
INFO: [Project 1-230] Project 'zy_lab2.xpr' upgraded for this version of Vivado.
INFO: [IP_Flow 19-234] Refreshing IP repositories
INFO: [IP_Flow 19-1704] No user IP repositories specified
INFO: [IP_Flow 19-2313] Loaded Vivado IP repository 'D:/product/Vivado/Vivado/2020.2/data/ip'.
open_project: Time (s): cpu = 00:00:19 ; elapsed = 00:00:06 . Memory (MB): peak = 1009.680 ; gain = 0.000
update_compile_order -fileset sources_1
reset_run impl_1 -prev_step 
launch_runs impl_1 -to_step write_bitstream -jobs 4
[Wed Mar 30 22:01:45 2022] Launched impl_1...
Run output will be captured here: D:/Courses/大二下/cs/cod实验/实验2/zy_lab2/zy_lab2.runs/impl_1/runme.log
open_run impl_1
INFO: [Device 21-403] Loading part xc7a100tcsg324-1
Netlist sorting complete. Time (s): cpu = 00:00:00 ; elapsed = 00:00:00.002 . Memory (MB): peak = 1068.855 ; gain = 0.000
INFO: [Netlist 29-17] Analyzing 20 Unisim elements for replacement
INFO: [Netlist 29-28] Unisim Transformation completed in 0 CPU seconds
INFO: [Project 1-479] Netlist was created with Vivado 2019.1
INFO: [Project 1-570] Preparing netlist for logic optimization
INFO: [Constraints 18-4397] Generator change detected checking ShapeConfig Enum. shapeDB will be regenerated.
INFO: [Constraints 18-5435] Cannot read file, the software version for the checkpoint (2019.1.2552052) does not match the current software version (2020.2.3064766).
  File : D:/Courses/大二下/cs/cod实验/实验2/zy_lab2/zy_lab2.runs/impl_1/LCU_routed/LCU.xbdc.
Parsing XDC File [D:/Courses/大二下/cs/cod实验/实验2/zy_lab2/zy_lab2.runs/impl_1/LCU_routed/LCU.xdc]
Finished Parsing XDC File [D:/Courses/大二下/cs/cod实验/实验2/zy_lab2/zy_lab2.runs/impl_1/LCU_routed/LCU.xdc]
Reading XDEF placement.
Reading placer database...
Reading XDEF routing.
Read XDEF File: Time (s): cpu = 00:00:00 ; elapsed = 00:00:00.128 . Memory (MB): peak = 1177.688 ; gain = 0.000
Restored from archive | CPU: 0.000000 secs | Memory: 0.000000 MB |
Finished XDEF File Restore: Time (s): cpu = 00:00:00 ; elapsed = 00:00:00.129 . Memory (MB): peak = 1177.688 ; gain = 0.000
INFO: [Opt 31-138] Pushed 0 inverter(s) to 0 load pin(s).
Netlist sorting complete. Time (s): cpu = 00:00:00 ; elapsed = 00:00:00 . Memory (MB): peak = 1568.738 ; gain = 0.000
INFO: [Project 1-111] Unisim Transformation Summary:
  A total of 2 instances were transformed.
  RAM32M => RAM32M (RAMD32(x6), RAMS32(x2)): 2 instances

open_run: Time (s): cpu = 00:00:32 ; elapsed = 00:00:19 . Memory (MB): peak = 1684.125 ; gain = 674.445
open_run synth_1 -name synth_1
Design is defaulting to impl run constrset: constrs_1
Design is defaulting to synth run part: xc7a100tcsg324-1
Netlist sorting complete. Time (s): cpu = 00:00:00 ; elapsed = 00:00:00.002 . Memory (MB): peak = 1880.012 ; gain = 0.000
INFO: [Netlist 29-17] Analyzing 20 Unisim elements for replacement
INFO: [Netlist 29-28] Unisim Transformation completed in 0 CPU seconds
INFO: [Project 1-479] Netlist was created with Vivado 2019.1
INFO: [Project 1-570] Preparing netlist for logic optimization
Parsing XDC File [D:/Courses/大二下/cs/cod实验/实验2/zy_lab2/zy_lab2.srcs/constrs_1/new/LCU_xdc.xdc]
Finished Parsing XDC File [D:/Courses/大二下/cs/cod实验/实验2/zy_lab2/zy_lab2.srcs/constrs_1/new/LCU_xdc.xdc]
INFO: [Opt 31-138] Pushed 0 inverter(s) to 0 load pin(s).
Netlist sorting complete. Time (s): cpu = 00:00:00 ; elapsed = 00:00:00 . Memory (MB): peak = 1979.004 ; gain = 0.000
INFO: [Project 1-111] Unisim Transformation Summary:
  A total of 2 instances were transformed.
  RAM32M => RAM32M (RAMD32(x6), RAMS32(x2)): 2 instances

open_run: Time (s): cpu = 00:00:14 ; elapsed = 00:00:07 . Memory (MB): peak = 2093.836 ; gain = 213.824
exit
INFO: [Common 17-206] Exiting Vivado at Wed Mar 30 22:33:26 2022...
