#-----------------------------------------------------------
# Vivado v2019.2 (64-bit)
# SW Build 2708876 on Wed Nov  6 21:40:23 MST 2019
# IP Build 2700528 on Thu Nov  7 00:09:20 MST 2019
# Start of session at: Thu May 12 19:42:14 2022
# Process ID: 13052
# Current directory: D:/Courses/COD/CPU_2
# Command line: vivado.exe -gui_launcher_event rodinguilauncherevent10132 D:\Courses\COD\CPU_2\CPU_2.xpr
# Log file: D:/Courses/COD/CPU_2/vivado.log
# Journal file: D:/Courses/COD/CPU_2\vivado.jou
#-----------------------------------------------------------
start_gui
open_project D:/Courses/COD/CPU_2/CPU_2.xpr
Scanning sources...
Finished scanning sources
INFO: [IP_Flow 19-234] Refreshing IP repositories
INFO: [IP_Flow 19-1704] No user IP repositories specified
INFO: [IP_Flow 19-2313] Loaded Vivado IP repository 'D:/product/vivado2019.2/Vivado/2019.2/data/ip'.
open_project: Time (s): cpu = 00:00:23 ; elapsed = 00:00:11 . Memory (MB): peak = 772.180 ; gain = 137.973
update_compile_order -fileset sources_1
reset_run impl_1 -prev_step 
launch_runs impl_1 -to_step write_bitstream -jobs 4
INFO: [Vivado 12-4149] The synthesis checkpoint for IP 'D:/Courses/COD/CPU_2/CPU_2.ip_user_files/D_mem_1/D_mem.xci' is already up-to-date
[Thu May 12 20:22:58 2022] Launched impl_1...
Run output will be captured here: D:/Courses/COD/CPU_2/CPU_2.runs/impl_1/runme.log
exit
INFO: [Common 17-206] Exiting Vivado at Thu May 12 20:29:41 2022...
