#-----------------------------------------------------------
# Vivado v2019.2 (64-bit)
# SW Build 2708876 on Wed Nov  6 21:40:23 MST 2019
# IP Build 2700528 on Thu Nov  7 00:09:20 MST 2019
# Start of session at: Thu May 26 15:48:19 2022
# Process ID: 16748
# Current directory: D:/Courses/COD/CPU_2
# Command line: vivado.exe -gui_launcher_event rodinguilauncherevent14864 D:\Courses\COD\CPU_2\CPU_2.xpr
# Log file: D:/Courses/COD/CPU_2/vivado.log
# Journal file: D:/Courses/COD/CPU_2\vivado.jou
#-----------------------------------------------------------
start_gui
open_project D:/Courses/COD/CPU_2/CPU_2.xpr
Scanning sources...
Finished scanning sources
INFO: [IP_Flow 19-234] Refreshing IP repositories
INFO: [IP_Flow 19-1704] No user IP repositories specified
INFO: [IP_Flow 19-2313] Loaded Vivado IP repository 'D:/product/vivado2019.2/Vivado/2019.2/data/ip'.
open_project: Time (s): cpu = 00:00:20 ; elapsed = 00:00:09 . Memory (MB): peak = 785.648 ; gain = 149.664
update_compile_order -fileset sources_1
exit
INFO: [Common 17-206] Exiting Vivado at Thu May 26 19:27:10 2022...
