#
# A fatal error has been detected by the Java Runtime Environment:
#
#  EXCEPTION_ACCESS_VIOLATION (0xc0000005) at pc=0x00007ffb18f3a1a5, pid=2656, tid=12244
#
# JRE version: Java(TM) SE Runtime Environment (9.0+11) (build 9.0.4+11)
# Java VM: Java HotSpot(TM) 64-Bit Server VM (9.0.4+11, mixed mode, tiered, compressed oops, g1 gc, windows-amd64)
# Problematic frame:
# C  [librdi_common.dll+0x17a1a5]
#
# No core dump will be written. Minidumps are not enabled by default on client versions of Windows
#
# If you would like to submit a bug report, please visit:
#   http://bugreport.java.com/bugreport/crash.jsp
# The crash happened outside the Java Virtual Machine in native code.
# See problematic frame for where to report the bug.
#

---------------  S U M M A R Y ------------

Command Line: -Dsun.java2d.pmoffscreen=false -Dsun.java2d.xrender=false -Dsun.java2d.d3d=false -Dsun.awt.nopixfmt=true -Dsun.java2d.dpiaware=true -Dsun.java2d.uiScale.enabled=false -Xverify:none -Dswing.aatext=true -XX:-UsePerfData -Djdk.map.althashing.threshold=512 -XX:StringTableSize=4072 --add-opens=java.base/java.nio=ALL-UNNAMED --add-opens=java.desktop/sun.swing=ALL-UNNAMED --add-opens=java.desktop/javax.swing=ALL-UNNAMED --add-opens=java.desktop/javax.swing.tree=ALL-UNNAMED --add-opens=java.desktop/javax.swing.plaf.basic=ALL-UNNAMED --add-opens=java.desktop/javax.swing.plaf.synth=ALL-UNNAMED --add-opens=java.desktop/com.sun.awt=ALL-UNNAMED -XX:NewSize=60m -XX:MaxNewSize=60m -Xms128m -Xmx3072m -Xss5m 

Host: Intel(R) Core(TM) i7-10510U CPU @ 1.80GHz, 8 cores, 15G,  Windows 10 , 64 bit Build 19041 (10.0.19041.1023)
Time: Mon Jun 14 22:09:12 2021 ?D1¨²¡À¨º¡Á?¨º¡À?? elapsed time: 63 seconds (0d 0h 1m 3s)

---------------  T H R E A D  ---------------

Current thread (0x0000017539dbc800):  JavaThread "AWT-EventQueue-1" [_thread_in_native, id=12244, stack(0x0000003114f00000,0x0000003115400000)]

Stack: [0x0000003114f00000,0x0000003115400000],  sp=0x00000031153fa7a0,  free space=5097k
Native frames: (J=compiled Java code, j=interpreted, Vv=VM code, C=native code)
C  [librdi_common.dll+0x17a1a5]
C  [librdi_common.dll+0x16ee15]
C  [librdi_common.dll+0x1386da]
C  [librdi_wavedata.dll+0x12df8d]
C  [librdi_wavedata.dll+0x12e079]
C  [librdi_wavedata.dll+0x1489a9]
C  [librdi_wavedata.dll+0x1e1f5a]
C  [librdi_wavedata.dll+0x2621df]
C  [librdi_wavedata.dll+0x269e19]
C  [librdi_wavedata.dll+0x23a4cb]
C  [librdi_wavedata.dll+0x276de7]
C  0x000001752048921c

Java frames: (J=compiled Java code, j=interpreted, Vv=VM code)
j  ui.views.waveform.waveformi.WVExecutive_getTooltipTextDelayed(J)Ljava/lang/String;+0
j  ui.views.waveform.executive.a.gFj()Ljava/lang/String;+4
j  ui.views.waveform.b.a.bG(Ljava/awt/event/MouseEvent;)V+85
j  ui.views.waveform.b.a.bF(Ljava/awt/event/MouseEvent;)V+24
j  ui.views.waveform.b.a.mouseMoved(Ljava/awt/event/MouseEvent;)V+28
J 12744 c1 java.awt.AWTEventMulticaster.mouseMoved(Ljava/awt/event/MouseEvent;)V java.desktop@9.0.4 (27 bytes) @ 0x000001752275c144 [0x000001752275bd80+0x00000000000003c4]
J 12744 c1 java.awt.AWTEventMulticaster.mouseMoved(Ljava/awt/event/MouseEvent;)V java.desktop@9.0.4 (27 bytes) @ 0x000001752275bf8c [0x000001752275bd80+0x000000000000020c]
J 12734 c1 java.awt.Component.processMouseMotionEvent(Ljava/awt/event/MouseEvent;)V java.desktop@9.0.4 (58 bytes) @ 0x0000017522727c84 [0x00000175227279e0+0x00000000000002a4]
J 12733 c1 javax.swing.JComponent.processMouseMotionEvent(Ljava/awt/event/MouseEvent;)V java.desktop@9.0.4 (46 bytes) @ 0x000001752272736c [0x0000017522726dc0+0x00000000000005ac]
j  ui.frmwork.c.i.processMouseMotionEvent(Ljava/awt/event/MouseEvent;)V+109
J 12764 c2 java.awt.Container.processEvent(Ljava/awt/AWTEvent;)V java.desktop@9.0.4 (22 bytes) @ 0x000001752894c818 [0x000001752894c6a0+0x0000000000000178]
J 15726 c1 java.awt.Component.dispatchEventImpl(Ljava/awt/AWTEvent;)V java.desktop@9.0.4 (739 bytes) @ 0x0000017522dbc60c [0x0000017522db89a0+0x0000000000003c6c]
J 15712 c1 java.awt.Container.dispatchEventImpl(Ljava/awt/AWTEvent;)V java.desktop@9.0.4 (129 bytes) @ 0x0000017522db2b8c [0x0000017522db2a60+0x000000000000012c]
J 14626 c2 java.awt.LightweightDispatcher.retargetMouseEvent(Ljava/awt/Component;ILjava/awt/event/MouseEvent;)V java.desktop@9.0.4 (350 bytes) @ 0x0000017528b1894c [0x0000017528b18380+0x00000000000005cc]
J 12611 c1 java.awt.LightweightDispatcher.processMouseEvent(Ljava/awt/event/MouseEvent;)Z java.desktop@9.0.4 (265 bytes) @ 0x00000175226e2bcc [0x00000175226e1cc0+0x0000000000000f0c]
J 11943 c1 java.awt.LightweightDispatcher.dispatchEvent(Ljava/awt/AWTEvent;)Z java.desktop@9.0.4 (73 bytes) @ 0x000001752251754c [0x0000017522517120+0x000000000000042c]
J 15712 c1 java.awt.Container.dispatchEventImpl(Ljava/awt/AWTEvent;)V java.desktop@9.0.4 (129 bytes) @ 0x0000017522db2b2c [0x0000017522db2a60+0x00000000000000cc]
J 11730 c1 java.awt.Window.dispatchEventImpl(Ljava/awt/AWTEvent;)V java.desktop@9.0.4 (23 bytes) @ 0x000001752246a174 [0x0000017522469ba0+0x00000000000005d4]
J 14089 c2 java.awt.EventQueue$3.run()Ljava/lang/Object; java.desktop@9.0.4 (5 bytes) @ 0x0000017528a5a550 [0x0000017528a5a3a0+0x00000000000001b0]
v  ~StubRoutines::call_stub
J 3828  java.security.AccessController.doPrivileged(Ljava/security/PrivilegedAction;Ljava/security/AccessControlContext;)Ljava/lang/Object; java.base@9.0.4 (0 bytes) @ 0x000001752815adc6 [0x000001752815ad60+0x0000000000000066]
J 11109 c1 java.awt.EventQueue$4.run()Ljava/lang/Object; java.desktop@9.0.4 (5 bytes) @ 0x0000017520f75354 [0x0000017520f74f60+0x00000000000003f4]
v  ~StubRoutines::call_stub
J 3828  java.security.AccessController.doPrivileged(Ljava/security/PrivilegedAction;Ljava/security/AccessControlContext;)Ljava/lang/Object; java.base@9.0.4 (0 bytes) @ 0x000001752815adc6 [0x000001752815ad60+0x0000000000000066]
J 13929 c2 ui.frmwork.b.d.dispatchEvent(Ljava/awt/AWTEvent;)V (34 bytes) @ 0x0000017528a410cc [0x0000017528a40c80+0x000000000000044c]
J 14690 c2 java.awt.EventDispatchThread.pumpOneEventForFilters(I)V java.desktop@9.0.4 (218 bytes) @ 0x0000017528b316c4 [0x0000017528b30b00+0x0000000000000bc4]
j  java.awt.EventDispatchThread.pumpEventsForFilter(ILjava/awt/Conditional;Ljava/awt/EventFilter;)V+35 java.desktop@9.0.4
j  java.awt.EventDispatchThread.pumpEventsForHierarchy(ILjava/awt/Conditional;Ljava/awt/Component;)V+11 java.desktop@9.0.4
j  java.awt.EventDispatchThread.pumpEvents(ILjava/awt/Conditional;)V+4 java.desktop@9.0.4
j  java.awt.EventDispatchThread.pumpEvents(Ljava/awt/Conditional;)V+3 java.desktop@9.0.4
j  java.awt.EventDispatchThread.run()V+9 java.desktop@9.0.4
v  ~StubRoutines::call_stub

siginfo: EXCEPTION_ACCESS_VIOLATION (0xc0000005), reading address 0xffffffffffffffff


Register to memory mapping:

RIP=0x00007ffb18f3a1a5 librdi_common.dll
RAX=0x000001750ed49201 is an unknown value
RBX=0x94011e00f4e455e9 is an unknown value
RCX=0x000001750ed49230 is an unknown value
RDX=0x94011e00f4e455e9 is an unknown value
RSP=0x00000031153fa7a0 is pointing into the stack for thread: 0x0000017539dbc800
RBP=0x00000031153fa8d0 is pointing into the stack for thread: 0x0000017539dbc800
RSI=0x000001753f8f8598 is an unknown value
RDI=0x00000031153fa9b8 is pointing into the stack for thread: 0x0000017539dbc800
R8 =0x00000031153fa9b8 is pointing into the stack for thread: 0x0000017539dbc800
R9 =0x0000000000000000 is an unknown value
R10=0x00007ffb53500000 VCRUNTIME140.dll
R11=0x0000071004147afb is an unknown value
R12=0x00000031153fa9b8 is pointing into the stack for thread: 0x0000017539dbc800
R13=0x0000000000000000 is an unknown value
R14=0x000001750ec2d020 is an unknown value
R15=0x94011e00f4e455e9 is an unknown value


Registers:
RAX=0x000001750ed49201, RBX=0x94011e00f4e455e9, RCX=0x000001750ed49230, RDX=0x94011e00f4e455e9
RSP=0x00000031153fa7a0, RBP=0x00000031153fa8d0, RSI=0x000001753f8f8598, RDI=0x00000031153fa9b8
R8 =0x00000031153fa9b8, R9 =0x0000000000000000, R10=0x00007ffb53500000, R11=0x0000071004147afb
R12=0x00000031153fa9b8, R13=0x0000000000000000, R14=0x000001750ec2d020, R15=0x94011e00f4e455e9
RIP=0x00007ffb18f3a1a5, EFLAGS=0x0000000000010202

Top of Stack: (sp=0x00000031153fa7a0)
0x00000031153fa7a0:   00000031153faab0 00007ffb53532cf7
0x00000031153fa7b0:   0000017500000000 94011e00f4e455e9
0x00000031153fa7c0:   94011e00f4e455e9 00007ffb18f2ee15
0x00000031153fa7d0:   0000017539f730c8 00007ffb53532f5f
0x00000031153fa7e0:   0000320d41e7d9a8 0000000000000017
0x00000031153fa7f0:   00000031153fb0c8 0000017539f730a0
0x00000031153fa800:   0000000000000002 00007ffb18f98985
0x00000031153fa810:   000001753ce23260 0000017539f730a8
0x00000031153fa820:   0000017539f730e8 0000017539f730a0
0x00000031153fa830:   fffffffffffffffe 00007ffb19506a6d
0x00000031153fa840:   fffffffffffffffe 00007ffb19bf3fe0
0x00000031153fa850:   0000017539f730a0 000001750cc6c8c8
0x00000031153fa860:   00000031153fa9b8 00007ffb18f97c76
0x00000031153fa870:   0000017539f730a0 00000031153fa9b8
0x00000031153fa880:   0000017500000002 00007ffa00000006
0x00000031153fa890:   fffffffffffffffe 0000000000000000 

Instructions: (pc=0x00007ffb18f3a1a5)
0x00007ffb18f3a185:   20 48 8b d9 e8 22 c4 04 00 48 8b c8 48 8b d3 e8
0x00007ffb18f3a195:   27 0d 05 00 84 c0 75 08 33 c0 48 83 c4 20 5b c3
0x00007ffb18f3a1a5:   48 8b 4b 50 48 85 c9 74 0a 48 83 c4 20 5b e9 68
0x00007ffb18f3a1b5:   e2 04 00 48 8b d3 48 8d 0d 26 fc 73 00 e8 59 b7 



---------------  P R O C E S S  ---------------

Java Threads: ( => current thread )
  0x0000017538aac800 JavaThread "Relaunch Simulation" [_thread_blocked, id=17420, stack(0x0000003114000000,0x0000003114500000)]
  0x0000017538aa8000 JavaThread "SyntheticaAnimation 50" daemon [_thread_blocked, id=4284, stack(0x0000003117f00000,0x0000003118400000)]
  0x0000017538aad000 JavaThread "Update Runs Swing Worker" [_thread_blocked, id=1592, stack(0x0000003118e00000,0x0000003119300000)]
  0x0000017538aab800 JavaThread "hw_ila_monitor" [_thread_blocked, id=11896, stack(0x0000003117a00000,0x0000003117f00000)]
  0x0000017538aab000 JavaThread "Refresh Filesets Swing Worker" [_thread_blocked, id=24464, stack(0x0000003117500000,0x0000003117a00000)]
  0x0000017538aaa000 JavaThread "SyntheticaAnimation 70" daemon [_thread_blocked, id=11840, stack(0x0000003117000000,0x0000003117500000)]
  0x0000017538aa6800 JavaThread "SyntheticaAnimation 25" daemon [_thread_blocked, id=23284, stack(0x0000003116b00000,0x0000003117000000)]
  0x0000017539db3000 JavaThread "SyntheticaAnimation 50" daemon [_thread_blocked, id=16052, stack(0x0000003116600000,0x0000003116b00000)]
  0x0000017539db6000 JavaThread "Monitor HEventQueue" [_thread_blocked, id=24204, stack(0x0000003116100000,0x0000003116600000)]
  0x0000017539db5000 JavaThread "SyntheticaCleanerThread" daemon [_thread_blocked, id=12568, stack(0x0000003115900000,0x0000003115e00000)]
  0x0000017539db4800 JavaThread "Batik CleanerThread" daemon [_thread_blocked, id=15684, stack(0x0000003114500000,0x0000003114a00000)]
=>0x0000017539dbc800 JavaThread "AWT-EventQueue-1" [_thread_in_native, id=12244, stack(0x0000003114f00000,0x0000003115400000)]
  0x0000017539a7d800 JavaThread "Process Messages" [_thread_blocked, id=19136, stack(0x0000003114a00000,0x0000003114f00000)]
  0x0000017538184800 JavaThread "Thread-1" [_thread_in_native, id=23748, stack(0x000000310d800000,0x000000310ec00000)]
  0x0000017538351800 JavaThread "TimerQueue" daemon [_thread_blocked, id=1544, stack(0x0000003113b00000,0x0000003114000000)]
  0x0000017537ee0000 JavaThread "AWT-Windows" daemon [_thread_in_native, id=17132, stack(0x0000003113600000,0x0000003113b00000)]
  0x000001753833c000 JavaThread "AWT-Shutdown" [_thread_blocked, id=17784, stack(0x0000003113100000,0x0000003113600000)]
  0x0000017537ea3800 JavaThread "Java2D Disposer" daemon [_thread_blocked, id=23944, stack(0x0000003112c00000,0x0000003113100000)]
  0x00000175141c1000 JavaThread "Service Thread" daemon [_thread_blocked, id=496, stack(0x0000003112600000,0x0000003112b00000)]
  0x000001751992d800 JavaThread "Common-Cleaner" daemon [_thread_blocked, id=19432, stack(0x0000003112100000,0x0000003112600000)]
  0x000001751992c000 JavaThread "Sweeper thread" daemon [_thread_blocked, id=23988, stack(0x0000003111c00000,0x0000003112100000)]
  0x0000017518c05800 JavaThread "C1 CompilerThread3" daemon [_thread_blocked, id=13104, stack(0x0000003111b00000,0x0000003111c00000)]
  0x0000017518c08000 JavaThread "C2 CompilerThread2" daemon [_thread_blocked, id=23296, stack(0x0000003111a00000,0x0000003111b00000)]
  0x0000017518c04800 JavaThread "C2 CompilerThread1" daemon [_thread_blocked, id=8932, stack(0x0000003111900000,0x0000003111a00000)]
  0x0000017518ecb800 JavaThread "C2 CompilerThread0" daemon [_thread_blocked, id=14288, stack(0x0000003111800000,0x0000003111900000)]
  0x0000017518eca800 JavaThread "Attach Listener" daemon [_thread_blocked, id=13840, stack(0x0000003111300000,0x0000003111800000)]
  0x000001750ed07800 JavaThread "Signal Dispatcher" daemon [_thread_blocked, id=2232, stack(0x0000003110e00000,0x0000003111300000)]
  0x0000017518014800 JavaThread "Finalizer" daemon [_thread_blocked, id=18820, stack(0x0000003110900000,0x0000003110e00000)]
  0x00000175192fa800 JavaThread "Reference Handler" daemon [_thread_blocked, id=6460, stack(0x0000003110400000,0x0000003110900000)]
  0x0000017519229800 JavaThread "main" [_thread_blocked, id=22456, stack(0x000000310ee00000,0x000000310ef00000)]

Other Threads:
  0x000001751085d000 VMThread "VM Thread" [stack: 0x0000003110300000,0x0000003110400000] [id=2836]
  0x0000017514300800 WatcherThread [stack: 0x0000003112b00000,0x0000003112c00000] [id=21912]
  0x0000017513d77800 GCTaskThread "GC Thread#0" [stack: 0x000000310ef00000,0x000000310f000000] [id=3720]
  0x000001751831d800 GCTaskThread "GC Thread#1" [stack: 0x000000310f000000,0x000000310f100000] [id=22808]
  0x000001751831d000 GCTaskThread "GC Thread#2" [stack: 0x000000310f100000,0x000000310f200000] [id=5696]
  0x000001751831e000 GCTaskThread "GC Thread#3" [stack: 0x000000310f200000,0x000000310f300000] [id=15100]
  0x000001751831f000 GCTaskThread "GC Thread#4" [stack: 0x000000310f300000,0x000000310f400000] [id=17316]
  0x000001751831f800 GCTaskThread "GC Thread#5" [stack: 0x000000310f400000,0x000000310f500000] [id=23888]
  0x000001751831c800 GCTaskThread "GC Thread#6" [stack: 0x000000310f500000,0x000000310f600000] [id=15864]
  0x0000017513209000 GCTaskThread "GC Thread#7" [stack: 0x000000310f600000,0x000000310f700000] [id=3224]
  0x000001751953e800 ConcurrentGCThread "G1 Main Marker" [stack: 0x0000003110000000,0x0000003110100000] [id=20840]
  0x0000017513209800 ConcurrentGCThread "G1 Marker#0" [stack: 0x0000003110100000,0x0000003110200000] [id=12132]
  0x000001751320a800 ConcurrentGCThread "G1 Marker#1" [stack: 0x0000003110200000,0x0000003110300000] [id=18880]
  0x000001751321a000 ConcurrentGCThread "G1 Refine#0" [stack: 0x000000310fe00000,0x000000310ff00000] [id=18492]
  0x0000017513219800 ConcurrentGCThread "G1 Refine#1" [stack: 0x000000310fd00000,0x000000310fe00000] [id=2044]
  0x000001751321b800 ConcurrentGCThread "G1 Refine#2" [stack: 0x000000310fc00000,0x000000310fd00000] [id=7952]
  0x00000175191e3800 ConcurrentGCThread "G1 Refine#3" [stack: 0x000000310fb00000,0x000000310fc00000] [id=7136]
  0x0000017513c9b000 ConcurrentGCThread "G1 Refine#4" [stack: 0x000000310fa00000,0x000000310fb00000] [id=23892]
  0x0000017513c9a800 ConcurrentGCThread "G1 Refine#5" [stack: 0x000000310f900000,0x000000310fa00000] [id=11076]
  0x000001751946f000 ConcurrentGCThread "G1 Refine#6" [stack: 0x000000310f800000,0x000000310f900000] [id=14672]
  0x00000175193d7000 ConcurrentGCThread "G1 Refine#7" [stack: 0x000000310f700000,0x000000310f800000] [id=3572]
  0x0000017519326800 ConcurrentGCThread "G1 Young RemSet Sampling" [stack: 0x000000310ff00000,0x0000003110000000] [id=19728]

Threads with active compile tasks:

VM state:not at safepoint (normal execution)

VM Mutex/Monitor currently owned by a thread: None

Heap address: 0x0000000700000000, size: 3072 MB, Compressed Oops mode: Zero based, Oop shift amount: 3
Narrow klass base: 0x0000000000000000, Narrow klass shift: 3
Compressed class space size: 1073741824 Address: 0x00000007c0000000

Heap:
 garbage-first heap   total 215040K, used 96945K [0x0000000700000000, 0x0000000700100690, 0x00000007c0000000)
  region size 1024K, 26 young (26624K), 1 survivors (1024K)
 Metaspace       used 78162K, capacity 83903K, committed 84144K, reserved 1122304K
  class space    used 10853K, capacity 11868K, committed 11952K, reserved 1048576K
Heap Regions: E=young(eden), S=young(survivor), O=old, HS=humongous(starts), HC=humongous(continues), CS=collection set, F=free, A=archive, TS=gc time stamp, AC=allocation context, TAMS=top-at-mark-start (previous, next)
|   0|0x0000000700000000, 0x00000007000fa1b8, 0x0000000700100000| 97%| O|  |TS  0|AC  0|TAMS 0x0000000700000000, 0x0000000700000000|
|   1|0x0000000700100000, 0x0000000700200000, 0x0000000700200000|100%|HS|  |TS  0|AC  0|TAMS 0x0000000700100000, 0x0000000700100000|
|   2|0x0000000700200000, 0x0000000700300000, 0x0000000700300000|100%|HC|  |TS  0|AC  0|TAMS 0x0000000700200000, 0x0000000700200000|
|   3|0x0000000700300000, 0x0000000700400000, 0x0000000700400000|100%|HS|  |TS  0|AC  0|TAMS 0x0000000700300000, 0x0000000700300000|
|   4|0x0000000700400000, 0x00000007004ff288, 0x0000000700500000| 99%| O|  |TS  0|AC  0|TAMS 0x0000000700400000, 0x0000000700400000|
|   5|0x0000000700500000, 0x0000000700600000, 0x0000000700600000|100%| O|  |TS  0|AC  0|TAMS 0x0000000700500000, 0x0000000700500000|
|   6|0x0000000700600000, 0x00000007006fffe8, 0x0000000700700000| 99%| O|  |TS  0|AC  0|TAMS 0x0000000700600000, 0x0000000700600000|
|   7|0x0000000700700000, 0x0000000700800000, 0x0000000700800000|100%| O|  |TS  0|AC  0|TAMS 0x0000000700700000, 0x0000000700700000|
|   8|0x0000000700800000, 0x0000000700900000, 0x0000000700900000|100%| O|  |TS  0|AC  0|TAMS 0x0000000700800000, 0x0000000700800000|
|   9|0x0000000700900000, 0x0000000700a00000, 0x0000000700a00000|100%| O|  |TS  0|AC  0|TAMS 0x0000000700900000, 0x0000000700900000|
|  10|0x0000000700a00000, 0x0000000700afe148, 0x0000000700b00000| 99%| O|  |TS  0|AC  0|TAMS 0x0000000700a00000, 0x0000000700a00000|
|  11|0x0000000700b00000, 0x0000000700bf9e78, 0x0000000700c00000| 97%| O|  |TS  0|AC  0|TAMS 0x0000000700b00000, 0x0000000700b00000|
|  12|0x0000000700c00000, 0x0000000700cffc60, 0x0000000700d00000| 99%| O|  |TS  0|AC  0|TAMS 0x0000000700c00000, 0x0000000700c00000|
|  13|0x0000000700d00000, 0x0000000700dfccd8, 0x0000000700e00000| 98%| O|  |TS  0|AC  0|TAMS 0x0000000700d00000, 0x0000000700d00000|
|  14|0x0000000700e00000, 0x0000000700ef54e0, 0x0000000700f00000| 95%| O|  |TS  0|AC  0|TAMS 0x0000000700e00000, 0x0000000700e00000|
|  15|0x0000000700f00000, 0x0000000700fe5e00, 0x0000000701000000| 89%| O|  |TS  0|AC  0|TAMS 0x0000000700f00000, 0x0000000700f00000|
|  16|0x0000000701000000, 0x00000007010ffff8, 0x0000000701100000| 99%| O|  |TS  0|AC  0|TAMS 0x0000000701000000, 0x0000000701000000|
|  17|0x0000000701100000, 0x00000007011ffff0, 0x0000000701200000| 99%| O|  |TS  0|AC  0|TAMS 0x0000000701100000, 0x0000000701100000|
|  18|0x0000000701200000, 0x00000007012fffd0, 0x0000000701300000| 99%| O|  |TS  0|AC  0|TAMS 0x0000000701200000, 0x0000000701200000|
|  19|0x0000000701300000, 0x00000007013ffff0, 0x0000000701400000| 99%| O|  |TS  0|AC  0|TAMS 0x0000000701300000, 0x0000000701300000|
|  20|0x0000000701400000, 0x0000000701500000, 0x0000000701500000|100%|HS|  |TS  0|AC  0|TAMS 0x0000000701400000, 0x0000000701400000|
|  21|0x0000000701500000, 0x0000000701600000, 0x0000000701600000|100%|HC|  |TS  0|AC  0|TAMS 0x0000000701500000, 0x0000000701500000|
|  22|0x0000000701600000, 0x00000007016ffff0, 0x0000000701700000| 99%| O|  |TS  0|AC  0|TAMS 0x0000000701600000, 0x0000000701600000|
|  23|0x0000000701700000, 0x0000000701800000, 0x0000000701800000|100%| O|  |TS  0|AC  0|TAMS 0x0000000701700000, 0x0000000701700000|
|  24|0x0000000701800000, 0x00000007018ffff8, 0x0000000701900000| 99%| O|  |TS  0|AC  0|TAMS 0x0000000701800000, 0x0000000701800000|
|  25|0x0000000701900000, 0x00000007019ffff8, 0x0000000701a00000| 99%| O|  |TS  0|AC  0|TAMS 0x0000000701900000, 0x0000000701900000|
|  26|0x0000000701a00000, 0x0000000701afff38, 0x0000000701b00000| 99%| O|  |TS  0|AC  0|TAMS 0x0000000701a00000, 0x0000000701a00000|
|  27|0x0000000701b00000, 0x0000000701bffff0, 0x0000000701c00000| 99%| O|  |TS  0|AC  0|TAMS 0x0000000701b00000, 0x0000000701b00000|
|  28|0x0000000701c00000, 0x0000000701cffff0, 0x0000000701d00000| 99%| O|  |TS  0|AC  0|TAMS 0x0000000701c00000, 0x0000000701c00000|
|  29|0x0000000701d00000, 0x0000000701dffff0, 0x0000000701e00000| 99%| O|  |TS  0|AC  0|TAMS 0x0000000701d00000, 0x0000000701d00000|
|  30|0x0000000701e00000, 0x0000000701effff0, 0x0000000701f00000| 99%| O|  |TS  0|AC  0|TAMS 0x0000000701e00000, 0x0000000701e00000|
|  31|0x0000000701f00000, 0x0000000701fffff0, 0x0000000702000000| 99%| O|  |TS  0|AC  0|TAMS 0x0000000701f00000, 0x0000000701f00000|
|  32|0x0000000702000000, 0x00000007020ffff8, 0x0000000702100000| 99%| O|  |TS  0|AC  0|TAMS 0x0000000702000000, 0x0000000702000000|
|  33|0x0000000702100000, 0x00000007021fffe8, 0x0000000702200000| 99%| O|  |TS  0|AC  0|TAMS 0x0000000702100000, 0x0000000702100000|
|  34|0x0000000702200000, 0x00000007022ffff0, 0x0000000702300000| 99%| O|  |TS  0|AC  0|TAMS 0x0000000702200000, 0x0000000702200000|
|  35|0x0000000702300000, 0x00000007023ffff0, 0x0000000702400000| 99%| O|  |TS  0|AC  0|TAMS 0x0000000702300000, 0x0000000702300000|
|  36|0x0000000702400000, 0x00000007024fffc0, 0x0000000702500000| 99%| O|  |TS  0|AC  0|TAMS 0x0000000702400000, 0x0000000702400000|
|  37|0x0000000702500000, 0x0000000702600000, 0x0000000702600000|100%| O|  |TS  0|AC  0|TAMS 0x0000000702500000, 0x0000000702500000|
|  38|0x0000000702600000, 0x00000007026fffe8, 0x0000000702700000| 99%| O|  |TS  0|AC  0|TAMS 0x0000000702600000, 0x0000000702600000|
|  39|0x0000000702700000, 0x00000007027fffe0, 0x0000000702800000| 99%| O|  |TS  0|AC  0|TAMS 0x0000000702700000, 0x0000000702700000|
|  40|0x0000000702800000, 0x0000000702900000, 0x0000000702900000|100%| O|  |TS  0|AC  0|TAMS 0x0000000702800000, 0x0000000702800000|
|  41|0x0000000702900000, 0x0000000702a00000, 0x0000000702a00000|100%| O|  |TS  0|AC  0|TAMS 0x0000000702900000, 0x0000000702900000|
|  42|0x0000000702a00000, 0x0000000702b00000, 0x0000000702b00000|100%| O|  |TS  0|AC  0|TAMS 0x0000000702a00000, 0x0000000702a00000|
|  43|0x0000000702b00000, 0x0000000702c00000, 0x0000000702c00000|100%| O|  |TS  0|AC  0|TAMS 0x0000000702b00000, 0x0000000702b00000|
|  44|0x0000000702c00000, 0x0000000702cfffe8, 0x0000000702d00000| 99%| O|  |TS  0|AC  0|TAMS 0x0000000702c00000, 0x0000000702c00000|
|  45|0x0000000702d00000, 0x0000000702dff470, 0x0000000702e00000| 99%| O|  |TS  0|AC  0|TAMS 0x0000000702d00000, 0x0000000702d00000|
|  46|0x0000000702e00000, 0x0000000702efffa0, 0x0000000702f00000| 99%| O|  |TS  0|AC  0|TAMS 0x0000000702e00000, 0x0000000702e00000|
|  47|0x0000000702f00000, 0x0000000702fffff0, 0x0000000703000000| 99%| O|  |TS  0|AC  0|TAMS 0x0000000702f00000, 0x0000000702f00000|
|  48|0x0000000703000000, 0x00000007030fffc0, 0x0000000703100000| 99%| O|  |TS  0|AC  0|TAMS 0x0000000703000000, 0x0000000703000000|
|  49|0x0000000703100000, 0x00000007031fff60, 0x0000000703200000| 99%| O|  |TS  0|AC  0|TAMS 0x0000000703100000, 0x0000000703100000|
|  50|0x0000000703200000, 0x0000000703300000, 0x0000000703300000|100%|HS|  |TS  0|AC  0|TAMS 0x0000000703200000, 0x0000000703200000|
|  51|0x0000000703300000, 0x0000000703400000, 0x0000000703400000|100%|HC|  |TS  0|AC  0|TAMS 0x0000000703300000, 0x0000000703300000|
|  52|0x0000000703400000, 0x0000000703500000, 0x0000000703500000|100%|HC|  |TS  0|AC  0|TAMS 0x0000000703400000, 0x0000000703400000|
|  53|0x0000000703500000, 0x0000000703600000, 0x0000000703600000|100%|HC|  |TS  0|AC  0|TAMS 0x0000000703500000, 0x0000000703500000|
|  54|0x0000000703600000, 0x0000000703700000, 0x0000000703700000|100%|HC|  |TS  0|AC  0|TAMS 0x0000000703600000, 0x0000000703600000|
|  55|0x0000000703700000, 0x0000000703800000, 0x0000000703800000|100%|HC|  |TS  0|AC  0|TAMS 0x0000000703700000, 0x0000000703700000|
|  56|0x0000000703800000, 0x0000000703900000, 0x0000000703900000|100%|HC|  |TS  0|AC  0|TAMS 0x0000000703800000, 0x0000000703800000|
|  57|0x0000000703900000, 0x0000000703a00000, 0x0000000703a00000|100%|HC|  |TS  0|AC  0|TAMS 0x0000000703900000, 0x0000000703900000|
|  58|0x0000000703a00000, 0x0000000703afff90, 0x0000000703b00000| 99%| O|  |TS  0|AC  0|TAMS 0x0000000703a00000, 0x0000000703a00000|
|  59|0x0000000703b00000, 0x0000000703bfff68, 0x0000000703c00000| 99%| O|  |TS  0|AC  0|TAMS 0x0000000703b00000, 0x0000000703b00000|
|  60|0x0000000703c00000, 0x0000000703d00000, 0x0000000703d00000|100%|HS|  |TS  0|AC  0|TAMS 0x0000000703c00000, 0x0000000703c00000|
|  61|0x0000000703d00000, 0x0000000703e00000, 0x0000000703e00000|100%|HS|  |TS  0|AC  0|TAMS 0x0000000703d00000, 0x0000000703d00000|
|  62|0x0000000703e00000, 0x0000000703e229d0, 0x0000000703f00000| 13%| O|  |TS  0|AC  0|TAMS 0x0000000703e00000, 0x0000000703e00000|
|  63|0x0000000703f00000, 0x0000000704000000, 0x0000000704000000|100%|HS|  |TS  0|AC  0|TAMS 0x0000000703f00000, 0x0000000703f00000|
|  64|0x0000000704000000, 0x0000000704000000, 0x0000000704100000|  0%| F|  |TS  0|AC  0|TAMS 0x0000000704000000, 0x0000000704000000|
|  65|0x0000000704100000, 0x0000000704200000, 0x0000000704200000|100%|HS|  |TS  0|AC  0|TAMS 0x0000000704100000, 0x0000000704100000|
|  66|0x0000000704200000, 0x0000000704300000, 0x0000000704300000|100%|HS|  |TS  0|AC  0|TAMS 0x0000000704200000, 0x0000000704200000|
|  67|0x0000000704300000, 0x0000000704400000, 0x0000000704400000|100%|HS|  |TS  0|AC  0|TAMS 0x0000000704300000, 0x0000000704300000|
|  68|0x0000000704400000, 0x0000000704500000, 0x0000000704500000|100%|HC|  |TS  0|AC  0|TAMS 0x0000000704400000, 0x0000000704400000|
|  69|0x0000000704500000, 0x0000000704600000, 0x0000000704600000|100%|HS|  |TS  0|AC  0|TAMS 0x0000000704500000, 0x0000000704500000|
|  70|0x0000000704600000, 0x0000000704700000, 0x0000000704700000|100%|HC|  |TS  0|AC  0|TAMS 0x0000000704600000, 0x0000000704600000|
|  71|0x0000000704700000, 0x0000000704800000, 0x0000000704800000|100%|HC|  |TS  0|AC  0|TAMS 0x0000000704700000, 0x0000000704700000|
|  72|0x0000000704800000, 0x0000000704800000, 0x0000000704900000|  0%| F|  |TS  0|AC  0|TAMS 0x0000000704800000, 0x0000000704800000|
|  73|0x0000000704900000, 0x0000000704900000, 0x0000000704a00000|  0%| F|  |TS  0|AC  0|TAMS 0x0000000704900000, 0x0000000704900000|
|  74|0x0000000704a00000, 0x0000000704a00000, 0x0000000704b00000|  0%| F|  |TS  0|AC  0|TAMS 0x0000000704a00000, 0x0000000704a00000|
|  75|0x0000000704b00000, 0x0000000704b00000, 0x0000000704c00000|  0%| F|  |TS  0|AC  0|TAMS 0x0000000704b00000, 0x0000000704b00000|
|  76|0x0000000704c00000, 0x0000000704c00000, 0x0000000704d00000|  0%| F|  |TS  0|AC  0|TAMS 0x0000000704c00000, 0x0000000704c00000|
|  77|0x0000000704d00000, 0x0000000704d00000, 0x0000000704e00000|  0%| F|  |TS  0|AC  0|TAMS 0x0000000704d00000, 0x0000000704d00000|
|  78|0x0000000704e00000, 0x0000000704e00000, 0x0000000704f00000|  0%| F|  |TS  0|AC  0|TAMS 0x0000000704e00000, 0x0000000704e00000|
|  79|0x0000000704f00000, 0x0000000704f00000, 0x0000000705000000|  0%| F|  |TS  0|AC  0|TAMS 0x0000000704f00000, 0x0000000704f00000|
|  80|0x0000000705000000, 0x0000000705000000, 0x0000000705100000|  0%| F|  |TS  0|AC  0|TAMS 0x0000000705000000, 0x0000000705000000|
|  81|0x0000000705100000, 0x0000000705100000, 0x0000000705200000|  0%| F|  |TS  0|AC  0|TAMS 0x0000000705100000, 0x0000000705100000|
|  82|0x0000000705200000, 0x0000000705200000, 0x0000000705300000|  0%| F|  |TS  0|AC  0|TAMS 0x0000000705200000, 0x0000000705200000|
|  83|0x0000000705300000, 0x0000000705300000, 0x0000000705400000|  0%| F|  |TS  0|AC  0|TAMS 0x0000000705300000, 0x0000000705300000|
|  84|0x0000000705400000, 0x0000000705400000, 0x0000000705500000|  0%| F|  |TS  0|AC  0|TAMS 0x0000000705400000, 0x0000000705400000|
|  85|0x0000000705500000, 0x0000000705500000, 0x0000000705600000|  0%| F|  |TS  0|AC  0|TAMS 0x0000000705500000, 0x0000000705500000|
|  86|0x0000000705600000, 0x0000000705600000, 0x0000000705700000|  0%| F|  |TS  0|AC  0|TAMS 0x0000000705600000, 0x0000000705600000|
|  87|0x0000000705700000, 0x0000000705700000, 0x0000000705800000|  0%| F|  |TS  0|AC  0|TAMS 0x0000000705700000, 0x0000000705700000|
|  88|0x0000000705800000, 0x0000000705800000, 0x0000000705900000|  0%| F|  |TS  0|AC  0|TAMS 0x0000000705800000, 0x0000000705800000|
|  89|0x0000000705900000, 0x0000000705900000, 0x0000000705a00000|  0%| F|  |TS  0|AC  0|TAMS 0x0000000705900000, 0x0000000705900000|
|  90|0x0000000705a00000, 0x0000000705a00000, 0x0000000705b00000|  0%| F|  |TS  0|AC  0|TAMS 0x0000000705a00000, 0x0000000705a00000|
|  91|0x0000000705b00000, 0x0000000705b00000, 0x0000000705c00000|  0%| F|  |TS  0|AC  0|TAMS 0x0000000705b00000, 0x0000000705b00000|
|  92|0x0000000705c00000, 0x0000000705c00000, 0x0000000705d00000|  0%| F|  |TS  0|AC  0|TAMS 0x0000000705c00000, 0x0000000705c00000|
|  93|0x0000000705d00000, 0x0000000705d00000, 0x0000000705e00000|  0%| F|  |TS  0|AC  0|TAMS 0x0000000705d00000, 0x0000000705d00000|
|  94|0x0000000705e00000, 0x0000000705e00000, 0x0000000705f00000|  0%| F|  |TS  0|AC  0|TAMS 0x0000000705e00000, 0x0000000705e00000|
|  95|0x0000000705f00000, 0x0000000705f00000, 0x0000000706000000|  0%| F|  |TS  0|AC  0|TAMS 0x0000000705f00000, 0x0000000705f00000|
|  96|0x0000000706000000, 0x0000000706000000, 0x0000000706100000|  0%| F|  |TS  0|AC  0|TAMS 0x0000000706000000, 0x0000000706000000|
|  97|0x0000000706100000, 0x0000000706100000, 0x0000000706200000|  0%| F|  |TS  0|AC  0|TAMS 0x0000000706100000, 0x0000000706100000|
|  98|0x0000000706200000, 0x0000000706200000, 0x0000000706300000|  0%| F|  |TS  0|AC  0|TAMS 0x0000000706200000, 0x0000000706200000|
|  99|0x0000000706300000, 0x0000000706300000, 0x0000000706400000|  0%| F|  |TS  0|AC  0|TAMS 0x0000000706300000, 0x0000000706300000|
| 100|0x0000000706400000, 0x0000000706400000, 0x0000000706500000|  0%| F|  |TS  0|AC  0|TAMS 0x0000000706400000, 0x0000000706400000|
| 101|0x0000000706500000, 0x0000000706500000, 0x0000000706600000|  0%| F|  |TS  0|AC  0|TAMS 0x0000000706500000, 0x0000000706500000|
| 102|0x0000000706600000, 0x0000000706600000, 0x0000000706700000|  0%| F|  |TS  0|AC  0|TAMS 0x0000000706600000, 0x0000000706600000|
| 103|0x0000000706700000, 0x0000000706700000, 0x0000000706800000|  0%| F|  |TS  0|AC  0|TAMS 0x0000000706700000, 0x0000000706700000|
| 104|0x0000000706800000, 0x0000000706800000, 0x0000000706900000|  0%| F|  |TS  0|AC  0|TAMS 0x0000000706800000, 0x0000000706800000|
| 105|0x0000000706900000, 0x0000000706900000, 0x0000000706a00000|  0%| F|  |TS  0|AC  0|TAMS 0x0000000706900000, 0x0000000706900000|
| 106|0x0000000706a00000, 0x0000000706a00000, 0x0000000706b00000|  0%| F|  |TS  0|AC  0|TAMS 0x0000000706a00000, 0x0000000706a00000|
| 107|0x0000000706b00000, 0x0000000706b00000, 0x0000000706c00000|  0%| F|  |TS  0|AC  0|TAMS 0x0000000706b00000, 0x0000000706b00000|
| 108|0x0000000706c00000, 0x0000000706c00000, 0x0000000706d00000|  0%| F|  |TS  0|AC  0|TAMS 0x0000000706c00000, 0x0000000706c00000|
| 109|0x0000000706d00000, 0x0000000706d00000, 0x0000000706e00000|  0%| F|  |TS  0|AC  0|TAMS 0x0000000706d00000, 0x0000000706d00000|
| 110|0x0000000706e00000, 0x0000000706e00000, 0x0000000706f00000|  0%| F|  |TS  0|AC  0|TAMS 0x0000000706e00000, 0x0000000706e00000|
| 111|0x0000000706f00000, 0x0000000706f00000, 0x0000000707000000|  0%| F|  |TS  0|AC  0|TAMS 0x0000000706f00000, 0x0000000706f00000|
| 112|0x0000000707000000, 0x0000000707000000, 0x0000000707100000|  0%| F|  |TS  0|AC  0|TAMS 0x0000000707000000, 0x0000000707000000|
| 113|0x0000000707100000, 0x0000000707100000, 0x0000000707200000|  0%| F|  |TS  0|AC  0|TAMS 0x0000000707100000, 0x0000000707100000|
| 114|0x0000000707200000, 0x0000000707200000, 0x0000000707300000|  0%| F|  |TS  0|AC  0|TAMS 0x0000000707200000, 0x0000000707200000|
| 115|0x0000000707300000, 0x0000000707300000, 0x0000000707400000|  0%| F|  |TS  0|AC  0|TAMS 0x0000000707300000, 0x0000000707300000|
| 116|0x0000000707400000, 0x0000000707400000, 0x0000000707500000|  0%| F|  |TS  0|AC  0|TAMS 0x0000000707400000, 0x0000000707400000|
| 117|0x0000000707500000, 0x0000000707500000, 0x0000000707600000|  0%| F|  |TS  0|AC  0|TAMS 0x0000000707500000, 0x0000000707500000|
| 118|0x0000000707600000, 0x0000000707600000, 0x0000000707700000|  0%| F|  |TS  0|AC  0|TAMS 0x0000000707600000, 0x0000000707600000|
| 119|0x0000000707700000, 0x0000000707700000, 0x0000000707800000|  0%| F|  |TS  0|AC  0|TAMS 0x0000000707700000, 0x0000000707700000|
| 120|0x0000000707800000, 0x0000000707800000, 0x0000000707900000|  0%| F|  |TS  0|AC  0|TAMS 0x0000000707800000, 0x0000000707800000|
| 121|0x0000000707900000, 0x0000000707900000, 0x0000000707a00000|  0%| F|  |TS  0|AC  0|TAMS 0x0000000707900000, 0x0000000707900000|
| 122|0x0000000707a00000, 0x0000000707a00000, 0x0000000707b00000|  0%| F|  |TS  0|AC  0|TAMS 0x0000000707a00000, 0x0000000707a00000|
| 123|0x0000000707b00000, 0x0000000707b00000, 0x0000000707c00000|  0%| F|  |TS  0|AC  0|TAMS 0x0000000707b00000, 0x0000000707b00000|
| 124|0x0000000707c00000, 0x0000000707c00000, 0x0000000707d00000|  0%| F|  |TS  0|AC  0|TAMS 0x0000000707c00000, 0x0000000707c00000|
| 125|0x0000000707d00000, 0x0000000707d00000, 0x0000000707e00000|  0%| F|  |TS  0|AC  0|TAMS 0x0000000707d00000, 0x0000000707d00000|
| 126|0x0000000707e00000, 0x0000000707e00000, 0x0000000707f00000|  0%| F|  |TS  0|AC  0|TAMS 0x0000000707e00000, 0x0000000707e00000|
| 127|0x0000000707f00000, 0x0000000707f00000, 0x0000000708000000|  0%| F|  |TS  0|AC  0|TAMS 0x0000000707f00000, 0x0000000707f00000|
| 128|0x0000000708000000, 0x0000000708000000, 0x0000000708100000|  0%| F|  |TS  0|AC  0|TAMS 0x0000000708000000, 0x0000000708000000|
| 129|0x0000000708100000, 0x0000000708100000, 0x0000000708200000|  0%| F|  |TS  0|AC  0|TAMS 0x0000000708100000, 0x0000000708100000|
| 130|0x0000000708200000, 0x0000000708200000, 0x0000000708300000|  0%| F|  |TS  0|AC  0|TAMS 0x0000000708200000, 0x0000000708200000|
| 131|0x0000000708300000, 0x0000000708300000, 0x0000000708400000|  0%| F|  |TS  0|AC  0|TAMS 0x0000000708300000, 0x0000000708300000|
| 132|0x0000000708400000, 0x0000000708400000, 0x0000000708500000|  0%| F|  |TS  0|AC  0|TAMS 0x0000000708400000, 0x0000000708400000|
| 133|0x0000000708500000, 0x0000000708500000, 0x0000000708600000|  0%| F|  |TS  0|AC  0|TAMS 0x0000000708500000, 0x0000000708500000|
| 134|0x0000000708600000, 0x0000000708600000, 0x0000000708700000|  0%| F|  |TS  0|AC  0|TAMS 0x0000000708600000, 0x0000000708600000|
| 135|0x0000000708700000, 0x0000000708700000, 0x0000000708800000|  0%| F|  |TS  0|AC  0|TAMS 0x0000000708700000, 0x0000000708700000|
| 136|0x0000000708800000, 0x0000000708800000, 0x0000000708900000|  0%| F|  |TS  0|AC  0|TAMS 0x0000000708800000, 0x0000000708800000|
| 137|0x0000000708900000, 0x0000000708900000, 0x0000000708a00000|  0%| F|  |TS  0|AC  0|TAMS 0x0000000708900000, 0x0000000708900000|
| 138|0x0000000708a00000, 0x0000000708a00000, 0x0000000708b00000|  0%| F|  |TS  0|AC  0|TAMS 0x0000000708a00000, 0x0000000708a00000|
| 139|0x0000000708b00000, 0x0000000708b00000, 0x0000000708c00000|  0%| F|  |TS  0|AC  0|TAMS 0x0000000708b00000, 0x0000000708b00000|
| 140|0x0000000708c00000, 0x0000000708c00000, 0x0000000708d00000|  0%| F|  |TS  0|AC  0|TAMS 0x0000000708c00000, 0x0000000708c00000|
| 141|0x0000000708d00000, 0x0000000708d00000, 0x0000000708e00000|  0%| F|  |TS  0|AC  0|TAMS 0x0000000708d00000, 0x0000000708d00000|
| 142|0x0000000708e00000, 0x0000000708e00000, 0x0000000708f00000|  0%| F|  |TS  0|AC  0|TAMS 0x0000000708e00000, 0x0000000708e00000|
| 143|0x0000000708f00000, 0x0000000708f00000, 0x0000000709000000|  0%| F|  |TS  0|AC  0|TAMS 0x0000000708f00000, 0x0000000708f00000|
| 144|0x0000000709000000, 0x0000000709000000, 0x0000000709100000|  0%| F|  |TS  0|AC  0|TAMS 0x0000000709000000, 0x0000000709000000|
| 145|0x0000000709100000, 0x0000000709100000, 0x0000000709200000|  0%| F|  |TS  0|AC  0|TAMS 0x0000000709100000, 0x0000000709100000|
| 146|0x0000000709200000, 0x0000000709200000, 0x0000000709300000|  0%| F|  |TS  0|AC  0|TAMS 0x0000000709200000, 0x0000000709200000|
| 147|0x0000000709300000, 0x0000000709300000, 0x0000000709400000|  0%| F|  |TS  0|AC  0|TAMS 0x0000000709300000, 0x0000000709300000|
| 148|0x0000000709400000, 0x0000000709400000, 0x0000000709500000|  0%| F|  |TS  0|AC  0|TAMS 0x0000000709400000, 0x0000000709400000|
| 149|0x0000000709500000, 0x0000000709500000, 0x0000000709600000|  0%| F|  |TS  3|AC  0|TAMS 0x0000000709500000, 0x0000000709500000|
| 150|0x0000000709600000, 0x0000000709600000, 0x0000000709700000|  0%| F|  |TS  5|AC  0|TAMS 0x0000000709600000, 0x0000000709600000|
| 151|0x0000000709700000, 0x0000000709700000, 0x0000000709800000|  0%| F|  |TS  3|AC  0|TAMS 0x0000000709700000, 0x0000000709700000|
| 152|0x0000000709800000, 0x0000000709800000, 0x0000000709900000|  0%| F|  |TS  3|AC  0|TAMS 0x0000000709800000, 0x0000000709800000|
| 153|0x0000000709900000, 0x0000000709900000, 0x0000000709a00000|  0%| F|  |TS  3|AC  0|TAMS 0x0000000709900000, 0x0000000709900000|
| 154|0x0000000709a00000, 0x0000000709a00000, 0x0000000709b00000|  0%| F|  |TS  3|AC  0|TAMS 0x0000000709a00000, 0x0000000709a00000|
| 155|0x0000000709b00000, 0x0000000709b00000, 0x0000000709c00000|  0%| F|  |TS  3|AC  0|TAMS 0x0000000709b00000, 0x0000000709b00000|
| 156|0x0000000709c00000, 0x0000000709c00000, 0x0000000709d00000|  0%| F|  |TS  3|AC  0|TAMS 0x0000000709c00000, 0x0000000709c00000|
| 157|0x0000000709d00000, 0x0000000709d00000, 0x0000000709e00000|  0%| F|  |TS  3|AC  0|TAMS 0x0000000709d00000, 0x0000000709d00000|
| 158|0x0000000709e00000, 0x0000000709e00000, 0x0000000709f00000|  0%| F|  |TS  3|AC  0|TAMS 0x0000000709e00000, 0x0000000709e00000|
| 159|0x0000000709f00000, 0x0000000709f00000, 0x000000070a000000|  0%| F|  |TS  3|AC  0|TAMS 0x0000000709f00000, 0x0000000709f00000|
| 160|0x000000070a000000, 0x000000070a000000, 0x000000070a100000|  0%| F|  |TS  3|AC  0|TAMS 0x000000070a000000, 0x000000070a000000|
| 161|0x000000070a100000, 0x000000070a100000, 0x000000070a200000|  0%| F|  |TS  3|AC  0|TAMS 0x000000070a100000, 0x000000070a100000|
| 162|0x000000070a200000, 0x000000070a200000, 0x000000070a300000|  0%| F|  |TS  3|AC  0|TAMS 0x000000070a200000, 0x000000070a200000|
| 163|0x000000070a300000, 0x000000070a300000, 0x000000070a400000|  0%| F|  |TS  3|AC  0|TAMS 0x000000070a300000, 0x000000070a300000|
| 164|0x000000070a400000, 0x000000070a400000, 0x000000070a500000|  0%| F|  |TS  3|AC  0|TAMS 0x000000070a400000, 0x000000070a400000|
| 165|0x000000070a500000, 0x000000070a500000, 0x000000070a600000|  0%| F|  |TS  3|AC  0|TAMS 0x000000070a500000, 0x000000070a500000|
| 166|0x000000070a600000, 0x000000070a600000, 0x000000070a700000|  0%| F|  |TS  3|AC  0|TAMS 0x000000070a600000, 0x000000070a600000|
| 167|0x000000070a700000, 0x000000070a700000, 0x000000070a800000|  0%| F|  |TS  3|AC  0|TAMS 0x000000070a700000, 0x000000070a700000|
| 168|0x000000070a800000, 0x000000070a800000, 0x000000070a900000|  0%| F|  |TS  3|AC  0|TAMS 0x000000070a800000, 0x000000070a800000|
| 169|0x000000070a900000, 0x000000070a900000, 0x000000070aa00000|  0%| F|  |TS  3|AC  0|TAMS 0x000000070a900000, 0x000000070a900000|
| 170|0x000000070aa00000, 0x000000070aa00000, 0x000000070ab00000|  0%| F|  |TS  3|AC  0|TAMS 0x000000070aa00000, 0x000000070aa00000|
| 171|0x000000070ab00000, 0x000000070ab00000, 0x000000070ac00000|  0%| F|  |TS  3|AC  0|TAMS 0x000000070ab00000, 0x000000070ab00000|
| 172|0x000000070ac00000, 0x000000070ac00000, 0x000000070ad00000|  0%| F|  |TS  3|AC  0|TAMS 0x000000070ac00000, 0x000000070ac00000|
| 173|0x000000070ad00000, 0x000000070ad00000, 0x000000070ae00000|  0%| F|  |TS  3|AC  0|TAMS 0x000000070ad00000, 0x000000070ad00000|
| 174|0x000000070ae00000, 0x000000070ae00000, 0x000000070af00000|  0%| F|  |TS  3|AC  0|TAMS 0x000000070ae00000, 0x000000070ae00000|
| 175|0x000000070af00000, 0x000000070af00000, 0x000000070b000000|  0%| F|  |TS  3|AC  0|TAMS 0x000000070af00000, 0x000000070af00000|
| 176|0x000000070b000000, 0x000000070b000000, 0x000000070b100000|  0%| F|  |TS  3|AC  0|TAMS 0x000000070b000000, 0x000000070b000000|
| 177|0x000000070b100000, 0x000000070b100000, 0x000000070b200000|  0%| F|  |TS  3|AC  0|TAMS 0x000000070b100000, 0x000000070b100000|
| 178|0x000000070b200000, 0x000000070b200000, 0x000000070b300000|  0%| F|  |TS  3|AC  0|TAMS 0x000000070b200000, 0x000000070b200000|
| 179|0x000000070b300000, 0x000000070b300000, 0x000000070b400000|  0%| F|  |TS  3|AC  0|TAMS 0x000000070b300000, 0x000000070b300000|
| 180|0x000000070b400000, 0x000000070b400000, 0x000000070b500000|  0%| F|  |TS  3|AC  0|TAMS 0x000000070b400000, 0x000000070b400000|
| 181|0x000000070b500000, 0x000000070b500000, 0x000000070b600000|  0%| F|  |TS  3|AC  0|TAMS 0x000000070b500000, 0x000000070b500000|
| 182|0x000000070b600000, 0x000000070b600000, 0x000000070b700000|  0%| F|  |TS  3|AC  0|TAMS 0x000000070b600000, 0x000000070b600000|
| 183|0x000000070b700000, 0x000000070b700000, 0x000000070b800000|  0%| F|  |TS  3|AC  0|TAMS 0x000000070b700000, 0x000000070b700000|
| 184|0x000000070b800000, 0x000000070b815228, 0x000000070b900000|  8%| E|  |TS  3|AC  0|TAMS 0x000000070b800000, 0x000000070b800000|
| 185|0x000000070b900000, 0x000000070ba00000, 0x000000070ba00000|100%| E|CS|TS  3|AC  0|TAMS 0x000000070b900000, 0x000000070b900000|
| 186|0x000000070ba00000, 0x000000070bb00000, 0x000000070bb00000|100%| E|CS|TS  3|AC  0|TAMS 0x000000070ba00000, 0x000000070ba00000|
| 187|0x000000070bb00000, 0x000000070bc00000, 0x000000070bc00000|100%| E|CS|TS  3|AC  0|TAMS 0x000000070bb00000, 0x000000070bb00000|
| 188|0x000000070bc00000, 0x000000070bd00000, 0x000000070bd00000|100%| E|CS|TS  3|AC  0|TAMS 0x000000070bc00000, 0x000000070bc00000|
| 189|0x000000070bd00000, 0x000000070be00000, 0x000000070be00000|100%| E|CS|TS  3|AC  0|TAMS 0x000000070bd00000, 0x000000070bd00000|
| 190|0x000000070be00000, 0x000000070bf00000, 0x000000070bf00000|100%| E|CS|TS  3|AC  0|TAMS 0x000000070be00000, 0x000000070be00000|
| 191|0x000000070bf00000, 0x000000070c000000, 0x000000070c000000|100%| E|CS|TS  3|AC  0|TAMS 0x000000070bf00000, 0x000000070bf00000|
| 192|0x000000070c000000, 0x000000070c100000, 0x000000070c100000|100%| E|CS|TS  3|AC  0|TAMS 0x000000070c000000, 0x000000070c000000|
| 193|0x000000070c100000, 0x000000070c200000, 0x000000070c200000|100%| E|CS|TS  3|AC  0|TAMS 0x000000070c100000, 0x000000070c100000|
| 194|0x000000070c200000, 0x000000070c300000, 0x000000070c300000|100%| E|CS|TS  3|AC  0|TAMS 0x000000070c200000, 0x000000070c200000|
| 195|0x000000070c300000, 0x000000070c400000, 0x000000070c400000|100%| E|CS|TS  3|AC  0|TAMS 0x000000070c300000, 0x000000070c300000|
| 196|0x000000070c400000, 0x000000070c500000, 0x000000070c500000|100%| E|CS|TS  3|AC  0|TAMS 0x000000070c400000, 0x000000070c400000|
| 197|0x000000070c500000, 0x000000070c600000, 0x000000070c600000|100%| E|CS|TS  3|AC  0|TAMS 0x000000070c500000, 0x000000070c500000|
| 198|0x000000070c600000, 0x000000070c700000, 0x000000070c700000|100%| E|CS|TS  3|AC  0|TAMS 0x000000070c600000, 0x000000070c600000|
| 199|0x000000070c700000, 0x000000070c800000, 0x000000070c800000|100%| E|CS|TS  3|AC  0|TAMS 0x000000070c700000, 0x000000070c700000|
| 200|0x000000070c800000, 0x000000070c8c1c60, 0x000000070c900000| 75%| S|CS|TS  5|AC  0|TAMS 0x000000070c800000, 0x000000070c800000|
| 201|0x000000070c900000, 0x000000070ca00000, 0x000000070ca00000|100%| E|CS|TS  5|AC  0|TAMS 0x000000070c900000, 0x000000070c900000|
| 202|0x000000070ca00000, 0x000000070cb00000, 0x000000070cb00000|100%| E|CS|TS  5|AC  0|TAMS 0x000000070ca00000, 0x000000070ca00000|
| 203|0x000000070cb00000, 0x000000070cc00000, 0x000000070cc00000|100%| E|CS|TS  5|AC  0|TAMS 0x000000070cb00000, 0x000000070cb00000|
| 204|0x000000070cc00000, 0x000000070cd00000, 0x000000070cd00000|100%| E|CS|TS  5|AC  0|TAMS 0x000000070cc00000, 0x000000070cc00000|
| 205|0x000000070cd00000, 0x000000070ce00000, 0x000000070ce00000|100%| E|CS|TS  5|AC  0|TAMS 0x000000070cd00000, 0x000000070cd00000|
| 206|0x000000070ce00000, 0x000000070cf00000, 0x000000070cf00000|100%| E|CS|TS  5|AC  0|TAMS 0x000000070ce00000, 0x000000070ce00000|
| 207|0x000000070cf00000, 0x000000070d000000, 0x000000070d000000|100%| E|CS|TS  5|AC  0|TAMS 0x000000070cf00000, 0x000000070cf00000|
| 208|0x000000070d000000, 0x000000070d100000, 0x000000070d100000|100%| E|CS|TS  5|AC  0|TAMS 0x000000070d000000, 0x000000070d000000|
| 209|0x000000070d100000, 0x000000070d200000, 0x000000070d200000|100%| E|CS|TS  5|AC  0|TAMS 0x000000070d100000, 0x000000070d100000|

Card table byte_map: [0x0000017515f10000,0x0000017516510000] byte_map_base: 0x0000017512710000

Marking Bits (Prev, Next): (CMBitMap*) 0x000001750ebdab48, (CMBitMap*) 0x000001750ebdab10
 Prev Bits: [0x0000017532470000, 0x0000017535470000)
 Next Bits: [0x000001752f470000, 0x0000017532470000)

Polling page: 0x000001750e670000

CodeHeap 'non-profiled nmethods': size=120000Kb used=14421Kb max_used=14421Kb free=105578Kb
 bounds [0x0000017527f40000, 0x0000017528d60000, 0x000001752f470000]
CodeHeap 'profiled nmethods': size=120000Kb used=37484Kb max_used=37484Kb free=82515Kb
 bounds [0x0000017520a10000, 0x0000017522ee0000, 0x0000017527f40000]
CodeHeap 'non-nmethods': size=5760Kb used=1749Kb max_used=1811Kb free=4010Kb
 bounds [0x0000017520470000, 0x00000175206e0000, 0x0000017520a10000]
 total_blobs=23149 nmethods=14117 adapters=1073
 compilation: enabled

Compilation events (10 events):
Event: 63.299 Thread 0x0000017518c05800 16280       1       ui.frmwork.c.b::y (6 bytes)
Event: 63.299 Thread 0x0000017518c05800 nmethod 16280 0x0000017528d54490 code [0x0000017528d54640, 0x0000017528d547b8]
Event: 63.299 Thread 0x0000017518c05800 16281       1       ui.views.g::fbt (5 bytes)
Event: 63.299 Thread 0x0000017518c05800 nmethod 16281 0x0000017528d54810 code [0x0000017528d549c0, 0x0000017528d54ad8]
Event: 63.307 Thread 0x0000017518c08000 16282   !   4       java.awt.Frame::getExtendedState (19 bytes)
Event: 63.307 Thread 0x0000017518c08000 nmethod 16282 0x0000017528d54b90 code [0x0000017528d54d20, 0x0000017528d54f58]
Event: 63.831 Thread 0x0000017518ecb800 16283       4       javax.swing.SwingUtilities::getPaintingOrigin (33 bytes)
Event: 63.833 Thread 0x0000017518ecb800 nmethod 16283 0x0000017528d55010 code [0x0000017528d551c0, 0x0000017528d552f8]
Event: 63.879 Thread 0x0000017518c05800 16284       3       ui.views.waveform.b.a::eca (23 bytes)
Event: 63.879 Thread 0x0000017518c05800 nmethod 16284 0x0000017521d35b90 code [0x0000017521d35d60, 0x0000017521d36150]

GC Heap History (10 events):
Event: 60.053 GC heap before
{Heap before GC invocations=49 (full 3):
 garbage-first heap   total 215040K, used 127123K [0x0000000700000000, 0x0000000700100690, 0x00000007c0000000)
  region size 1024K, 60 young (61440K), 2 survivors (2048K)
 Metaspace       used 77793K, capacity 83215K, committed 83504K, reserved 1120256K
  class space    used 10795K, capacity 11760K, committed 11824K, reserved 1048576K
}
Event: 60.055 GC heap after
{Heap after GC invocations=50 (full 3):
 garbage-first heap   total 215040K, used 67680K [0x0000000700000000, 0x0000000700100690, 0x00000007c0000000)
  region size 1024K, 2 young (2048K), 2 survivors (2048K)
 Metaspace       used 77793K, capacity 83215K, committed 83504K, reserved 1120256K
  class space    used 10795K, capacity 11760K, committed 11824K, reserved 1048576K
}
Event: 60.091 GC heap before
{Heap before GC invocations=50 (full 3):
 garbage-first heap   total 215040K, used 89184K [0x0000000700000000, 0x0000000700100690, 0x00000007c0000000)
  region size 1024K, 23 young (23552K), 2 survivors (2048K)
 Metaspace       used 77797K, capacity 83215K, committed 83504K, reserved 1120256K
  class space    used 10795K, capacity 11760K, committed 11824K, reserved 1048576K
}
Event: 60.241 GC heap after
{Heap after GC invocations=51 (full 4):
 garbage-first heap   total 215040K, used 66474K [0x0000000700000000, 0x0000000700100690, 0x00000007c0000000)
  region size 1024K, 0 young (0K), 0 survivors (0K)
 Metaspace       used 77797K, capacity 83215K, committed 83504K, reserved 1120256K
  class space    used 10795K, capacity 11760K, committed 11824K, reserved 1048576K
}
Event: 61.163 GC heap before
{Heap before GC invocations=51 (full 4):
 garbage-first heap   total 215040K, used 129962K [0x0000000700000000, 0x0000000700100690, 0x00000007c0000000)
  region size 1024K, 60 young (61440K), 0 survivors (0K)
 Metaspace       used 77853K, capacity 83279K, committed 83504K, reserved 1120256K
  class space    used 10795K, capacity 11760K, committed 11824K, reserved 1048576K
}
Event: 61.165 GC heap after
{Heap after GC invocations=52 (full 4):
 garbage-first heap   total 215040K, used 69005K [0x0000000700000000, 0x0000000700100690, 0x00000007c0000000)
  region size 1024K, 1 young (1024K), 1 survivors (1024K)
 Metaspace       used 77853K, capacity 83279K, committed 83504K, reserved 1120256K
  class space    used 10795K, capacity 11760K, committed 11824K, reserved 1048576K
}
Event: 63.047 GC heap before
{Heap before GC invocations=52 (full 4):
 garbage-first heap   total 215040K, used 129421K [0x0000000700000000, 0x0000000700100690, 0x00000007c0000000)
  region size 1024K, 60 young (61440K), 1 survivors (1024K)
 Metaspace       used 78136K, capacity 83775K, committed 83888K, reserved 1122304K
  class space    used 10853K, capacity 11868K, committed 11952K, reserved 1048576K
}
Event: 63.049 GC heap after
{Heap after GC invocations=53 (full 4):
 garbage-first heap   total 215040K, used 69222K [0x0000000700000000, 0x0000000700100690, 0x00000007c0000000)
  region size 1024K, 1 young (1024K), 1 survivors (1024K)
 Metaspace       used 78136K, capacity 83775K, committed 83888K, reserved 1122304K
  class space    used 10853K, capacity 11868K, committed 11952K, reserved 1048576K
}
Event: 63.115 GC heap before
{Heap before GC invocations=53 (full 4):
 garbage-first heap   total 215040K, used 80486K [0x0000000700000000, 0x0000000700100690, 0x00000007c0000000)
  region size 1024K, 10 young (10240K), 1 survivors (1024K)
 Metaspace       used 78148K, capacity 83775K, committed 83888K, reserved 1122304K
  class space    used 10853K, capacity 11868K, committed 11952K, reserved 1048576K
}
Event: 63.117 GC heap after
{Heap after GC invocations=54 (full 4):
 garbage-first heap   total 215040K, used 72369K [0x0000000700000000, 0x0000000700100690, 0x00000007c0000000)
  region size 1024K, 1 young (1024K), 1 survivors (1024K)
 Metaspace       used 78148K, capacity 83775K, committed 83888K, reserved 1122304K
  class space    used 10853K, capacity 11868K, committed 11952K, reserved 1048576K
}

Deoptimization events (10 events):
Event: 59.933 Thread 0x0000017539dbc800 Uncommon trap: reason=unstable_if action=reinterpret pc=0x000001752860359c method=sun.java2d.SunGraphics2D.validateBasicStroke(Ljava/awt/BasicStroke;)V @ 287 c2
Event: 59.933 Thread 0x0000017539dbc800 Uncommon trap: reason=unstable_if action=reinterpret pc=0x000001752880abe8 method=sun.java2d.SunGraphics2D.translate(II)V @ 16 c2
Event: 59.933 Thread 0x0000017539dbc800 Uncommon trap: reason=unstable_if action=reinterpret pc=0x000001752893d4b4 method=sun.java2d.SurfaceData.validatePipe(Lsun/java2d/SunGraphics2D;)V @ 670 c2
Event: 59.933 Thread 0x0000017539dbc800 Uncommon trap: reason=unstable_if action=reinterpret pc=0x0000017528b87298 method=sun.java2d.SunGraphics2D.checkFontInfo(Lsun/java2d/loops/FontInfo;Ljava/awt/Font;Ljava/awt/font/FontRenderContext;)Lsun/java2d/loops/FontInfo; @ 232 c2
Event: 59.933 Thread 0x0000017539dbc800 Uncommon trap: reason=unstable_if action=reinterpret pc=0x00000175288b5024 method=java.awt.geom.AffineTransform.updateState()V @ 148 c2
Event: 59.933 Thread 0x0000017539dbc800 Uncommon trap: reason=unstable_if action=reinterpret pc=0x0000017528a500dc method=java.awt.geom.AffineTransform.updateState()V @ 148 c2
Event: 59.933 Thread 0x0000017539dbc800 Uncommon trap: reason=unstable_if action=reinterpret pc=0x0000017528bb1f30 method=sun.java2d.pipe.GlyphListPipe.drawString(Lsun/java2d/SunGraphics2D;Ljava/lang/String;DD)V @ 35 c2
Event: 59.933 Thread 0x0000017539dbc800 Uncommon trap: reason=unstable_if action=reinterpret pc=0x0000017528b8ff70 method=sun.font.FileFontStrike.getSlot0GlyphImagePtrs([I[JI)I @ 75 c2
Event: 59.934 Thread 0x0000017539dbc800 Uncommon trap: reason=unstable_if action=reinterpret pc=0x0000017528b5ba58 method=sun.font.FileFontStrike.getSlot0GlyphImagePtrs([I[JI)I @ 75 c2
Event: 61.626 Thread 0x0000017539dbc800 Uncommon trap: reason=unstable_if action=reinterpret pc=0x00000175289571b8 method=sun.awt.PostEventQueue.flush()V @ 23 c2

Classes redefined (0 events):
No events

Internal exceptions (10 events):
Event: 55.744 Thread 0x0000017539dbc800 Exception <a 'java/lang/NoSuchMethodError'{0x000000070ac5b1b8}: method resolution failed> (0x000000070ac5b1b8) thrown at [t:/workspace/hotspot/src/share/vm/prims/methodHandles.cpp, line 1256]
Event: 56.526 Thread 0x0000017539dbc800 Exception <a 'java/lang/NoSuchMethodError'{0x000000070a731b38}: method resolution failed> (0x000000070a731b38) thrown at [t:/workspace/hotspot/src/share/vm/prims/methodHandles.cpp, line 1256]
Event: 62.972 Thread 0x0000017539dbc800 Exception <a 'java/lang/NoSuchMethodError'{0x000000070b450c98}: java.lang.invoke.DirectMethodHandle$Holder.invokeSpecial(Ljava/lang/Object;Ljava/lang/Object;Ljava/lang/Object;IILjava/lang/Object;Ljava/lang/Object;Ljava/lang/Object;Ljava/lang/Object;Ljava/
Event: 62.972 Thread 0x0000017539dbc800 Exception <a 'java/lang/NoSuchMethodError'{0x000000070b455730}: java.lang.invoke.DelegatingMethodHandle$Holder.reinvoke_L(Ljava/lang/Object;Ljava/lang/Object;IILjava/lang/Object;Ljava/lang/Object;Ljava/lang/Object;Ljava/lang/Object;Ljava/lang/Object;Ljava
Event: 62.973 Thread 0x0000017539dbc800 Exception <a 'java/lang/NoSuchMethodError'{0x000000070b4c9638}: java.lang.invoke.DirectMethodHandle$Holder.invokeSpecial(Ljava/lang/Object;Ljava/lang/Object;IILjava/lang/Object;Ljava/lang/Object;Ljava/lang/Object;Ljava/lang/Object;Ljava/lang/Object;Ljava/
Event: 62.973 Thread 0x0000017539dbc800 Exception <a 'java/lang/NoSuchMethodError'{0x000000070b4cd860}: java.lang.invoke.DelegatingMethodHandle$Holder.reinvoke_L(Ljava/lang/Object;IILjava/lang/Object;Ljava/lang/Object;Ljava/lang/Object;Ljava/lang/Object;Ljava/lang/Object;Ljava/lang/Object;Ljava
Event: 62.974 Thread 0x0000017539dbc800 Exception <a 'java/lang/NoSuchMethodError'{0x000000070b31f410}: java.lang.invoke.DirectMethodHandle$Holder.invokeSpecial(Ljava/lang/Object;Ljava/lang/Object;Ljava/lang/Object;Ljava/lang/Object;Ljava/lang/Object;Ljava/lang/Object;Ljava/lang/Object;Ljava/la
Event: 62.976 Thread 0x0000017539dbc800 Exception <a 'java/lang/NoSuchMethodError'{0x000000070b3a7750}: java.lang.invoke.DirectMethodHandle$Holder.invokeSpecial(Ljava/lang/Object;Ljava/lang/Object;IILjava/lang/Object;IILjava/lang/Object;Ljava/lang/Object;)Ljava/lang/Object;> (0x000000070b3a7750
Event: 62.976 Thread 0x0000017539dbc800 Exception <a 'java/lang/NoSuchMethodError'{0x000000070b3ab088}: java.lang.invoke.DelegatingMethodHandle$Holder.reinvoke_L(Ljava/lang/Object;IILjava/lang/Object;IILjava/lang/Object;Ljava/lang/Object;)Ljava/lang/Object;> (0x000000070b3ab088) thrown at [t:/w
Event: 62.977 Thread 0x0000017539dbc800 Exception <a 'java/lang/NoSuchMethodError'{0x000000070b202390}: java.lang.invoke.DirectMethodHandle$Holder.invokeSpecial(Ljava/lang/Object;Ljava/lang/Object;Ljava/lang/Object;IILjava/lang/Object;Ljava/lang/Object;)Ljava/lang/Object;> (0x000000070b202390) 

Events (10 events):
Event: 63.155 Executing VM operation: RevokeBias
Event: 63.155 Executing VM operation: RevokeBias done
Event: 63.602 Thread 0x0000017538aae800 Thread added: 0x0000017538aae800
Event: 63.605 Executing VM operation: RevokeBias
Event: 63.605 Executing VM operation: RevokeBias done
Event: 63.605 Thread 0x0000017538aae800 Thread exited: 0x0000017538aae800
Event: 63.776 Thread 0x0000017538aae000 Thread added: 0x0000017538aae000
Event: 63.780 Thread 0x0000017538aae000 Thread exited: 0x0000017538aae000
Event: 63.831 Thread 0x0000017539dbc800 DEOPT PACKING pc=0x000001752264709e sp=0x00000031153fbaf0
Event: 63.831 Thread 0x0000017539dbc800 DEOPT UNPACKING pc=0x00000175204bdd3f sp=0x00000031153faf90 mode 0


Dynamic libraries:
0x00007ff7dce00000 - 0x00007ff7dce30000 	D:\Xilinx\Vivado\2019.1\bin\unwrapped\win64.o\vivado.exe
0x00007ffb81790000 - 0x00007ffb81985000 	C:\WINDOWS\SYSTEM32\ntdll.dll
0x00007ffb7fbd0000 - 0x00007ffb7fc8d000 	C:\WINDOWS\System32\KERNEL32.DLL
0x00007ffb7f1a0000 - 0x00007ffb7f468000 	C:\WINDOWS\System32\KERNELBASE.dll
0x00007ffb7efb0000 - 0x00007ffb7f0b0000 	C:\WINDOWS\System32\ucrtbase.dll
0x00007ffb53520000 - 0x00007ffb535ad000 	C:\WINDOWS\SYSTEM32\MSVCP140.dll
0x00007ffb53500000 - 0x00007ffb5351a000 	C:\WINDOWS\SYSTEM32\VCRUNTIME140.dll
0x00007ffb534f0000 - 0x00007ffb534fc000 	C:\WINDOWS\SYSTEM32\VCRUNTIME140_1.dll
0x00007ffb75c80000 - 0x00007ffb75c94000 	D:\Xilinx\Vivado\2019.1\lib\win64.o\libboost_signals.dll
0x00007ffb18dc0000 - 0x00007ffb19ca2000 	D:\Xilinx\Vivado\2019.1\lib\win64.o\librdi_common.dll
0x00007ffb800b0000 - 0x00007ffb80250000 	C:\WINDOWS\System32\USER32.dll
0x00007ffb742e0000 - 0x00007ffb742f4000 	D:\Xilinx\Vivado\2019.1\lib\win64.o\librdi_commonmain.dll
0x00007ffb7f470000 - 0x00007ffb7f492000 	C:\WINDOWS\System32\win32u.dll
0x00007ffb7fc90000 - 0x00007ffb7fcba000 	C:\WINDOWS\System32\GDI32.dll
0x00007ffb7f4a0000 - 0x00007ffb7f5ab000 	C:\WINDOWS\System32\gdi32full.dll
0x00007ffb7f0b0000 - 0x00007ffb7f14d000 	C:\WINDOWS\System32\msvcp_win.dll
0x00007ffb816a0000 - 0x00007ffb8174c000 	C:\WINDOWS\System32\ADVAPI32.dll
0x00007ffb813a0000 - 0x00007ffb8143e000 	C:\WINDOWS\System32\msvcrt.dll
0x00007ffb80990000 - 0x00007ffb80a2b000 	C:\WINDOWS\System32\sechost.dll
0x00007ffb7ff80000 - 0x00007ffb800ab000 	C:\WINDOWS\System32\RPCRT4.dll
0x00007ffb80250000 - 0x00007ffb8098f000 	C:\WINDOWS\System32\SHELL32.dll
0x00007ffb72a50000 - 0x00007ffb72a64000 	D:\Xilinx\Vivado\2019.1\lib\win64.o\libboost_date_time.dll
0x00007ffb5e6a0000 - 0x00007ffb5ea0e000 	D:\Xilinx\Vivado\2019.1\lib\win64.o\libCOIN-all.dll
0x00007ffb72a00000 - 0x00007ffb72a26000 	D:\Xilinx\Vivado\2019.1\lib\win64.o\libboost_filesystem.dll
0x00007ffb6c6f0000 - 0x00007ffb6c711000 	D:\Xilinx\Vivado\2019.1\lib\win64.o\libboost_thread.dll
0x00007ffb6be50000 - 0x00007ffb6bf64000 	D:\Xilinx\Vivado\2019.1\lib\win64.o\libboost_regex.dll
0x00007ffb697c0000 - 0x00007ffb6983f000 	D:\Xilinx\Vivado\2019.1\lib\win64.o\libboost_program_options.dll
0x00007ffb775d0000 - 0x00007ffb775db000 	D:\Xilinx\Vivado\2019.1\lib\win64.o\libboost_system.dll
0x00007ffb69730000 - 0x00007ffb697b2000 	D:\Xilinx\Vivado\2019.1\lib\win64.o\libhdlpsolve.dll
0x00007ffb64890000 - 0x00007ffb64935000 	D:\Xilinx\Vivado\2019.1\lib\win64.o\libhdxml.dll
0x00007ffb76840000 - 0x00007ffb7684f000 	D:\Xilinx\Vivado\2019.1\lib\win64.o\libboost_xilinx.dll
0x00007ffafdef0000 - 0x00007ffafea9f400 	D:\Xilinx\Vivado\2019.1\lib\win64.o\libisl_iostreams.dll
0x00007ffb6b290000 - 0x00007ffb6b2f5000 	D:\Xilinx\Vivado\2019.1\lib\win64.o\liblmx6.0.dll
0x00007ffb6c6c0000 - 0x00007ffb6c6ee000 	D:\Xilinx\Vivado\2019.1\lib\win64.o\libisl_sysinfo.dll
0x00007ffb6c5c0000 - 0x00007ffb6c5da000 	D:\Xilinx\Vivado\2019.1\lib\win64.o\pthreadVC2.dll
0x00007ffb80f90000 - 0x00007ffb80ffb000 	C:\WINDOWS\System32\WS2_32.dll
0x00007ffb6be20000 - 0x00007ffb6be41000 	D:\Xilinx\Vivado\2019.1\lib\win64.o\librdizlib.dll
0x00007ffb6bb40000 - 0x00007ffb6bb5c000 	D:\Xilinx\Vivado\2019.1\lib\win64.o\librdiconfig.dll
0x00000000661c0000 - 0x00000000662eb000 	D:\Xilinx\Vivado\2019.1\lib\win64.o\tcl85t.dll
0x00007ffb2f330000 - 0x00007ffb2f451000 	D:\Xilinx\Vivado\2019.1\lib\win64.o\librdi_commonxillic.dll
0x00007ffb74770000 - 0x00007ffb7477a000 	D:\Xilinx\Vivado\2019.1\lib\win64.o\librdi_commonversion.dll
0x0000000012000000 - 0x0000000012270000 	D:\Xilinx\Vivado\2019.1\lib\win64.o\xerces-c_3_1.dll
0x00007ffb4fb60000 - 0x00007ffb5003d000 	C:\WINDOWS\SYSTEM32\WININET.dll
0x00007ffb5bab0000 - 0x00007ffb5bac8000 	C:\WINDOWS\SYSTEM32\NETAPI32.dll
0x00007ffb765f0000 - 0x00007ffb766fb000 	C:\WINDOWS\SYSTEM32\WINHTTP.dll
0x00007ffb6a7b0000 - 0x00007ffb6a99c000 	C:\WINDOWS\SYSTEM32\urlmon.dll
0x00007ffb61de0000 - 0x00007ffb61de9000 	C:\WINDOWS\SYSTEM32\WSOCK32.dll
0x00007ffb6bad0000 - 0x00007ffb6baf9000 	C:\WINDOWS\SYSTEM32\VCOMP140.DLL
0x00007ffafd050000 - 0x00007ffafdee1000 	D:\Xilinx\Vivado\2019.1\lib\win64.o\gurobi65.dll
0x00007ffb74260000 - 0x00007ffb7426d000 	D:\Xilinx\Vivado\2019.1\lib\win64.o\libboost_chrono.dll
0x00007ffb6b9f0000 - 0x00007ffb6ba0b000 	D:\Xilinx\Vivado\2019.1\lib\win64.o\libboost_iostreams.dll
0x00007ffb6a1c0000 - 0x00007ffb6a1e5000 	D:\Xilinx\Vivado\2019.1\lib\win64.o\libisl_iosutils.dll
0x00007ffb2dd30000 - 0x00007ffb2e008000 	D:\Xilinx\Vivado\2019.1\lib\win64.o\libXil_lmgr11.dll
0x00007ffb810e0000 - 0x00007ffb811ba000 	C:\WINDOWS\System32\COMDLG32.dll
0x00007ffb7f800000 - 0x00007ffb7fb55000 	C:\WINDOWS\System32\combase.dll
0x00007ffb6abf0000 - 0x00007ffb6aea0000 	C:\WINDOWS\SYSTEM32\iertutil.dll
0x00007ffb7fcc0000 - 0x00007ffb7fd6e000 	C:\WINDOWS\System32\shcore.dll
0x00007ffb81020000 - 0x00007ffb81075000 	C:\WINDOWS\System32\SHLWAPI.dll
0x00007ffb80a30000 - 0x00007ffb80afd000 	C:\WINDOWS\System32\OLEAUT32.dll
0x00007ffb811c0000 - 0x00007ffb812ea000 	C:\WINDOWS\System32\ole32.dll
0x00007ffb7f710000 - 0x00007ffb7f770000 	C:\WINDOWS\System32\WINTRUST.dll
0x00007ffb7f5b0000 - 0x00007ffb7f70f000 	C:\WINDOWS\System32\CRYPT32.dll
0x00007ffb5c500000 - 0x00007ffb5c5b0000 	C:\WINDOWS\WinSxS\amd64_microsoft.windows.common-controls_6595b64144ccf1df_5.82.19041.844_none_423537bff6b9828c\COMCTL32.dll
0x00007ffb7e460000 - 0x00007ffb7e46c000 	C:\WINDOWS\SYSTEM32\NETUTILS.DLL
0x00007ffb73570000 - 0x00007ffb7358d000 	C:\WINDOWS\SYSTEM32\dhcpcsvc.DLL
0x00007ffb812f0000 - 0x00007ffb81320000 	C:\WINDOWS\System32\IMM32.DLL
0x00007ffb7eac0000 - 0x00007ffb7ead2000 	C:\WINDOWS\SYSTEM32\MSASN1.dll
0x00007ffb7d780000 - 0x00007ffb7d792000 	C:\WINDOWS\SYSTEM32\kernel.appcore.dll
0x00007ffb188a0000 - 0x00007ffb18db7000 	D:\Xilinx\Vivado\2019.1\lib\win64.o\librdi_commontasks.dll
0x00007ffb71d40000 - 0x00007ffb71d4a000 	C:\WINDOWS\SYSTEM32\VERSION.dll
0x00007ffb1c860000 - 0x00007ffb1cae6000 	D:\Xilinx\Vivado\2019.1\lib\win64.o\librdi_sio.dll
0x00007ffb7e350000 - 0x00007ffb7e38b000 	C:\WINDOWS\SYSTEM32\IPHLPAPI.DLL
0x0000000065790000 - 0x00000000661b5000 	D:\Xilinx\Vivado\2019.1\tps\win64\jre9.0.4\bin\server\jvm.dll
0x00007ffb7fbc0000 - 0x00007ffb7fbc8000 	C:\WINDOWS\System32\PSAPI.DLL
0x00007ffb5c870000 - 0x00007ffb5c897000 	C:\WINDOWS\SYSTEM32\WINMM.dll
0x00007ffb4f670000 - 0x00007ffb4f75f000 	C:\WINDOWS\SYSTEM32\MSVCR120.dll
0x00007ffb7e6b0000 - 0x00007ffb7e71a000 	C:\WINDOWS\SYSTEM32\MSWSOCK.DLL
0x00007ffb7cfe0000 - 0x00007ffb7d770000 	C:\WINDOWS\SYSTEM32\windows.storage.dll
0x00007ffb7e940000 - 0x00007ffb7e96c000 	C:\WINDOWS\SYSTEM32\Wldp.dll
0x00007ffaefef0000 - 0x00007ffaf23ac000 	D:\Xilinx\Vivado\2019.1\lib\win64.o\librdi_tcltasks.dll
0x00007ffb696b0000 - 0x00007ffb69728000 	D:\Xilinx\Vivado\2019.1\lib\win64.o\librdi_boarddep.dll
0x00007ffb18700000 - 0x00007ffb18891000 	D:\Xilinx\Vivado\2019.1\lib\win64.o\librdi_board.dll
0x00007ffb1ab30000 - 0x00007ffb1af38000 	D:\Xilinx\Vivado\2019.1\lib\win64.o\librdi_bitstream.dll
0x00007ffb5e5b0000 - 0x00007ffb5e69b000 	D:\Xilinx\Vivado\2019.1\lib\win64.o\librdi_chipscope.dll
0x00007ffb161f0000 - 0x00007ffb163ad000 	D:\Xilinx\Vivado\2019.1\lib\win64.o\librdi_chipscopeimpl.dll
0x00007ffb266c0000 - 0x00007ffb26816000 	D:\Xilinx\Vivado\2019.1\lib\win64.o\librdi_containers.dll
0x00007ffae9880000 - 0x00007ffaeb26a000 	D:\Xilinx\Vivado\2019.1\lib\win64.o\librdi_constraints.dll
0x00007ffb06010000 - 0x00007ffb066ea000 	D:\Xilinx\Vivado\2019.1\lib\win64.o\librdi_coregenipxact.dll
0x00007ffadccc0000 - 0x00007ffadeb71000 	D:\Xilinx\Vivado\2019.1\lib\win64.o\librdi_coregen.dll
0x00007ffad8c70000 - 0x00007ffadccb3000 	D:\Xilinx\Vivado\2019.1\lib\win64.o\librdi_designutils.dll
0x00007ffb08930000 - 0x00007ffb08c4e000 	D:\Xilinx\Vivado\2019.1\lib\win64.o\librdi_dlyest.dll
0x00007ffb05280000 - 0x00007ffb0581a000 	D:\Xilinx\Vivado\2019.1\lib\win64.o\librdi_drc.dll
0x00007ffb2dc60000 - 0x00007ffb2dd24000 	D:\Xilinx\Vivado\2019.1\lib\win64.o\librdi_dsp.dll
0x00007ffafc2c0000 - 0x00007ffafc90d000 	D:\Xilinx\Vivado\2019.1\lib\win64.o\librdi_filemgmt.dll
0x00007ffb64820000 - 0x00007ffb64885000 	D:\Xilinx\Vivado\2019.1\lib\win64.o\librdi_hdf.dll
0x00007ffb04110000 - 0x00007ffb043f3000 	D:\Xilinx\Vivado\2019.1\lib\win64.o\librdi_guitools.dll
0x00007ffac6840000 - 0x00007ffad8c6c000 	D:\Xilinx\Vivado\2019.1\lib\win64.o\librdi_device.dll
0x00007ffb417f0000 - 0x00007ffb41863000 	D:\Xilinx\Vivado\2019.1\lib\win64.o\librdi_memoryarray.dll
0x00007ffac5280000 - 0x00007ffac6840000 	D:\Xilinx\Vivado\2019.1\lib\win64.o\librdi_implflow.dll
0x00007ffafada0000 - 0x00007ffafb3b5000 	D:\Xilinx\Vivado\2019.1\lib\win64.o\librdi_memdata.dll
0x00007ffaf5ea0000 - 0x00007ffaf6542000 	D:\Xilinx\Vivado\2019.1\lib\win64.o\librdi_netlist.dll
0x00007ffb647d0000 - 0x00007ffb6481b000 	D:\Xilinx\Vivado\2019.1\lib\win64.o\librdi_pfi.dll
0x00007ffb029b0000 - 0x00007ffb02cbf000 	D:\Xilinx\Vivado\2019.1\lib\win64.o\librdi_platform.dll
0x00007ffac2420000 - 0x00007ffac5106000 	D:\Xilinx\Vivado\2019.1\lib\win64.o\librdi_mig.dll
0x00007ffae9130000 - 0x00007ffae987a000 	D:\Xilinx\Vivado\2019.1\lib\win64.o\librdi_power.dll
0x00007ffac1ea0000 - 0x00007ffac241f000 	D:\Xilinx\Vivado\2019.1\lib\win64.o\librdi_project.dll
0x00007ffac1790000 - 0x00007ffac1e99000 	D:\Xilinx\Vivado\2019.1\lib\win64.o\librdi_psta.dll
0x00007ffabe950000 - 0x00007ffac0fc6000 	D:\Xilinx\Vivado\2019.1\lib\win64.o\librdi_place.dll
0x00007ffabe240000 - 0x00007ffabe946000 	D:\Xilinx\Vivado\2019.1\lib\win64.o\librdi_rsb.dll
0x00007ffb2b0e0000 - 0x00007ffb2b1da000 	D:\Xilinx\Vivado\2019.1\lib\win64.o\librdi_runsbase.dll
0x00007ffafcc50000 - 0x00007ffafd041000 	D:\Xilinx\Vivado\2019.1\lib\win64.o\librdi_runs.dll
0x00007ffb14810000 - 0x00007ffb14a66000 	D:\Xilinx\Vivado\2019.1\lib\win64.o\librdi_simdata.dll
0x00007ffabd420000 - 0x00007ffabe231000 	D:\Xilinx\Vivado\2019.1\lib\win64.o\librdi_timing.dll
0x00007ffb16070000 - 0x00007ffb161e2000 	D:\Xilinx\Vivado\2019.1\lib\win64.o\librdi_advchipscopeimpl.dll
0x00007ffb62f40000 - 0x00007ffb62f8c000 	D:\Xilinx\Vivado\2019.1\lib\win64.o\libboost_serialization.dll
0x00007ffb13c00000 - 0x00007ffb13d9f000 	D:\Xilinx\Vivado\2019.1\lib\win64.o\librdi_hip_devdesign.dll
0x00007ffb1c790000 - 0x00007ffb1c852000 	D:\Xilinx\Vivado\2019.1\lib\win64.o\librdi_ipconfig_readwrite.dll
0x00007ffb62560000 - 0x00007ffb625a3000 	D:\Xilinx\Vivado\2019.1\lib\win64.o\librdi_noc_frameworks.dll
0x00007ffb1aa90000 - 0x00007ffb1ab2e000 	D:\Xilinx\Vivado\2019.1\lib\win64.o\libise.dll
0x00007ffaefb00000 - 0x00007ffaefee5000 	D:\Xilinx\Vivado\2019.1\lib\win64.o\librdi_hip_config.dll
0x00007ffac1240000 - 0x00007ffac178e000 	D:\Xilinx\Vivado\2019.1\lib\win64.o\librdi_xdm.dll
0x00007ffabc8d0000 - 0x00007ffabd417000 	D:\Xilinx\Vivado\2019.1\lib\win64.o\libverific.dll
0x00007ffabc2d0000 - 0x00007ffabc8cc000 	D:\Xilinx\Vivado\2019.1\lib\win64.o\librdi_wavedata.dll
0x00007ffb60260000 - 0x00007ffb602a0000 	D:\Xilinx\Vivado\2019.1\lib\win64.o\librdi_wavedata_SimpleApi.dll
0x00007ffb47ad0000 - 0x00007ffb47b0f000 	D:\Xilinx\Vivado\2019.1\lib\win64.o\librdi_schedmon.dll
0x00007ffab9170000 - 0x00007ffaba2fd000 	D:\Xilinx\Vivado\2019.1\lib\win64.o\librdi_route.dll
0x00007ffb3bb50000 - 0x00007ffb3bbd8000 	D:\Xilinx\Vivado\2019.1\lib\win64.o\librdi_meir_core.dll
0x00007ffaba300000 - 0x00007ffabc2cd000 	D:\Xilinx\Vivado\2019.1\lib\win64.o\librdi_synth.dll

VM Arguments:
jvm_args: -Dsun.java2d.pmoffscreen=false -Dsun.java2d.xrender=false -Dsun.java2d.d3d=false -Dsun.awt.nopixfmt=true -Dsun.java2d.dpiaware=true -Dsun.java2d.uiScale.enabled=false -Xverify:none -Dswing.aatext=true -XX:-UsePerfData -Djdk.map.althashing.threshold=512 -XX:StringTableSize=4072 --add-opens=java.base/java.nio=ALL-UNNAMED --add-opens=java.desktop/sun.swing=ALL-UNNAMED --add-opens=java.desktop/javax.swing=ALL-UNNAMED --add-opens=java.desktop/javax.swing.tree=ALL-UNNAMED --add-opens=java.desktop/javax.swing.plaf.basic=ALL-UNNAMED --add-opens=java.desktop/javax.swing.plaf.synth=ALL-UNNAMED --add-opens=java.desktop/com.sun.awt=ALL-UNNAMED -XX:NewSize=60m -XX:MaxNewSize=60m -Xms128m -Xmx3072m -Xss5m 
java_command: <unknown>
java_class_path (initial): D:/Xilinx/Vivado/2019.1\lib\classes\alloy.jar;D:/Xilinx/Vivado/2019.1\lib\classes\autopilot.scelaborator.jar;D:/Xilinx/Vivado/2019.1\lib\classes\autopilot.sourceprocessor.jar;D:/Xilinx/Vivado/2019.1\lib\classes\autopilot.tbprocessor.jar;D:/Xilinx/Vivado/2019.1\lib\classes\batik-anim.jar;D:/Xilinx/Vivado/2019.1\lib\classes\batik-awt-util.jar;D:/Xilinx/Vivado/2019.1\lib\classes\batik-bridge.jar;D:/Xilinx/Vivado/2019.1\lib\classes\batik-codec.jar;D:/Xilinx/Vivado/2019.1\lib\classes\batik-css.jar;D:/Xilinx/Vivado/2019.1\lib\classes\batik-dom.jar;D:/Xilinx/Vivado/2019.1\lib\classes\batik-ext.jar;D:/Xilinx/Vivado/2019.1\lib\classes\batik-gui-util.jar;D:/Xilinx/Vivado/2019.1\lib\classes\batik-gvt.jar;D:/Xilinx/Vivado/2019.1\lib\classes\batik-parser.jar;D:/Xilinx/Vivado/2019.1\lib\classes\batik-script.jar;D:/Xilinx/Vivado/2019.1\lib\classes\batik-svg-dom.jar;D:/Xilinx/Vivado/2019.1\lib\classes\batik-swing.jar;D:/Xilinx/Vivado/2019.1\lib\classes\batik-transcoder.jar;D:/Xilinx/Vivado/2019.1\lib\classes\batik-util.jar;D:/Xilinx/Vivado/2019.1\lib\classes\batik-xml.jar;D:/Xilinx/Vivado/2019.1\lib\classes\com.google.gson_2.7.0.v20170129-0911.jar;D:/Xilinx/Vivado/2019.1\lib\classes\com.google.guava_21.0.0.v20170206-1425.jar;D:/Xilinx/Vivado/2019.1\lib\classes\com.google.inject_3.0.0.v201605172100.jar;D:/Xilinx/Vivado/2019.1\lib\classes\com.ibm.icu_4.4.2.v20110208.jar;D:/Xilinx/Vivado/2019.1\lib\classes\com.sigasi.hdt.annotations.runtime_4.3.0.201903071210.jar;D:/Xilinx/Vivado/2019.1\lib\classes\com.sigasi.hdt.blockdiagram.model_4.3.0.201903071210.jar;D:/Xilinx/Vivado/2019.1\lib\classes\com.sigasi.hdt.connection_4.3.0.201903071210.jar;D:/Xilinx/Vivado/2019.1\lib\classes\com.sigasi.hdt.dependencies.model_4.3.0.201903071210.jar;D:/Xilinx/Vivado/2019.1\lib\classes\com.sigasi.hdt.epl_4.3.0.201903071210.jar;D:/Xilinx/Vivado/2019.1\lib\classes\com.sigasi.hdt.graphics.model_4.3.0.201903071210.jar;D:/Xilinx/Vivado/2019.1\lib\classes\com.sigasi.hdt.project_4.3.0
Launcher Type: generic

Logging:
Log output configuration:
#0: stdout all=warning uptime,level,tags
#1: stderr all=off uptime,level,tags

Environment Variables:
JAVA_HOME=C:\Program Files\Java\jdk1.8.0_251
CLASSPATH=C:\Program Files\Java\jdk1.8.0_251\lib;C:\Program Files\Java\jdk1.8.0_251\jre;C:\Program Files\Java\jdk1.8.0_251\jre\lib
PATH=D:/Xilinx/Vivado/2019.1/bin;D:/Xilinx/Vivado/2019.1/lib/win64.o;D:/Xilinx/Vivado/2019.1/tps/win64/jre9.0.4/bin/server;D:/Xilinx/Vivado/2019.1/tps/win64/jre9.0.4/bin;D:/Xilinx/Vivado/2019.1/ids_lite/ISE/bin/nt64;D:/Xilinx/Vivado/2019.1/ids_lite/ISE/lib/nt64;C:\Program Files (x86)\Common Files\Oracle\Java\javapath;C:\Program Files (x86)\Camera\DVP2\;C:\Program Files (x86)\Camera\DVP2 x64\;C:\Program Files (x86)\NetSarang\Xshell 6\;C:\Program Files\Java\jdk1.8.0_251\bin;C:\Program Files\NVIDIA GPU Computing Toolkit\CUDA\v10.2\bin;C:\Program Files\NVIDIA GPU Computing Toolkit\CUDA\v10.2\libnvvp;C:\Program Files\NVIDIA Corporation\Nsight Compute 2019.5.0\;C:\Program Files (x86)\NVIDIA Corporation\PhysX\Common;C:\Program Files\NVIDIA Corporation\NVIDIA NvDLISR;C:\Program Files\cuda\bin;C:\Program Files\cuda\include;C:\Program Files\cuda\lib\x64;C:\Program Files\Git\cmd;C:\Program Files (x86)\MinGW64\bin;C:\Windows\System32;D:\Program Files (x86)\Graphviz\bin;C:\Program Files\Maven\apache-maven-3.6.3\bin;C:\Program Files\Java\jdk1.8.0_251\jre;C:\Program Files\Java\jdk1.8.0_251\jre\lib;D:\Program Files (x86)\ffmpeg-4.3.1-win64-static\bin;C:\Program Files\Microsoft SQL Server\Client SDK\ODBC\110\Tools\Binn\;C:\Program Files (x86)\Microsoft SQL Server\120\Tools\Binn\;C:\Program Files\Microsoft SQL Server\120\Tools\Binn\;C:\Program Files\Microsoft SQL Server\120\DTS\Binn\;C:\Program Files (x86)\Windows Kits\8.1\Windows Performance Toolkit\;C:\Program Files (x86)\nodejs\;D:\Program Files\MATLAB\R2021a\runtime\win64;D:\Program Files\MATLAB\R2021a\bin;C:\WINDOWS;C:\WINDOWS\System32\Wbem;C:\WINDOWS\System32\WindowsPowerShell\v1.0\;C:\WINDOWS\System32\OpenSSH\;C:\Users\chenzhiyuan\AppData\Local\Programs\Python\Python38\Scripts\;C:\Users\chenzhiyuan\AppData\Local\Programs\Python\Python38\;C:\Users\chenzhiyuan\Anaconda3;C:\Program Files (x86)\Microsoft Visual Studio\Shared\Python37_64;C:\Users\chenzhiyuan\Anaconda3\Library\mingw-w64\bin;C:\Users\chenzhiyuan\Anaconda3\Library\bin;C:
USERNAME=chenzhiyuan
OS=Windows_NT
PROCESSOR_IDENTIFIER=Intel64 Family 6 Model 142 Stepping 12, GenuineIntel



---------------  S Y S T E M  ---------------

OS: Windows 10 , 64 bit Build 19041 (10.0.19041.1023)

CPU:total 8 (initial active 8) (4 cores per cpu, 2 threads per core) family 6 model 142 stepping 12, cmov, cx8, fxsr, mmx, sse, sse2, sse3, ssse3, sse4.1, sse4.2, popcnt, avx, avx2, aes, clmul, erms, 3dnowpref, lzcnt, ht, tsc, tscinvbit, bmi1, bmi2, adx, fma

Memory: 4k page, physical 16589036k(8853256k free), swap 19079404k(8492212k free)

vm_info: Java HotSpot(TM) 64-Bit Server VM (9.0.4+11) for windows-amd64 JRE (9.0.4+11), built on Dec 20 2017 02:18:54 by "mach5one" with MS VC++ 12.0 (VS2013)

END.
