#
# A fatal error has been detected by the Java Runtime Environment:
#
#  EXCEPTION_ACCESS_VIOLATION (0xc0000005) at pc=0x00007ffb18f3a1a5, pid=21372, tid=12932
#
# JRE version: Java(TM) SE Runtime Environment (9.0+11) (build 9.0.4+11)
# Java VM: Java HotSpot(TM) 64-Bit Server VM (9.0.4+11, mixed mode, tiered, compressed oops, g1 gc, windows-amd64)
# Problematic frame:
# C  [librdi_common.dll+0x17a1a5]
#
# No core dump will be written. Minidumps are not enabled by default on client versions of Windows
#
# If you would like to submit a bug report, please visit:
#   http://bugreport.java.com/bugreport/crash.jsp
# The crash happened outside the Java Virtual Machine in native code.
# See problematic frame for where to report the bug.
#

---------------  S U M M A R Y ------------

Command Line: -Dsun.java2d.pmoffscreen=false -Dsun.java2d.xrender=false -Dsun.java2d.d3d=false -Dsun.awt.nopixfmt=true -Dsun.java2d.dpiaware=true -Dsun.java2d.uiScale.enabled=false -Xverify:none -Dswing.aatext=true -XX:-UsePerfData -Djdk.map.althashing.threshold=512 -XX:StringTableSize=4072 --add-opens=java.base/java.nio=ALL-UNNAMED --add-opens=java.desktop/sun.swing=ALL-UNNAMED --add-opens=java.desktop/javax.swing=ALL-UNNAMED --add-opens=java.desktop/javax.swing.tree=ALL-UNNAMED --add-opens=java.desktop/javax.swing.plaf.basic=ALL-UNNAMED --add-opens=java.desktop/javax.swing.plaf.synth=ALL-UNNAMED --add-opens=java.desktop/com.sun.awt=ALL-UNNAMED -XX:NewSize=60m -XX:MaxNewSize=60m -Xms128m -Xmx3072m -Xss5m 

Host: Intel(R) Core(TM) i7-10510U CPU @ 1.80GHz, 8 cores, 15G,  Windows 10 , 64 bit Build 19041 (10.0.19041.1023)
Time: Mon Jun 14 22:30:29 2021 ?D1¨²¡À¨º¡Á?¨º¡À?? elapsed time: 1270 seconds (0d 0h 21m 10s)

---------------  T H R E A D  ---------------

Current thread (0x0000028dff428800):  JavaThread "AWT-EventQueue-1" [_thread_in_native, id=12932, stack(0x000000dd4f700000,0x000000dd4fc00000)]

Stack: [0x000000dd4f700000,0x000000dd4fc00000],  sp=0x000000dd4fbfadb0,  free space=5099k
Native frames: (J=compiled Java code, j=interpreted, Vv=VM code, C=native code)
C  [librdi_common.dll+0x17a1a5]
C  [librdi_common.dll+0x16ee15]
C  [librdi_common.dll+0x1386da]
C  [librdi_wavedata.dll+0x1e1eff]
C  [librdi_wavedata.dll+0x2621df]
C  [librdi_wavedata.dll+0x269e19]
C  [librdi_wavedata.dll+0x23a4cb]
C  [librdi_wavedata.dll+0x276de7]
C  0x0000028d88a355ba

Java frames: (J=compiled Java code, j=interpreted, Vv=VM code)
J 17213  ui.views.waveform.waveformi.WVExecutive_getTooltipTextDelayed(J)Ljava/lang/String; (0 bytes) @ 0x0000028d88a35521 [0x0000028d88a354e0+0x0000000000000041]
J 23476 c2 ui.views.waveform.b.a.bG(Ljava/awt/event/MouseEvent;)V (135 bytes) @ 0x0000028d8819bd80 [0x0000028d8819bc80+0x0000000000000100]
J 24127 c2 ui.views.waveform.b.a.mouseMoved(Ljava/awt/event/MouseEvent;)V (32 bytes) @ 0x0000028d88e159b4 [0x0000028d88e158e0+0x00000000000000d4]
J 18067 c2 java.awt.AWTEventMulticaster.mouseMoved(Ljava/awt/event/MouseEvent;)V java.desktop@9.0.4 (27 bytes) @ 0x0000028d88b83cf4 [0x0000028d88b83c40+0x00000000000000b4]
J 18067 c2 java.awt.AWTEventMulticaster.mouseMoved(Ljava/awt/event/MouseEvent;)V java.desktop@9.0.4 (27 bytes) @ 0x0000028d88b83cb4 [0x0000028d88b83c40+0x0000000000000074]
J 24125 c2 ui.frmwork.c.i.processMouseMotionEvent(Ljava/awt/event/MouseEvent;)V (131 bytes) @ 0x0000028d88e1b150 [0x0000028d88e1adc0+0x0000000000000390]
J 22822 c2 java.awt.Container.processEvent(Ljava/awt/AWTEvent;)V java.desktop@9.0.4 (22 bytes) @ 0x0000028d8901ce38 [0x0000028d8901ccc0+0x0000000000000178]
J 23380 c2 java.awt.Component.dispatchEventImpl(Ljava/awt/AWTEvent;)V java.desktop@9.0.4 (739 bytes) @ 0x0000028d8919ac38 [0x0000028d89199b40+0x00000000000010f8]
J 21917 c2 java.awt.Container.dispatchEventImpl(Ljava/awt/AWTEvent;)V java.desktop@9.0.4 (129 bytes) @ 0x0000028d887ba7dc [0x0000028d887ba5e0+0x00000000000001fc]
J 21861 c2 java.awt.LightweightDispatcher.retargetMouseEvent(Ljava/awt/Component;ILjava/awt/event/MouseEvent;)V java.desktop@9.0.4 (350 bytes) @ 0x0000028d886ec580 [0x0000028d886ebfa0+0x00000000000005e0]
J 20814 c2 java.awt.LightweightDispatcher.processMouseEvent(Ljava/awt/event/MouseEvent;)Z java.desktop@9.0.4 (265 bytes) @ 0x0000028d8868e67c [0x0000028d8868dea0+0x00000000000007dc]
J 21917 c2 java.awt.Container.dispatchEventImpl(Ljava/awt/AWTEvent;)V java.desktop@9.0.4 (129 bytes) @ 0x0000028d887baa2c [0x0000028d887ba5e0+0x000000000000044c]
J 18143 c2 java.awt.Window.dispatchEventImpl(Ljava/awt/AWTEvent;)V java.desktop@9.0.4 (23 bytes) @ 0x0000028d88ba9b0c [0x0000028d88ba9ac0+0x000000000000004c]
J 17199 c2 java.awt.EventQueue.dispatchEventImpl(Ljava/awt/AWTEvent;Ljava/lang/Object;)V java.desktop@9.0.4 (136 bytes) @ 0x0000028d88a29da8 [0x0000028d88a297e0+0x00000000000005c8]
J 15320 c2 java.awt.EventQueue$3.run()Ljava/lang/Object; java.desktop@9.0.4 (5 bytes) @ 0x0000028d88762cac [0x0000028d88762c40+0x000000000000006c]
v  ~StubRoutines::call_stub
J 3756  java.security.AccessController.doPrivileged(Ljava/security/PrivilegedAction;Ljava/security/AccessControlContext;)Ljava/lang/Object; java.base@9.0.4 (0 bytes) @ 0x0000028d87cdc146 [0x0000028d87cdc0e0+0x0000000000000066]
J 17989 c2 java.awt.EventQueue$4.run()Ljava/lang/Object; java.desktop@9.0.4 (5 bytes) @ 0x0000028d88b5fa40 [0x0000028d88b5f7e0+0x0000000000000260]
v  ~StubRoutines::call_stub
J 3756  java.security.AccessController.doPrivileged(Ljava/security/PrivilegedAction;Ljava/security/AccessControlContext;)Ljava/lang/Object; java.base@9.0.4 (0 bytes) @ 0x0000028d87cdc146 [0x0000028d87cdc0e0+0x0000000000000066]
J 14912 c2 ui.frmwork.b.d.dispatchEvent(Ljava/awt/AWTEvent;)V (34 bytes) @ 0x0000028d886c464c [0x0000028d886c4200+0x000000000000044c]
J 21895 c2 java.awt.EventDispatchThread.pumpOneEventForFilters(I)V java.desktop@9.0.4 (218 bytes) @ 0x0000028d8875dce8 [0x0000028d8875d920+0x00000000000003c8]
J 23287% c2 java.awt.EventDispatchThread.pumpEventsForFilter(ILjava/awt/Conditional;Ljava/awt/EventFilter;)V java.desktop@9.0.4 (47 bytes) @ 0x0000028d891416f8 [0x0000028d891415e0+0x0000000000000118]
j  java.awt.EventDispatchThread.pumpEventsForHierarchy(ILjava/awt/Conditional;Ljava/awt/Component;)V+11 java.desktop@9.0.4
j  java.awt.EventDispatchThread.pumpEvents(ILjava/awt/Conditional;)V+4 java.desktop@9.0.4
j  java.awt.EventDispatchThread.pumpEvents(Ljava/awt/Conditional;)V+3 java.desktop@9.0.4
j  java.awt.EventDispatchThread.run()V+9 java.desktop@9.0.4
v  ~StubRoutines::call_stub

siginfo: EXCEPTION_ACCESS_VIOLATION (0xc0000005), reading address 0xffffffffffffffff


Register to memory mapping:

RIP=0x00007ffb18f3a1a5 librdi_common.dll
RAX=0x0000028de9c0ff01 is an unknown value
RBX=0x900336ff14f18948 is an unknown value
RCX=0x0000028de9c0ff70 is an unknown value
RDX=0x900336ff14f18948 is an unknown value
RSP=0x000000dd4fbfadb0 is pointing into the stack for thread: 0x0000028dff428800
RBP=0x000000dd4fbfaee0 is pointing into the stack for thread: 0x0000028dff428800
RSI=0x0000028d9a53d560 is an unknown value
RDI=0x000000dd4fbfafc8 is pointing into the stack for thread: 0x0000028dff428800
R8 =0x000000dd4fbfafc8 is pointing into the stack for thread: 0x0000028dff428800
R9 =0x0000000000000000 is an unknown value
R10=0x00007ffb53500000 VCRUNTIME140.dll
R11=0xbf01a3ca0fd17fc0 is an unknown value
R12=0x000000dd4fbfafc8 is pointing into the stack for thread: 0x0000028dff428800
R13=0x0000000000000000 is an unknown value
R14=0x0000028de9aef490 is an unknown value
R15=0x900336ff14f18948 is an unknown value


Registers:
RAX=0x0000028de9c0ff01, RBX=0x900336ff14f18948, RCX=0x0000028de9c0ff70, RDX=0x900336ff14f18948
RSP=0x000000dd4fbfadb0, RBP=0x000000dd4fbfaee0, RSI=0x0000028d9a53d560, RDI=0x000000dd4fbfafc8
R8 =0x000000dd4fbfafc8, R9 =0x0000000000000000, R10=0x00007ffb53500000, R11=0xbf01a3ca0fd17fc0
R12=0x000000dd4fbfafc8, R13=0x0000000000000000, R14=0x0000028de9aef490, R15=0x900336ff14f18948
RIP=0x00007ffb18f3a1a5, EFLAGS=0x0000000000010202

Top of Stack: (sp=0x000000dd4fbfadb0)
0x000000dd4fbfadb0:   000000dd4fbfb160 00007ffb53532cf7
0x000000dd4fbfadc0:   000000dd00000000 900336ff14f18948
0x000000dd4fbfadd0:   900336ff14f18948 00007ffb18f2ee15
0x000000dd4fbfade0:   0000028d9a9f14b8 00007ffb53532f5f
0x000000dd4fbfadf0:   0000364d62a14aa0 0000000000000017
0x000000dd4fbfae00:   0000028d97a29810 0000028d9a9f1490
0x000000dd4fbfae10:   0000000000000002 00007ffb18f98985
0x000000dd4fbfae20:   0000028d9c81b930 0000028d9a9f1498
0x000000dd4fbfae30:   0000028d9a9f14d8 0000028d9a9f1490
0x000000dd4fbfae40:   fffffffffffffffe 00007ffb19506a6d
0x000000dd4fbfae50:   fffffffffffffffe 00007ffb19bf3fe0
0x000000dd4fbfae60:   0000028d9a9f1490 0000028de7cce878
0x000000dd4fbfae70:   000000dd4fbfafc8 00007ffb18f97c76
0x000000dd4fbfae80:   0000028d9a9f1490 000000dd4fbfafc8
0x000000dd4fbfae90:   0000028d00000002 0000000000000000
0x000000dd4fbfaea0:   fffffffffffffffe 000000000000000f 

Instructions: (pc=0x00007ffb18f3a1a5)
0x00007ffb18f3a185:   20 48 8b d9 e8 22 c4 04 00 48 8b c8 48 8b d3 e8
0x00007ffb18f3a195:   27 0d 05 00 84 c0 75 08 33 c0 48 83 c4 20 5b c3
0x00007ffb18f3a1a5:   48 8b 4b 50 48 85 c9 74 0a 48 83 c4 20 5b e9 68
0x00007ffb18f3a1b5:   e2 04 00 48 8b d3 48 8d 0d 26 fc 73 00 e8 59 b7 



---------------  P R O C E S S  ---------------

Java Threads: ( => current thread )
  0x0000028d97c79000 JavaThread "Relaunch Simulation" [_thread_blocked, id=15368, stack(0x000000dd54a00000,0x000000dd54f00000)]
  0x0000028d97c74800 JavaThread "SwingWorker-pool-2-thread-1" daemon [_thread_blocked, id=13640, stack(0x000000dd53000000,0x000000dd53500000)]
  0x0000028d97c7d000 JavaThread "Swing-Shell" daemon [_thread_blocked, id=8480, stack(0x000000dd53b00000,0x000000dd54000000)]
  0x0000028d97c75800 JavaThread "SyntheticaAnimation 50" daemon [_thread_blocked, id=15488, stack(0x000000dd52b00000,0x000000dd53000000)]
  0x0000028d97c73000 JavaThread "SyntheticaAnimation 50" daemon [_thread_blocked, id=22492, stack(0x000000dd4e800000,0x000000dd4ed00000)]
  0x0000028d97c73800 JavaThread "Update Runs Swing Worker" [_thread_blocked, id=1916, stack(0x000000dd53600000,0x000000dd53b00000)]
  0x0000028df43e0800 JavaThread "hw_ila_monitor" [_thread_blocked, id=19828, stack(0x000000dd52200000,0x000000dd52700000)]
  0x0000028df43e0000 JavaThread "Refresh Filesets Swing Worker" [_thread_blocked, id=6324, stack(0x000000dd51d00000,0x000000dd52200000)]
  0x0000028df43dd800 JavaThread "SyntheticaAnimation 70" daemon [_thread_blocked, id=14668, stack(0x000000dd51800000,0x000000dd51d00000)]
  0x0000028df43dc000 JavaThread "SyntheticaAnimation 25" daemon [_thread_blocked, id=14148, stack(0x000000dd51300000,0x000000dd51800000)]
  0x0000028df43e1800 JavaThread "SyntheticaAnimation 50" daemon [_thread_blocked, id=19120, stack(0x000000dd50e00000,0x000000dd51300000)]
  0x0000028df43df000 JavaThread "Monitor HEventQueue" [_thread_blocked, id=19484, stack(0x000000dd50900000,0x000000dd50e00000)]
  0x0000028df43da800 JavaThread "SyntheticaCleanerThread" daemon [_thread_blocked, id=20524, stack(0x000000dd50100000,0x000000dd50600000)]
  0x0000028df43db800 JavaThread "Batik CleanerThread" daemon [_thread_blocked, id=17480, stack(0x000000dd4ed00000,0x000000dd4f200000)]
=>0x0000028dff428800 JavaThread "AWT-EventQueue-1" [_thread_in_native, id=12932, stack(0x000000dd4f700000,0x000000dd4fc00000)]
  0x0000028dff42a000 JavaThread "Process Messages" [_thread_blocked, id=23096, stack(0x000000dd4f200000,0x000000dd4f700000)]
  0x0000028dff180800 JavaThread "Thread-1" [_thread_in_native, id=23244, stack(0x000000dd48000000,0x000000dd49400000)]
  0x0000028dff2a8000 JavaThread "TimerQueue" daemon [_thread_blocked, id=22424, stack(0x000000dd4e300000,0x000000dd4e800000)]
  0x0000028dfea58800 JavaThread "AWT-Windows" daemon [_thread_in_native, id=2616, stack(0x000000dd4de00000,0x000000dd4e300000)]
  0x0000028dfec2d000 JavaThread "AWT-Shutdown" [_thread_blocked, id=18380, stack(0x000000dd4d900000,0x000000dd4de00000)]
  0x0000028dfeaa3000 JavaThread "Java2D Disposer" daemon [_thread_blocked, id=21292, stack(0x000000dd4d400000,0x000000dd4d900000)]
  0x0000028def7ff800 JavaThread "Service Thread" daemon [_thread_blocked, id=22920, stack(0x000000dd4ce00000,0x000000dd4d300000)]
  0x0000028debf32800 JavaThread "Common-Cleaner" daemon [_thread_blocked, id=12000, stack(0x000000dd4c900000,0x000000dd4ce00000)]
  0x0000028df43de800 JavaThread "Sweeper thread" daemon [_thread_blocked, id=20304, stack(0x000000dd4c400000,0x000000dd4c900000)]
  0x0000028df43da000 JavaThread "C1 CompilerThread3" daemon [_thread_blocked, id=15272, stack(0x000000dd4c300000,0x000000dd4c400000)]
  0x0000028df43d8000 JavaThread "C2 CompilerThread2" daemon [_thread_blocked, id=18552, stack(0x000000dd4c200000,0x000000dd4c300000)]
  0x0000028df43d7800 JavaThread "C2 CompilerThread1" daemon [_thread_in_native, id=19704, stack(0x000000dd4c100000,0x000000dd4c200000)]
  0x0000028df4173800 JavaThread "C2 CompilerThread0" daemon [_thread_blocked, id=22136, stack(0x000000dd4c000000,0x000000dd4c100000)]
  0x0000028df4172800 JavaThread "Attach Listener" daemon [_thread_blocked, id=20512, stack(0x000000dd4bb00000,0x000000dd4c000000)]
  0x0000028de9bcc800 JavaThread "Signal Dispatcher" daemon [_thread_blocked, id=14680, stack(0x000000dd4b600000,0x000000dd4bb00000)]
  0x0000028df4159800 JavaThread "Finalizer" daemon [_thread_blocked, id=12104, stack(0x000000dd4b100000,0x000000dd4b600000)]
  0x0000028def3c6000 JavaThread "Reference Handler" daemon [_thread_blocked, id=1660, stack(0x000000dd4ac00000,0x000000dd4b100000)]
  0x0000028df449a800 JavaThread "main" [_thread_blocked, id=4684, stack(0x000000dd47f00000,0x000000dd48000000)]

Other Threads:
  0x0000028df4730800 VMThread "VM Thread" [stack: 0x000000dd4ab00000,0x000000dd4ac00000] [id=4636]
  0x0000028def771800 WatcherThread [stack: 0x000000dd4d300000,0x000000dd4d400000] [id=13516]
  0x0000028df3e60800 GCTaskThread "GC Thread#0" [stack: 0x000000dd49700000,0x000000dd49800000] [id=18796]
  0x0000028df1412800 GCTaskThread "GC Thread#1" [stack: 0x000000dd49800000,0x000000dd49900000] [id=23196]
  0x0000028df1413000 GCTaskThread "GC Thread#2" [stack: 0x000000dd49900000,0x000000dd49a00000] [id=13352]
  0x0000028ded4a2000 GCTaskThread "GC Thread#3" [stack: 0x000000dd49a00000,0x000000dd49b00000] [id=22472]
  0x0000028df4704000 GCTaskThread "GC Thread#4" [stack: 0x000000dd49b00000,0x000000dd49c00000] [id=8836]
  0x0000028df44a8000 GCTaskThread "GC Thread#5" [stack: 0x000000dd49c00000,0x000000dd49d00000] [id=3508]
  0x0000028df44a7000 GCTaskThread "GC Thread#6" [stack: 0x000000dd49d00000,0x000000dd49e00000] [id=16112]
  0x0000028df44a5000 GCTaskThread "GC Thread#7" [stack: 0x000000dd49e00000,0x000000dd49f00000] [id=18428]
  0x0000028def2ff800 ConcurrentGCThread "G1 Main Marker" [stack: 0x000000dd4a800000,0x000000dd4a900000] [id=16856]
  0x0000028df44aa000 ConcurrentGCThread "G1 Marker#0" [stack: 0x000000dd4a900000,0x000000dd4aa00000] [id=17376]
  0x0000028df44aa800 ConcurrentGCThread "G1 Marker#1" [stack: 0x000000dd4aa00000,0x000000dd4ab00000] [id=16140]
  0x0000028df4430000 ConcurrentGCThread "G1 Refine#0" [stack: 0x000000dd4a600000,0x000000dd4a700000] [id=22748]
  0x0000028df442c000 ConcurrentGCThread "G1 Refine#1" [stack: 0x000000dd4a500000,0x000000dd4a600000] [id=9816]
  0x0000028df442b800 ConcurrentGCThread "G1 Refine#2" [stack: 0x000000dd4a400000,0x000000dd4a500000] [id=2532]
  0x0000028debae4000 ConcurrentGCThread "G1 Refine#3" [stack: 0x000000dd4a300000,0x000000dd4a400000] [id=9000]
  0x0000028debae0800 ConcurrentGCThread "G1 Refine#4" [stack: 0x000000dd4a200000,0x000000dd4a300000] [id=24484]
  0x0000028debadf800 ConcurrentGCThread "G1 Refine#5" [stack: 0x000000dd4a100000,0x000000dd4a200000] [id=22824]
  0x0000028df4280800 ConcurrentGCThread "G1 Refine#6" [stack: 0x000000dd4a000000,0x000000dd4a100000] [id=12716]
  0x0000028df427e000 ConcurrentGCThread "G1 Refine#7" [stack: 0x000000dd49f00000,0x000000dd4a000000] [id=19248]
  0x0000028df4696800 ConcurrentGCThread "G1 Young RemSet Sampling" [stack: 0x000000dd4a700000,0x000000dd4a800000] [id=14356]

Threads with active compile tasks:
C2 CompilerThread124559   !   4       javax.swing.text.html.StyleSheet::getRule (388 bytes)

VM state:not at safepoint (normal execution)

VM Mutex/Monitor currently owned by a thread: None

Heap address: 0x0000000700000000, size: 3072 MB, Compressed Oops mode: Zero based, Oop shift amount: 3
Narrow klass base: 0x0000000000000000, Narrow klass shift: 3
Compressed class space size: 1073741824 Address: 0x00000007c0000000

Heap:
 garbage-first heap   total 297984K, used 119051K [0x0000000700000000, 0x0000000700100918, 0x00000007c0000000)
  region size 1024K, 29 young (29696K), 0 survivors (0K)
 Metaspace       used 89085K, capacity 95873K, committed 95996K, reserved 1132544K
  class space    used 12123K, capacity 13291K, committed 13308K, reserved 1048576K
Heap Regions: E=young(eden), S=young(survivor), O=old, HS=humongous(starts), HC=humongous(continues), CS=collection set, F=free, A=archive, TS=gc time stamp, AC=allocation context, TAMS=top-at-mark-start (previous, next)
|   0|0x0000000700000000, 0x00000007000fc310, 0x0000000700100000| 98%| O|  |TS  0|AC  0|TAMS 0x0000000700000000, 0x0000000700000000|
|   1|0x0000000700100000, 0x0000000700200000, 0x0000000700200000|100%|HS|  |TS  0|AC  0|TAMS 0x0000000700100000, 0x0000000700100000|
|   2|0x0000000700200000, 0x0000000700300000, 0x0000000700300000|100%|HC|  |TS  0|AC  0|TAMS 0x0000000700200000, 0x0000000700200000|
|   3|0x0000000700300000, 0x0000000700400000, 0x0000000700400000|100%|HS|  |TS  0|AC  0|TAMS 0x0000000700300000, 0x0000000700300000|
|   4|0x0000000700400000, 0x00000007004fdbd8, 0x0000000700500000| 99%| O|  |TS  0|AC  0|TAMS 0x0000000700400000, 0x0000000700400000|
|   5|0x0000000700500000, 0x00000007005fbde0, 0x0000000700600000| 98%| O|  |TS  0|AC  0|TAMS 0x0000000700500000, 0x0000000700500000|
|   6|0x0000000700600000, 0x00000007006ffff8, 0x0000000700700000| 99%| O|  |TS  0|AC  0|TAMS 0x0000000700600000, 0x0000000700600000|
|   7|0x0000000700700000, 0x00000007007fff68, 0x0000000700800000| 99%| O|  |TS  0|AC  0|TAMS 0x0000000700700000, 0x0000000700700000|
|   8|0x0000000700800000, 0x00000007008ffff0, 0x0000000700900000| 99%| O|  |TS  0|AC  0|TAMS 0x0000000700800000, 0x0000000700800000|
|   9|0x0000000700900000, 0x00000007009ee6c8, 0x0000000700a00000| 93%| O|  |TS  0|AC  0|TAMS 0x0000000700900000, 0x0000000700900000|
|  10|0x0000000700a00000, 0x0000000700affff0, 0x0000000700b00000| 99%| O|  |TS  0|AC  0|TAMS 0x0000000700a00000, 0x0000000700a00000|
|  11|0x0000000700b00000, 0x0000000700bf2ab8, 0x0000000700c00000| 94%| O|  |TS  0|AC  0|TAMS 0x0000000700b00000, 0x0000000700b00000|
|  12|0x0000000700c00000, 0x0000000700cff230, 0x0000000700d00000| 99%| O|  |TS  0|AC  0|TAMS 0x0000000700c00000, 0x0000000700c00000|
|  13|0x0000000700d00000, 0x0000000700dce448, 0x0000000700e00000| 80%| O|  |TS  0|AC  0|TAMS 0x0000000700d00000, 0x0000000700d00000|
|  14|0x0000000700e00000, 0x0000000700efe860, 0x0000000700f00000| 99%| O|  |TS  0|AC  0|TAMS 0x0000000700e00000, 0x0000000700e00000|
|  15|0x0000000700f00000, 0x0000000700fd65e8, 0x0000000701000000| 83%| O|  |TS  0|AC  0|TAMS 0x0000000700f00000, 0x0000000700f00000|
|  16|0x0000000701000000, 0x00000007010ffff8, 0x0000000701100000| 99%| O|  |TS  0|AC  0|TAMS 0x0000000701000000, 0x0000000701000000|
|  17|0x0000000701100000, 0x00000007011ffff0, 0x0000000701200000| 99%| O|  |TS  0|AC  0|TAMS 0x0000000701100000, 0x0000000701100000|
|  18|0x0000000701200000, 0x00000007012ffec8, 0x0000000701300000| 99%| O|  |TS  0|AC  0|TAMS 0x0000000701200000, 0x0000000701200000|
|  19|0x0000000701300000, 0x00000007013ffff0, 0x0000000701400000| 99%| O|  |TS  0|AC  0|TAMS 0x0000000701300000, 0x0000000701300000|
|  20|0x0000000701400000, 0x00000007014fffe8, 0x0000000701500000| 99%| O|  |TS  0|AC  0|TAMS 0x0000000701400000, 0x0000000701400000|
|  21|0x0000000701500000, 0x0000000701600000, 0x0000000701600000|100%|HS|  |TS  0|AC  0|TAMS 0x0000000701500000, 0x0000000701500000|
|  22|0x0000000701600000, 0x0000000701700000, 0x0000000701700000|100%|HC|  |TS  0|AC  0|TAMS 0x0000000701600000, 0x0000000701600000|
|  23|0x0000000701700000, 0x00000007017fffe8, 0x0000000701800000| 99%| O|  |TS  0|AC  0|TAMS 0x0000000701700000, 0x0000000701700000|
|  24|0x0000000701800000, 0x00000007018ffff8, 0x0000000701900000| 99%| O|  |TS  0|AC  0|TAMS 0x0000000701800000, 0x0000000701800000|
|  25|0x0000000701900000, 0x00000007019ffff8, 0x0000000701a00000| 99%| O|  |TS  0|AC  0|TAMS 0x0000000701900000, 0x0000000701900000|
|  26|0x0000000701a00000, 0x0000000701b00000, 0x0000000701b00000|100%| O|  |TS  0|AC  0|TAMS 0x0000000701a00000, 0x0000000701a00000|
|  27|0x0000000701b00000, 0x0000000701bffff0, 0x0000000701c00000| 99%| O|  |TS  0|AC  0|TAMS 0x0000000701b00000, 0x0000000701b00000|
|  28|0x0000000701c00000, 0x0000000701d00000, 0x0000000701d00000|100%|HS|  |TS  0|AC  0|TAMS 0x0000000701c00000, 0x0000000701c00000|
|  29|0x0000000701d00000, 0x0000000701dfdb30, 0x0000000701e00000| 99%| O|  |TS  0|AC  0|TAMS 0x0000000701d00000, 0x0000000701d00000|
|  30|0x0000000701e00000, 0x0000000701effff0, 0x0000000701f00000| 99%| O|  |TS  0|AC  0|TAMS 0x0000000701e00000, 0x0000000701e00000|
|  31|0x0000000701f00000, 0x0000000701fffc98, 0x0000000702000000| 99%| O|  |TS  0|AC  0|TAMS 0x0000000701f00000, 0x0000000701f00000|
|  32|0x0000000702000000, 0x00000007020ffff8, 0x0000000702100000| 99%| O|  |TS  0|AC  0|TAMS 0x0000000702000000, 0x0000000702000000|
|  33|0x0000000702100000, 0x0000000702200000, 0x0000000702200000|100%| O|  |TS  0|AC  0|TAMS 0x0000000702100000, 0x0000000702100000|
|  34|0x0000000702200000, 0x00000007022fffe0, 0x0000000702300000| 99%| O|  |TS  0|AC  0|TAMS 0x0000000702200000, 0x0000000702200000|
|  35|0x0000000702300000, 0x00000007023fffd0, 0x0000000702400000| 99%| O|  |TS  0|AC  0|TAMS 0x0000000702300000, 0x0000000702300000|
|  36|0x0000000702400000, 0x0000000702500000, 0x0000000702500000|100%|HS|  |TS  0|AC  0|TAMS 0x0000000702400000, 0x0000000702400000|
|  37|0x0000000702500000, 0x00000007025ffff8, 0x0000000702600000| 99%| O|  |TS  0|AC  0|TAMS 0x0000000702500000, 0x0000000702500000|
|  38|0x0000000702600000, 0x00000007026ffd10, 0x0000000702700000| 99%| O|  |TS  0|AC  0|TAMS 0x0000000702600000, 0x0000000702600000|
|  39|0x0000000702700000, 0x00000007027fffe8, 0x0000000702800000| 99%| O|  |TS  0|AC  0|TAMS 0x0000000702700000, 0x0000000702700000|
|  40|0x0000000702800000, 0x0000000702900000, 0x0000000702900000|100%| O|  |TS  0|AC  0|TAMS 0x0000000702800000, 0x0000000702800000|
|  41|0x0000000702900000, 0x00000007029ffff0, 0x0000000702a00000| 99%| O|  |TS  0|AC  0|TAMS 0x0000000702900000, 0x0000000702900000|
|  42|0x0000000702a00000, 0x0000000702affba8, 0x0000000702b00000| 99%| O|  |TS  0|AC  0|TAMS 0x0000000702a00000, 0x0000000702a00000|
|  43|0x0000000702b00000, 0x0000000702bffff0, 0x0000000702c00000| 99%| O|  |TS  0|AC  0|TAMS 0x0000000702b00000, 0x0000000702b00000|
|  44|0x0000000702c00000, 0x0000000702d00000, 0x0000000702d00000|100%|HS|  |TS  0|AC  0|TAMS 0x0000000702c00000, 0x0000000702c00000|
|  45|0x0000000702d00000, 0x0000000702dfdb80, 0x0000000702e00000| 99%| O|  |TS  0|AC  0|TAMS 0x0000000702d00000, 0x0000000702d00000|
|  46|0x0000000702e00000, 0x0000000702efffe8, 0x0000000702f00000| 99%| O|  |TS  0|AC  0|TAMS 0x0000000702e00000, 0x0000000702e00000|
|  47|0x0000000702f00000, 0x0000000702fea818, 0x0000000703000000| 91%| O|  |TS  0|AC  0|TAMS 0x0000000702f00000, 0x0000000702f00000|
|  48|0x0000000703000000, 0x00000007030fff40, 0x0000000703100000| 99%| O|  |TS  0|AC  0|TAMS 0x0000000703000000, 0x0000000703000000|
|  49|0x0000000703100000, 0x00000007031ffff0, 0x0000000703200000| 99%| O|  |TS  0|AC  0|TAMS 0x0000000703100000, 0x0000000703100000|
|  50|0x0000000703200000, 0x0000000703300000, 0x0000000703300000|100%| O|  |TS  0|AC  0|TAMS 0x0000000703200000, 0x0000000703200000|
|  51|0x0000000703300000, 0x00000007033ffff8, 0x0000000703400000| 99%| O|  |TS  0|AC  0|TAMS 0x0000000703300000, 0x0000000703300000|
|  52|0x0000000703400000, 0x0000000703500000, 0x0000000703500000|100%| O|  |TS  0|AC  0|TAMS 0x0000000703400000, 0x0000000703400000|
|  53|0x0000000703500000, 0x00000007035ffff0, 0x0000000703600000| 99%| O|  |TS  0|AC  0|TAMS 0x0000000703500000, 0x0000000703500000|
|  54|0x0000000703600000, 0x0000000703700000, 0x0000000703700000|100%| O|  |TS  0|AC  0|TAMS 0x0000000703600000, 0x0000000703600000|
|  55|0x0000000703700000, 0x00000007037ffff0, 0x0000000703800000| 99%| O|  |TS  0|AC  0|TAMS 0x0000000703700000, 0x0000000703700000|
|  56|0x0000000703800000, 0x00000007038ffe38, 0x0000000703900000| 99%| O|  |TS  0|AC  0|TAMS 0x0000000703800000, 0x0000000703800000|
|  57|0x0000000703900000, 0x0000000703a00000, 0x0000000703a00000|100%| O|  |TS  0|AC  0|TAMS 0x0000000703900000, 0x0000000703900000|
|  58|0x0000000703a00000, 0x0000000703affff8, 0x0000000703b00000| 99%| O|  |TS  0|AC  0|TAMS 0x0000000703a00000, 0x0000000703a00000|
|  59|0x0000000703b00000, 0x0000000703bffe98, 0x0000000703c00000| 99%| O|  |TS  0|AC  0|TAMS 0x0000000703b00000, 0x0000000703b00000|
|  60|0x0000000703c00000, 0x0000000703cfb6e0, 0x0000000703d00000| 98%| O|  |TS  0|AC  0|TAMS 0x0000000703c00000, 0x0000000703c00000|
|  61|0x0000000703d00000, 0x0000000703dffff0, 0x0000000703e00000| 99%| O|  |TS  0|AC  0|TAMS 0x0000000703d00000, 0x0000000703d00000|
|  62|0x0000000703e00000, 0x0000000703f00000, 0x0000000703f00000|100%| O|  |TS  0|AC  0|TAMS 0x0000000703e00000, 0x0000000703e00000|
|  63|0x0000000703f00000, 0x0000000703ffe700, 0x0000000704000000| 99%| O|  |TS  0|AC  0|TAMS 0x0000000703f00000, 0x0000000703f00000|
|  64|0x0000000704000000, 0x00000007040fffd8, 0x0000000704100000| 99%| O|  |TS  0|AC  0|TAMS 0x0000000704000000, 0x0000000704000000|
|  65|0x0000000704100000, 0x00000007041fff60, 0x0000000704200000| 99%| O|  |TS  0|AC  0|TAMS 0x0000000704100000, 0x0000000704100000|
|  66|0x0000000704200000, 0x00000007042fffe8, 0x0000000704300000| 99%| O|  |TS  0|AC  0|TAMS 0x0000000704200000, 0x0000000704200000|
|  67|0x0000000704300000, 0x00000007043eaf88, 0x0000000704400000| 91%| O|  |TS  0|AC  0|TAMS 0x0000000704300000, 0x0000000704300000|
|  68|0x0000000704400000, 0x0000000704400000, 0x0000000704500000|  0%| F|  |TS  0|AC  0|TAMS 0x0000000704400000, 0x0000000704400000|
|  69|0x0000000704500000, 0x0000000704500000, 0x0000000704600000|  0%| F|  |TS  0|AC  0|TAMS 0x0000000704500000, 0x0000000704500000|
|  70|0x0000000704600000, 0x0000000704600000, 0x0000000704700000|  0%| F|  |TS  0|AC  0|TAMS 0x0000000704600000, 0x0000000704600000|
|  71|0x0000000704700000, 0x0000000704800000, 0x0000000704800000|100%|HS|  |TS  0|AC  0|TAMS 0x0000000704700000, 0x0000000704700000|
|  72|0x0000000704800000, 0x0000000704900000, 0x0000000704900000|100%|HS|  |TS  0|AC  0|TAMS 0x0000000704800000, 0x0000000704800000|
|  73|0x0000000704900000, 0x0000000704a00000, 0x0000000704a00000|100%|HS|  |TS  0|AC  0|TAMS 0x0000000704900000, 0x0000000704900000|
|  74|0x0000000704a00000, 0x0000000704b00000, 0x0000000704b00000|100%|HC|  |TS  0|AC  0|TAMS 0x0000000704a00000, 0x0000000704a00000|
|  75|0x0000000704b00000, 0x0000000704c00000, 0x0000000704c00000|100%|HC|  |TS  0|AC  0|TAMS 0x0000000704b00000, 0x0000000704b00000|
|  76|0x0000000704c00000, 0x0000000704c00000, 0x0000000704d00000|  0%| F|  |TS  0|AC  0|TAMS 0x0000000704c00000, 0x0000000704c00000|
|  77|0x0000000704d00000, 0x0000000704d00000, 0x0000000704e00000|  0%| F|  |TS  0|AC  0|TAMS 0x0000000704d00000, 0x0000000704d00000|
|  78|0x0000000704e00000, 0x0000000704e00000, 0x0000000704f00000|  0%| F|  |TS  0|AC  0|TAMS 0x0000000704e00000, 0x0000000704e00000|
|  79|0x0000000704f00000, 0x0000000704f00000, 0x0000000705000000|  0%| F|  |TS  0|AC  0|TAMS 0x0000000704f00000, 0x0000000704f00000|
|  80|0x0000000705000000, 0x0000000705000000, 0x0000000705100000|  0%| F|  |TS  0|AC  0|TAMS 0x0000000705000000, 0x0000000705000000|
|  81|0x0000000705100000, 0x0000000705100000, 0x0000000705200000|  0%| F|  |TS  0|AC  0|TAMS 0x0000000705100000, 0x0000000705100000|
|  82|0x0000000705200000, 0x0000000705200000, 0x0000000705300000|  0%| F|  |TS  0|AC  0|TAMS 0x0000000705200000, 0x0000000705200000|
|  83|0x0000000705300000, 0x0000000705300000, 0x0000000705400000|  0%| F|  |TS  0|AC  0|TAMS 0x0000000705300000, 0x0000000705300000|
|  84|0x0000000705400000, 0x0000000705500000, 0x0000000705500000|100%|HS|  |TS  0|AC  0|TAMS 0x0000000705400000, 0x0000000705400000|
|  85|0x0000000705500000, 0x0000000705600000, 0x0000000705600000|100%|HC|  |TS  0|AC  0|TAMS 0x0000000705500000, 0x0000000705500000|
|  86|0x0000000705600000, 0x0000000705700000, 0x0000000705700000|100%|HC|  |TS  0|AC  0|TAMS 0x0000000705600000, 0x0000000705600000|
|  87|0x0000000705700000, 0x0000000705800000, 0x0000000705800000|100%|HC|  |TS  0|AC  0|TAMS 0x0000000705700000, 0x0000000705700000|
|  88|0x0000000705800000, 0x0000000705900000, 0x0000000705900000|100%|HC|  |TS  0|AC  0|TAMS 0x0000000705800000, 0x0000000705800000|
|  89|0x0000000705900000, 0x0000000705a00000, 0x0000000705a00000|100%|HC|  |TS  0|AC  0|TAMS 0x0000000705900000, 0x0000000705900000|
|  90|0x0000000705a00000, 0x0000000705b00000, 0x0000000705b00000|100%|HC|  |TS  0|AC  0|TAMS 0x0000000705a00000, 0x0000000705a00000|
|  91|0x0000000705b00000, 0x0000000705c00000, 0x0000000705c00000|100%|HC|  |TS  0|AC  0|TAMS 0x0000000705b00000, 0x0000000705b00000|
|  92|0x0000000705c00000, 0x0000000705c00000, 0x0000000705d00000|  0%| F|  |TS  0|AC  0|TAMS 0x0000000705c00000, 0x0000000705c00000|
|  93|0x0000000705d00000, 0x0000000705d00000, 0x0000000705e00000|  0%| F|  |TS  0|AC  0|TAMS 0x0000000705d00000, 0x0000000705d00000|
|  94|0x0000000705e00000, 0x0000000705e00000, 0x0000000705f00000|  0%| F|  |TS  0|AC  0|TAMS 0x0000000705e00000, 0x0000000705e00000|
|  95|0x0000000705f00000, 0x0000000705f00000, 0x0000000706000000|  0%| F|  |TS  0|AC  0|TAMS 0x0000000705f00000, 0x0000000705f00000|
|  96|0x0000000706000000, 0x0000000706100000, 0x0000000706100000|100%|HS|  |TS  0|AC  0|TAMS 0x0000000706000000, 0x0000000706000000|
|  97|0x0000000706100000, 0x0000000706200000, 0x0000000706200000|100%|HC|  |TS  0|AC  0|TAMS 0x0000000706100000, 0x0000000706100000|
|  98|0x0000000706200000, 0x0000000706300000, 0x0000000706300000|100%|HC|  |TS  0|AC  0|TAMS 0x0000000706200000, 0x0000000706200000|
|  99|0x0000000706300000, 0x0000000706400000, 0x0000000706400000|100%|HC|  |TS  0|AC  0|TAMS 0x0000000706300000, 0x0000000706300000|
| 100|0x0000000706400000, 0x0000000706500000, 0x0000000706500000|100%|HC|  |TS  0|AC  0|TAMS 0x0000000706400000, 0x0000000706400000|
| 101|0x0000000706500000, 0x0000000706600000, 0x0000000706600000|100%|HC|  |TS  0|AC  0|TAMS 0x0000000706500000, 0x0000000706500000|
| 102|0x0000000706600000, 0x0000000706700000, 0x0000000706700000|100%|HC|  |TS  0|AC  0|TAMS 0x0000000706600000, 0x0000000706600000|
| 103|0x0000000706700000, 0x0000000706800000, 0x0000000706800000|100%|HC|  |TS  0|AC  0|TAMS 0x0000000706700000, 0x0000000706700000|
| 104|0x0000000706800000, 0x0000000706800000, 0x0000000706900000|  0%| F|  |TS  0|AC  0|TAMS 0x0000000706800000, 0x0000000706800000|
| 105|0x0000000706900000, 0x0000000706900000, 0x0000000706a00000|  0%| F|  |TS  0|AC  0|TAMS 0x0000000706900000, 0x0000000706900000|
| 106|0x0000000706a00000, 0x0000000706a00000, 0x0000000706b00000|  0%| F|  |TS  0|AC  0|TAMS 0x0000000706a00000, 0x0000000706a00000|
| 107|0x0000000706b00000, 0x0000000706b00000, 0x0000000706c00000|  0%| F|  |TS  0|AC  0|TAMS 0x0000000706b00000, 0x0000000706b00000|
| 108|0x0000000706c00000, 0x0000000706c00000, 0x0000000706d00000|  0%| F|  |TS  0|AC  0|TAMS 0x0000000706c00000, 0x0000000706c00000|
| 109|0x0000000706d00000, 0x0000000706d00000, 0x0000000706e00000|  0%| F|  |TS  0|AC  0|TAMS 0x0000000706d00000, 0x0000000706d00000|
| 110|0x0000000706e00000, 0x0000000706e00000, 0x0000000706f00000|  0%| F|  |TS  0|AC  0|TAMS 0x0000000706e00000, 0x0000000706e00000|
| 111|0x0000000706f00000, 0x0000000706f00000, 0x0000000707000000|  0%| F|  |TS  0|AC  0|TAMS 0x0000000706f00000, 0x0000000706f00000|
| 112|0x0000000707000000, 0x0000000707000000, 0x0000000707100000|  0%| F|  |TS  0|AC  0|TAMS 0x0000000707000000, 0x0000000707000000|
| 113|0x0000000707100000, 0x0000000707100000, 0x0000000707200000|  0%| F|  |TS  0|AC  0|TAMS 0x0000000707100000, 0x0000000707100000|
| 114|0x0000000707200000, 0x0000000707200000, 0x0000000707300000|  0%| F|  |TS  0|AC  0|TAMS 0x0000000707200000, 0x0000000707200000|
| 115|0x0000000707300000, 0x0000000707300000, 0x0000000707400000|  0%| F|  |TS  0|AC  0|TAMS 0x0000000707300000, 0x0000000707300000|
| 116|0x0000000707400000, 0x0000000707400000, 0x0000000707500000|  0%| F|  |TS  0|AC  0|TAMS 0x0000000707400000, 0x0000000707400000|
| 117|0x0000000707500000, 0x0000000707500000, 0x0000000707600000|  0%| F|  |TS  0|AC  0|TAMS 0x0000000707500000, 0x0000000707500000|
| 118|0x0000000707600000, 0x0000000707600000, 0x0000000707700000|  0%| F|  |TS  0|AC  0|TAMS 0x0000000707600000, 0x0000000707600000|
| 119|0x0000000707700000, 0x0000000707700000, 0x0000000707800000|  0%| F|  |TS  0|AC  0|TAMS 0x0000000707700000, 0x0000000707700000|
| 120|0x0000000707800000, 0x0000000707800000, 0x0000000707900000|  0%| F|  |TS  0|AC  0|TAMS 0x0000000707800000, 0x0000000707800000|
| 121|0x0000000707900000, 0x0000000707900000, 0x0000000707a00000|  0%| F|  |TS  0|AC  0|TAMS 0x0000000707900000, 0x0000000707900000|
| 122|0x0000000707a00000, 0x0000000707a00000, 0x0000000707b00000|  0%| F|  |TS  0|AC  0|TAMS 0x0000000707a00000, 0x0000000707a00000|
| 123|0x0000000707b00000, 0x0000000707b00000, 0x0000000707c00000|  0%| F|  |TS  0|AC  0|TAMS 0x0000000707b00000, 0x0000000707b00000|
| 124|0x0000000707c00000, 0x0000000707c00000, 0x0000000707d00000|  0%| F|  |TS  0|AC  0|TAMS 0x0000000707c00000, 0x0000000707c00000|
| 125|0x0000000707d00000, 0x0000000707d00000, 0x0000000707e00000|  0%| F|  |TS  0|AC  0|TAMS 0x0000000707d00000, 0x0000000707d00000|
| 126|0x0000000707e00000, 0x0000000707e00000, 0x0000000707f00000|  0%| F|  |TS  0|AC  0|TAMS 0x0000000707e00000, 0x0000000707e00000|
| 127|0x0000000707f00000, 0x0000000707f00000, 0x0000000708000000|  0%| F|  |TS  0|AC  0|TAMS 0x0000000707f00000, 0x0000000707f00000|
| 128|0x0000000708000000, 0x0000000708000000, 0x0000000708100000|  0%| F|  |TS  0|AC  0|TAMS 0x0000000708000000, 0x0000000708000000|
| 129|0x0000000708100000, 0x0000000708100000, 0x0000000708200000|  0%| F|  |TS  0|AC  0|TAMS 0x0000000708100000, 0x0000000708100000|
| 130|0x0000000708200000, 0x0000000708200000, 0x0000000708300000|  0%| F|  |TS  0|AC  0|TAMS 0x0000000708200000, 0x0000000708200000|
| 131|0x0000000708300000, 0x0000000708300000, 0x0000000708400000|  0%| F|  |TS  0|AC  0|TAMS 0x0000000708300000, 0x0000000708300000|
| 132|0x0000000708400000, 0x0000000708400000, 0x0000000708500000|  0%| F|  |TS  0|AC  0|TAMS 0x0000000708400000, 0x0000000708400000|
| 133|0x0000000708500000, 0x0000000708500000, 0x0000000708600000|  0%| F|  |TS  0|AC  0|TAMS 0x0000000708500000, 0x0000000708500000|
| 134|0x0000000708600000, 0x0000000708600000, 0x0000000708700000|  0%| F|  |TS  0|AC  0|TAMS 0x0000000708600000, 0x0000000708600000|
| 135|0x0000000708700000, 0x0000000708700000, 0x0000000708800000|  0%| F|  |TS  0|AC  0|TAMS 0x0000000708700000, 0x0000000708700000|
| 136|0x0000000708800000, 0x0000000708800000, 0x0000000708900000|  0%| F|  |TS  0|AC  0|TAMS 0x0000000708800000, 0x0000000708800000|
| 137|0x0000000708900000, 0x0000000708900000, 0x0000000708a00000|  0%| F|  |TS  0|AC  0|TAMS 0x0000000708900000, 0x0000000708900000|
| 138|0x0000000708a00000, 0x0000000708a00000, 0x0000000708b00000|  0%| F|  |TS  0|AC  0|TAMS 0x0000000708a00000, 0x0000000708a00000|
| 139|0x0000000708b00000, 0x0000000708b00000, 0x0000000708c00000|  0%| F|  |TS  0|AC  0|TAMS 0x0000000708b00000, 0x0000000708b00000|
| 140|0x0000000708c00000, 0x0000000708c00000, 0x0000000708d00000|  0%| F|  |TS  0|AC  0|TAMS 0x0000000708c00000, 0x0000000708c00000|
| 141|0x0000000708d00000, 0x0000000708d00000, 0x0000000708e00000|  0%| F|  |TS  0|AC  0|TAMS 0x0000000708d00000, 0x0000000708d00000|
| 142|0x0000000708e00000, 0x0000000708e00000, 0x0000000708f00000|  0%| F|  |TS  0|AC  0|TAMS 0x0000000708e00000, 0x0000000708e00000|
| 143|0x0000000708f00000, 0x0000000708f00000, 0x0000000709000000|  0%| F|  |TS  0|AC  0|TAMS 0x0000000708f00000, 0x0000000708f00000|
| 144|0x0000000709000000, 0x0000000709000000, 0x0000000709100000|  0%| F|  |TS  0|AC  0|TAMS 0x0000000709000000, 0x0000000709000000|
| 145|0x0000000709100000, 0x0000000709100000, 0x0000000709200000|  0%| F|  |TS  0|AC  0|TAMS 0x0000000709100000, 0x0000000709100000|
| 146|0x0000000709200000, 0x0000000709200000, 0x0000000709300000|  0%| F|  |TS  0|AC  0|TAMS 0x0000000709200000, 0x0000000709200000|
| 147|0x0000000709300000, 0x0000000709300000, 0x0000000709400000|  0%| F|  |TS  0|AC  0|TAMS 0x0000000709300000, 0x0000000709300000|
| 148|0x0000000709400000, 0x0000000709400000, 0x0000000709500000|  0%| F|  |TS  0|AC  0|TAMS 0x0000000709400000, 0x0000000709400000|
| 149|0x0000000709500000, 0x0000000709500000, 0x0000000709600000|  0%| F|  |TS  0|AC  0|TAMS 0x0000000709500000, 0x0000000709500000|
| 150|0x0000000709600000, 0x0000000709600000, 0x0000000709700000|  0%| F|  |TS  0|AC  0|TAMS 0x0000000709600000, 0x0000000709600000|
| 151|0x0000000709700000, 0x0000000709700000, 0x0000000709800000|  0%| F|  |TS  0|AC  0|TAMS 0x0000000709700000, 0x0000000709700000|
| 152|0x0000000709800000, 0x0000000709800000, 0x0000000709900000|  0%| F|  |TS  0|AC  0|TAMS 0x0000000709800000, 0x0000000709800000|
| 153|0x0000000709900000, 0x0000000709900000, 0x0000000709a00000|  0%| F|  |TS  0|AC  0|TAMS 0x0000000709900000, 0x0000000709900000|
| 154|0x0000000709a00000, 0x0000000709a00000, 0x0000000709b00000|  0%| F|  |TS  0|AC  0|TAMS 0x0000000709a00000, 0x0000000709a00000|
| 155|0x0000000709b00000, 0x0000000709b00000, 0x0000000709c00000|  0%| F|  |TS  0|AC  0|TAMS 0x0000000709b00000, 0x0000000709b00000|
| 156|0x0000000709c00000, 0x0000000709c00000, 0x0000000709d00000|  0%| F|  |TS  0|AC  0|TAMS 0x0000000709c00000, 0x0000000709c00000|
| 157|0x0000000709d00000, 0x0000000709d00000, 0x0000000709e00000|  0%| F|  |TS  0|AC  0|TAMS 0x0000000709d00000, 0x0000000709d00000|
| 158|0x0000000709e00000, 0x0000000709e00000, 0x0000000709f00000|  0%| F|  |TS  0|AC  0|TAMS 0x0000000709e00000, 0x0000000709e00000|
| 159|0x0000000709f00000, 0x0000000709f00000, 0x000000070a000000|  0%| F|  |TS  0|AC  0|TAMS 0x0000000709f00000, 0x0000000709f00000|
| 160|0x000000070a000000, 0x000000070a000000, 0x000000070a100000|  0%| F|  |TS  0|AC  0|TAMS 0x000000070a000000, 0x000000070a000000|
| 161|0x000000070a100000, 0x000000070a100000, 0x000000070a200000|  0%| F|  |TS  0|AC  0|TAMS 0x000000070a100000, 0x000000070a100000|
| 162|0x000000070a200000, 0x000000070a200000, 0x000000070a300000|  0%| F|  |TS  0|AC  0|TAMS 0x000000070a200000, 0x000000070a200000|
| 163|0x000000070a300000, 0x000000070a300000, 0x000000070a400000|  0%| F|  |TS  0|AC  0|TAMS 0x000000070a300000, 0x000000070a300000|
| 164|0x000000070a400000, 0x000000070a400000, 0x000000070a500000|  0%| F|  |TS  0|AC  0|TAMS 0x000000070a400000, 0x000000070a400000|
| 165|0x000000070a500000, 0x000000070a500000, 0x000000070a600000|  0%| F|  |TS  0|AC  0|TAMS 0x000000070a500000, 0x000000070a500000|
| 166|0x000000070a600000, 0x000000070a600000, 0x000000070a700000|  0%| F|  |TS  0|AC  0|TAMS 0x000000070a600000, 0x000000070a600000|
| 167|0x000000070a700000, 0x000000070a700000, 0x000000070a800000|  0%| F|  |TS  0|AC  0|TAMS 0x000000070a700000, 0x000000070a700000|
| 168|0x000000070a800000, 0x000000070a800000, 0x000000070a900000|  0%| F|  |TS  0|AC  0|TAMS 0x000000070a800000, 0x000000070a800000|
| 169|0x000000070a900000, 0x000000070a900000, 0x000000070aa00000|  0%| F|  |TS  0|AC  0|TAMS 0x000000070a900000, 0x000000070a900000|
| 170|0x000000070aa00000, 0x000000070aa00000, 0x000000070ab00000|  0%| F|  |TS  0|AC  0|TAMS 0x000000070aa00000, 0x000000070aa00000|
| 171|0x000000070ab00000, 0x000000070ab00000, 0x000000070ac00000|  0%| F|  |TS  0|AC  0|TAMS 0x000000070ab00000, 0x000000070ab00000|
| 172|0x000000070ac00000, 0x000000070ac00000, 0x000000070ad00000|  0%| F|  |TS  0|AC  0|TAMS 0x000000070ac00000, 0x000000070ac00000|
| 173|0x000000070ad00000, 0x000000070ad00000, 0x000000070ae00000|  0%| F|  |TS  0|AC  0|TAMS 0x000000070ad00000, 0x000000070ad00000|
| 174|0x000000070ae00000, 0x000000070ae00000, 0x000000070af00000|  0%| F|  |TS  0|AC  0|TAMS 0x000000070ae00000, 0x000000070ae00000|
| 175|0x000000070af00000, 0x000000070af00000, 0x000000070b000000|  0%| F|  |TS  0|AC  0|TAMS 0x000000070af00000, 0x000000070af00000|
| 176|0x000000070b000000, 0x000000070b000000, 0x000000070b100000|  0%| F|  |TS  0|AC  0|TAMS 0x000000070b000000, 0x000000070b000000|
| 177|0x000000070b100000, 0x000000070b100000, 0x000000070b200000|  0%| F|  |TS  0|AC  0|TAMS 0x000000070b100000, 0x000000070b100000|
| 178|0x000000070b200000, 0x000000070b200000, 0x000000070b300000|  0%| F|  |TS  0|AC  0|TAMS 0x000000070b200000, 0x000000070b200000|
| 179|0x000000070b300000, 0x000000070b300000, 0x000000070b400000|  0%| F|  |TS  0|AC  0|TAMS 0x000000070b300000, 0x000000070b300000|
| 180|0x000000070b400000, 0x000000070b400000, 0x000000070b500000|  0%| F|  |TS  0|AC  0|TAMS 0x000000070b400000, 0x000000070b400000|
| 181|0x000000070b500000, 0x000000070b500000, 0x000000070b600000|  0%| F|  |TS  0|AC  0|TAMS 0x000000070b500000, 0x000000070b500000|
| 182|0x000000070b600000, 0x000000070b600000, 0x000000070b700000|  0%| F|  |TS  0|AC  0|TAMS 0x000000070b600000, 0x000000070b600000|
| 183|0x000000070b700000, 0x000000070b700000, 0x000000070b800000|  0%| F|  |TS  0|AC  0|TAMS 0x000000070b700000, 0x000000070b700000|
| 184|0x000000070b800000, 0x000000070b800000, 0x000000070b900000|  0%| F|  |TS  0|AC  0|TAMS 0x000000070b800000, 0x000000070b800000|
| 185|0x000000070b900000, 0x000000070b900000, 0x000000070ba00000|  0%| F|  |TS  0|AC  0|TAMS 0x000000070b900000, 0x000000070b900000|
| 186|0x000000070ba00000, 0x000000070ba00000, 0x000000070bb00000|  0%| F|  |TS  0|AC  0|TAMS 0x000000070ba00000, 0x000000070ba00000|
| 187|0x000000070bb00000, 0x000000070bb00000, 0x000000070bc00000|  0%| F|  |TS  0|AC  0|TAMS 0x000000070bb00000, 0x000000070bb00000|
| 188|0x000000070bc00000, 0x000000070bc00000, 0x000000070bd00000|  0%| F|  |TS  0|AC  0|TAMS 0x000000070bc00000, 0x000000070bc00000|
| 189|0x000000070bd00000, 0x000000070bd00000, 0x000000070be00000|  0%| F|  |TS  0|AC  0|TAMS 0x000000070bd00000, 0x000000070bd00000|
| 190|0x000000070be00000, 0x000000070be00000, 0x000000070bf00000|  0%| F|  |TS  0|AC  0|TAMS 0x000000070be00000, 0x000000070be00000|
| 191|0x000000070bf00000, 0x000000070bf00000, 0x000000070c000000|  0%| F|  |TS  0|AC  0|TAMS 0x000000070bf00000, 0x000000070bf00000|
| 192|0x000000070c000000, 0x000000070c000000, 0x000000070c100000|  0%| F|  |TS  0|AC  0|TAMS 0x000000070c000000, 0x000000070c000000|
| 193|0x000000070c100000, 0x000000070c100000, 0x000000070c200000|  0%| F|  |TS  0|AC  0|TAMS 0x000000070c100000, 0x000000070c100000|
| 194|0x000000070c200000, 0x000000070c200000, 0x000000070c300000|  0%| F|  |TS  0|AC  0|TAMS 0x000000070c200000, 0x000000070c200000|
| 195|0x000000070c300000, 0x000000070c300000, 0x000000070c400000|  0%| F|  |TS  0|AC  0|TAMS 0x000000070c300000, 0x000000070c300000|
| 196|0x000000070c400000, 0x000000070c400000, 0x000000070c500000|  0%| F|  |TS  0|AC  0|TAMS 0x000000070c400000, 0x000000070c400000|
| 197|0x000000070c500000, 0x000000070c500000, 0x000000070c600000|  0%| F|  |TS  0|AC  0|TAMS 0x000000070c500000, 0x000000070c500000|
| 198|0x000000070c600000, 0x000000070c600000, 0x000000070c700000|  0%| F|  |TS  0|AC  0|TAMS 0x000000070c600000, 0x000000070c600000|
| 199|0x000000070c700000, 0x000000070c700000, 0x000000070c800000|  0%| F|  |TS  0|AC  0|TAMS 0x000000070c700000, 0x000000070c700000|
| 200|0x000000070c800000, 0x000000070c800000, 0x000000070c900000|  0%| F|  |TS  0|AC  0|TAMS 0x000000070c800000, 0x000000070c800000|
| 201|0x000000070c900000, 0x000000070c900000, 0x000000070ca00000|  0%| F|  |TS  0|AC  0|TAMS 0x000000070c900000, 0x000000070c900000|
| 202|0x000000070ca00000, 0x000000070ca00000, 0x000000070cb00000|  0%| F|  |TS  0|AC  0|TAMS 0x000000070ca00000, 0x000000070ca00000|
| 203|0x000000070cb00000, 0x000000070cb00000, 0x000000070cc00000|  0%| F|  |TS  0|AC  0|TAMS 0x000000070cb00000, 0x000000070cb00000|
| 204|0x000000070cc00000, 0x000000070cc00000, 0x000000070cd00000|  0%| F|  |TS  0|AC  0|TAMS 0x000000070cc00000, 0x000000070cc00000|
| 205|0x000000070cd00000, 0x000000070cd00000, 0x000000070ce00000|  0%| F|  |TS  0|AC  0|TAMS 0x000000070cd00000, 0x000000070cd00000|
| 206|0x000000070ce00000, 0x000000070ce00000, 0x000000070cf00000|  0%| F|  |TS  0|AC  0|TAMS 0x000000070ce00000, 0x000000070ce00000|
| 207|0x000000070cf00000, 0x000000070cf00000, 0x000000070d000000|  0%| F|  |TS  0|AC  0|TAMS 0x000000070cf00000, 0x000000070cf00000|
| 208|0x000000070d000000, 0x000000070d000000, 0x000000070d100000|  0%| F|  |TS  0|AC  0|TAMS 0x000000070d000000, 0x000000070d000000|
| 209|0x000000070d100000, 0x000000070d100000, 0x000000070d200000|  0%| F|  |TS  0|AC  0|TAMS 0x000000070d100000, 0x000000070d100000|
| 210|0x000000070d200000, 0x000000070d200000, 0x000000070d300000|  0%| F|  |TS  0|AC  0|TAMS 0x000000070d200000, 0x000000070d200000|
| 211|0x000000070d300000, 0x000000070d300000, 0x000000070d400000|  0%| F|  |TS  0|AC  0|TAMS 0x000000070d300000, 0x000000070d300000|
| 212|0x000000070d400000, 0x000000070d400000, 0x000000070d500000|  0%| F|  |TS  0|AC  0|TAMS 0x000000070d400000, 0x000000070d400000|
| 213|0x000000070d500000, 0x000000070d500000, 0x000000070d600000|  0%| F|  |TS  0|AC  0|TAMS 0x000000070d500000, 0x000000070d500000|
| 214|0x000000070d600000, 0x000000070d600000, 0x000000070d700000|  0%| F|  |TS  0|AC  0|TAMS 0x000000070d600000, 0x000000070d600000|
| 215|0x000000070d700000, 0x000000070d700000, 0x000000070d800000|  0%| F|  |TS  0|AC  0|TAMS 0x000000070d700000, 0x000000070d700000|
| 216|0x000000070d800000, 0x000000070d800000, 0x000000070d900000|  0%| F|  |TS  0|AC  0|TAMS 0x000000070d800000, 0x000000070d800000|
| 217|0x000000070d900000, 0x000000070d900000, 0x000000070da00000|  0%| F|  |TS  0|AC  0|TAMS 0x000000070d900000, 0x000000070d900000|
| 218|0x000000070da00000, 0x000000070da00000, 0x000000070db00000|  0%| F|  |TS  0|AC  0|TAMS 0x000000070da00000, 0x000000070da00000|
| 219|0x000000070db00000, 0x000000070db00000, 0x000000070dc00000|  0%| F|  |TS  0|AC  0|TAMS 0x000000070db00000, 0x000000070db00000|
| 220|0x000000070dc00000, 0x000000070dc00000, 0x000000070dd00000|  0%| F|  |TS  0|AC  0|TAMS 0x000000070dc00000, 0x000000070dc00000|
| 221|0x000000070dd00000, 0x000000070dd00000, 0x000000070de00000|  0%| F|  |TS  0|AC  0|TAMS 0x000000070dd00000, 0x000000070dd00000|
| 222|0x000000070de00000, 0x000000070de00000, 0x000000070df00000|  0%| F|  |TS  0|AC  0|TAMS 0x000000070de00000, 0x000000070de00000|
| 223|0x000000070df00000, 0x000000070df00000, 0x000000070e000000|  0%| F|  |TS  0|AC  0|TAMS 0x000000070df00000, 0x000000070df00000|
| 224|0x000000070e000000, 0x000000070e000000, 0x000000070e100000|  0%| F|  |TS  0|AC  0|TAMS 0x000000070e000000, 0x000000070e000000|
| 225|0x000000070e100000, 0x000000070e100000, 0x000000070e200000|  0%| F|  |TS  0|AC  0|TAMS 0x000000070e100000, 0x000000070e100000|
| 226|0x000000070e200000, 0x000000070e200000, 0x000000070e300000|  0%| F|  |TS  0|AC  0|TAMS 0x000000070e200000, 0x000000070e200000|
| 227|0x000000070e300000, 0x000000070e300000, 0x000000070e400000|  0%| F|  |TS  0|AC  0|TAMS 0x000000070e300000, 0x000000070e300000|
| 228|0x000000070e400000, 0x000000070e400000, 0x000000070e500000|  0%| F|  |TS  0|AC  0|TAMS 0x000000070e400000, 0x000000070e400000|
| 229|0x000000070e500000, 0x000000070e500000, 0x000000070e600000|  0%| F|  |TS  0|AC  0|TAMS 0x000000070e500000, 0x000000070e500000|
| 230|0x000000070e600000, 0x000000070e600000, 0x000000070e700000|  0%| F|  |TS  0|AC  0|TAMS 0x000000070e600000, 0x000000070e600000|
| 231|0x000000070e700000, 0x000000070e700000, 0x000000070e800000|  0%| F|  |TS  0|AC  0|TAMS 0x000000070e700000, 0x000000070e700000|
| 232|0x000000070e800000, 0x000000070e800000, 0x000000070e900000|  0%| F|  |TS  0|AC  0|TAMS 0x000000070e800000, 0x000000070e800000|
| 233|0x000000070e900000, 0x000000070e900000, 0x000000070ea00000|  0%| F|  |TS  0|AC  0|TAMS 0x000000070e900000, 0x000000070e900000|
| 234|0x000000070ea00000, 0x000000070ea00000, 0x000000070eb00000|  0%| F|  |TS  0|AC  0|TAMS 0x000000070ea00000, 0x000000070ea00000|
| 235|0x000000070eb00000, 0x000000070eb00000, 0x000000070ec00000|  0%| F|  |TS  0|AC  0|TAMS 0x000000070eb00000, 0x000000070eb00000|
| 236|0x000000070ec00000, 0x000000070ec00000, 0x000000070ed00000|  0%| F|  |TS  0|AC  0|TAMS 0x000000070ec00000, 0x000000070ec00000|
| 237|0x000000070ed00000, 0x000000070ed00000, 0x000000070ee00000|  0%| F|  |TS  0|AC  0|TAMS 0x000000070ed00000, 0x000000070ed00000|
| 238|0x000000070ee00000, 0x000000070ee00000, 0x000000070ef00000|  0%| F|  |TS  0|AC  0|TAMS 0x000000070ee00000, 0x000000070ee00000|
| 239|0x000000070ef00000, 0x000000070ef00000, 0x000000070f000000|  0%| F|  |TS  0|AC  0|TAMS 0x000000070ef00000, 0x000000070ef00000|
| 240|0x000000070f000000, 0x000000070f000000, 0x000000070f100000|  0%| F|  |TS  0|AC  0|TAMS 0x000000070f000000, 0x000000070f000000|
| 241|0x000000070f100000, 0x000000070f100000, 0x000000070f200000|  0%| F|  |TS  0|AC  0|TAMS 0x000000070f100000, 0x000000070f100000|
| 242|0x000000070f200000, 0x000000070f200000, 0x000000070f300000|  0%| F|  |TS  0|AC  0|TAMS 0x000000070f200000, 0x000000070f200000|
| 243|0x000000070f300000, 0x000000070f300000, 0x000000070f400000|  0%| F|  |TS  0|AC  0|TAMS 0x000000070f300000, 0x000000070f300000|
| 244|0x000000070f400000, 0x000000070f400000, 0x000000070f500000|  0%| F|  |TS  0|AC  0|TAMS 0x000000070f400000, 0x000000070f400000|
| 245|0x000000070f500000, 0x000000070f500000, 0x000000070f600000|  0%| F|  |TS  0|AC  0|TAMS 0x000000070f500000, 0x000000070f500000|
| 246|0x000000070f600000, 0x000000070f600000, 0x000000070f700000|  0%| F|  |TS  0|AC  0|TAMS 0x000000070f600000, 0x000000070f600000|
| 247|0x000000070f700000, 0x000000070f700000, 0x000000070f800000|  0%| F|  |TS  0|AC  0|TAMS 0x000000070f700000, 0x000000070f700000|
| 248|0x000000070f800000, 0x000000070f800000, 0x000000070f900000|  0%| F|  |TS  0|AC  0|TAMS 0x000000070f800000, 0x000000070f800000|
| 249|0x000000070f900000, 0x000000070f900000, 0x000000070fa00000|  0%| F|  |TS  0|AC  0|TAMS 0x000000070f900000, 0x000000070f900000|
| 250|0x000000070fa00000, 0x000000070fa00000, 0x000000070fb00000|  0%| F|  |TS  0|AC  0|TAMS 0x000000070fa00000, 0x000000070fa00000|
| 251|0x000000070fb00000, 0x000000070fb00000, 0x000000070fc00000|  0%| F|  |TS  0|AC  0|TAMS 0x000000070fb00000, 0x000000070fb00000|
| 252|0x000000070fc00000, 0x000000070fc00000, 0x000000070fd00000|  0%| F|  |TS  0|AC  0|TAMS 0x000000070fc00000, 0x000000070fc00000|
| 253|0x000000070fd00000, 0x000000070fd00000, 0x000000070fe00000|  0%| F|  |TS  0|AC  0|TAMS 0x000000070fd00000, 0x000000070fd00000|
| 254|0x000000070fe00000, 0x000000070fe00000, 0x000000070ff00000|  0%| F|  |TS  0|AC  0|TAMS 0x000000070fe00000, 0x000000070fe00000|
| 255|0x000000070ff00000, 0x000000070ff00000, 0x0000000710000000|  0%| F|  |TS  0|AC  0|TAMS 0x000000070ff00000, 0x000000070ff00000|
| 256|0x0000000710000000, 0x0000000710000000, 0x0000000710100000|  0%| F|  |TS  0|AC  0|TAMS 0x0000000710000000, 0x0000000710000000|
| 257|0x0000000710100000, 0x0000000710100000, 0x0000000710200000|  0%| F|  |TS  0|AC  0|TAMS 0x0000000710100000, 0x0000000710100000|
| 258|0x0000000710200000, 0x0000000710200000, 0x0000000710300000|  0%| F|  |TS  0|AC  0|TAMS 0x0000000710200000, 0x0000000710200000|
| 259|0x0000000710300000, 0x0000000710300000, 0x0000000710400000|  0%| F|  |TS  0|AC  0|TAMS 0x0000000710300000, 0x0000000710300000|
| 260|0x0000000710400000, 0x0000000710400000, 0x0000000710500000|  0%| F|  |TS  0|AC  0|TAMS 0x0000000710400000, 0x0000000710400000|
| 261|0x0000000710500000, 0x0000000710500000, 0x0000000710600000|  0%| F|  |TS  0|AC  0|TAMS 0x0000000710500000, 0x0000000710500000|
| 262|0x0000000710600000, 0x00000007106a55f8, 0x0000000710700000| 64%| E|  |TS  0|AC  0|TAMS 0x0000000710600000, 0x0000000710600000|
| 263|0x0000000710700000, 0x0000000710800000, 0x0000000710800000|100%| E|CS|TS  0|AC  0|TAMS 0x0000000710700000, 0x0000000710700000|
| 264|0x0000000710800000, 0x0000000710900000, 0x0000000710900000|100%| E|CS|TS  0|AC  0|TAMS 0x0000000710800000, 0x0000000710800000|
| 265|0x0000000710900000, 0x0000000710a00000, 0x0000000710a00000|100%| E|CS|TS  0|AC  0|TAMS 0x0000000710900000, 0x0000000710900000|
| 266|0x0000000710a00000, 0x0000000710b00000, 0x0000000710b00000|100%| E|CS|TS  0|AC  0|TAMS 0x0000000710a00000, 0x0000000710a00000|
| 267|0x0000000710b00000, 0x0000000710c00000, 0x0000000710c00000|100%| E|CS|TS  0|AC  0|TAMS 0x0000000710b00000, 0x0000000710b00000|
| 268|0x0000000710c00000, 0x0000000710d00000, 0x0000000710d00000|100%| E|CS|TS  0|AC  0|TAMS 0x0000000710c00000, 0x0000000710c00000|
| 269|0x0000000710d00000, 0x0000000710e00000, 0x0000000710e00000|100%| E|CS|TS  0|AC  0|TAMS 0x0000000710d00000, 0x0000000710d00000|
| 270|0x0000000710e00000, 0x0000000710f00000, 0x0000000710f00000|100%| E|CS|TS  0|AC  0|TAMS 0x0000000710e00000, 0x0000000710e00000|
| 271|0x0000000710f00000, 0x0000000711000000, 0x0000000711000000|100%| E|CS|TS  0|AC  0|TAMS 0x0000000710f00000, 0x0000000710f00000|
| 272|0x0000000711000000, 0x0000000711100000, 0x0000000711100000|100%| E|CS|TS  0|AC  0|TAMS 0x0000000711000000, 0x0000000711000000|
| 273|0x0000000711100000, 0x0000000711200000, 0x0000000711200000|100%| E|CS|TS  0|AC  0|TAMS 0x0000000711100000, 0x0000000711100000|
| 274|0x0000000711200000, 0x0000000711300000, 0x0000000711300000|100%| E|CS|TS  0|AC  0|TAMS 0x0000000711200000, 0x0000000711200000|
| 275|0x0000000711300000, 0x0000000711400000, 0x0000000711400000|100%| E|CS|TS  0|AC  0|TAMS 0x0000000711300000, 0x0000000711300000|
| 276|0x0000000711400000, 0x0000000711500000, 0x0000000711500000|100%| E|CS|TS  0|AC  0|TAMS 0x0000000711400000, 0x0000000711400000|
| 277|0x0000000711500000, 0x0000000711600000, 0x0000000711600000|100%| E|CS|TS  0|AC  0|TAMS 0x0000000711500000, 0x0000000711500000|
| 278|0x0000000711600000, 0x0000000711700000, 0x0000000711700000|100%| E|CS|TS  0|AC  0|TAMS 0x0000000711600000, 0x0000000711600000|
| 279|0x0000000711700000, 0x0000000711800000, 0x0000000711800000|100%| E|CS|TS  0|AC  0|TAMS 0x0000000711700000, 0x0000000711700000|
| 280|0x0000000711800000, 0x0000000711900000, 0x0000000711900000|100%| E|CS|TS  0|AC  0|TAMS 0x0000000711800000, 0x0000000711800000|
| 281|0x0000000711900000, 0x0000000711a00000, 0x0000000711a00000|100%| E|CS|TS  0|AC  0|TAMS 0x0000000711900000, 0x0000000711900000|
| 282|0x0000000711a00000, 0x0000000711b00000, 0x0000000711b00000|100%| E|CS|TS  0|AC  0|TAMS 0x0000000711a00000, 0x0000000711a00000|
| 283|0x0000000711b00000, 0x0000000711c00000, 0x0000000711c00000|100%| E|CS|TS  0|AC  0|TAMS 0x0000000711b00000, 0x0000000711b00000|
| 284|0x0000000711c00000, 0x0000000711d00000, 0x0000000711d00000|100%| E|CS|TS  0|AC  0|TAMS 0x0000000711c00000, 0x0000000711c00000|
| 285|0x0000000711d00000, 0x0000000711e00000, 0x0000000711e00000|100%| E|CS|TS  0|AC  0|TAMS 0x0000000711d00000, 0x0000000711d00000|
| 286|0x0000000711e00000, 0x0000000711f00000, 0x0000000711f00000|100%| E|CS|TS  0|AC  0|TAMS 0x0000000711e00000, 0x0000000711e00000|
| 287|0x0000000711f00000, 0x0000000712000000, 0x0000000712000000|100%| E|CS|TS  0|AC  0|TAMS 0x0000000711f00000, 0x0000000711f00000|
| 288|0x0000000712000000, 0x0000000712100000, 0x0000000712100000|100%| E|CS|TS  0|AC  0|TAMS 0x0000000712000000, 0x0000000712000000|
| 289|0x0000000712100000, 0x0000000712200000, 0x0000000712200000|100%| E|CS|TS  0|AC  0|TAMS 0x0000000712100000, 0x0000000712100000|
| 290|0x0000000712200000, 0x0000000712300000, 0x0000000712300000|100%| E|CS|TS  0|AC  0|TAMS 0x0000000712200000, 0x0000000712200000|

Card table byte_map: [0x0000028df1db0000,0x0000028df23b0000] byte_map_base: 0x0000028dee5b0000

Marking Bits (Prev, Next): (CMBitMap*) 0x0000028def2fed40, (CMBitMap*) 0x0000028def2fed78
 Prev Bits: [0x0000028dfb730000, 0x0000028dfe730000)
 Next Bits: [0x0000028d8f000000, 0x0000028d92000000)

Polling page: 0x0000028de9720000

CodeHeap 'non-profiled nmethods': size=120000Kb used=24212Kb max_used=24212Kb free=95787Kb
 bounds [0x0000028d87ad0000, 0x0000028d89280000, 0x0000028d8f000000]
CodeHeap 'profiled nmethods': size=120000Kb used=43367Kb max_used=44486Kb free=76632Kb
 bounds [0x0000028d805a0000, 0x0000028d831f0000, 0x0000028d87ad0000]
CodeHeap 'non-nmethods': size=5760Kb used=1850Kb max_used=1906Kb free=3910Kb
 bounds [0x0000028d80000000, 0x0000028d80270000, 0x0000028d805a0000]
 total_blobs=36267 nmethods=18401 adapters=1217
 compilation: enabled

Compilation events (10 events):
Event: 1269.851 Thread 0x0000028df4173800 nmethod 24557 0x0000028d89273790 code [0x0000028d89273a40, 0x0000028d892753d0]
Event: 1270.878 Thread 0x0000028df43d8000 24558       4       javax.swing.text.StyleContext$NamedStyle::<init> (52 bytes)
Event: 1270.881 Thread 0x0000028df43d8000 nmethod 24558 0x0000028d89275e10 code [0x0000028d89275fc0, 0x0000028d892764a8]
Event: 1270.886 Thread 0x0000028df43d7800 24559   !   4       javax.swing.text.html.StyleSheet::getRule (388 bytes)
Event: 1270.886 Thread 0x0000028df4173800 24560       4       javax.swing.text.html.StyleSheet::createResolvedStyle (274 bytes)
Event: 1270.888 Thread 0x0000028df43d8000 24561       4       javax.swing.text.html.CSSBorder::getWidths (28 bytes)
Event: 1270.890 Thread 0x0000028df43d8000 nmethod 24561 0x0000028d89276610 code [0x0000028d892767c0, 0x0000028d89276a08]
Event: 1270.926 Thread 0x0000028df43da000 24562       3       sun.swing.SwingUtilities2::drawChars (414 bytes)
Event: 1270.929 Thread 0x0000028df43da000 nmethod 24562 0x0000028d827a8690 code [0x0000028d827a8d20, 0x0000028d827acfe0]
Event: 1270.938 Thread 0x0000028df43d8000 24563       4       ui.utils.C::actionPerformed (132 bytes)

GC Heap History (10 events):
Event: 1264.720 GC heap before
{Heap before GC invocations=762 (full 337):
 garbage-first heap   total 304128K, used 154810K [0x0000000700000000, 0x0000000700100948, 0x00000007c0000000)
  region size 1024K, 60 young (61440K), 2 survivors (2048K)
 Metaspace       used 88786K, capacity 95553K, committed 95740K, reserved 1132544K
  class space    used 12069K, capacity 13227K, committed 13308K, reserved 1048576K
}
Event: 1264.722 GC heap after
{Heap after GC invocations=763 (full 337):
 garbage-first heap   total 304128K, used 94178K [0x0000000700000000, 0x0000000700100948, 0x00000007c0000000)
  region size 1024K, 1 young (1024K), 1 survivors (1024K)
 Metaspace       used 88786K, capacity 95553K, committed 95740K, reserved 1132544K
  class space    used 12069K, capacity 13227K, committed 13308K, reserved 1048576K
}
Event: 1267.007 GC heap before
{Heap before GC invocations=763 (full 337):
 garbage-first heap   total 304128K, used 154594K [0x0000000700000000, 0x0000000700100948, 0x00000007c0000000)
  region size 1024K, 60 young (61440K), 1 survivors (1024K)
 Metaspace       used 89080K, capacity 95873K, committed 95996K, reserved 1132544K
  class space    used 12123K, capacity 13291K, committed 13308K, reserved 1048576K
}
Event: 1267.009 GC heap after
{Heap after GC invocations=764 (full 337):
 garbage-first heap   total 304128K, used 94666K [0x0000000700000000, 0x0000000700100948, 0x00000007c0000000)
  region size 1024K, 2 young (2048K), 2 survivors (2048K)
 Metaspace       used 89080K, capacity 95873K, committed 95996K, reserved 1132544K
  class space    used 12123K, capacity 13291K, committed 13308K, reserved 1048576K
}
Event: 1267.884 GC heap before
{Heap before GC invocations=764 (full 337):
 garbage-first heap   total 304128K, used 104906K [0x0000000700000000, 0x0000000700100948, 0x00000007c0000000)
  region size 1024K, 11 young (11264K), 2 survivors (2048K)
 Metaspace       used 89082K, capacity 95873K, committed 95996K, reserved 1132544K
  class space    used 12123K, capacity 13291K, committed 13308K, reserved 1048576K
}
Event: 1268.044 GC heap after
{Heap after GC invocations=765 (full 338):
 garbage-first heap   total 297984K, used 89280K [0x0000000700000000, 0x0000000700100918, 0x00000007c0000000)
  region size 1024K, 0 young (0K), 0 survivors (0K)
 Metaspace       used 89082K, capacity 95873K, committed 95996K, reserved 1132544K
  class space    used 12123K, capacity 13291K, committed 13308K, reserved 1048576K
}
Event: 1268.828 GC heap before
{Heap before GC invocations=765 (full 338):
 garbage-first heap   total 297984K, used 150720K [0x0000000700000000, 0x0000000700100918, 0x00000007c0000000)
  region size 1024K, 60 young (61440K), 0 survivors (0K)
 Metaspace       used 89084K, capacity 95873K, committed 95996K, reserved 1132544K
  class space    used 12123K, capacity 13291K, committed 13308K, reserved 1048576K
}
Event: 1268.830 GC heap after
{Heap after GC invocations=766 (full 338):
 garbage-first heap   total 297984K, used 89659K [0x0000000700000000, 0x0000000700100918, 0x00000007c0000000)
  region size 1024K, 1 young (1024K), 1 survivors (1024K)
 Metaspace       used 89084K, capacity 95873K, committed 95996K, reserved 1132544K
  class space    used 12123K, capacity 13291K, committed 13308K, reserved 1048576K
}
Event: 1268.916 GC heap before
{Heap before GC invocations=766 (full 338):
 garbage-first heap   total 297984K, used 115259K [0x0000000700000000, 0x0000000700100918, 0x00000007c0000000)
  region size 1024K, 21 young (21504K), 1 survivors (1024K)
 Metaspace       used 89084K, capacity 95873K, committed 95996K, reserved 1132544K
  class space    used 12123K, capacity 13291K, committed 13308K, reserved 1048576K
}
Event: 1269.069 GC heap after
{Heap after GC invocations=767 (full 339):
 garbage-first heap   total 297984K, used 90379K [0x0000000700000000, 0x0000000700100918, 0x00000007c0000000)
  region size 1024K, 0 young (0K), 0 survivors (0K)
 Metaspace       used 89084K, capacity 95873K, committed 95996K, reserved 1132544K
  class space    used 12123K, capacity 13291K, committed 13308K, reserved 1048576K
}

Deoptimization events (10 events):
Event: 1264.931 Thread 0x0000028dff428800 Uncommon trap: reason=unstable_if action=reinterpret pc=0x0000028d884083e4 method=javax.swing.text.html.CSSBorder.getBorderStyle(I)Ljavax/swing/text/html/CSS$Value; @ 21 c2
Event: 1264.931 Thread 0x0000028dff428800 Uncommon trap: reason=unstable_if action=reinterpret pc=0x0000028d884056b0 method=javax.swing.text.html.CSSBorder.getBorderWidth(I)I @ 23 c2
Event: 1264.932 Thread 0x0000028dff428800 Uncommon trap: reason=unstable_if action=reinterpret pc=0x0000028d87ebaaa0 method=javax.swing.text.html.CSSBorder.getBorderWidth(I)I @ 23 c2
Event: 1264.932 Thread 0x0000028dff428800 Uncommon trap: reason=unstable_if action=reinterpret pc=0x0000028d88e66228 method=sun.awt.image.ImageRepresentation.drawToBufImage(Ljava/awt/Graphics;Lsun/awt/image/ToolkitImage;IIIIIIIILjava/awt/Color;Ljava/awt/image/ImageObserver;)Z @ 4 c2
Event: 1264.943 Thread 0x0000028dff428800 Uncommon trap: reason=class_check action=maybe_recompile pc=0x0000028d8844d450 method=javax.swing.text.html.HTMLEditorKit$HTMLFactory$BodyBlockView.layoutMinorAxis(II[I[I)V @ 137 c2
Event: 1267.003 Thread 0x0000028dff428800 Uncommon trap: reason=bimorphic_or_optimized_type_check action=maybe_recompile pc=0x0000028d88499344 method=java.awt.dnd.DropTarget.removeNotify()V @ 12 c2
Event: 1267.003 Thread 0x0000028dff428800 Uncommon trap: reason=bimorphic_or_optimized_type_check action=maybe_recompile pc=0x0000028d88499344 method=java.awt.dnd.DropTarget.removeNotify()V @ 12 c2
Event: 1267.003 Thread 0x0000028dff428800 Uncommon trap: reason=bimorphic_or_optimized_type_check action=maybe_recompile pc=0x0000028d88499344 method=java.awt.dnd.DropTarget.removeNotify()V @ 12 c2
Event: 1267.003 Thread 0x0000028dff428800 Uncommon trap: reason=bimorphic_or_optimized_type_check action=maybe_recompile pc=0x0000028d88499344 method=java.awt.dnd.DropTarget.removeNotify()V @ 12 c2
Event: 1267.108 Thread 0x0000028dff428800 Uncommon trap: reason=unstable_if action=reinterpret pc=0x0000028d88f6a5d0 method=de.javasoft.synthetica.plain.GraphicsUtils.paintText(Ljavax/swing/plaf/synth/SynthContext;Ljava/awt/Graphics;Ljava/lang/String;III)V @ 151 c2

Classes redefined (0 events):
No events

Internal exceptions (10 events):
Event: 655.815 Thread 0x0000028dff428800 Implicit null exception at 0x0000028d88bdb3da to 0x0000028d88bdb9a5
Event: 659.531 Thread 0x0000028dff428800 Implicit null exception at 0x0000028d87d06aa7 to 0x0000028d87d07f19
Event: 659.531 Thread 0x0000028dff428800 Implicit null exception at 0x0000028d8835d984 to 0x0000028d8835eee1
Event: 1077.989 Thread 0x0000028dff428800 Exception <a 'java/io/FileNotFoundException'{0x00000007111fc330}> (0x00000007111fc330) thrown at [t:/workspace/hotspot/src/share/vm/prims/jni.cpp, line 604]
Event: 1078.104 Thread 0x0000028dff428800 Exception <a 'java/io/FileNotFoundException'{0x0000000710862598}> (0x0000000710862598) thrown at [t:/workspace/hotspot/src/share/vm/prims/jni.cpp, line 604]
Event: 1078.104 Thread 0x0000028dff428800 Exception <a 'java/io/FileNotFoundException'{0x0000000710863830}> (0x0000000710863830) thrown at [t:/workspace/hotspot/src/share/vm/prims/jni.cpp, line 604]
Event: 1111.453 Thread 0x0000028d97c74800 Exception <a 'java/lang/InterruptedException'{0x0000000711c05fe8}: sleep interrupted> (0x0000000711c05fe8) thrown at [t:/workspace/hotspot/src/share/vm/prims/jvm.cpp, line 2984]
Event: 1264.807 Thread 0x0000028dff428800 Implicit null exception at 0x0000028d8850dd78 to 0x0000028d8850e0dd
Event: 1264.816 Thread 0x0000028dff428800 Implicit null exception at 0x0000028d8898d7ff to 0x0000028d8898db49
Event: 1264.854 Thread 0x0000028dff428800 Implicit null exception at 0x0000028d88d00df3 to 0x0000028d88d02605

Events (10 events):
Event: 1269.823 Executing VM operation: RevokeBias done
Event: 1269.823 Executing VM operation: RevokeBias
Event: 1269.823 Executing VM operation: RevokeBias done
Event: 1269.867 Thread 0x0000028d97c72000 Thread added: 0x0000028d97c72000
Event: 1269.870 Thread 0x0000028d97c72000 Thread exited: 0x0000028d97c72000
Event: 1269.910 Thread 0x0000028d97c76000 Thread exited: 0x0000028d97c76000
Event: 1269.928 Thread 0x0000028d97c77000 Thread exited: 0x0000028d97c77000
Event: 1270.888 Thread 0x0000028dff428800 DEOPT PACKING pc=0x0000028d8077b75d sp=0x000000dd4fbf9ef0
Event: 1270.888 Thread 0x0000028dff428800 DEOPT UNPACKING pc=0x0000028d8004dd3f sp=0x000000dd4fbf93a0 mode 0
Event: 1270.938 Thread 0x0000028d97c72000 Thread added: 0x0000028d97c72000


Dynamic libraries:
0x00007ff7dce00000 - 0x00007ff7dce30000 	D:\Xilinx\Vivado\2019.1\bin\unwrapped\win64.o\vivado.exe
0x00007ffb81790000 - 0x00007ffb81985000 	C:\WINDOWS\SYSTEM32\ntdll.dll
0x00007ffb7fbd0000 - 0x00007ffb7fc8d000 	C:\WINDOWS\System32\KERNEL32.DLL
0x00007ffb7f1a0000 - 0x00007ffb7f468000 	C:\WINDOWS\System32\KERNELBASE.dll
0x00007ffb7efb0000 - 0x00007ffb7f0b0000 	C:\WINDOWS\System32\ucrtbase.dll
0x00007ffb53520000 - 0x00007ffb535ad000 	C:\WINDOWS\SYSTEM32\MSVCP140.dll
0x00007ffb53500000 - 0x00007ffb5351a000 	C:\WINDOWS\SYSTEM32\VCRUNTIME140.dll
0x00007ffb534f0000 - 0x00007ffb534fc000 	C:\WINDOWS\SYSTEM32\VCRUNTIME140_1.dll
0x00007ffb742e0000 - 0x00007ffb742f4000 	D:\Xilinx\Vivado\2019.1\lib\win64.o\librdi_commonmain.dll
0x00007ffb75c80000 - 0x00007ffb75c94000 	D:\Xilinx\Vivado\2019.1\lib\win64.o\libboost_signals.dll
0x00007ffb18dc0000 - 0x00007ffb19ca2000 	D:\Xilinx\Vivado\2019.1\lib\win64.o\librdi_common.dll
0x00007ffb800b0000 - 0x00007ffb80250000 	C:\WINDOWS\System32\USER32.dll
0x00007ffb7f470000 - 0x00007ffb7f492000 	C:\WINDOWS\System32\win32u.dll
0x00007ffb7fc90000 - 0x00007ffb7fcba000 	C:\WINDOWS\System32\GDI32.dll
0x00007ffb7f4a0000 - 0x00007ffb7f5ab000 	C:\WINDOWS\System32\gdi32full.dll
0x00007ffb7f0b0000 - 0x00007ffb7f14d000 	C:\WINDOWS\System32\msvcp_win.dll
0x00007ffb816a0000 - 0x00007ffb8174c000 	C:\WINDOWS\System32\ADVAPI32.dll
0x00007ffb813a0000 - 0x00007ffb8143e000 	C:\WINDOWS\System32\msvcrt.dll
0x00007ffb80990000 - 0x00007ffb80a2b000 	C:\WINDOWS\System32\sechost.dll
0x00007ffb7ff80000 - 0x00007ffb800ab000 	C:\WINDOWS\System32\RPCRT4.dll
0x00007ffb72a00000 - 0x00007ffb72a26000 	D:\Xilinx\Vivado\2019.1\lib\win64.o\libboost_filesystem.dll
0x00007ffb80250000 - 0x00007ffb8098f000 	C:\WINDOWS\System32\SHELL32.dll
0x00007ffb74770000 - 0x00007ffb7477a000 	D:\Xilinx\Vivado\2019.1\lib\win64.o\librdi_commonversion.dll
0x00000000661c0000 - 0x00000000662eb000 	D:\Xilinx\Vivado\2019.1\lib\win64.o\tcl85t.dll
0x00007ffb2f330000 - 0x00007ffb2f451000 	D:\Xilinx\Vivado\2019.1\lib\win64.o\librdi_commonxillic.dll
0x00007ffb80f90000 - 0x00007ffb80ffb000 	C:\WINDOWS\System32\WS2_32.dll
0x00007ffb5e6a0000 - 0x00007ffb5ea0e000 	D:\Xilinx\Vivado\2019.1\lib\win64.o\libCOIN-all.dll
0x00007ffb72a50000 - 0x00007ffb72a64000 	D:\Xilinx\Vivado\2019.1\lib\win64.o\libboost_date_time.dll
0x00007ffb697c0000 - 0x00007ffb6983f000 	D:\Xilinx\Vivado\2019.1\lib\win64.o\libboost_program_options.dll
0x00007ffb6be50000 - 0x00007ffb6bf64000 	D:\Xilinx\Vivado\2019.1\lib\win64.o\libboost_regex.dll
0x00007ffb775d0000 - 0x00007ffb775db000 	D:\Xilinx\Vivado\2019.1\lib\win64.o\libboost_system.dll
0x00007ffb6c6f0000 - 0x00007ffb6c711000 	D:\Xilinx\Vivado\2019.1\lib\win64.o\libboost_thread.dll
0x00007ffb76840000 - 0x00007ffb7684f000 	D:\Xilinx\Vivado\2019.1\lib\win64.o\libboost_xilinx.dll
0x00007ffb69730000 - 0x00007ffb697b2000 	D:\Xilinx\Vivado\2019.1\lib\win64.o\libhdlpsolve.dll
0x00007ffafdef0000 - 0x00007ffafea9f400 	D:\Xilinx\Vivado\2019.1\lib\win64.o\libisl_iostreams.dll
0x00007ffb64890000 - 0x00007ffb64935000 	D:\Xilinx\Vivado\2019.1\lib\win64.o\libhdxml.dll
0x00007ffb6c6c0000 - 0x00007ffb6c6ee000 	D:\Xilinx\Vivado\2019.1\lib\win64.o\libisl_sysinfo.dll
0x00007ffb6b290000 - 0x00007ffb6b2f5000 	D:\Xilinx\Vivado\2019.1\lib\win64.o\liblmx6.0.dll
0x00007ffb6c5c0000 - 0x00007ffb6c5da000 	D:\Xilinx\Vivado\2019.1\lib\win64.o\pthreadVC2.dll
0x00007ffb6bb40000 - 0x00007ffb6bb5c000 	D:\Xilinx\Vivado\2019.1\lib\win64.o\librdiconfig.dll
0x00007ffb6be20000 - 0x00007ffb6be41000 	D:\Xilinx\Vivado\2019.1\lib\win64.o\librdizlib.dll
0x0000000012000000 - 0x0000000012270000 	D:\Xilinx\Vivado\2019.1\lib\win64.o\xerces-c_3_1.dll
0x00007ffb5bab0000 - 0x00007ffb5bac8000 	C:\WINDOWS\SYSTEM32\NETAPI32.dll
0x00007ffb4fb60000 - 0x00007ffb5003d000 	C:\WINDOWS\SYSTEM32\WININET.dll
0x00007ffb765f0000 - 0x00007ffb766fb000 	C:\WINDOWS\SYSTEM32\WINHTTP.dll
0x00007ffb6a7b0000 - 0x00007ffb6a99c000 	C:\WINDOWS\SYSTEM32\urlmon.dll
0x00007ffb6bad0000 - 0x00007ffb6baf9000 	C:\WINDOWS\SYSTEM32\VCOMP140.DLL
0x00007ffb61de0000 - 0x00007ffb61de9000 	C:\WINDOWS\SYSTEM32\WSOCK32.dll
0x00007ffafd050000 - 0x00007ffafdee1000 	D:\Xilinx\Vivado\2019.1\lib\win64.o\gurobi65.dll
0x00007ffb2dd30000 - 0x00007ffb2e008000 	D:\Xilinx\Vivado\2019.1\lib\win64.o\libXil_lmgr11.dll
0x00007ffb810e0000 - 0x00007ffb811ba000 	C:\WINDOWS\System32\COMDLG32.dll
0x00007ffb7f800000 - 0x00007ffb7fb55000 	C:\WINDOWS\System32\combase.dll
0x00007ffb7fcc0000 - 0x00007ffb7fd6e000 	C:\WINDOWS\System32\shcore.dll
0x00007ffb81020000 - 0x00007ffb81075000 	C:\WINDOWS\System32\SHLWAPI.dll
0x00007ffb80a30000 - 0x00007ffb80afd000 	C:\WINDOWS\System32\OLEAUT32.dll
0x00007ffb811c0000 - 0x00007ffb812ea000 	C:\WINDOWS\System32\ole32.dll
0x00007ffb74260000 - 0x00007ffb7426d000 	D:\Xilinx\Vivado\2019.1\lib\win64.o\libboost_chrono.dll
0x00007ffb7f710000 - 0x00007ffb7f770000 	C:\WINDOWS\System32\WINTRUST.dll
0x00007ffb7f5b0000 - 0x00007ffb7f70f000 	C:\WINDOWS\System32\CRYPT32.dll
0x00007ffb6b9f0000 - 0x00007ffb6ba0b000 	D:\Xilinx\Vivado\2019.1\lib\win64.o\libboost_iostreams.dll
0x00007ffb6abf0000 - 0x00007ffb6aea0000 	C:\WINDOWS\SYSTEM32\iertutil.dll
0x00007ffb6a1c0000 - 0x00007ffb6a1e5000 	D:\Xilinx\Vivado\2019.1\lib\win64.o\libisl_iosutils.dll
0x00007ffb5c500000 - 0x00007ffb5c5b0000 	C:\WINDOWS\WinSxS\amd64_microsoft.windows.common-controls_6595b64144ccf1df_5.82.19041.844_none_423537bff6b9828c\COMCTL32.dll
0x00007ffb73570000 - 0x00007ffb7358d000 	C:\WINDOWS\SYSTEM32\dhcpcsvc.DLL
0x00007ffb7e460000 - 0x00007ffb7e46c000 	C:\WINDOWS\SYSTEM32\NETUTILS.DLL
0x00007ffb812f0000 - 0x00007ffb81320000 	C:\WINDOWS\System32\IMM32.DLL
0x00007ffb7eac0000 - 0x00007ffb7ead2000 	C:\WINDOWS\SYSTEM32\MSASN1.dll
0x00007ffb7d780000 - 0x00007ffb7d792000 	C:\WINDOWS\SYSTEM32\kernel.appcore.dll
0x00007ffb188a0000 - 0x00007ffb18db7000 	D:\Xilinx\Vivado\2019.1\lib\win64.o\librdi_commontasks.dll
0x00007ffb71d40000 - 0x00007ffb71d4a000 	C:\WINDOWS\SYSTEM32\VERSION.dll
0x00007ffb1c860000 - 0x00007ffb1cae6000 	D:\Xilinx\Vivado\2019.1\lib\win64.o\librdi_sio.dll
0x0000000065790000 - 0x00000000661b5000 	D:\Xilinx\Vivado\2019.1\tps\win64\jre9.0.4\bin\server\jvm.dll
0x00007ffb7e350000 - 0x00007ffb7e38b000 	C:\WINDOWS\SYSTEM32\IPHLPAPI.DLL
0x00007ffb7fbc0000 - 0x00007ffb7fbc8000 	C:\WINDOWS\System32\PSAPI.DLL
0x00007ffb5c870000 - 0x00007ffb5c897000 	C:\WINDOWS\SYSTEM32\WINMM.dll
0x00007ffb7e6b0000 - 0x00007ffb7e71a000 	C:\WINDOWS\SYSTEM32\MSWSOCK.DLL
0x00007ffb4f670000 - 0x00007ffb4f75f000 	C:\WINDOWS\SYSTEM32\MSVCR120.dll
0x00007ffb7cfe0000 - 0x00007ffb7d770000 	C:\WINDOWS\SYSTEM32\windows.storage.dll
0x00007ffb7e940000 - 0x00007ffb7e96c000 	C:\WINDOWS\SYSTEM32\Wldp.dll
0x00007ffaefef0000 - 0x00007ffaf23ac000 	D:\Xilinx\Vivado\2019.1\lib\win64.o\librdi_tcltasks.dll
0x00007ffb1ab30000 - 0x00007ffb1af38000 	D:\Xilinx\Vivado\2019.1\lib\win64.o\librdi_bitstream.dll
0x00007ffb696b0000 - 0x00007ffb69728000 	D:\Xilinx\Vivado\2019.1\lib\win64.o\librdi_boarddep.dll
0x00007ffb18700000 - 0x00007ffb18891000 	D:\Xilinx\Vivado\2019.1\lib\win64.o\librdi_board.dll
0x00007ffb5e5b0000 - 0x00007ffb5e69b000 	D:\Xilinx\Vivado\2019.1\lib\win64.o\librdi_chipscope.dll
0x00007ffae9880000 - 0x00007ffaeb26a000 	D:\Xilinx\Vivado\2019.1\lib\win64.o\librdi_constraints.dll
0x00007ffb266c0000 - 0x00007ffb26816000 	D:\Xilinx\Vivado\2019.1\lib\win64.o\librdi_containers.dll
0x00007ffadccc0000 - 0x00007ffadeb71000 	D:\Xilinx\Vivado\2019.1\lib\win64.o\librdi_coregen.dll
0x00007ffb161f0000 - 0x00007ffb163ad000 	D:\Xilinx\Vivado\2019.1\lib\win64.o\librdi_chipscopeimpl.dll
0x00007ffad8c70000 - 0x00007ffadccb3000 	D:\Xilinx\Vivado\2019.1\lib\win64.o\librdi_designutils.dll
0x00007ffb06010000 - 0x00007ffb066ea000 	D:\Xilinx\Vivado\2019.1\lib\win64.o\librdi_coregenipxact.dll
0x00007ffb08930000 - 0x00007ffb08c4e000 	D:\Xilinx\Vivado\2019.1\lib\win64.o\librdi_dlyest.dll
0x00007ffac6840000 - 0x00007ffad8c6c000 	D:\Xilinx\Vivado\2019.1\lib\win64.o\librdi_device.dll
0x00007ffb05280000 - 0x00007ffb0581a000 	D:\Xilinx\Vivado\2019.1\lib\win64.o\librdi_drc.dll
0x00007ffafc2c0000 - 0x00007ffafc90d000 	D:\Xilinx\Vivado\2019.1\lib\win64.o\librdi_filemgmt.dll
0x00007ffb2dc60000 - 0x00007ffb2dd24000 	D:\Xilinx\Vivado\2019.1\lib\win64.o\librdi_dsp.dll
0x00007ffb04110000 - 0x00007ffb043f3000 	D:\Xilinx\Vivado\2019.1\lib\win64.o\librdi_guitools.dll
0x00007ffac5280000 - 0x00007ffac6840000 	D:\Xilinx\Vivado\2019.1\lib\win64.o\librdi_implflow.dll
0x00007ffb417f0000 - 0x00007ffb41863000 	D:\Xilinx\Vivado\2019.1\lib\win64.o\librdi_memoryarray.dll
0x00007ffb64820000 - 0x00007ffb64885000 	D:\Xilinx\Vivado\2019.1\lib\win64.o\librdi_hdf.dll
0x00007ffafada0000 - 0x00007ffafb3b5000 	D:\Xilinx\Vivado\2019.1\lib\win64.o\librdi_memdata.dll
0x00007ffb647d0000 - 0x00007ffb6481b000 	D:\Xilinx\Vivado\2019.1\lib\win64.o\librdi_pfi.dll
0x00007ffac2420000 - 0x00007ffac5106000 	D:\Xilinx\Vivado\2019.1\lib\win64.o\librdi_mig.dll
0x00007ffaf5ea0000 - 0x00007ffaf6542000 	D:\Xilinx\Vivado\2019.1\lib\win64.o\librdi_netlist.dll
0x00007ffabe950000 - 0x00007ffac0fc6000 	D:\Xilinx\Vivado\2019.1\lib\win64.o\librdi_place.dll
0x00007ffae9130000 - 0x00007ffae987a000 	D:\Xilinx\Vivado\2019.1\lib\win64.o\librdi_power.dll
0x00007ffac1790000 - 0x00007ffac1e99000 	D:\Xilinx\Vivado\2019.1\lib\win64.o\librdi_psta.dll
0x00007ffac1ea0000 - 0x00007ffac241f000 	D:\Xilinx\Vivado\2019.1\lib\win64.o\librdi_project.dll
0x00007ffb029b0000 - 0x00007ffb02cbf000 	D:\Xilinx\Vivado\2019.1\lib\win64.o\librdi_platform.dll
0x00007ffabe240000 - 0x00007ffabe946000 	D:\Xilinx\Vivado\2019.1\lib\win64.o\librdi_rsb.dll
0x00007ffafcc50000 - 0x00007ffafd041000 	D:\Xilinx\Vivado\2019.1\lib\win64.o\librdi_runs.dll
0x00007ffb2b0e0000 - 0x00007ffb2b1da000 	D:\Xilinx\Vivado\2019.1\lib\win64.o\librdi_runsbase.dll
0x00007ffb14810000 - 0x00007ffb14a66000 	D:\Xilinx\Vivado\2019.1\lib\win64.o\librdi_simdata.dll
0x00007ffabd420000 - 0x00007ffabe231000 	D:\Xilinx\Vivado\2019.1\lib\win64.o\librdi_timing.dll
0x00007ffb16070000 - 0x00007ffb161e2000 	D:\Xilinx\Vivado\2019.1\lib\win64.o\librdi_advchipscopeimpl.dll
0x00007ffb62f40000 - 0x00007ffb62f8c000 	D:\Xilinx\Vivado\2019.1\lib\win64.o\libboost_serialization.dll
0x00007ffb13c00000 - 0x00007ffb13d9f000 	D:\Xilinx\Vivado\2019.1\lib\win64.o\librdi_hip_devdesign.dll
0x00007ffb1c790000 - 0x00007ffb1c852000 	D:\Xilinx\Vivado\2019.1\lib\win64.o\librdi_ipconfig_readwrite.dll
0x00007ffb62560000 - 0x00007ffb625a3000 	D:\Xilinx\Vivado\2019.1\lib\win64.o\librdi_noc_frameworks.dll
0x00007ffabc8d0000 - 0x00007ffabd417000 	D:\Xilinx\Vivado\2019.1\lib\win64.o\libverific.dll
0x00007ffaefb00000 - 0x00007ffaefee5000 	D:\Xilinx\Vivado\2019.1\lib\win64.o\librdi_hip_config.dll
0x00007ffac1240000 - 0x00007ffac178e000 	D:\Xilinx\Vivado\2019.1\lib\win64.o\librdi_xdm.dll
0x00007ffb1aa90000 - 0x00007ffb1ab2e000 	D:\Xilinx\Vivado\2019.1\lib\win64.o\libise.dll
0x00007ffb60260000 - 0x00007ffb602a0000 	D:\Xilinx\Vivado\2019.1\lib\win64.o\librdi_wavedata_SimpleApi.dll
0x00007ffabc2d0000 - 0x00007ffabc8cc000 	D:\Xilinx\Vivado\2019.1\lib\win64.o\librdi_wavedata.dll
0x00007ffab9170000 - 0x00007ffaba2fd000 	D:\Xilinx\Vivado\2019.1\lib\win64.o\librdi_route.dll
0x00007ffb47ad0000 - 0x00007ffb47b0f000 	D:\Xilinx\Vivado\2019.1\lib\win64.o\librdi_schedmon.dll
0x00007ffaba300000 - 0x00007ffabc2cd000 	D:\Xilinx\Vivado\2019.1\lib\win64.o\librdi_synth.dll
0x00007ffb01e70000 - 0x00007ffb020c9000 	D:\Xilinx\Vivado\2019.1\lib\win64.o\librdi_hsm.dll

VM Arguments:
jvm_args: -Dsun.java2d.pmoffscreen=false -Dsun.java2d.xrender=false -Dsun.java2d.d3d=false -Dsun.awt.nopixfmt=true -Dsun.java2d.dpiaware=true -Dsun.java2d.uiScale.enabled=false -Xverify:none -Dswing.aatext=true -XX:-UsePerfData -Djdk.map.althashing.threshold=512 -XX:StringTableSize=4072 --add-opens=java.base/java.nio=ALL-UNNAMED --add-opens=java.desktop/sun.swing=ALL-UNNAMED --add-opens=java.desktop/javax.swing=ALL-UNNAMED --add-opens=java.desktop/javax.swing.tree=ALL-UNNAMED --add-opens=java.desktop/javax.swing.plaf.basic=ALL-UNNAMED --add-opens=java.desktop/javax.swing.plaf.synth=ALL-UNNAMED --add-opens=java.desktop/com.sun.awt=ALL-UNNAMED -XX:NewSize=60m -XX:MaxNewSize=60m -Xms128m -Xmx3072m -Xss5m 
java_command: <unknown>
java_class_path (initial): D:/Xilinx/Vivado/2019.1\lib\classes\alloy.jar;D:/Xilinx/Vivado/2019.1\lib\classes\autopilot.scelaborator.jar;D:/Xilinx/Vivado/2019.1\lib\classes\autopilot.sourceprocessor.jar;D:/Xilinx/Vivado/2019.1\lib\classes\autopilot.tbprocessor.jar;D:/Xilinx/Vivado/2019.1\lib\classes\batik-anim.jar;D:/Xilinx/Vivado/2019.1\lib\classes\batik-awt-util.jar;D:/Xilinx/Vivado/2019.1\lib\classes\batik-bridge.jar;D:/Xilinx/Vivado/2019.1\lib\classes\batik-codec.jar;D:/Xilinx/Vivado/2019.1\lib\classes\batik-css.jar;D:/Xilinx/Vivado/2019.1\lib\classes\batik-dom.jar;D:/Xilinx/Vivado/2019.1\lib\classes\batik-ext.jar;D:/Xilinx/Vivado/2019.1\lib\classes\batik-gui-util.jar;D:/Xilinx/Vivado/2019.1\lib\classes\batik-gvt.jar;D:/Xilinx/Vivado/2019.1\lib\classes\batik-parser.jar;D:/Xilinx/Vivado/2019.1\lib\classes\batik-script.jar;D:/Xilinx/Vivado/2019.1\lib\classes\batik-svg-dom.jar;D:/Xilinx/Vivado/2019.1\lib\classes\batik-swing.jar;D:/Xilinx/Vivado/2019.1\lib\classes\batik-transcoder.jar;D:/Xilinx/Vivado/2019.1\lib\classes\batik-util.jar;D:/Xilinx/Vivado/2019.1\lib\classes\batik-xml.jar;D:/Xilinx/Vivado/2019.1\lib\classes\com.google.gson_2.7.0.v20170129-0911.jar;D:/Xilinx/Vivado/2019.1\lib\classes\com.google.guava_21.0.0.v20170206-1425.jar;D:/Xilinx/Vivado/2019.1\lib\classes\com.google.inject_3.0.0.v201605172100.jar;D:/Xilinx/Vivado/2019.1\lib\classes\com.ibm.icu_4.4.2.v20110208.jar;D:/Xilinx/Vivado/2019.1\lib\classes\com.sigasi.hdt.annotations.runtime_4.3.0.201903071210.jar;D:/Xilinx/Vivado/2019.1\lib\classes\com.sigasi.hdt.blockdiagram.model_4.3.0.201903071210.jar;D:/Xilinx/Vivado/2019.1\lib\classes\com.sigasi.hdt.connection_4.3.0.201903071210.jar;D:/Xilinx/Vivado/2019.1\lib\classes\com.sigasi.hdt.dependencies.model_4.3.0.201903071210.jar;D:/Xilinx/Vivado/2019.1\lib\classes\com.sigasi.hdt.epl_4.3.0.201903071210.jar;D:/Xilinx/Vivado/2019.1\lib\classes\com.sigasi.hdt.graphics.model_4.3.0.201903071210.jar;D:/Xilinx/Vivado/2019.1\lib\classes\com.sigasi.hdt.project_4.3.0
Launcher Type: generic

Logging:
Log output configuration:
#0: stdout all=warning uptime,level,tags
#1: stderr all=off uptime,level,tags

Environment Variables:
JAVA_HOME=C:\Program Files\Java\jdk1.8.0_251
CLASSPATH=C:\Program Files\Java\jdk1.8.0_251\lib;C:\Program Files\Java\jdk1.8.0_251\jre;C:\Program Files\Java\jdk1.8.0_251\jre\lib
PATH=D:/Xilinx/Vivado/2019.1/bin;D:/Xilinx/Vivado/2019.1/lib/win64.o;D:/Xilinx/Vivado/2019.1/tps/win64/jre9.0.4/bin/server;D:/Xilinx/Vivado/2019.1/tps/win64/jre9.0.4/bin;D:/Xilinx/Vivado/2019.1/ids_lite/ISE/bin/nt64;D:/Xilinx/Vivado/2019.1/ids_lite/ISE/lib/nt64;C:\Program Files (x86)\Common Files\Oracle\Java\javapath;C:\Program Files (x86)\Camera\DVP2\;C:\Program Files (x86)\Camera\DVP2 x64\;C:\Program Files (x86)\NetSarang\Xshell 6\;C:\Program Files\Java\jdk1.8.0_251\bin;C:\Program Files\NVIDIA GPU Computing Toolkit\CUDA\v10.2\bin;C:\Program Files\NVIDIA GPU Computing Toolkit\CUDA\v10.2\libnvvp;C:\Program Files\NVIDIA Corporation\Nsight Compute 2019.5.0\;C:\Program Files (x86)\NVIDIA Corporation\PhysX\Common;C:\Program Files\NVIDIA Corporation\NVIDIA NvDLISR;C:\Program Files\cuda\bin;C:\Program Files\cuda\include;C:\Program Files\cuda\lib\x64;C:\Program Files\Git\cmd;C:\Program Files (x86)\MinGW64\bin;C:\Windows\System32;D:\Program Files (x86)\Graphviz\bin;C:\Program Files\Maven\apache-maven-3.6.3\bin;C:\Program Files\Java\jdk1.8.0_251\jre;C:\Program Files\Java\jdk1.8.0_251\jre\lib;D:\Program Files (x86)\ffmpeg-4.3.1-win64-static\bin;C:\Program Files\Microsoft SQL Server\Client SDK\ODBC\110\Tools\Binn\;C:\Program Files (x86)\Microsoft SQL Server\120\Tools\Binn\;C:\Program Files\Microsoft SQL Server\120\Tools\Binn\;C:\Program Files\Microsoft SQL Server\120\DTS\Binn\;C:\Program Files (x86)\Windows Kits\8.1\Windows Performance Toolkit\;C:\Program Files (x86)\nodejs\;D:\Program Files\MATLAB\R2021a\runtime\win64;D:\Program Files\MATLAB\R2021a\bin;C:\WINDOWS;C:\WINDOWS\System32\Wbem;C:\WINDOWS\System32\WindowsPowerShell\v1.0\;C:\WINDOWS\System32\OpenSSH\;C:\Users\chenzhiyuan\AppData\Local\Programs\Python\Python38\Scripts\;C:\Users\chenzhiyuan\AppData\Local\Programs\Python\Python38\;C:\Users\chenzhiyuan\Anaconda3;C:\Program Files (x86)\Microsoft Visual Studio\Shared\Python37_64;C:\Users\chenzhiyuan\Anaconda3\Library\mingw-w64\bin;C:\Users\chenzhiyuan\Anaconda3\Library\bin;C:
USERNAME=chenzhiyuan
OS=Windows_NT
PROCESSOR_IDENTIFIER=Intel64 Family 6 Model 142 Stepping 12, GenuineIntel



---------------  S Y S T E M  ---------------

OS: Windows 10 , 64 bit Build 19041 (10.0.19041.1023)

CPU:total 8 (initial active 8) (4 cores per cpu, 2 threads per core) family 6 model 142 stepping 12, cmov, cx8, fxsr, mmx, sse, sse2, sse3, ssse3, sse4.1, sse4.2, popcnt, avx, avx2, aes, clmul, erms, 3dnowpref, lzcnt, ht, tsc, tscinvbit, bmi1, bmi2, adx, fma

Memory: 4k page, physical 16589036k(8260444k free), swap 19079404k(7097564k free)

vm_info: Java HotSpot(TM) 64-Bit Server VM (9.0.4+11) for windows-amd64 JRE (9.0.4+11), built on Dec 20 2017 02:18:54 by "mach5one" with MS VC++ 12.0 (VS2013)

END.
