#
# A fatal error has been detected by the Java Runtime Environment:
#
#  EXCEPTION_ACCESS_VIOLATION (0xc0000005) at pc=0x00007ffb00ec35b8, pid=1776, tid=5268
#
# JRE version: Java(TM) SE Runtime Environment (9.0+11) (build 9.0.4+11)
# Java VM: Java HotSpot(TM) 64-Bit Server VM (9.0.4+11, mixed mode, tiered, compressed oops, g1 gc, windows-amd64)
# Problematic frame:
# C  [librdi_wavedata.dll+0x4535b8]
#
# No core dump will be written. Minidumps are not enabled by default on client versions of Windows
#
# If you would like to submit a bug report, please visit:
#   http://bugreport.java.com/bugreport/crash.jsp
# The crash happened outside the Java Virtual Machine in native code.
# See problematic frame for where to report the bug.
#

---------------  S U M M A R Y ------------

Command Line: -Dsun.java2d.pmoffscreen=false -Dsun.java2d.xrender=false -Dsun.java2d.d3d=false -Dsun.awt.nopixfmt=true -Dsun.java2d.dpiaware=true -Dsun.java2d.uiScale.enabled=false -Xverify:none -Dswing.aatext=true -XX:-UsePerfData -Djdk.map.althashing.threshold=512 -XX:StringTableSize=4072 --add-opens=java.base/java.nio=ALL-UNNAMED --add-opens=java.desktop/sun.swing=ALL-UNNAMED --add-opens=java.desktop/javax.swing=ALL-UNNAMED --add-opens=java.desktop/javax.swing.tree=ALL-UNNAMED --add-opens=java.desktop/javax.swing.plaf.basic=ALL-UNNAMED --add-opens=java.desktop/javax.swing.plaf.synth=ALL-UNNAMED --add-opens=java.desktop/com.sun.awt=ALL-UNNAMED -XX:NewSize=60m -XX:MaxNewSize=60m -Xms128m -Xmx3072m -Xss5m 

Host: Intel(R) Core(TM) i7-10510U CPU @ 1.80GHz, 8 cores, 15G,  Windows 10 , 64 bit Build 19041 (10.0.19041.1023)
Time: Mon Jun 21 11:58:57 2021 ?D1¨²¡À¨º¡Á?¨º¡À?? elapsed time: 6910 seconds (0d 1h 55m 10s)

---------------  T H R E A D  ---------------

Current thread (0x0000020ba44e6000):  JavaThread "AWT-EventQueue-1" [_thread_in_native, id=5268, stack(0x0000001d0b600000,0x0000001d0bb00000)]

Stack: [0x0000001d0b600000,0x0000001d0bb00000],  sp=0x0000001d0baf4908,  free space=5074k
Native frames: (J=compiled Java code, j=interpreted, Vv=VM code, C=native code)
C  [librdi_wavedata.dll+0x4535b8]

Java frames: (J=compiled Java code, j=interpreted, Vv=VM code)
J 22345  ui.views.waveform.waveformi.WVExecutive_getNameDataSize(J)J (0 bytes) @ 0x0000020b9535df21 [0x0000020b9535dee0+0x0000000000000041]
J 22344 c1 ui.views.waveform.executive.a.gFI()Lui/views/waveform/executive/protobuf/WVNameValue$WVNameTreeMessage; (70 bytes) @ 0x0000020b8ebc6024 [0x0000020b8ebc5fa0+0x0000000000000084]
J 22527 c1 ui.views.waveform.f.a.gGn()Ljavax/swing/tree/TreeModel; (136 bytes) @ 0x0000020b8f170c54 [0x0000020b8f170b40+0x0000000000000114]
J 22338 c1 ui.views.waveform.f.a.cRi()V (54 bytes) @ 0x0000020b8e51b77c [0x0000020b8e51b700+0x000000000000007c]
J 21942 c1 ui.views.waveform.w.cRi()V (38 bytes) @ 0x0000020b90073ab4 [0x0000020b90073100+0x00000000000009b4]
J 21283 c1 ui.views.waveform.c.b.j(Lui/frmwork/b/i;)V (603 bytes) @ 0x0000020b8fec2d0c [0x0000020b8feb9b00+0x000000000000920c]
J 21282 c1 ui.views.waveform.w.a(Lui/frmwork/b/i;)V (17 bytes) @ 0x0000020b8ec85d14 [0x0000020b8ec85c40+0x00000000000000d4]
J 22732 c2 ui.frmwork.b.l.d(Lui/frmwork/b/i;)V (61 bytes) @ 0x0000020b95e42de4 [0x0000020b95e42bc0+0x0000000000000224]
J 21653 c2 ui.frmwork.HTclEventBroker.i(JZ)V (471 bytes) @ 0x0000020b95c342cc [0x0000020b95c32d40+0x000000000000158c]
J 22929 c2 ui.frmwork.HTclEventBroker.fireTclEvent(J)I (113 bytes) @ 0x0000020b95ee7510 [0x0000020b95ee68c0+0x0000000000000c50]
v  ~StubRoutines::call_stub
J 25868  ui.views.waveform.waveformi.WVExecutive_processModelEvent(JJ)V (0 bytes) @ 0x0000020b962e96a4 [0x0000020b962e9660+0x0000000000000044]
J 26255 c1 ui.views.waveform.c.b.eD(J)V (109 bytes) @ 0x0000020b8dbffb44 [0x0000020b8dbffa00+0x0000000000000144]
J 21283 c1 ui.views.waveform.c.b.j(Lui/frmwork/b/i;)V (603 bytes) @ 0x0000020b8fec3a44 [0x0000020b8feb9b00+0x0000000000009f44]
J 21282 c1 ui.views.waveform.w.a(Lui/frmwork/b/i;)V (17 bytes) @ 0x0000020b8ec85d14 [0x0000020b8ec85c40+0x00000000000000d4]
J 22732 c2 ui.frmwork.b.l.d(Lui/frmwork/b/i;)V (61 bytes) @ 0x0000020b95e42de4 [0x0000020b95e42bc0+0x0000000000000224]
J 21653 c2 ui.frmwork.HTclEventBroker.i(JZ)V (471 bytes) @ 0x0000020b95c342cc [0x0000020b95c32d40+0x000000000000158c]
J 22929 c2 ui.frmwork.HTclEventBroker.fireTclEvent(J)I (113 bytes) @ 0x0000020b95ee7510 [0x0000020b95ee68c0+0x0000000000000c50]
v  ~StubRoutines::call_stub
J 25868  ui.views.waveform.waveformi.WVExecutive_processModelEvent(JJ)V (0 bytes) @ 0x0000020b962e96a4 [0x0000020b962e9660+0x0000000000000044]
J 26255 c1 ui.views.waveform.c.b.eD(J)V (109 bytes) @ 0x0000020b8dbffb44 [0x0000020b8dbffa00+0x0000000000000144]
j  ui.views.waveform.c.e.actionPerformed(Ljava/awt/event/ActionEvent;)V+8
J 20653 c2 javax.swing.Timer.fireActionPerformed(Ljava/awt/event/ActionEvent;)V java.desktop@9.0.4 (46 bytes) @ 0x0000020b94a90958 [0x0000020b94a90840+0x0000000000000118]
J 20711 c2 javax.swing.Timer$DoPostEvent.run()V java.desktop@9.0.4 (82 bytes) @ 0x0000020b94b5dfec [0x0000020b94b5dce0+0x000000000000030c]
J 15523 c2 java.awt.EventQueue$3.run()Ljava/lang/Object; java.desktop@9.0.4 (5 bytes) @ 0x0000020b952b7404 [0x0000020b952b7300+0x0000000000000104]
v  ~StubRoutines::call_stub
J 3806  java.security.AccessController.doPrivileged(Ljava/security/PrivilegedAction;Ljava/security/AccessControlContext;)Ljava/lang/Object; java.base@9.0.4 (0 bytes) @ 0x0000020b94ae4746 [0x0000020b94ae46e0+0x0000000000000066]
J 13701 c2 ui.frmwork.b.d.dispatchEvent(Ljava/awt/AWTEvent;)V (34 bytes) @ 0x0000020b95462d24 [0x0000020b95462700+0x0000000000000624]
J 21498 c2 java.awt.EventDispatchThread.pumpOneEventForFilters(I)V java.desktop@9.0.4 (218 bytes) @ 0x0000020b9590831c [0x0000020b95908000+0x000000000000031c]
J 22815 c2 java.awt.EventDispatchThread.pumpEventsForFilter(ILjava/awt/Conditional;Ljava/awt/EventFilter;)V java.desktop@9.0.4 (47 bytes) @ 0x0000020b95ebd610 [0x0000020b95ebd460+0x00000000000001b0]
j  java.awt.EventDispatchThread.pumpEventsForFilter(Ljava/awt/Conditional;Ljava/awt/EventFilter;)V+4 java.desktop@9.0.4
j  java.awt.WaitDispatchSupport$2.run()V+59 java.desktop@9.0.4
j  java.awt.WaitDispatchSupport$4.run()Ljava/lang/Void;+4 java.desktop@9.0.4
j  java.awt.WaitDispatchSupport$4.run()Ljava/lang/Object;+1 java.desktop@9.0.4
v  ~StubRoutines::call_stub
J 1046  java.security.AccessController.doPrivileged(Ljava/security/PrivilegedAction;)Ljava/lang/Object; java.base@9.0.4 (0 bytes) @ 0x0000020b94938432 [0x0000020b949383e0+0x0000000000000052]
j  java.awt.WaitDispatchSupport.enter()Z+260 java.desktop@9.0.4
j  java.awt.Dialog.show()V+225 java.desktop@9.0.4
J 14067 c1 java.awt.Component.setVisible(Z)V java.desktop@9.0.4 (6 bytes) @ 0x0000020b8e1637cc [0x0000020b8e1635e0+0x00000000000001ec]
j  java.awt.Window.setVisible(Z)V+2 java.desktop@9.0.4
j  java.awt.Dialog.setVisible(Z)V+2 java.desktop@9.0.4
j  ui.b.c.g.setVisible(Z)V+2
j  ui.b.c.by.showDialog()V+64
j  ui.b.c.bF.actionPerformed(Ljava/awt/event/ActionEvent;)V+8
j  ui.b.c.by.cJI()V+396
j  ui.views.c.t.b.a.run()V+60
j  ui.frmwork.a.dWF()Z+66
j  ui.frmwork.V.dYl()V+42
j  ui.bk.actionPerformed(Ljava/awt/event/ActionEvent;)V+25
j  javax.swing.AbstractButton.fireActionPerformed(Ljava/awt/event/ActionEvent;)V+84 java.desktop@9.0.4
j  ui.utils.o.b.B.fireActionPerformed(Ljava/awt/event/ActionEvent;)V+7
j  javax.swing.AbstractButton$Handler.actionPerformed(Ljava/awt/event/ActionEvent;)V+5 java.desktop@9.0.4
j  javax.swing.DefaultButtonModel.fireActionPerformed(Ljava/awt/event/ActionEvent;)V+34 java.desktop@9.0.4
J 27051 c1 javax.swing.DefaultButtonModel.setPressed(Z)V java.desktop@9.0.4 (125 bytes) @ 0x0000020b8eda4944 [0x0000020b8eda3a80+0x0000000000000ec4]
j  javax.swing.plaf.basic.BasicButtonListener.mouseReleased(Ljava/awt/event/MouseEvent;)V+35 java.desktop@9.0.4
j  com.jidesoft.plaf.basic.BasicJideButtonListener.mouseReleased(Ljava/awt/event/MouseEvent;)V+61
J 20481 c1 java.awt.AWTEventMulticaster.mouseReleased(Ljava/awt/event/MouseEvent;)V java.desktop@9.0.4 (27 bytes) @ 0x0000020b8fd2760c [0x0000020b8fd27400+0x000000000000020c]
J 20481 c1 java.awt.AWTEventMulticaster.mouseReleased(Ljava/awt/event/MouseEvent;)V java.desktop@9.0.4 (27 bytes) @ 0x0000020b8fd2760c [0x0000020b8fd27400+0x000000000000020c]
J 20481 c1 java.awt.AWTEventMulticaster.mouseReleased(Ljava/awt/event/MouseEvent;)V java.desktop@9.0.4 (27 bytes) @ 0x0000020b8fd2760c [0x0000020b8fd27400+0x000000000000020c]
J 24937 c2 javax.swing.JComponent.processMouseEvent(Ljava/awt/event/MouseEvent;)V java.desktop@9.0.4 (27 bytes) @ 0x0000020b9536d364 [0x0000020b9536d220+0x0000000000000144]
J 24728 c2 java.awt.Container.processEvent(Ljava/awt/AWTEvent;)V java.desktop@9.0.4 (22 bytes) @ 0x0000020b94d930b8 [0x0000020b94d92fa0+0x0000000000000118]
J 24860 c2 java.awt.Component.dispatchEventImpl(Ljava/awt/AWTEvent;)V java.desktop@9.0.4 (739 bytes) @ 0x0000020b95fbbf44 [0x0000020b95fbb460+0x0000000000000ae4]
J 21561 c2 java.awt.Container.dispatchEventImpl(Ljava/awt/AWTEvent;)V java.desktop@9.0.4 (129 bytes) @ 0x0000020b95bff568 [0x0000020b95bff300+0x0000000000000268]
J 21416 c2 java.awt.LightweightDispatcher.retargetMouseEvent(Ljava/awt/Component;ILjava/awt/event/MouseEvent;)V java.desktop@9.0.4 (350 bytes) @ 0x0000020b9581e574 [0x0000020b9581dfa0+0x00000000000005d4]
J 19468 c2 java.awt.LightweightDispatcher.processMouseEvent(Ljava/awt/event/MouseEvent;)Z java.desktop@9.0.4 (265 bytes) @ 0x0000020b9599bdbc [0x0000020b9599b720+0x000000000000069c]
J 21561 c2 java.awt.Container.dispatchEventImpl(Ljava/awt/AWTEvent;)V java.desktop@9.0.4 (129 bytes) @ 0x0000020b95bff7b4 [0x0000020b95bff300+0x00000000000004b4]
J 17688 c2 java.awt.Window.dispatchEventImpl(Ljava/awt/AWTEvent;)V java.desktop@9.0.4 (23 bytes) @ 0x0000020b9583ea0c [0x0000020b9583e9c0+0x000000000000004c]
J 15523 c2 java.awt.EventQueue$3.run()Ljava/lang/Object; java.desktop@9.0.4 (5 bytes) @ 0x0000020b952b74bc [0x0000020b952b7300+0x00000000000001bc]
v  ~StubRoutines::call_stub
J 3806  java.security.AccessController.doPrivileged(Ljava/security/PrivilegedAction;Ljava/security/AccessControlContext;)Ljava/lang/Object; java.base@9.0.4 (0 bytes) @ 0x0000020b94ae4746 [0x0000020b94ae46e0+0x0000000000000066]
J 17385 c2 java.awt.EventQueue$4.run()Ljava/lang/Object; java.desktop@9.0.4 (5 bytes) @ 0x0000020b953279c0 [0x0000020b95327760+0x0000000000000260]
v  ~StubRoutines::call_stub
J 3806  java.security.AccessController.doPrivileged(Ljava/security/PrivilegedAction;Ljava/security/AccessControlContext;)Ljava/lang/Object; java.base@9.0.4 (0 bytes) @ 0x0000020b94ae4746 [0x0000020b94ae46e0+0x0000000000000066]
J 13701 c2 ui.frmwork.b.d.dispatchEvent(Ljava/awt/AWTEvent;)V (34 bytes) @ 0x0000020b95462b4c [0x0000020b95462700+0x000000000000044c]
J 21498 c2 java.awt.EventDispatchThread.pumpOneEventForFilters(I)V java.desktop@9.0.4 (218 bytes) @ 0x0000020b9590831c [0x0000020b95908000+0x000000000000031c]
J 22703% c2 java.awt.EventDispatchThread.pumpEventsForFilter(ILjava/awt/Conditional;Ljava/awt/EventFilter;)V java.desktop@9.0.4 (47 bytes) @ 0x0000020b95e3dbf8 [0x0000020b95e3dae0+0x0000000000000118]
j  java.awt.EventDispatchThread.pumpEventsForHierarchy(ILjava/awt/Conditional;Ljava/awt/Component;)V+11 java.desktop@9.0.4
j  java.awt.EventDispatchThread.pumpEvents(ILjava/awt/Conditional;)V+4 java.desktop@9.0.4
j  java.awt.EventDispatchThread.pumpEvents(Ljava/awt/Conditional;)V+3 java.desktop@9.0.4
j  java.awt.EventDispatchThread.run()V+9 java.desktop@9.0.4
v  ~StubRoutines::call_stub

siginfo: EXCEPTION_ACCESS_VIOLATION (0xc0000005), data execution prevention violation at address 0x00007ffb00ec35b8


Register to memory mapping:

RIP=0x00007ffb00ec35b8 librdi_wavedata.dll
RAX=0x0000020bb58a5350 is an unknown value
RBX=0x0000020bb58a5350 is an unknown value
RCX=0x0000020bb58a5350 is an unknown value
RDX=0x00007ffb00e685f0 librdi_wavedata.dll
RSP=0x0000001d0baf4908 is pointing into the stack for thread: 0x0000020ba44e6000
RBP=0x0000001d0baf4989 is pointing into the stack for thread: 0x0000020ba44e6000
RSI=0x00007ffb00e625c8 librdi_wavedata.dll
RDI=0x0000001d0baf4a38 is pointing into the stack for thread: 0x0000020ba44e6000
R8 =0x0000000000000006 is an unknown value
R9 =0x0000000000000000 is an unknown value
R10=0x00007ffb00a70000 librdi_wavedata.dll
R11=0x0000001d0baf48e0 is pointing into the stack for thread: 0x0000020ba44e6000
R12=0x0000000000000000 is an unknown value
R13=0x0000001d0baf4b50 is pointing into the stack for thread: 0x0000020ba44e6000
R14=0x0000020bb057a660 is an unknown value
R15=0x0000000000000000 is an unknown value


Registers:
RAX=0x0000020bb58a5350, RBX=0x0000020bb58a5350, RCX=0x0000020bb58a5350, RDX=0x00007ffb00e685f0
RSP=0x0000001d0baf4908, RBP=0x0000001d0baf4989, RSI=0x00007ffb00e625c8, RDI=0x0000001d0baf4a38
R8 =0x0000000000000006, R9 =0x0000000000000000, R10=0x00007ffb00a70000, R11=0x0000001d0baf48e0
R12=0x0000000000000000, R13=0x0000001d0baf4b50, R14=0x0000020bb057a660, R15=0x0000000000000000
RIP=0x00007ffb00ec35b8, EFLAGS=0x0000000000010206

Top of Stack: (sp=0x0000001d0baf4908)
0x0000001d0baf4908:   00007ffb00cdf51e 0000001d0baf4d60
0x0000001d0baf4918:   0000020bb057a680 00007ffb00e625c8
0x0000001d0baf4928:   0000001d0baf4a38 ffffffff00000000
0x0000001d0baf4938:   00007ffb7efbfde6 0000000000000000
0x0000001d0baf4948:   fffffffffffffffe 0000020ba4188600
0x0000001d0baf4958:   00000000000003c8 0000000000000000
0x0000001d0baf4968:   000000000000000f 0000020ba75a1800
0x0000001d0baf4978:   00007ffb817b47b1 0000000000000000
0x0000001d0baf4988:   000000000000000f 61007375422d7677
0x0000001d0baf4998:   0000000000000072 0000000000000006
0x0000001d0baf49a8:   000000000000000f 00008e56017dd4ee
0x0000001d0baf49b8:   00007ffb7efbf05b 0000020ba4188650
0x0000001d0baf49c8:   00000000000003c8 0000000000000000
0x0000001d0baf49d8:   0000001d0baf4d60 0000000000000000
0x0000001d0baf49e8:   00007ffb00cdeb00 0000001d0baf4d60
0x0000001d0baf49f8:   00007ffb00000000 0000001d0baf4d60 

Instructions: (pc=0x00007ffb00ec35b8)
0x00007ffb00ec3598:   00 00 00 00 ff ff ff ff 00 00 00 00 40 00 00 00
0x00007ffb00ec35a8:   58 35 45 00 00 00 00 00 00 00 00 00 00 00 00 00
0x00007ffb00ec35b8:   01 00 00 00 00 00 00 00 00 00 00 00 60 88 58 00
0x00007ffb00ec35c8:   e0 35 45 00 b8 35 45 00 00 00 00 00 00 00 00 00 



---------------  P R O C E S S  ---------------

Java Threads: ( => current thread )
  0x0000020bac7fd800 JavaThread "Relaunch Simulation" [_thread_blocked, id=5004, stack(0x0000001d10100000,0x0000001d10600000)]
  0x0000020bac800000 JavaThread "SwingWorker-pool-2-thread-1" daemon [_thread_blocked, id=21988, stack(0x0000001d10600000,0x0000001d10b00000)]
  0x0000020bac807000 JavaThread "Monitor File Timestamp Swing Worker" [_thread_blocked, id=30232, stack(0x0000001d0fc00000,0x0000001d10100000)]
  0x0000020bac7ff000 JavaThread "Timer-0" [_thread_blocked, id=16580, stack(0x0000001d0f000000,0x0000001d0f500000)]
  0x0000020bac808800 JavaThread "SyntheticaAnimation 50" daemon [_thread_blocked, id=12772, stack(0x0000001d0e600000,0x0000001d0eb00000)]
  0x0000020bac7fd000 JavaThread "Update Runs Swing Worker" [_thread_blocked, id=19112, stack(0x0000001d0a700000,0x0000001d0ac00000)]
  0x0000020bac7fc000 JavaThread "Swing-Shell" daemon [_thread_blocked, id=18508, stack(0x0000001d0f700000,0x0000001d0fc00000)]
  0x0000020bac7fe800 JavaThread "SyntheticaAnimation 50" daemon [_thread_blocked, id=30100, stack(0x0000001d0eb00000,0x0000001d0f000000)]
  0x0000020bac803000 JavaThread "hw_ila_monitor" [_thread_blocked, id=1396, stack(0x0000001d0e100000,0x0000001d0e600000)]
  0x0000020b85836000 JavaThread "Refresh Filesets Swing Worker" [_thread_blocked, id=29096, stack(0x0000001d0dc00000,0x0000001d0e100000)]
  0x0000020b85838800 JavaThread "SyntheticaAnimation 70" daemon [_thread_blocked, id=18656, stack(0x0000001d0d700000,0x0000001d0dc00000)]
  0x0000020b85837000 JavaThread "SyntheticaAnimation 25" daemon [_thread_blocked, id=30548, stack(0x0000001d0d200000,0x0000001d0d700000)]
  0x0000020b85835800 JavaThread "SyntheticaAnimation 50" daemon [_thread_blocked, id=19928, stack(0x0000001d0cd00000,0x0000001d0d200000)]
  0x0000020b8583b800 JavaThread "Monitor HEventQueue" [_thread_blocked, id=21580, stack(0x0000001d0c800000,0x0000001d0cd00000)]
  0x0000020b8583a800 JavaThread "SyntheticaCleanerThread" daemon [_thread_blocked, id=21276, stack(0x0000001d0c000000,0x0000001d0c500000)]
  0x0000020b8583c000 JavaThread "Batik CleanerThread" daemon [_thread_blocked, id=4768, stack(0x0000001d0ac00000,0x0000001d0b100000)]
=>0x0000020ba44e6000 JavaThread "AWT-EventQueue-1" [_thread_in_native, id=5268, stack(0x0000001d0b600000,0x0000001d0bb00000)]
  0x0000020ba4414800 JavaThread "Process Messages" [_thread_blocked, id=22760, stack(0x0000001d0b100000,0x0000001d0b600000)]
  0x0000020ba5b8c800 JavaThread "Thread-1" [_thread_in_native, id=8964, stack(0x0000001d03f00000,0x0000001d05300000)]
  0x0000020ba44d7000 JavaThread "TimerQueue" daemon [_thread_blocked, id=30376, stack(0x0000001d0a200000,0x0000001d0a700000)]
  0x0000020b83086800 JavaThread "AWT-Windows" daemon [_thread_in_native, id=16100, stack(0x0000001d09d00000,0x0000001d0a200000)]
  0x0000020ba428d800 JavaThread "AWT-Shutdown" [_thread_blocked, id=30236, stack(0x0000001d09800000,0x0000001d09d00000)]
  0x0000020ba3ff0800 JavaThread "Java2D Disposer" daemon [_thread_blocked, id=30172, stack(0x0000001d09300000,0x0000001d09800000)]
  0x0000020b82ec2800 JavaThread "Service Thread" daemon [_thread_blocked, id=16388, stack(0x0000001d08d00000,0x0000001d09200000)]
  0x0000020b856fd000 JavaThread "Common-Cleaner" daemon [_thread_blocked, id=20996, stack(0x0000001d08800000,0x0000001d08d00000)]
  0x0000020b85839000 JavaThread "Sweeper thread" daemon [_thread_blocked, id=3728, stack(0x0000001d08300000,0x0000001d08800000)]
  0x0000020b856fa800 JavaThread "C1 CompilerThread3" daemon [_thread_blocked, id=2260, stack(0x0000001d08200000,0x0000001d08300000)]
  0x0000020b856fa000 JavaThread "C2 CompilerThread2" daemon [_thread_blocked, id=17184, stack(0x0000001d08100000,0x0000001d08200000)]
  0x0000020b85a41800 JavaThread "C2 CompilerThread1" daemon [_thread_blocked, id=25736, stack(0x0000001d08000000,0x0000001d08100000)]
  0x0000020b85a40800 JavaThread "C2 CompilerThread0" daemon [_thread_blocked, id=7172, stack(0x0000001d07f00000,0x0000001d08000000)]
  0x0000020b85a40000 JavaThread "Attach Listener" daemon [_thread_blocked, id=12492, stack(0x0000001d07a00000,0x0000001d07f00000)]
  0x0000020bfa9bb800 JavaThread "Signal Dispatcher" daemon [_thread_blocked, id=5796, stack(0x0000001d07500000,0x0000001d07a00000)]
  0x0000020b85a3d000 JavaThread "Finalizer" daemon [_thread_blocked, id=24864, stack(0x0000001d07000000,0x0000001d07500000)]
  0x0000020b862be000 JavaThread "Reference Handler" daemon [_thread_blocked, id=16364, stack(0x0000001d06b00000,0x0000001d07000000)]
  0x0000020b85d67000 JavaThread "main" [_thread_blocked, id=10632, stack(0x0000001d03e00000,0x0000001d03f00000)]

Other Threads:
  0x0000020b82ad1000 VMThread "VM Thread" [stack: 0x0000001d06a00000,0x0000001d06b00000] [id=1560]
  0x0000020b82e07800 WatcherThread [stack: 0x0000001d09200000,0x0000001d09300000] [id=28944]
  0x0000020bfef4a800 GCTaskThread "GC Thread#0" [stack: 0x0000001d05600000,0x0000001d05700000] [id=4168]
  0x0000020b8561f800 GCTaskThread "GC Thread#1" [stack: 0x0000001d05700000,0x0000001d05800000] [id=22428]
  0x0000020b85622800 GCTaskThread "GC Thread#2" [stack: 0x0000001d05800000,0x0000001d05900000] [id=27908]
  0x0000020b85622000 GCTaskThread "GC Thread#3" [stack: 0x0000001d05900000,0x0000001d05a00000] [id=9160]
  0x0000020b85624000 GCTaskThread "GC Thread#4" [stack: 0x0000001d05a00000,0x0000001d05b00000] [id=17336]
  0x0000020b85625000 GCTaskThread "GC Thread#5" [stack: 0x0000001d05b00000,0x0000001d05c00000] [id=23040]
  0x0000020b85621800 GCTaskThread "GC Thread#6" [stack: 0x0000001d05c00000,0x0000001d05d00000] [id=28036]
  0x0000020b85623800 GCTaskThread "GC Thread#7" [stack: 0x0000001d05d00000,0x0000001d05e00000] [id=7164]
  0x0000020b85c7b800 ConcurrentGCThread "G1 Main Marker" [stack: 0x0000001d06700000,0x0000001d06800000] [id=13180]
  0x0000020b85624800 ConcurrentGCThread "G1 Marker#0" [stack: 0x0000001d06800000,0x0000001d06900000] [id=24368]
  0x0000020b8561f000 ConcurrentGCThread "G1 Marker#1" [stack: 0x0000001d06900000,0x0000001d06a00000] [id=28816]
  0x0000020b85b14000 ConcurrentGCThread "G1 Refine#0" [stack: 0x0000001d06500000,0x0000001d06600000] [id=28716]
  0x0000020b85b13800 ConcurrentGCThread "G1 Refine#1" [stack: 0x0000001d06400000,0x0000001d06500000] [id=17600]
  0x0000020b85b12800 ConcurrentGCThread "G1 Refine#2" [stack: 0x0000001d06300000,0x0000001d06400000] [id=29748]
  0x0000020b85d3e800 ConcurrentGCThread "G1 Refine#3" [stack: 0x0000001d06200000,0x0000001d06300000] [id=22604]
  0x0000020b85d3d800 ConcurrentGCThread "G1 Refine#4" [stack: 0x0000001d06100000,0x0000001d06200000] [id=3060]
  0x0000020b85d3c000 ConcurrentGCThread "G1 Refine#5" [stack: 0x0000001d06000000,0x0000001d06100000] [id=13888]
  0x0000020b85d39800 ConcurrentGCThread "G1 Refine#6" [stack: 0x0000001d05f00000,0x0000001d06000000] [id=5156]
  0x0000020b85d39000 ConcurrentGCThread "G1 Refine#7" [stack: 0x0000001d05e00000,0x0000001d05f00000] [id=30300]
  0x0000020b856ac800 ConcurrentGCThread "G1 Young RemSet Sampling" [stack: 0x0000001d06600000,0x0000001d06700000] [id=6388]

Threads with active compile tasks:

VM state:not at safepoint (normal execution)

VM Mutex/Monitor currently owned by a thread: None

Heap address: 0x0000000700000000, size: 3072 MB, Compressed Oops mode: Zero based, Oop shift amount: 3
Narrow klass base: 0x0000000000000000, Narrow klass shift: 3
Compressed class space size: 1073741824 Address: 0x00000007c0000000

Heap:
 garbage-first heap   total 352256K, used 161827K [0x0000000700000000, 0x0000000700100ac0, 0x00000007c0000000)
  region size 1024K, 56 young (57344K), 1 survivors (1024K)
 Metaspace       used 89345K, capacity 91265K, committed 99760K, reserved 1134592K
  class space    used 11783K, capacity 12183K, committed 14000K, reserved 1048576K
Heap Regions: E=young(eden), S=young(survivor), O=old, HS=humongous(starts), HC=humongous(continues), CS=collection set, F=free, A=archive, TS=gc time stamp, AC=allocation context, TAMS=top-at-mark-start (previous, next)
|   0|0x0000000700000000, 0x00000007000fe628, 0x0000000700100000| 99%| O|  |TS  0|AC  0|TAMS 0x0000000700000000, 0x0000000700000000|
|   1|0x0000000700100000, 0x0000000700200000, 0x0000000700200000|100%|HS|  |TS  0|AC  0|TAMS 0x0000000700100000, 0x0000000700100000|
|   2|0x0000000700200000, 0x0000000700300000, 0x0000000700300000|100%|HC|  |TS  0|AC  0|TAMS 0x0000000700200000, 0x0000000700200000|
|   3|0x0000000700300000, 0x0000000700400000, 0x0000000700400000|100%|HS|  |TS  0|AC  0|TAMS 0x0000000700300000, 0x0000000700300000|
|   4|0x0000000700400000, 0x00000007004f7548, 0x0000000700500000| 96%| O|  |TS  0|AC  0|TAMS 0x0000000700400000, 0x0000000700400000|
|   5|0x0000000700500000, 0x00000007005fdff8, 0x0000000700600000| 99%| O|  |TS  0|AC  0|TAMS 0x0000000700500000, 0x0000000700500000|
|   6|0x0000000700600000, 0x0000000700700000, 0x0000000700700000|100%| O|  |TS  0|AC  0|TAMS 0x0000000700600000, 0x0000000700600000|
|   7|0x0000000700700000, 0x0000000700800000, 0x0000000700800000|100%| O|  |TS  0|AC  0|TAMS 0x0000000700700000, 0x0000000700700000|
|   8|0x0000000700800000, 0x00000007008ffff8, 0x0000000700900000| 99%| O|  |TS  0|AC  0|TAMS 0x0000000700800000, 0x0000000700800000|
|   9|0x0000000700900000, 0x00000007009ffff8, 0x0000000700a00000| 99%| O|  |TS  0|AC  0|TAMS 0x0000000700900000, 0x0000000700900000|
|  10|0x0000000700a00000, 0x0000000700affe78, 0x0000000700b00000| 99%| O|  |TS  0|AC  0|TAMS 0x0000000700a00000, 0x0000000700a00000|
|  11|0x0000000700b00000, 0x0000000700bf8e28, 0x0000000700c00000| 97%| O|  |TS  0|AC  0|TAMS 0x0000000700b00000, 0x0000000700b00000|
|  12|0x0000000700c00000, 0x0000000700cfe818, 0x0000000700d00000| 99%| O|  |TS  0|AC  0|TAMS 0x0000000700c00000, 0x0000000700c00000|
|  13|0x0000000700d00000, 0x0000000700dcc6c8, 0x0000000700e00000| 79%| O|  |TS  0|AC  0|TAMS 0x0000000700d00000, 0x0000000700d00000|
|  14|0x0000000700e00000, 0x0000000700ef6838, 0x0000000700f00000| 96%| O|  |TS  0|AC  0|TAMS 0x0000000700e00000, 0x0000000700e00000|
|  15|0x0000000700f00000, 0x0000000700ffffe8, 0x0000000701000000| 99%| O|  |TS  0|AC  0|TAMS 0x0000000700f00000, 0x0000000700f00000|
|  16|0x0000000701000000, 0x00000007010fffe0, 0x0000000701100000| 99%| O|  |TS  0|AC  0|TAMS 0x0000000701000000, 0x0000000701000000|
|  17|0x0000000701100000, 0x00000007011fbb58, 0x0000000701200000| 98%| O|  |TS  0|AC  0|TAMS 0x0000000701100000, 0x0000000701100000|
|  18|0x0000000701200000, 0x00000007012ffff8, 0x0000000701300000| 99%| O|  |TS  0|AC  0|TAMS 0x0000000701200000, 0x0000000701200000|
|  19|0x0000000701300000, 0x00000007013ffff8, 0x0000000701400000| 99%| O|  |TS  0|AC  0|TAMS 0x0000000701300000, 0x0000000701300000|
|  20|0x0000000701400000, 0x0000000701500000, 0x0000000701500000|100%|HS|  |TS  0|AC  0|TAMS 0x0000000701400000, 0x0000000701400000|
|  21|0x0000000701500000, 0x0000000701600000, 0x0000000701600000|100%|HC|  |TS  0|AC  0|TAMS 0x0000000701500000, 0x0000000701500000|
|  22|0x0000000701600000, 0x00000007016ffff8, 0x0000000701700000| 99%| O|  |TS  0|AC  0|TAMS 0x0000000701600000, 0x0000000701600000|
|  23|0x0000000701700000, 0x0000000701800000, 0x0000000701800000|100%| O|  |TS  0|AC  0|TAMS 0x0000000701700000, 0x0000000701700000|
|  24|0x0000000701800000, 0x00000007018ffff0, 0x0000000701900000| 99%| O|  |TS  0|AC  0|TAMS 0x0000000701800000, 0x0000000701800000|
|  25|0x0000000701900000, 0x00000007019fffd0, 0x0000000701a00000| 99%| O|  |TS  0|AC  0|TAMS 0x0000000701900000, 0x0000000701900000|
|  26|0x0000000701a00000, 0x0000000701affe50, 0x0000000701b00000| 99%| O|  |TS  0|AC  0|TAMS 0x0000000701a00000, 0x0000000701a00000|
|  27|0x0000000701b00000, 0x0000000701bfffc0, 0x0000000701c00000| 99%| O|  |TS  0|AC  0|TAMS 0x0000000701b00000, 0x0000000701b00000|
|  28|0x0000000701c00000, 0x0000000701cffe58, 0x0000000701d00000| 99%| O|  |TS  0|AC  0|TAMS 0x0000000701c00000, 0x0000000701c00000|
|  29|0x0000000701d00000, 0x0000000701dfffe8, 0x0000000701e00000| 99%| O|  |TS  0|AC  0|TAMS 0x0000000701d00000, 0x0000000701d00000|
|  30|0x0000000701e00000, 0x0000000701f00000, 0x0000000701f00000|100%| O|  |TS  0|AC  0|TAMS 0x0000000701e00000, 0x0000000701e00000|
|  31|0x0000000701f00000, 0x0000000701fffe70, 0x0000000702000000| 99%| O|  |TS  0|AC  0|TAMS 0x0000000701f00000, 0x0000000701f00000|
|  32|0x0000000702000000, 0x00000007020fffe0, 0x0000000702100000| 99%| O|  |TS  0|AC  0|TAMS 0x0000000702000000, 0x0000000702000000|
|  33|0x0000000702100000, 0x00000007021fff88, 0x0000000702200000| 99%| O|  |TS  0|AC  0|TAMS 0x0000000702100000, 0x0000000702100000|
|  34|0x0000000702200000, 0x00000007022ffeb0, 0x0000000702300000| 99%| O|  |TS  0|AC  0|TAMS 0x0000000702200000, 0x0000000702200000|
|  35|0x0000000702300000, 0x0000000702400000, 0x0000000702400000|100%| O|  |TS  0|AC  0|TAMS 0x0000000702300000, 0x0000000702300000|
|  36|0x0000000702400000, 0x0000000702500000, 0x0000000702500000|100%| O|  |TS  0|AC  0|TAMS 0x0000000702400000, 0x0000000702400000|
|  37|0x0000000702500000, 0x00000007025ffff8, 0x0000000702600000| 99%| O|  |TS  0|AC  0|TAMS 0x0000000702500000, 0x0000000702500000|
|  38|0x0000000702600000, 0x0000000702700000, 0x0000000702700000|100%| O|  |TS  0|AC  0|TAMS 0x0000000702600000, 0x0000000702600000|
|  39|0x0000000702700000, 0x0000000702800000, 0x0000000702800000|100%| O|  |TS  0|AC  0|TAMS 0x0000000702700000, 0x0000000702700000|
|  40|0x0000000702800000, 0x0000000702900000, 0x0000000702900000|100%| O|  |TS  0|AC  0|TAMS 0x0000000702800000, 0x0000000702800000|
|  41|0x0000000702900000, 0x00000007029fd4d0, 0x0000000702a00000| 98%| O|  |TS  0|AC  0|TAMS 0x0000000702900000, 0x0000000702900000|
|  42|0x0000000702a00000, 0x0000000702affff0, 0x0000000702b00000| 99%| O|  |TS  0|AC  0|TAMS 0x0000000702a00000, 0x0000000702a00000|
|  43|0x0000000702b00000, 0x0000000702bfffd8, 0x0000000702c00000| 99%| O|  |TS  0|AC  0|TAMS 0x0000000702b00000, 0x0000000702b00000|
|  44|0x0000000702c00000, 0x0000000702cfffe8, 0x0000000702d00000| 99%| O|  |TS  0|AC  0|TAMS 0x0000000702c00000, 0x0000000702c00000|
|  45|0x0000000702d00000, 0x0000000702dfcd98, 0x0000000702e00000| 98%| O|  |TS  0|AC  0|TAMS 0x0000000702d00000, 0x0000000702d00000|
|  46|0x0000000702e00000, 0x0000000702effff8, 0x0000000702f00000| 99%| O|  |TS  0|AC  0|TAMS 0x0000000702e00000, 0x0000000702e00000|
|  47|0x0000000702f00000, 0x0000000702fff840, 0x0000000703000000| 99%| O|  |TS  0|AC  0|TAMS 0x0000000702f00000, 0x0000000702f00000|
|  48|0x0000000703000000, 0x0000000703100000, 0x0000000703100000|100%|HS|  |TS  0|AC  0|TAMS 0x0000000703000000, 0x0000000703000000|
|  49|0x0000000703100000, 0x0000000703200000, 0x0000000703200000|100%|HS|  |TS  0|AC  0|TAMS 0x0000000703100000, 0x0000000703100000|
|  50|0x0000000703200000, 0x00000007032ffff8, 0x0000000703300000| 99%| O|  |TS  0|AC  0|TAMS 0x0000000703200000, 0x0000000703200000|
|  51|0x0000000703300000, 0x00000007033fffe8, 0x0000000703400000| 99%| O|  |TS  0|AC  0|TAMS 0x0000000703300000, 0x0000000703300000|
|  52|0x0000000703400000, 0x00000007034ffff0, 0x0000000703500000| 99%| O|  |TS  0|AC  0|TAMS 0x0000000703400000, 0x0000000703400000|
|  53|0x0000000703500000, 0x00000007035fffe0, 0x0000000703600000| 99%| O|  |TS  0|AC  0|TAMS 0x0000000703500000, 0x0000000703500000|
|  54|0x0000000703600000, 0x00000007036fffe8, 0x0000000703700000| 99%| O|  |TS  0|AC  0|TAMS 0x0000000703600000, 0x0000000703600000|
|  55|0x0000000703700000, 0x0000000703800000, 0x0000000703800000|100%| O|  |TS  0|AC  0|TAMS 0x0000000703700000, 0x0000000703700000|
|  56|0x0000000703800000, 0x00000007038ffff8, 0x0000000703900000| 99%| O|  |TS  0|AC  0|TAMS 0x0000000703800000, 0x0000000703800000|
|  57|0x0000000703900000, 0x00000007039fffe0, 0x0000000703a00000| 99%| O|  |TS  0|AC  0|TAMS 0x0000000703900000, 0x0000000703900000|
|  58|0x0000000703a00000, 0x0000000703affff8, 0x0000000703b00000| 99%| O|  |TS  0|AC  0|TAMS 0x0000000703a00000, 0x0000000703a00000|
|  59|0x0000000703b00000, 0x0000000703bfffe8, 0x0000000703c00000| 99%| O|  |TS  0|AC  0|TAMS 0x0000000703b00000, 0x0000000703b00000|
|  60|0x0000000703c00000, 0x0000000703d00000, 0x0000000703d00000|100%|HS|  |TS  0|AC  0|TAMS 0x0000000703c00000, 0x0000000703c00000|
|  61|0x0000000703d00000, 0x0000000703dffff0, 0x0000000703e00000| 99%| O|  |TS  0|AC  0|TAMS 0x0000000703d00000, 0x0000000703d00000|
|  62|0x0000000703e00000, 0x0000000703effff0, 0x0000000703f00000| 99%| O|  |TS  0|AC  0|TAMS 0x0000000703e00000, 0x0000000703e00000|
|  63|0x0000000703f00000, 0x0000000704000000, 0x0000000704000000|100%| O|  |TS  0|AC  0|TAMS 0x0000000703f00000, 0x0000000703f00000|
|  64|0x0000000704000000, 0x00000007040ffff0, 0x0000000704100000| 99%| O|  |TS  0|AC  0|TAMS 0x0000000704000000, 0x0000000704000000|
|  65|0x0000000704100000, 0x0000000704200000, 0x0000000704200000|100%| O|  |TS  0|AC  0|TAMS 0x0000000704100000, 0x0000000704100000|
|  66|0x0000000704200000, 0x00000007042fffd8, 0x0000000704300000| 99%| O|  |TS  0|AC  0|TAMS 0x0000000704200000, 0x0000000704200000|
|  67|0x0000000704300000, 0x00000007043ffff8, 0x0000000704400000| 99%| O|  |TS  0|AC  0|TAMS 0x0000000704300000, 0x0000000704300000|
|  68|0x0000000704400000, 0x00000007044fffe8, 0x0000000704500000| 99%| O|  |TS  0|AC  0|TAMS 0x0000000704400000, 0x0000000704400000|
|  69|0x0000000704500000, 0x00000007045fffc0, 0x0000000704600000| 99%| O|  |TS  0|AC  0|TAMS 0x0000000704500000, 0x0000000704500000|
|  70|0x0000000704600000, 0x00000007046fff28, 0x0000000704700000| 99%| O|  |TS  0|AC  0|TAMS 0x0000000704600000, 0x0000000704600000|
|  71|0x0000000704700000, 0x00000007047fffe8, 0x0000000704800000| 99%| O|  |TS  0|AC  0|TAMS 0x0000000704700000, 0x0000000704700000|
|  72|0x0000000704800000, 0x00000007048ffec0, 0x0000000704900000| 99%| O|  |TS  0|AC  0|TAMS 0x0000000704800000, 0x0000000704800000|
|  73|0x0000000704900000, 0x00000007049fffd0, 0x0000000704a00000| 99%| O|  |TS  0|AC  0|TAMS 0x0000000704900000, 0x0000000704900000|
|  74|0x0000000704a00000, 0x0000000704afffe8, 0x0000000704b00000| 99%| O|  |TS  0|AC  0|TAMS 0x0000000704a00000, 0x0000000704a00000|
|  75|0x0000000704b00000, 0x0000000704bfffd0, 0x0000000704c00000| 99%| O|  |TS  0|AC  0|TAMS 0x0000000704b00000, 0x0000000704b00000|
|  76|0x0000000704c00000, 0x0000000704cffe30, 0x0000000704d00000| 99%| O|  |TS  0|AC  0|TAMS 0x0000000704c00000, 0x0000000704c00000|
|  77|0x0000000704d00000, 0x0000000704dffff8, 0x0000000704e00000| 99%| O|  |TS  0|AC  0|TAMS 0x0000000704d00000, 0x0000000704d00000|
|  78|0x0000000704e00000, 0x0000000704efffe0, 0x0000000704f00000| 99%| O|  |TS  0|AC  0|TAMS 0x0000000704e00000, 0x0000000704e00000|
|  79|0x0000000704f00000, 0x0000000704ffffe8, 0x0000000705000000| 99%| O|  |TS  0|AC  0|TAMS 0x0000000704f00000, 0x0000000704f00000|
|  80|0x0000000705000000, 0x00000007050ffff8, 0x0000000705100000| 99%| O|  |TS  0|AC  0|TAMS 0x0000000705000000, 0x0000000705000000|
|  81|0x0000000705100000, 0x00000007051fffe0, 0x0000000705200000| 99%| O|  |TS  0|AC  0|TAMS 0x0000000705100000, 0x0000000705100000|
|  82|0x0000000705200000, 0x00000007052fff48, 0x0000000705300000| 99%| O|  |TS  0|AC  0|TAMS 0x0000000705200000, 0x0000000705200000|
|  83|0x0000000705300000, 0x0000000705400000, 0x0000000705400000|100%| O|  |TS  0|AC  0|TAMS 0x0000000705300000, 0x0000000705300000|
|  84|0x0000000705400000, 0x00000007054ffff8, 0x0000000705500000| 99%| O|  |TS  0|AC  0|TAMS 0x0000000705400000, 0x0000000705400000|
|  85|0x0000000705500000, 0x00000007055ffff0, 0x0000000705600000| 99%| O|  |TS  0|AC  0|TAMS 0x0000000705500000, 0x0000000705500000|
|  86|0x0000000705600000, 0x00000007056a66f0, 0x0000000705700000| 65%| O|  |TS  0|AC  0|TAMS 0x0000000705600000, 0x0000000705600000|
|  87|0x0000000705700000, 0x00000007057ffff8, 0x0000000705800000| 99%| O|  |TS  0|AC  0|TAMS 0x0000000705700000, 0x0000000705700000|
|  88|0x0000000705800000, 0x00000007058ddd30, 0x0000000705900000| 86%| O|  |TS  0|AC  0|TAMS 0x0000000705800000, 0x0000000705800000|
|  89|0x0000000705900000, 0x0000000705900000, 0x0000000705a00000|  0%| F|  |TS  0|AC  0|TAMS 0x0000000705900000, 0x0000000705900000|
|  90|0x0000000705a00000, 0x0000000705b00000, 0x0000000705b00000|100%|HS|  |TS  0|AC  0|TAMS 0x0000000705a00000, 0x0000000705a00000|
|  91|0x0000000705b00000, 0x0000000705b00000, 0x0000000705c00000|  0%| F|  |TS  0|AC  0|TAMS 0x0000000705b00000, 0x0000000705b00000|
|  92|0x0000000705c00000, 0x0000000705c00000, 0x0000000705d00000|  0%| F|  |TS  0|AC  0|TAMS 0x0000000705c00000, 0x0000000705c00000|
|  93|0x0000000705d00000, 0x0000000705d00000, 0x0000000705e00000|  0%| F|  |TS  0|AC  0|TAMS 0x0000000705d00000, 0x0000000705d00000|
|  94|0x0000000705e00000, 0x0000000705e00000, 0x0000000705f00000|  0%| F|  |TS  0|AC  0|TAMS 0x0000000705e00000, 0x0000000705e00000|
|  95|0x0000000705f00000, 0x0000000705f00000, 0x0000000706000000|  0%| F|  |TS  0|AC  0|TAMS 0x0000000705f00000, 0x0000000705f00000|
|  96|0x0000000706000000, 0x0000000706000000, 0x0000000706100000|  0%| F|  |TS  0|AC  0|TAMS 0x0000000706000000, 0x0000000706000000|
|  97|0x0000000706100000, 0x0000000706100000, 0x0000000706200000|  0%| F|  |TS  0|AC  0|TAMS 0x0000000706100000, 0x0000000706100000|
|  98|0x0000000706200000, 0x0000000706300000, 0x0000000706300000|100%|HS|  |TS  0|AC  0|TAMS 0x0000000706200000, 0x0000000706200000|
|  99|0x0000000706300000, 0x0000000706400000, 0x0000000706400000|100%|HC|  |TS  0|AC  0|TAMS 0x0000000706300000, 0x0000000706300000|
| 100|0x0000000706400000, 0x0000000706400000, 0x0000000706500000|  0%| F|  |TS  0|AC  0|TAMS 0x0000000706400000, 0x0000000706400000|
| 101|0x0000000706500000, 0x0000000706600000, 0x0000000706600000|100%|HS|  |TS  0|AC  0|TAMS 0x0000000706500000, 0x0000000706500000|
| 102|0x0000000706600000, 0x0000000706700000, 0x0000000706700000|100%|HC|  |TS  0|AC  0|TAMS 0x0000000706600000, 0x0000000706600000|
| 103|0x0000000706700000, 0x0000000706700000, 0x0000000706800000|  0%| F|  |TS  0|AC  0|TAMS 0x0000000706700000, 0x0000000706700000|
| 104|0x0000000706800000, 0x0000000706800000, 0x0000000706900000|  0%| F|  |TS  0|AC  0|TAMS 0x0000000706800000, 0x0000000706800000|
| 105|0x0000000706900000, 0x0000000706a00000, 0x0000000706a00000|100%|HS|  |TS  0|AC  0|TAMS 0x0000000706900000, 0x0000000706900000|
| 106|0x0000000706a00000, 0x0000000706b00000, 0x0000000706b00000|100%|HC|  |TS  0|AC  0|TAMS 0x0000000706a00000, 0x0000000706a00000|
| 107|0x0000000706b00000, 0x0000000706b00000, 0x0000000706c00000|  0%| F|  |TS  0|AC  0|TAMS 0x0000000706b00000, 0x0000000706b00000|
| 108|0x0000000706c00000, 0x0000000706c00000, 0x0000000706d00000|  0%| F|  |TS  0|AC  0|TAMS 0x0000000706c00000, 0x0000000706c00000|
| 109|0x0000000706d00000, 0x0000000706d00000, 0x0000000706e00000|  0%| F|  |TS  0|AC  0|TAMS 0x0000000706d00000, 0x0000000706d00000|
| 110|0x0000000706e00000, 0x0000000706e00000, 0x0000000706f00000|  0%| F|  |TS  0|AC  0|TAMS 0x0000000706e00000, 0x0000000706e00000|
| 111|0x0000000706f00000, 0x0000000706f00000, 0x0000000707000000|  0%| F|  |TS  0|AC  0|TAMS 0x0000000706f00000, 0x0000000706f00000|
| 112|0x0000000707000000, 0x0000000707000000, 0x0000000707100000|  0%| F|  |TS  0|AC  0|TAMS 0x0000000707000000, 0x0000000707000000|
| 113|0x0000000707100000, 0x0000000707100000, 0x0000000707200000|  0%| F|  |TS  0|AC  0|TAMS 0x0000000707100000, 0x0000000707100000|
| 114|0x0000000707200000, 0x0000000707200000, 0x0000000707300000|  0%| F|  |TS  0|AC  0|TAMS 0x0000000707200000, 0x0000000707200000|
| 115|0x0000000707300000, 0x0000000707300000, 0x0000000707400000|  0%| F|  |TS  0|AC  0|TAMS 0x0000000707300000, 0x0000000707300000|
| 116|0x0000000707400000, 0x0000000707400000, 0x0000000707500000|  0%| F|  |TS  0|AC  0|TAMS 0x0000000707400000, 0x0000000707400000|
| 117|0x0000000707500000, 0x0000000707500000, 0x0000000707600000|  0%| F|  |TS  0|AC  0|TAMS 0x0000000707500000, 0x0000000707500000|
| 118|0x0000000707600000, 0x0000000707600000, 0x0000000707700000|  0%| F|  |TS  0|AC  0|TAMS 0x0000000707600000, 0x0000000707600000|
| 119|0x0000000707700000, 0x0000000707700000, 0x0000000707800000|  0%| F|  |TS  0|AC  0|TAMS 0x0000000707700000, 0x0000000707700000|
| 120|0x0000000707800000, 0x0000000707800000, 0x0000000707900000|  0%| F|  |TS  0|AC  0|TAMS 0x0000000707800000, 0x0000000707800000|
| 121|0x0000000707900000, 0x0000000707a00000, 0x0000000707a00000|100%|HS|  |TS  0|AC  0|TAMS 0x0000000707900000, 0x0000000707900000|
| 122|0x0000000707a00000, 0x0000000707b00000, 0x0000000707b00000|100%|HC|  |TS  0|AC  0|TAMS 0x0000000707a00000, 0x0000000707a00000|
| 123|0x0000000707b00000, 0x0000000707c00000, 0x0000000707c00000|100%|HC|  |TS  0|AC  0|TAMS 0x0000000707b00000, 0x0000000707b00000|
| 124|0x0000000707c00000, 0x0000000707d00000, 0x0000000707d00000|100%|HC|  |TS  0|AC  0|TAMS 0x0000000707c00000, 0x0000000707c00000|
| 125|0x0000000707d00000, 0x0000000707e00000, 0x0000000707e00000|100%|HC|  |TS  0|AC  0|TAMS 0x0000000707d00000, 0x0000000707d00000|
| 126|0x0000000707e00000, 0x0000000707f00000, 0x0000000707f00000|100%|HC|  |TS  0|AC  0|TAMS 0x0000000707e00000, 0x0000000707e00000|
| 127|0x0000000707f00000, 0x0000000708000000, 0x0000000708000000|100%|HC|  |TS  0|AC  0|TAMS 0x0000000707f00000, 0x0000000707f00000|
| 128|0x0000000708000000, 0x0000000708100000, 0x0000000708100000|100%|HC|  |TS  0|AC  0|TAMS 0x0000000708000000, 0x0000000708000000|
| 129|0x0000000708100000, 0x0000000708100000, 0x0000000708200000|  0%| F|  |TS  0|AC  0|TAMS 0x0000000708100000, 0x0000000708100000|
| 130|0x0000000708200000, 0x0000000708200000, 0x0000000708300000|  0%| F|  |TS  0|AC  0|TAMS 0x0000000708200000, 0x0000000708200000|
| 131|0x0000000708300000, 0x0000000708300000, 0x0000000708400000|  0%| F|  |TS  0|AC  0|TAMS 0x0000000708300000, 0x0000000708300000|
| 132|0x0000000708400000, 0x0000000708400000, 0x0000000708500000|  0%| F|  |TS  0|AC  0|TAMS 0x0000000708400000, 0x0000000708400000|
| 133|0x0000000708500000, 0x0000000708500000, 0x0000000708600000|  0%| F|  |TS  0|AC  0|TAMS 0x0000000708500000, 0x0000000708500000|
| 134|0x0000000708600000, 0x0000000708600000, 0x0000000708700000|  0%| F|  |TS  0|AC  0|TAMS 0x0000000708600000, 0x0000000708600000|
| 135|0x0000000708700000, 0x0000000708700000, 0x0000000708800000|  0%| F|  |TS  0|AC  0|TAMS 0x0000000708700000, 0x0000000708700000|
| 136|0x0000000708800000, 0x0000000708800000, 0x0000000708900000|  0%| F|  |TS  0|AC  0|TAMS 0x0000000708800000, 0x0000000708800000|
| 137|0x0000000708900000, 0x0000000708900000, 0x0000000708a00000|  0%| F|  |TS  0|AC  0|TAMS 0x0000000708900000, 0x0000000708900000|
| 138|0x0000000708a00000, 0x0000000708a00000, 0x0000000708b00000|  0%| F|  |TS  0|AC  0|TAMS 0x0000000708a00000, 0x0000000708a00000|
| 139|0x0000000708b00000, 0x0000000708b00000, 0x0000000708c00000|  0%| F|  |TS  0|AC  0|TAMS 0x0000000708b00000, 0x0000000708b00000|
| 140|0x0000000708c00000, 0x0000000708c00000, 0x0000000708d00000|  0%| F|  |TS  0|AC  0|TAMS 0x0000000708c00000, 0x0000000708c00000|
| 141|0x0000000708d00000, 0x0000000708d00000, 0x0000000708e00000|  0%| F|  |TS  0|AC  0|TAMS 0x0000000708d00000, 0x0000000708d00000|
| 142|0x0000000708e00000, 0x0000000708e00000, 0x0000000708f00000|  0%| F|  |TS  0|AC  0|TAMS 0x0000000708e00000, 0x0000000708e00000|
| 143|0x0000000708f00000, 0x0000000708f00000, 0x0000000709000000|  0%| F|  |TS  0|AC  0|TAMS 0x0000000708f00000, 0x0000000708f00000|
| 144|0x0000000709000000, 0x0000000709000000, 0x0000000709100000|  0%| F|  |TS  0|AC  0|TAMS 0x0000000709000000, 0x0000000709000000|
| 145|0x0000000709100000, 0x0000000709100000, 0x0000000709200000|  0%| F|  |TS  0|AC  0|TAMS 0x0000000709100000, 0x0000000709100000|
| 146|0x0000000709200000, 0x0000000709200000, 0x0000000709300000|  0%| F|  |TS  0|AC  0|TAMS 0x0000000709200000, 0x0000000709200000|
| 147|0x0000000709300000, 0x0000000709300000, 0x0000000709400000|  0%| F|  |TS  0|AC  0|TAMS 0x0000000709300000, 0x0000000709300000|
| 148|0x0000000709400000, 0x0000000709400000, 0x0000000709500000|  0%| F|  |TS  0|AC  0|TAMS 0x0000000709400000, 0x0000000709400000|
| 149|0x0000000709500000, 0x0000000709500000, 0x0000000709600000|  0%| F|  |TS  0|AC  0|TAMS 0x0000000709500000, 0x0000000709500000|
| 150|0x0000000709600000, 0x0000000709600000, 0x0000000709700000|  0%| F|  |TS  0|AC  0|TAMS 0x0000000709600000, 0x0000000709600000|
| 151|0x0000000709700000, 0x0000000709700000, 0x0000000709800000|  0%| F|  |TS  0|AC  0|TAMS 0x0000000709700000, 0x0000000709700000|
| 152|0x0000000709800000, 0x0000000709800000, 0x0000000709900000|  0%| F|  |TS  0|AC  0|TAMS 0x0000000709800000, 0x0000000709800000|
| 153|0x0000000709900000, 0x0000000709900000, 0x0000000709a00000|  0%| F|  |TS  0|AC  0|TAMS 0x0000000709900000, 0x0000000709900000|
| 154|0x0000000709a00000, 0x0000000709a00000, 0x0000000709b00000|  0%| F|  |TS  0|AC  0|TAMS 0x0000000709a00000, 0x0000000709a00000|
| 155|0x0000000709b00000, 0x0000000709b00000, 0x0000000709c00000|  0%| F|  |TS  0|AC  0|TAMS 0x0000000709b00000, 0x0000000709b00000|
| 156|0x0000000709c00000, 0x0000000709c00000, 0x0000000709d00000|  0%| F|  |TS  0|AC  0|TAMS 0x0000000709c00000, 0x0000000709c00000|
| 157|0x0000000709d00000, 0x0000000709d00000, 0x0000000709e00000|  0%| F|  |TS  0|AC  0|TAMS 0x0000000709d00000, 0x0000000709d00000|
| 158|0x0000000709e00000, 0x0000000709e00000, 0x0000000709f00000|  0%| F|  |TS  0|AC  0|TAMS 0x0000000709e00000, 0x0000000709e00000|
| 159|0x0000000709f00000, 0x0000000709f00000, 0x000000070a000000|  0%| F|  |TS  0|AC  0|TAMS 0x0000000709f00000, 0x0000000709f00000|
| 160|0x000000070a000000, 0x000000070a000000, 0x000000070a100000|  0%| F|  |TS  0|AC  0|TAMS 0x000000070a000000, 0x000000070a000000|
| 161|0x000000070a100000, 0x000000070a100000, 0x000000070a200000|  0%| F|  |TS  0|AC  0|TAMS 0x000000070a100000, 0x000000070a100000|
| 162|0x000000070a200000, 0x000000070a200000, 0x000000070a300000|  0%| F|  |TS  0|AC  0|TAMS 0x000000070a200000, 0x000000070a200000|
| 163|0x000000070a300000, 0x000000070a300000, 0x000000070a400000|  0%| F|  |TS  0|AC  0|TAMS 0x000000070a300000, 0x000000070a300000|
| 164|0x000000070a400000, 0x000000070a400000, 0x000000070a500000|  0%| F|  |TS  0|AC  0|TAMS 0x000000070a400000, 0x000000070a400000|
| 165|0x000000070a500000, 0x000000070a500000, 0x000000070a600000|  0%| F|  |TS  0|AC  0|TAMS 0x000000070a500000, 0x000000070a500000|
| 166|0x000000070a600000, 0x000000070a600000, 0x000000070a700000|  0%| F|  |TS  0|AC  0|TAMS 0x000000070a600000, 0x000000070a600000|
| 167|0x000000070a700000, 0x000000070a700000, 0x000000070a800000|  0%| F|  |TS  0|AC  0|TAMS 0x000000070a700000, 0x000000070a700000|
| 168|0x000000070a800000, 0x000000070a800000, 0x000000070a900000|  0%| F|  |TS  0|AC  0|TAMS 0x000000070a800000, 0x000000070a800000|
| 169|0x000000070a900000, 0x000000070a900000, 0x000000070aa00000|  0%| F|  |TS  0|AC  0|TAMS 0x000000070a900000, 0x000000070a900000|
| 170|0x000000070aa00000, 0x000000070aa00000, 0x000000070ab00000|  0%| F|  |TS  0|AC  0|TAMS 0x000000070aa00000, 0x000000070aa00000|
| 171|0x000000070ab00000, 0x000000070ab00000, 0x000000070ac00000|  0%| F|  |TS  0|AC  0|TAMS 0x000000070ab00000, 0x000000070ab00000|
| 172|0x000000070ac00000, 0x000000070ac00000, 0x000000070ad00000|  0%| F|  |TS  0|AC  0|TAMS 0x000000070ac00000, 0x000000070ac00000|
| 173|0x000000070ad00000, 0x000000070ad00000, 0x000000070ae00000|  0%| F|  |TS  0|AC  0|TAMS 0x000000070ad00000, 0x000000070ad00000|
| 174|0x000000070ae00000, 0x000000070ae00000, 0x000000070af00000|  0%| F|  |TS  0|AC  0|TAMS 0x000000070ae00000, 0x000000070ae00000|
| 175|0x000000070af00000, 0x000000070af00000, 0x000000070b000000|  0%| F|  |TS  0|AC  0|TAMS 0x000000070af00000, 0x000000070af00000|
| 176|0x000000070b000000, 0x000000070b000000, 0x000000070b100000|  0%| F|  |TS  0|AC  0|TAMS 0x000000070b000000, 0x000000070b000000|
| 177|0x000000070b100000, 0x000000070b100000, 0x000000070b200000|  0%| F|  |TS  0|AC  0|TAMS 0x000000070b100000, 0x000000070b100000|
| 178|0x000000070b200000, 0x000000070b200000, 0x000000070b300000|  0%| F|  |TS  0|AC  0|TAMS 0x000000070b200000, 0x000000070b200000|
| 179|0x000000070b300000, 0x000000070b300000, 0x000000070b400000|  0%| F|  |TS  0|AC  0|TAMS 0x000000070b300000, 0x000000070b300000|
| 180|0x000000070b400000, 0x000000070b400000, 0x000000070b500000|  0%| F|  |TS  0|AC  0|TAMS 0x000000070b400000, 0x000000070b400000|
| 181|0x000000070b500000, 0x000000070b500000, 0x000000070b600000|  0%| F|  |TS  0|AC  0|TAMS 0x000000070b500000, 0x000000070b500000|
| 182|0x000000070b600000, 0x000000070b600000, 0x000000070b700000|  0%| F|  |TS  0|AC  0|TAMS 0x000000070b600000, 0x000000070b600000|
| 183|0x000000070b700000, 0x000000070b700000, 0x000000070b800000|  0%| F|  |TS  0|AC  0|TAMS 0x000000070b700000, 0x000000070b700000|
| 184|0x000000070b800000, 0x000000070b800000, 0x000000070b900000|  0%| F|  |TS  0|AC  0|TAMS 0x000000070b800000, 0x000000070b800000|
| 185|0x000000070b900000, 0x000000070b900000, 0x000000070ba00000|  0%| F|  |TS  0|AC  0|TAMS 0x000000070b900000, 0x000000070b900000|
| 186|0x000000070ba00000, 0x000000070ba00000, 0x000000070bb00000|  0%| F|  |TS  0|AC  0|TAMS 0x000000070ba00000, 0x000000070ba00000|
| 187|0x000000070bb00000, 0x000000070bb00000, 0x000000070bc00000|  0%| F|  |TS  0|AC  0|TAMS 0x000000070bb00000, 0x000000070bb00000|
| 188|0x000000070bc00000, 0x000000070bc00000, 0x000000070bd00000|  0%| F|  |TS  0|AC  0|TAMS 0x000000070bc00000, 0x000000070bc00000|
| 189|0x000000070bd00000, 0x000000070bd00000, 0x000000070be00000|  0%| F|  |TS  0|AC  0|TAMS 0x000000070bd00000, 0x000000070bd00000|
| 190|0x000000070be00000, 0x000000070be00000, 0x000000070bf00000|  0%| F|  |TS  0|AC  0|TAMS 0x000000070be00000, 0x000000070be00000|
| 191|0x000000070bf00000, 0x000000070bf00000, 0x000000070c000000|  0%| F|  |TS  0|AC  0|TAMS 0x000000070bf00000, 0x000000070bf00000|
| 192|0x000000070c000000, 0x000000070c000000, 0x000000070c100000|  0%| F|  |TS  0|AC  0|TAMS 0x000000070c000000, 0x000000070c000000|
| 193|0x000000070c100000, 0x000000070c100000, 0x000000070c200000|  0%| F|  |TS  0|AC  0|TAMS 0x000000070c100000, 0x000000070c100000|
| 194|0x000000070c200000, 0x000000070c200000, 0x000000070c300000|  0%| F|  |TS  0|AC  0|TAMS 0x000000070c200000, 0x000000070c200000|
| 195|0x000000070c300000, 0x000000070c300000, 0x000000070c400000|  0%| F|  |TS  0|AC  0|TAMS 0x000000070c300000, 0x000000070c300000|
| 196|0x000000070c400000, 0x000000070c400000, 0x000000070c500000|  0%| F|  |TS  0|AC  0|TAMS 0x000000070c400000, 0x000000070c400000|
| 197|0x000000070c500000, 0x000000070c500000, 0x000000070c600000|  0%| F|  |TS  0|AC  0|TAMS 0x000000070c500000, 0x000000070c500000|
| 198|0x000000070c600000, 0x000000070c600000, 0x000000070c700000|  0%| F|  |TS  0|AC  0|TAMS 0x000000070c600000, 0x000000070c600000|
| 199|0x000000070c700000, 0x000000070c700000, 0x000000070c800000|  0%| F|  |TS  0|AC  0|TAMS 0x000000070c700000, 0x000000070c700000|
| 200|0x000000070c800000, 0x000000070c800000, 0x000000070c900000|  0%| F|  |TS  0|AC  0|TAMS 0x000000070c800000, 0x000000070c800000|
| 201|0x000000070c900000, 0x000000070c900000, 0x000000070ca00000|  0%| F|  |TS  0|AC  0|TAMS 0x000000070c900000, 0x000000070c900000|
| 202|0x000000070ca00000, 0x000000070ca00000, 0x000000070cb00000|  0%| F|  |TS  0|AC  0|TAMS 0x000000070ca00000, 0x000000070ca00000|
| 203|0x000000070cb00000, 0x000000070cb00000, 0x000000070cc00000|  0%| F|  |TS  0|AC  0|TAMS 0x000000070cb00000, 0x000000070cb00000|
| 204|0x000000070cc00000, 0x000000070cc00000, 0x000000070cd00000|  0%| F|  |TS  0|AC  0|TAMS 0x000000070cc00000, 0x000000070cc00000|
| 205|0x000000070cd00000, 0x000000070cd00000, 0x000000070ce00000|  0%| F|  |TS  0|AC  0|TAMS 0x000000070cd00000, 0x000000070cd00000|
| 206|0x000000070ce00000, 0x000000070ce00000, 0x000000070cf00000|  0%| F|  |TS  0|AC  0|TAMS 0x000000070ce00000, 0x000000070ce00000|
| 207|0x000000070cf00000, 0x000000070cf00000, 0x000000070d000000|  0%| F|  |TS  0|AC  0|TAMS 0x000000070cf00000, 0x000000070cf00000|
| 208|0x000000070d000000, 0x000000070d000000, 0x000000070d100000|  0%| F|  |TS  0|AC  0|TAMS 0x000000070d000000, 0x000000070d000000|
| 209|0x000000070d100000, 0x000000070d100000, 0x000000070d200000|  0%| F|  |TS  0|AC  0|TAMS 0x000000070d100000, 0x000000070d100000|
| 210|0x000000070d200000, 0x000000070d200000, 0x000000070d300000|  0%| F|  |TS  0|AC  0|TAMS 0x000000070d200000, 0x000000070d200000|
| 211|0x000000070d300000, 0x000000070d300000, 0x000000070d400000|  0%| F|  |TS  0|AC  0|TAMS 0x000000070d300000, 0x000000070d300000|
| 212|0x000000070d400000, 0x000000070d400000, 0x000000070d500000|  0%| F|  |TS  0|AC  0|TAMS 0x000000070d400000, 0x000000070d400000|
| 213|0x000000070d500000, 0x000000070d500000, 0x000000070d600000|  0%| F|  |TS  0|AC  0|TAMS 0x000000070d500000, 0x000000070d500000|
| 214|0x000000070d600000, 0x000000070d600000, 0x000000070d700000|  0%| F|  |TS  0|AC  0|TAMS 0x000000070d600000, 0x000000070d600000|
| 215|0x000000070d700000, 0x000000070d700000, 0x000000070d800000|  0%| F|  |TS  0|AC  0|TAMS 0x000000070d700000, 0x000000070d700000|
| 216|0x000000070d800000, 0x000000070d800000, 0x000000070d900000|  0%| F|  |TS  0|AC  0|TAMS 0x000000070d800000, 0x000000070d800000|
| 217|0x000000070d900000, 0x000000070d900000, 0x000000070da00000|  0%| F|  |TS  0|AC  0|TAMS 0x000000070d900000, 0x000000070d900000|
| 218|0x000000070da00000, 0x000000070da00000, 0x000000070db00000|  0%| F|  |TS  0|AC  0|TAMS 0x000000070da00000, 0x000000070da00000|
| 219|0x000000070db00000, 0x000000070db00000, 0x000000070dc00000|  0%| F|  |TS  0|AC  0|TAMS 0x000000070db00000, 0x000000070db00000|
| 220|0x000000070dc00000, 0x000000070dc00000, 0x000000070dd00000|  0%| F|  |TS  0|AC  0|TAMS 0x000000070dc00000, 0x000000070dc00000|
| 221|0x000000070dd00000, 0x000000070dd00000, 0x000000070de00000|  0%| F|  |TS  0|AC  0|TAMS 0x000000070dd00000, 0x000000070dd00000|
| 222|0x000000070de00000, 0x000000070de00000, 0x000000070df00000|  0%| F|  |TS  0|AC  0|TAMS 0x000000070de00000, 0x000000070de00000|
| 223|0x000000070df00000, 0x000000070df00000, 0x000000070e000000|  0%| F|  |TS  0|AC  0|TAMS 0x000000070df00000, 0x000000070df00000|
| 224|0x000000070e000000, 0x000000070e000000, 0x000000070e100000|  0%| F|  |TS  0|AC  0|TAMS 0x000000070e000000, 0x000000070e000000|
| 225|0x000000070e100000, 0x000000070e100000, 0x000000070e200000|  0%| F|  |TS  0|AC  0|TAMS 0x000000070e100000, 0x000000070e100000|
| 226|0x000000070e200000, 0x000000070e200000, 0x000000070e300000|  0%| F|  |TS  0|AC  0|TAMS 0x000000070e200000, 0x000000070e200000|
| 227|0x000000070e300000, 0x000000070e300000, 0x000000070e400000|  0%| F|  |TS  0|AC  0|TAMS 0x000000070e300000, 0x000000070e300000|
| 228|0x000000070e400000, 0x000000070e400000, 0x000000070e500000|  0%| F|  |TS  0|AC  0|TAMS 0x000000070e400000, 0x000000070e400000|
| 229|0x000000070e500000, 0x000000070e500000, 0x000000070e600000|  0%| F|  |TS  0|AC  0|TAMS 0x000000070e500000, 0x000000070e500000|
| 230|0x000000070e600000, 0x000000070e600000, 0x000000070e700000|  0%| F|  |TS  0|AC  0|TAMS 0x000000070e600000, 0x000000070e600000|
| 231|0x000000070e700000, 0x000000070e700000, 0x000000070e800000|  0%| F|  |TS  0|AC  0|TAMS 0x000000070e700000, 0x000000070e700000|
| 232|0x000000070e800000, 0x000000070e800000, 0x000000070e900000|  0%| F|  |TS  0|AC  0|TAMS 0x000000070e800000, 0x000000070e800000|
| 233|0x000000070e900000, 0x000000070e900000, 0x000000070ea00000|  0%| F|  |TS  0|AC  0|TAMS 0x000000070e900000, 0x000000070e900000|
| 234|0x000000070ea00000, 0x000000070ea00000, 0x000000070eb00000|  0%| F|  |TS  0|AC  0|TAMS 0x000000070ea00000, 0x000000070ea00000|
| 235|0x000000070eb00000, 0x000000070eb00000, 0x000000070ec00000|  0%| F|  |TS  0|AC  0|TAMS 0x000000070eb00000, 0x000000070eb00000|
| 236|0x000000070ec00000, 0x000000070ec00000, 0x000000070ed00000|  0%| F|  |TS  0|AC  0|TAMS 0x000000070ec00000, 0x000000070ec00000|
| 237|0x000000070ed00000, 0x000000070ed00000, 0x000000070ee00000|  0%| F|  |TS  0|AC  0|TAMS 0x000000070ed00000, 0x000000070ed00000|
| 238|0x000000070ee00000, 0x000000070ee00000, 0x000000070ef00000|  0%| F|  |TS  0|AC  0|TAMS 0x000000070ee00000, 0x000000070ee00000|
| 239|0x000000070ef00000, 0x000000070ef00000, 0x000000070f000000|  0%| F|  |TS  0|AC  0|TAMS 0x000000070ef00000, 0x000000070ef00000|
| 240|0x000000070f000000, 0x000000070f000000, 0x000000070f100000|  0%| F|  |TS  0|AC  0|TAMS 0x000000070f000000, 0x000000070f000000|
| 241|0x000000070f100000, 0x000000070f100000, 0x000000070f200000|  0%| F|  |TS  0|AC  0|TAMS 0x000000070f100000, 0x000000070f100000|
| 242|0x000000070f200000, 0x000000070f200000, 0x000000070f300000|  0%| F|  |TS  0|AC  0|TAMS 0x000000070f200000, 0x000000070f200000|
| 243|0x000000070f300000, 0x000000070f300000, 0x000000070f400000|  0%| F|  |TS  0|AC  0|TAMS 0x000000070f300000, 0x000000070f300000|
| 244|0x000000070f400000, 0x000000070f400000, 0x000000070f500000|  0%| F|  |TS  0|AC  0|TAMS 0x000000070f400000, 0x000000070f400000|
| 245|0x000000070f500000, 0x000000070f500000, 0x000000070f600000|  0%| F|  |TS  0|AC  0|TAMS 0x000000070f500000, 0x000000070f500000|
| 246|0x000000070f600000, 0x000000070f600000, 0x000000070f700000|  0%| F|  |TS  0|AC  0|TAMS 0x000000070f600000, 0x000000070f600000|
| 247|0x000000070f700000, 0x000000070f700000, 0x000000070f800000|  0%| F|  |TS  0|AC  0|TAMS 0x000000070f700000, 0x000000070f700000|
| 248|0x000000070f800000, 0x000000070f800000, 0x000000070f900000|  0%| F|  |TS  0|AC  0|TAMS 0x000000070f800000, 0x000000070f800000|
| 249|0x000000070f900000, 0x000000070f900000, 0x000000070fa00000|  0%| F|  |TS  0|AC  0|TAMS 0x000000070f900000, 0x000000070f900000|
| 250|0x000000070fa00000, 0x000000070fa00000, 0x000000070fb00000|  0%| F|  |TS  0|AC  0|TAMS 0x000000070fa00000, 0x000000070fa00000|
| 251|0x000000070fb00000, 0x000000070fb00000, 0x000000070fc00000|  0%| F|  |TS  0|AC  0|TAMS 0x000000070fb00000, 0x000000070fb00000|
| 252|0x000000070fc00000, 0x000000070fc00000, 0x000000070fd00000|  0%| F|  |TS  0|AC  0|TAMS 0x000000070fc00000, 0x000000070fc00000|
| 253|0x000000070fd00000, 0x000000070fd00000, 0x000000070fe00000|  0%| F|  |TS  0|AC  0|TAMS 0x000000070fd00000, 0x000000070fd00000|
| 254|0x000000070fe00000, 0x000000070fe00000, 0x000000070ff00000|  0%| F|  |TS  0|AC  0|TAMS 0x000000070fe00000, 0x000000070fe00000|
| 255|0x000000070ff00000, 0x000000070ff00000, 0x0000000710000000|  0%| F|  |TS  0|AC  0|TAMS 0x000000070ff00000, 0x000000070ff00000|
| 256|0x0000000710000000, 0x0000000710000000, 0x0000000710100000|  0%| F|  |TS  0|AC  0|TAMS 0x0000000710000000, 0x0000000710000000|
| 257|0x0000000710100000, 0x0000000710100000, 0x0000000710200000|  0%| F|  |TS  0|AC  0|TAMS 0x0000000710100000, 0x0000000710100000|
| 258|0x0000000710200000, 0x0000000710200000, 0x0000000710300000|  0%| F|  |TS  0|AC  0|TAMS 0x0000000710200000, 0x0000000710200000|
| 259|0x0000000710300000, 0x0000000710300000, 0x0000000710400000|  0%| F|  |TS  0|AC  0|TAMS 0x0000000710300000, 0x0000000710300000|
| 260|0x0000000710400000, 0x0000000710400000, 0x0000000710500000|  0%| F|  |TS  0|AC  0|TAMS 0x0000000710400000, 0x0000000710400000|
| 261|0x0000000710500000, 0x0000000710500000, 0x0000000710600000|  0%| F|  |TS  0|AC  0|TAMS 0x0000000710500000, 0x0000000710500000|
| 262|0x0000000710600000, 0x0000000710600000, 0x0000000710700000|  0%| F|  |TS  0|AC  0|TAMS 0x0000000710600000, 0x0000000710600000|
| 263|0x0000000710700000, 0x0000000710700000, 0x0000000710800000|  0%| F|  |TS  0|AC  0|TAMS 0x0000000710700000, 0x0000000710700000|
| 264|0x0000000710800000, 0x0000000710800000, 0x0000000710900000|  0%| F|  |TS  0|AC  0|TAMS 0x0000000710800000, 0x0000000710800000|
| 265|0x0000000710900000, 0x0000000710900000, 0x0000000710a00000|  0%| F|  |TS  0|AC  0|TAMS 0x0000000710900000, 0x0000000710900000|
| 266|0x0000000710a00000, 0x0000000710a00000, 0x0000000710b00000|  0%| F|  |TS  0|AC  0|TAMS 0x0000000710a00000, 0x0000000710a00000|
| 267|0x0000000710b00000, 0x0000000710b00000, 0x0000000710c00000|  0%| F|  |TS  0|AC  0|TAMS 0x0000000710b00000, 0x0000000710b00000|
| 268|0x0000000710c00000, 0x0000000710c00000, 0x0000000710d00000|  0%| F|  |TS  0|AC  0|TAMS 0x0000000710c00000, 0x0000000710c00000|
| 269|0x0000000710d00000, 0x0000000710d00000, 0x0000000710e00000|  0%| F|  |TS  0|AC  0|TAMS 0x0000000710d00000, 0x0000000710d00000|
| 270|0x0000000710e00000, 0x0000000710e00000, 0x0000000710f00000|  0%| F|  |TS  0|AC  0|TAMS 0x0000000710e00000, 0x0000000710e00000|
| 271|0x0000000710f00000, 0x0000000710f00000, 0x0000000711000000|  0%| F|  |TS  0|AC  0|TAMS 0x0000000710f00000, 0x0000000710f00000|
| 272|0x0000000711000000, 0x0000000711000000, 0x0000000711100000|  0%| F|  |TS  0|AC  0|TAMS 0x0000000711000000, 0x0000000711000000|
| 273|0x0000000711100000, 0x0000000711100000, 0x0000000711200000|  0%| F|  |TS  0|AC  0|TAMS 0x0000000711100000, 0x0000000711100000|
| 274|0x0000000711200000, 0x0000000711200000, 0x0000000711300000|  0%| F|  |TS  0|AC  0|TAMS 0x0000000711200000, 0x0000000711200000|
| 275|0x0000000711300000, 0x0000000711300000, 0x0000000711400000|  0%| F|  |TS  0|AC  0|TAMS 0x0000000711300000, 0x0000000711300000|
| 276|0x0000000711400000, 0x0000000711400000, 0x0000000711500000|  0%| F|  |TS  0|AC  0|TAMS 0x0000000711400000, 0x0000000711400000|
| 277|0x0000000711500000, 0x0000000711500000, 0x0000000711600000|  0%| F|  |TS  0|AC  0|TAMS 0x0000000711500000, 0x0000000711500000|
| 278|0x0000000711600000, 0x0000000711600000, 0x0000000711700000|  0%| F|  |TS  0|AC  0|TAMS 0x0000000711600000, 0x0000000711600000|
| 279|0x0000000711700000, 0x0000000711700000, 0x0000000711800000|  0%| F|  |TS  0|AC  0|TAMS 0x0000000711700000, 0x0000000711700000|
| 280|0x0000000711800000, 0x0000000711800000, 0x0000000711900000|  0%| F|  |TS  0|AC  0|TAMS 0x0000000711800000, 0x0000000711800000|
| 281|0x0000000711900000, 0x0000000711900000, 0x0000000711a00000|  0%| F|  |TS  0|AC  0|TAMS 0x0000000711900000, 0x0000000711900000|
| 282|0x0000000711a00000, 0x0000000711a00000, 0x0000000711b00000|  0%| F|  |TS 13|AC  0|TAMS 0x0000000711a00000, 0x0000000711a00000|
| 283|0x0000000711b00000, 0x0000000711be2440, 0x0000000711c00000| 88%| S|CS|TS 15|AC  0|TAMS 0x0000000711b00000, 0x0000000711b00000|
| 284|0x0000000711c00000, 0x0000000711c00000, 0x0000000711d00000|  0%| F|  |TS 15|AC  0|TAMS 0x0000000711c00000, 0x0000000711c00000|
| 285|0x0000000711d00000, 0x0000000711d00000, 0x0000000711e00000|  0%| F|  |TS 15|AC  0|TAMS 0x0000000711d00000, 0x0000000711d00000|
| 286|0x0000000711e00000, 0x0000000711e00000, 0x0000000711f00000|  0%| F|  |TS 15|AC  0|TAMS 0x0000000711e00000, 0x0000000711e00000|
| 287|0x0000000711f00000, 0x0000000711f00000, 0x0000000712000000|  0%| F|  |TS 15|AC  0|TAMS 0x0000000711f00000, 0x0000000711f00000|
| 288|0x0000000712000000, 0x0000000712000000, 0x0000000712100000|  0%| F|  |TS 15|AC  0|TAMS 0x0000000712000000, 0x0000000712000000|
| 289|0x0000000712100000, 0x00000007121bd420, 0x0000000712200000| 73%| E|  |TS 15|AC  0|TAMS 0x0000000712100000, 0x0000000712100000|
| 290|0x0000000712200000, 0x0000000712300000, 0x0000000712300000|100%| E|CS|TS 15|AC  0|TAMS 0x0000000712200000, 0x0000000712200000|
| 291|0x0000000712300000, 0x0000000712400000, 0x0000000712400000|100%| E|CS|TS 15|AC  0|TAMS 0x0000000712300000, 0x0000000712300000|
| 292|0x0000000712400000, 0x0000000712500000, 0x0000000712500000|100%| E|CS|TS 15|AC  0|TAMS 0x0000000712400000, 0x0000000712400000|
| 293|0x0000000712500000, 0x0000000712600000, 0x0000000712600000|100%| E|CS|TS 15|AC  0|TAMS 0x0000000712500000, 0x0000000712500000|
| 294|0x0000000712600000, 0x0000000712700000, 0x0000000712700000|100%| E|CS|TS 15|AC  0|TAMS 0x0000000712600000, 0x0000000712600000|
| 295|0x0000000712700000, 0x0000000712800000, 0x0000000712800000|100%| E|CS|TS 15|AC  0|TAMS 0x0000000712700000, 0x0000000712700000|
| 296|0x0000000712800000, 0x0000000712900000, 0x0000000712900000|100%| E|CS|TS 15|AC  0|TAMS 0x0000000712800000, 0x0000000712800000|
| 297|0x0000000712900000, 0x0000000712a00000, 0x0000000712a00000|100%| E|CS|TS 15|AC  0|TAMS 0x0000000712900000, 0x0000000712900000|
| 298|0x0000000712a00000, 0x0000000712b00000, 0x0000000712b00000|100%| E|CS|TS 15|AC  0|TAMS 0x0000000712a00000, 0x0000000712a00000|
| 299|0x0000000712b00000, 0x0000000712c00000, 0x0000000712c00000|100%| E|CS|TS 15|AC  0|TAMS 0x0000000712b00000, 0x0000000712b00000|
| 300|0x0000000712c00000, 0x0000000712d00000, 0x0000000712d00000|100%| E|CS|TS 15|AC  0|TAMS 0x0000000712c00000, 0x0000000712c00000|
| 301|0x0000000712d00000, 0x0000000712e00000, 0x0000000712e00000|100%| E|CS|TS 15|AC  0|TAMS 0x0000000712d00000, 0x0000000712d00000|
| 302|0x0000000712e00000, 0x0000000712f00000, 0x0000000712f00000|100%| E|CS|TS 15|AC  0|TAMS 0x0000000712e00000, 0x0000000712e00000|
| 303|0x0000000712f00000, 0x0000000713000000, 0x0000000713000000|100%| E|CS|TS 15|AC  0|TAMS 0x0000000712f00000, 0x0000000712f00000|
| 304|0x0000000713000000, 0x0000000713100000, 0x0000000713100000|100%| E|CS|TS 15|AC  0|TAMS 0x0000000713000000, 0x0000000713000000|
| 305|0x0000000713100000, 0x0000000713200000, 0x0000000713200000|100%| E|CS|TS 15|AC  0|TAMS 0x0000000713100000, 0x0000000713100000|
| 306|0x0000000713200000, 0x0000000713300000, 0x0000000713300000|100%| E|CS|TS 15|AC  0|TAMS 0x0000000713200000, 0x0000000713200000|
| 307|0x0000000713300000, 0x0000000713400000, 0x0000000713400000|100%| E|CS|TS 15|AC  0|TAMS 0x0000000713300000, 0x0000000713300000|
| 308|0x0000000713400000, 0x0000000713500000, 0x0000000713500000|100%| E|CS|TS 15|AC  0|TAMS 0x0000000713400000, 0x0000000713400000|
| 309|0x0000000713500000, 0x0000000713600000, 0x0000000713600000|100%| E|CS|TS 15|AC  0|TAMS 0x0000000713500000, 0x0000000713500000|
| 310|0x0000000713600000, 0x0000000713700000, 0x0000000713700000|100%| E|CS|TS 15|AC  0|TAMS 0x0000000713600000, 0x0000000713600000|
| 311|0x0000000713700000, 0x0000000713800000, 0x0000000713800000|100%| E|CS|TS 15|AC  0|TAMS 0x0000000713700000, 0x0000000713700000|
| 312|0x0000000713800000, 0x0000000713900000, 0x0000000713900000|100%| E|CS|TS 15|AC  0|TAMS 0x0000000713800000, 0x0000000713800000|
| 313|0x0000000713900000, 0x0000000713a00000, 0x0000000713a00000|100%| E|CS|TS 15|AC  0|TAMS 0x0000000713900000, 0x0000000713900000|
| 314|0x0000000713a00000, 0x0000000713b00000, 0x0000000713b00000|100%| E|CS|TS 15|AC  0|TAMS 0x0000000713a00000, 0x0000000713a00000|
| 315|0x0000000713b00000, 0x0000000713c00000, 0x0000000713c00000|100%| E|CS|TS 15|AC  0|TAMS 0x0000000713b00000, 0x0000000713b00000|
| 316|0x0000000713c00000, 0x0000000713d00000, 0x0000000713d00000|100%| E|CS|TS 15|AC  0|TAMS 0x0000000713c00000, 0x0000000713c00000|
| 317|0x0000000713d00000, 0x0000000713e00000, 0x0000000713e00000|100%| E|CS|TS 15|AC  0|TAMS 0x0000000713d00000, 0x0000000713d00000|
| 318|0x0000000713e00000, 0x0000000713f00000, 0x0000000713f00000|100%| E|CS|TS 15|AC  0|TAMS 0x0000000713e00000, 0x0000000713e00000|
| 319|0x0000000713f00000, 0x0000000714000000, 0x0000000714000000|100%| E|CS|TS 15|AC  0|TAMS 0x0000000713f00000, 0x0000000713f00000|
| 320|0x0000000714000000, 0x0000000714100000, 0x0000000714100000|100%| E|CS|TS 15|AC  0|TAMS 0x0000000714000000, 0x0000000714000000|
| 321|0x0000000714100000, 0x0000000714200000, 0x0000000714200000|100%| E|CS|TS 15|AC  0|TAMS 0x0000000714100000, 0x0000000714100000|
| 322|0x0000000714200000, 0x0000000714300000, 0x0000000714300000|100%| E|CS|TS 15|AC  0|TAMS 0x0000000714200000, 0x0000000714200000|
| 323|0x0000000714300000, 0x0000000714400000, 0x0000000714400000|100%| E|CS|TS 15|AC  0|TAMS 0x0000000714300000, 0x0000000714300000|
| 324|0x0000000714400000, 0x0000000714500000, 0x0000000714500000|100%| E|CS|TS 15|AC  0|TAMS 0x0000000714400000, 0x0000000714400000|
| 325|0x0000000714500000, 0x0000000714600000, 0x0000000714600000|100%| E|CS|TS 15|AC  0|TAMS 0x0000000714500000, 0x0000000714500000|
| 326|0x0000000714600000, 0x0000000714700000, 0x0000000714700000|100%| E|CS|TS 15|AC  0|TAMS 0x0000000714600000, 0x0000000714600000|
| 327|0x0000000714700000, 0x0000000714800000, 0x0000000714800000|100%| E|CS|TS 15|AC  0|TAMS 0x0000000714700000, 0x0000000714700000|
| 328|0x0000000714800000, 0x0000000714900000, 0x0000000714900000|100%| E|CS|TS 15|AC  0|TAMS 0x0000000714800000, 0x0000000714800000|
| 329|0x0000000714900000, 0x0000000714a00000, 0x0000000714a00000|100%| E|CS|TS 15|AC  0|TAMS 0x0000000714900000, 0x0000000714900000|
| 330|0x0000000714a00000, 0x0000000714b00000, 0x0000000714b00000|100%| E|CS|TS 15|AC  0|TAMS 0x0000000714a00000, 0x0000000714a00000|
| 331|0x0000000714b00000, 0x0000000714c00000, 0x0000000714c00000|100%| E|CS|TS 15|AC  0|TAMS 0x0000000714b00000, 0x0000000714b00000|
| 332|0x0000000714c00000, 0x0000000714d00000, 0x0000000714d00000|100%| E|CS|TS 15|AC  0|TAMS 0x0000000714c00000, 0x0000000714c00000|
| 333|0x0000000714d00000, 0x0000000714e00000, 0x0000000714e00000|100%| E|CS|TS 15|AC  0|TAMS 0x0000000714d00000, 0x0000000714d00000|
| 334|0x0000000714e00000, 0x0000000714f00000, 0x0000000714f00000|100%| E|CS|TS 15|AC  0|TAMS 0x0000000714e00000, 0x0000000714e00000|
| 335|0x0000000714f00000, 0x0000000715000000, 0x0000000715000000|100%| E|CS|TS 15|AC  0|TAMS 0x0000000714f00000, 0x0000000714f00000|
| 336|0x0000000715000000, 0x0000000715100000, 0x0000000715100000|100%| E|CS|TS 15|AC  0|TAMS 0x0000000715000000, 0x0000000715000000|
| 337|0x0000000715100000, 0x0000000715200000, 0x0000000715200000|100%| E|CS|TS 15|AC  0|TAMS 0x0000000715100000, 0x0000000715100000|
| 338|0x0000000715200000, 0x0000000715300000, 0x0000000715300000|100%| E|CS|TS 15|AC  0|TAMS 0x0000000715200000, 0x0000000715200000|
| 339|0x0000000715300000, 0x0000000715400000, 0x0000000715400000|100%| E|CS|TS 15|AC  0|TAMS 0x0000000715300000, 0x0000000715300000|
| 340|0x0000000715400000, 0x0000000715500000, 0x0000000715500000|100%| E|CS|TS 15|AC  0|TAMS 0x0000000715400000, 0x0000000715400000|
| 341|0x0000000715500000, 0x0000000715600000, 0x0000000715600000|100%| E|CS|TS 15|AC  0|TAMS 0x0000000715500000, 0x0000000715500000|
| 342|0x0000000715600000, 0x0000000715700000, 0x0000000715700000|100%| E|CS|TS 15|AC  0|TAMS 0x0000000715600000, 0x0000000715600000|
| 343|0x0000000715700000, 0x0000000715800000, 0x0000000715800000|100%| E|CS|TS 15|AC  0|TAMS 0x0000000715700000, 0x0000000715700000|

Card table byte_map: [0x0000020b83140000,0x0000020b83740000] byte_map_base: 0x0000020b7f940000

Marking Bits (Prev, Next): (CMBitMap*) 0x0000020b856b6398, (CMBitMap*) 0x0000020b856b6360
 Prev Bits: [0x0000020b9ee00000, 0x0000020ba1e00000)
 Next Bits: [0x0000020b9be00000, 0x0000020b9ee00000)

Polling page: 0x0000020b80050000

CodeHeap 'non-profiled nmethods': size=120000Kb used=28758Kb max_used=29830Kb free=91241Kb
 bounds [0x0000020b948d0000, 0x0000020b96600000, 0x0000020b9be00000]
CodeHeap 'profiled nmethods': size=120000Kb used=41951Kb max_used=47283Kb free=78048Kb
 bounds [0x0000020b8d3a0000, 0x0000020b90330000, 0x0000020b948d0000]
CodeHeap 'non-nmethods': size=5760Kb used=1858Kb max_used=1945Kb free=3901Kb
 bounds [0x0000020b8ce00000, 0x0000020b8d070000, 0x0000020b8d3a0000]
 total_blobs=41143 nmethods=19451 adapters=1229
 compilation: enabled

Compilation events (10 events):
Event: 6909.493 Thread 0x0000020b856fa800 27269       3       sun.awt.windows.WComponentPeer::replaceSurfaceDataLater (42 bytes)
Event: 6909.494 Thread 0x0000020b856fa800 nmethod 27269 0x0000020b8e4eef90 code [0x0000020b8e4ef240, 0x0000020b8e4f0320]
Event: 6909.494 Thread 0x0000020b856fa800 27270       3       sun.awt.windows.WComponentPeer$2::<init> (10 bytes)
Event: 6909.494 Thread 0x0000020b856fa800 nmethod 27270 0x0000020b8dcc8c90 code [0x0000020b8dcc8e40, 0x0000020b8dcc9058]
Event: 6909.497 Thread 0x0000020b856fa800 27271   !   3       sun.awt.windows.WComponentPeer$2::run (22 bytes)
Event: 6909.497 Thread 0x0000020b856fa800 nmethod 27271 0x0000020b8dd15410 code [0x0000020b8dd155e0, 0x0000020b8dd15910]
Event: 6909.510 Thread 0x0000020b85a40800 27272       4       ui.views.c.k.a::dVe (8 bytes)
Event: 6909.511 Thread 0x0000020b85a40800 nmethod 27272 0x0000020b95305f90 code [0x0000020b95306140, 0x0000020b95306258]
Event: 6909.511 Thread 0x0000020b856fa000 27273       4       ui.views.c.s.o::dVe (27 bytes)
Event: 6909.517 Thread 0x0000020b856fa000 nmethod 27273 0x0000020b9532c590 code [0x0000020b9532c780, 0x0000020b9532cbb8]

GC Heap History (10 events):
Event: 6892.627 GC heap before
{Heap before GC invocations=1533 (full 693):
 garbage-first heap   total 352256K, used 166528K [0x0000000700000000, 0x0000000700100ac0, 0x00000007c0000000)
  region size 1024K, 60 young (61440K), 1 survivors (1024K)
 Metaspace       used 89339K, capacity 91265K, committed 99760K, reserved 1134592K
  class space    used 11783K, capacity 12183K, committed 14000K, reserved 1048576K
}
Event: 6892.629 GC heap after
{Heap after GC invocations=1534 (full 693):
 garbage-first heap   total 352256K, used 106085K [0x0000000700000000, 0x0000000700100ac0, 0x00000007c0000000)
  region size 1024K, 1 young (1024K), 1 survivors (1024K)
 Metaspace       used 89339K, capacity 91265K, committed 99760K, reserved 1134592K
  class space    used 11783K, capacity 12183K, committed 14000K, reserved 1048576K
}
Event: 6893.922 GC heap before
{Heap before GC invocations=1534 (full 693):
 garbage-first heap   total 352256K, used 166501K [0x0000000700000000, 0x0000000700100ac0, 0x00000007c0000000)
  region size 1024K, 60 young (61440K), 1 survivors (1024K)
 Metaspace       used 89339K, capacity 91265K, committed 99760K, reserved 1134592K
  class space    used 11783K, capacity 12183K, committed 14000K, reserved 1048576K
}
Event: 6893.925 GC heap after
{Heap after GC invocations=1535 (full 693):
 garbage-first heap   total 352256K, used 106594K [0x0000000700000000, 0x0000000700100ac0, 0x00000007c0000000)
  region size 1024K, 1 young (1024K), 1 survivors (1024K)
 Metaspace       used 89339K, capacity 91265K, committed 99760K, reserved 1134592K
  class space    used 11783K, capacity 12183K, committed 14000K, reserved 1048576K
}
Event: 6900.580 GC heap before
{Heap before GC invocations=1535 (full 693):
 garbage-first heap   total 352256K, used 167010K [0x0000000700000000, 0x0000000700100ac0, 0x00000007c0000000)
  region size 1024K, 60 young (61440K), 1 survivors (1024K)
 Metaspace       used 89340K, capacity 91265K, committed 99760K, reserved 1134592K
  class space    used 11783K, capacity 12183K, committed 14000K, reserved 1048576K
}
Event: 6900.583 GC heap after
{Heap after GC invocations=1536 (full 693):
 garbage-first heap   total 352256K, used 106669K [0x0000000700000000, 0x0000000700100ac0, 0x00000007c0000000)
  region size 1024K, 2 young (2048K), 2 survivors (2048K)
 Metaspace       used 89340K, capacity 91265K, committed 99760K, reserved 1134592K
  class space    used 11783K, capacity 12183K, committed 14000K, reserved 1048576K
}
Event: 6902.001 GC heap before
{Heap before GC invocations=1536 (full 693):
 garbage-first heap   total 352256K, used 166061K [0x0000000700000000, 0x0000000700100ac0, 0x00000007c0000000)
  region size 1024K, 60 young (61440K), 2 survivors (2048K)
 Metaspace       used 89340K, capacity 91265K, committed 99760K, reserved 1134592K
  class space    used 11783K, capacity 12183K, committed 14000K, reserved 1048576K
}
Event: 6902.003 GC heap after
{Heap after GC invocations=1537 (full 693):
 garbage-first heap   total 352256K, used 106294K [0x0000000700000000, 0x0000000700100ac0, 0x00000007c0000000)
  region size 1024K, 1 young (1024K), 1 survivors (1024K)
 Metaspace       used 89340K, capacity 91265K, committed 99760K, reserved 1134592K
  class space    used 11783K, capacity 12183K, committed 14000K, reserved 1048576K
}
Event: 6908.395 GC heap before
{Heap before GC invocations=1537 (full 693):
 garbage-first heap   total 352256K, used 166710K [0x0000000700000000, 0x0000000700100ac0, 0x00000007c0000000)
  region size 1024K, 60 young (61440K), 1 survivors (1024K)
 Metaspace       used 89343K, capacity 91265K, committed 99760K, reserved 1134592K
  class space    used 11783K, capacity 12183K, committed 14000K, reserved 1048576K
}
Event: 6908.398 GC heap after
{Heap after GC invocations=1538 (full 693):
 garbage-first heap   total 352256K, used 106531K [0x0000000700000000, 0x0000000700100ac0, 0x00000007c0000000)
  region size 1024K, 1 young (1024K), 1 survivors (1024K)
 Metaspace       used 89343K, capacity 91265K, committed 99760K, reserved 1134592K
  class space    used 11783K, capacity 12183K, committed 14000K, reserved 1048576K
}

Deoptimization events (10 events):
Event: 5132.048 Thread 0x0000020ba44e6000 Uncommon trap: reason=unstable_if action=reinterpret pc=0x0000020b956790b0 method=javax.swing.text.BoxView.paint(Ljava/awt/Graphics;Ljava/awt/Shape;)V @ 221 c2
Event: 5134.263 Thread 0x0000020ba44e6000 Uncommon trap: reason=class_check action=maybe_recompile pc=0x0000020b94a6ed7c method=java.nio.charset.CharsetEncoder.reset()Ljava/nio/charset/CharsetEncoder; @ 1 c2
Event: 5134.263 Thread 0x0000020ba44e6000 Uncommon trap: reason=class_check action=maybe_recompile pc=0x0000020b94a6ed7c method=java.nio.charset.CharsetEncoder.reset()Ljava/nio/charset/CharsetEncoder; @ 1 c2
Event: 5134.268 Thread 0x0000020ba44e6000 Uncommon trap: reason=class_check action=maybe_recompile pc=0x0000020b956a1d64 method=javax.swing.JViewport.canUseWindowBlitter()Z @ 258 c2
Event: 5134.268 Thread 0x0000020ba44e6000 Uncommon trap: reason=speculate_class_check action=maybe_recompile pc=0x0000020b95854374 method=javax.swing.JComponent.getBounds(Ljava/awt/Rectangle;)Ljava/awt/Rectangle; @ 17 c2
Event: 5273.244 Thread 0x0000020ba44e6000 Uncommon trap: reason=class_check action=maybe_recompile pc=0x0000020b95d01334 method=sun.java2d.SunGraphics2D.drawBytes([BIIII)V @ 141 c2
Event: 5438.529 Thread 0x0000020ba44e6000 Uncommon trap: reason=class_check action=maybe_recompile pc=0x0000020b959f4064 method=com.jidesoft.docking.DefaultDockingManager.handleEvent(Ljava/awt/AWTEvent;)Z @ 2252 c2
Event: 5806.875 Thread 0x0000020ba44e6000 Uncommon trap: reason=unstable_if action=reinterpret pc=0x0000020b9650f83c method=javax.swing.JViewport.canUseWindowBlitter()Z @ 269 c2
Event: 5810.860 Thread 0x0000020ba44e6000 Uncommon trap: reason=class_check action=maybe_recompile pc=0x0000020b95d01334 method=sun.java2d.SunGraphics2D.drawBytes([BIIII)V @ 141 c2
Event: 6191.464 Thread 0x0000020ba44e6000 Uncommon trap: reason=bimorphic_or_optimized_type_check action=maybe_recompile pc=0x0000020b949d3f04 method=javax.swing.plaf.basic.BasicLookAndFeel$AWTEventHelper.eventDispatched(Ljava/awt/AWTEvent;)V @ 103 c2

Classes redefined (0 events):
No events

Internal exceptions (10 events):
Event: 3126.384 Thread 0x0000020bac802800 Exception <a 'java/lang/InterruptedException'{0x0000000714800040}: sleep interrupted> (0x0000000714800040) thrown at [t:/workspace/hotspot/src/share/vm/prims/jvm.cpp, line 3023]
Event: 5083.391 Thread 0x0000020ba44e6000 Implicit null exception at 0x0000020b956eb9e9 to 0x0000020b956ecda1
Event: 5124.496 Thread 0x0000020ba44e6000 Implicit null exception at 0x0000020b95419a78 to 0x0000020b95419ddd
Event: 5124.497 Thread 0x0000020ba44e6000 Implicit null exception at 0x0000020b958a6a31 to 0x0000020b958ad605
Event: 5124.498 Thread 0x0000020ba44e6000 Implicit null exception at 0x0000020b95d2de8d to 0x0000020b95d2e1b1
Event: 5124.511 Thread 0x0000020ba44e6000 Implicit null exception at 0x0000020b96342d9c to 0x0000020b96344565
Event: 5124.523 Thread 0x0000020ba44e6000 Exception <a 'java/lang/ClassNotFoundException'{0x00000007129e4a50}: ui/utils/i/g/nBeanInfo> (0x00000007129e4a50) thrown at [t:/workspace/hotspot/src/share/vm/classfile/systemDictionary.cpp, line 218]
Event: 5124.523 Thread 0x0000020ba44e6000 Exception <a 'java/lang/ClassNotFoundException'{0x00000007129fd0c8}: ui/utils/i/g/nCustomizer> (0x00000007129fd0c8) thrown at [t:/workspace/hotspot/src/share/vm/classfile/systemDictionary.cpp, line 218]
Event: 5124.567 Thread 0x0000020ba44e6000 Implicit null exception at 0x0000020b958de627 to 0x0000020b958e003d
Event: 5124.668 Thread 0x0000020ba44e6000 Implicit null exception at 0x0000020b95b3c2bc to 0x0000020b95b3d145

Events (10 events):
Event: 6908.524 Executing VM operation: RevokeBias done
Event: 6909.135 Thread 0x0000020bac7fd800 Thread added: 0x0000020bac7fd800
Event: 6909.139 Thread 0x0000020bac7fd800 Thread exited: 0x0000020bac7fd800
Event: 6909.486 Thread 0x0000020bac7fd800 Thread added: 0x0000020bac7fd800
Event: 6909.488 Executing VM operation: RevokeBias
Event: 6909.490 Executing VM operation: RevokeBias done
Event: 6909.491 Executing VM operation: RevokeBias
Event: 6909.491 Executing VM operation: RevokeBias done
Event: 6910.136 Thread 0x0000020bac807800 Thread added: 0x0000020bac807800
Event: 6910.139 Thread 0x0000020bac807800 Thread exited: 0x0000020bac807800


Dynamic libraries:
0x00007ff7d48a0000 - 0x00007ff7d48d0000 	D:\Xilinx\Vivado\2019.1\bin\unwrapped\win64.o\vivado.exe
0x00007ffb81790000 - 0x00007ffb81985000 	C:\WINDOWS\SYSTEM32\ntdll.dll
0x00007ffb7fbd0000 - 0x00007ffb7fc8d000 	C:\WINDOWS\System32\KERNEL32.DLL
0x00007ffb7f1a0000 - 0x00007ffb7f468000 	C:\WINDOWS\System32\KERNELBASE.dll
0x00007ffb7efb0000 - 0x00007ffb7f0b0000 	C:\WINDOWS\System32\ucrtbase.dll
0x00007ffb53520000 - 0x00007ffb535ad000 	C:\WINDOWS\SYSTEM32\MSVCP140.dll
0x00007ffb53500000 - 0x00007ffb5351a000 	C:\WINDOWS\SYSTEM32\VCRUNTIME140.dll
0x00007ffb534f0000 - 0x00007ffb534fc000 	C:\WINDOWS\SYSTEM32\VCRUNTIME140_1.dll
0x00007ffb26c50000 - 0x00007ffb27b32000 	D:\Xilinx\Vivado\2019.1\lib\win64.o\librdi_common.dll
0x00007ffb77680000 - 0x00007ffb77694000 	D:\Xilinx\Vivado\2019.1\lib\win64.o\librdi_commonmain.dll
0x00007ffb75be0000 - 0x00007ffb75bf4000 	D:\Xilinx\Vivado\2019.1\lib\win64.o\libboost_signals.dll
0x00007ffb800b0000 - 0x00007ffb80250000 	C:\WINDOWS\System32\USER32.dll
0x00007ffb7f470000 - 0x00007ffb7f492000 	C:\WINDOWS\System32\win32u.dll
0x00007ffb7fc90000 - 0x00007ffb7fcba000 	C:\WINDOWS\System32\GDI32.dll
0x00007ffb7f4a0000 - 0x00007ffb7f5ab000 	C:\WINDOWS\System32\gdi32full.dll
0x00007ffb7f0b0000 - 0x00007ffb7f14d000 	C:\WINDOWS\System32\msvcp_win.dll
0x00007ffb816a0000 - 0x00007ffb8174c000 	C:\WINDOWS\System32\ADVAPI32.dll
0x00007ffb813a0000 - 0x00007ffb8143e000 	C:\WINDOWS\System32\msvcrt.dll
0x00007ffb80990000 - 0x00007ffb80a2b000 	C:\WINDOWS\System32\sechost.dll
0x00007ffb7ff80000 - 0x00007ffb800ab000 	C:\WINDOWS\System32\RPCRT4.dll
0x00007ffb80250000 - 0x00007ffb8098f000 	C:\WINDOWS\System32\SHELL32.dll
0x00007ffb29e80000 - 0x00007ffb2a1ee000 	D:\Xilinx\Vivado\2019.1\lib\win64.o\libCOIN-all.dll
0x00007ffb62eb0000 - 0x00007ffb62ed6000 	D:\Xilinx\Vivado\2019.1\lib\win64.o\libboost_filesystem.dll
0x00007ffb6c910000 - 0x00007ffb6c924000 	D:\Xilinx\Vivado\2019.1\lib\win64.o\libboost_date_time.dll
0x00007ffb36400000 - 0x00007ffb36514000 	D:\Xilinx\Vivado\2019.1\lib\win64.o\libboost_regex.dll
0x00007ffb4d310000 - 0x00007ffb4d38f000 	D:\Xilinx\Vivado\2019.1\lib\win64.o\libboost_program_options.dll
0x00007ffb77670000 - 0x00007ffb7767b000 	D:\Xilinx\Vivado\2019.1\lib\win64.o\libboost_system.dll
0x00007ffb76490000 - 0x00007ffb7649a000 	D:\Xilinx\Vivado\2019.1\lib\win64.o\librdi_commonversion.dll
0x00007ffb61770000 - 0x00007ffb61791000 	D:\Xilinx\Vivado\2019.1\lib\win64.o\libboost_thread.dll
0x00007ffb35800000 - 0x00007ffb35921000 	D:\Xilinx\Vivado\2019.1\lib\win64.o\librdi_commonxillic.dll
0x00007ffb75bd0000 - 0x00007ffb75bdf000 	D:\Xilinx\Vivado\2019.1\lib\win64.o\libboost_xilinx.dll
0x0000000069a80000 - 0x0000000069bab000 	D:\Xilinx\Vivado\2019.1\lib\win64.o\tcl85t.dll
0x00007ffb80f90000 - 0x00007ffb80ffb000 	C:\WINDOWS\System32\WS2_32.dll
0x00007ffb390a0000 - 0x00007ffb39122000 	D:\Xilinx\Vivado\2019.1\lib\win64.o\libhdlpsolve.dll
0x00007ffb36d50000 - 0x00007ffb36df5000 	D:\Xilinx\Vivado\2019.1\lib\win64.o\libhdxml.dll
0x00007ffb260a0000 - 0x00007ffb26c4f400 	D:\Xilinx\Vivado\2019.1\lib\win64.o\libisl_iostreams.dll
0x00007ffb60750000 - 0x00007ffb6077e000 	D:\Xilinx\Vivado\2019.1\lib\win64.o\libisl_sysinfo.dll
0x00007ffb40180000 - 0x00007ffb401e5000 	D:\Xilinx\Vivado\2019.1\lib\win64.o\liblmx6.0.dll
0x00007ffb6c5c0000 - 0x00007ffb6c5da000 	D:\Xilinx\Vivado\2019.1\lib\win64.o\pthreadVC2.dll
0x00007ffb68740000 - 0x00007ffb6875c000 	D:\Xilinx\Vivado\2019.1\lib\win64.o\librdiconfig.dll
0x00007ffb49060000 - 0x00007ffb49081000 	D:\Xilinx\Vivado\2019.1\lib\win64.o\librdizlib.dll
0x00007ffb4fb60000 - 0x00007ffb5003d000 	C:\WINDOWS\SYSTEM32\WININET.dll
0x00007ffb5bab0000 - 0x00007ffb5bac8000 	C:\WINDOWS\SYSTEM32\NETAPI32.dll
0x00007ffb765f0000 - 0x00007ffb766fb000 	C:\WINDOWS\SYSTEM32\WINHTTP.dll
0x00007ffb6a7b0000 - 0x00007ffb6a99c000 	C:\WINDOWS\SYSTEM32\urlmon.dll
0x0000000012000000 - 0x0000000012270000 	D:\Xilinx\Vivado\2019.1\lib\win64.o\xerces-c_3_1.dll
0x00007ffb67e30000 - 0x00007ffb67e39000 	C:\WINDOWS\SYSTEM32\WSOCK32.dll
0x00007ffb486e0000 - 0x00007ffb48709000 	C:\WINDOWS\SYSTEM32\VCOMP140.DLL
0x00007ffb25200000 - 0x00007ffb26091000 	D:\Xilinx\Vivado\2019.1\lib\win64.o\gurobi65.dll
0x00007ffb24f20000 - 0x00007ffb251f8000 	D:\Xilinx\Vivado\2019.1\lib\win64.o\libXil_lmgr11.dll
0x00007ffb74180000 - 0x00007ffb7418d000 	D:\Xilinx\Vivado\2019.1\lib\win64.o\libboost_chrono.dll
0x00007ffb810e0000 - 0x00007ffb811ba000 	C:\WINDOWS\System32\COMDLG32.dll
0x00007ffb7f800000 - 0x00007ffb7fb55000 	C:\WINDOWS\System32\combase.dll
0x00007ffb7fcc0000 - 0x00007ffb7fd6e000 	C:\WINDOWS\System32\shcore.dll
0x00007ffb67c00000 - 0x00007ffb67c1b000 	D:\Xilinx\Vivado\2019.1\lib\win64.o\libboost_iostreams.dll
0x00007ffb81020000 - 0x00007ffb81075000 	C:\WINDOWS\System32\SHLWAPI.dll
0x00007ffb47f00000 - 0x00007ffb47f25000 	D:\Xilinx\Vivado\2019.1\lib\win64.o\libisl_iosutils.dll
0x00007ffb80a30000 - 0x00007ffb80afd000 	C:\WINDOWS\System32\OLEAUT32.dll
0x00007ffb811c0000 - 0x00007ffb812ea000 	C:\WINDOWS\System32\ole32.dll
0x00007ffb6abf0000 - 0x00007ffb6aea0000 	C:\WINDOWS\SYSTEM32\iertutil.dll
0x00007ffb7f710000 - 0x00007ffb7f770000 	C:\WINDOWS\System32\WINTRUST.dll
0x00007ffb7f5b0000 - 0x00007ffb7f70f000 	C:\WINDOWS\System32\CRYPT32.dll
0x00007ffb5c500000 - 0x00007ffb5c5b0000 	C:\WINDOWS\WinSxS\amd64_microsoft.windows.common-controls_6595b64144ccf1df_5.82.19041.844_none_423537bff6b9828c\COMCTL32.dll
0x00007ffb73570000 - 0x00007ffb7358d000 	C:\WINDOWS\SYSTEM32\dhcpcsvc.DLL
0x00007ffb7e460000 - 0x00007ffb7e46c000 	C:\WINDOWS\SYSTEM32\NETUTILS.DLL
0x00007ffb812f0000 - 0x00007ffb81320000 	C:\WINDOWS\System32\IMM32.DLL
0x00007ffb7eac0000 - 0x00007ffb7ead2000 	C:\WINDOWS\SYSTEM32\MSASN1.dll
0x00007ffb7d780000 - 0x00007ffb7d792000 	C:\WINDOWS\SYSTEM32\kernel.appcore.dll
0x00007ffb24a00000 - 0x00007ffb24f17000 	D:\Xilinx\Vivado\2019.1\lib\win64.o\librdi_commontasks.dll
0x00007ffb71d40000 - 0x00007ffb71d4a000 	C:\WINDOWS\SYSTEM32\VERSION.dll
0x00007ffb22bb0000 - 0x00007ffb22e36000 	D:\Xilinx\Vivado\2019.1\lib\win64.o\librdi_sio.dll
0x00007ffb7e350000 - 0x00007ffb7e38b000 	C:\WINDOWS\SYSTEM32\IPHLPAPI.DLL
0x0000000066710000 - 0x0000000067135000 	D:\Xilinx\Vivado\2019.1\tps\win64\jre9.0.4\bin\server\jvm.dll
0x00007ffb7fbc0000 - 0x00007ffb7fbc8000 	C:\WINDOWS\System32\PSAPI.DLL
0x00007ffb5c870000 - 0x00007ffb5c897000 	C:\WINDOWS\SYSTEM32\WINMM.dll
0x00007ffb7e6b0000 - 0x00007ffb7e71a000 	C:\WINDOWS\SYSTEM32\MSWSOCK.DLL
0x00007ffb4f670000 - 0x00007ffb4f75f000 	C:\WINDOWS\SYSTEM32\MSVCR120.dll
0x00007ffb7cfe0000 - 0x00007ffb7d770000 	C:\WINDOWS\SYSTEM32\windows.storage.dll
0x00007ffb7e940000 - 0x00007ffb7e96c000 	C:\WINDOWS\SYSTEM32\Wldp.dll
0x00007ffb1b570000 - 0x00007ffb1da2c000 	D:\Xilinx\Vivado\2019.1\lib\win64.o\librdi_tcltasks.dll
0x00007ffb227a0000 - 0x00007ffb22ba8000 	D:\Xilinx\Vivado\2019.1\lib\win64.o\librdi_bitstream.dll
0x00007ffb35600000 - 0x00007ffb356eb000 	D:\Xilinx\Vivado\2019.1\lib\win64.o\librdi_chipscope.dll
0x00007ffb3f2d0000 - 0x00007ffb3f348000 	D:\Xilinx\Vivado\2019.1\lib\win64.o\librdi_boarddep.dll
0x00007ffb2ed70000 - 0x00007ffb2ef01000 	D:\Xilinx\Vivado\2019.1\lib\win64.o\librdi_board.dll
0x00007ffb19b80000 - 0x00007ffb1b56a000 	D:\Xilinx\Vivado\2019.1\lib\win64.o\librdi_constraints.dll
0x00007ffb0f170000 - 0x00007ffb11021000 	D:\Xilinx\Vivado\2019.1\lib\win64.o\librdi_coregen.dll
0x00007ffb2c670000 - 0x00007ffb2c82d000 	D:\Xilinx\Vivado\2019.1\lib\win64.o\librdi_chipscopeimpl.dll
0x00007ffb2adb0000 - 0x00007ffb2af06000 	D:\Xilinx\Vivado\2019.1\lib\win64.o\librdi_containers.dll
0x00007ffb18930000 - 0x00007ffb1900a000 	D:\Xilinx\Vivado\2019.1\lib\win64.o\librdi_coregenipxact.dll
0x00007ffb17f40000 - 0x00007ffb1825e000 	D:\Xilinx\Vivado\2019.1\lib\win64.o\librdi_dlyest.dll
0x00007ffaeb9a0000 - 0x00007ffaef9e3000 	D:\Xilinx\Vivado\2019.1\lib\win64.o\librdi_designutils.dll
0x00007ffb16eb0000 - 0x00007ffb1744a000 	D:\Xilinx\Vivado\2019.1\lib\win64.o\librdi_drc.dll
0x00007ffb33370000 - 0x00007ffb33434000 	D:\Xilinx\Vivado\2019.1\lib\win64.o\librdi_dsp.dll
0x00007ffad69f0000 - 0x00007ffae8e1c000 	D:\Xilinx\Vivado\2019.1\lib\win64.o\librdi_device.dll
0x00007ffb22230000 - 0x00007ffb22513000 	D:\Xilinx\Vivado\2019.1\lib\win64.o\librdi_guitools.dll
0x00007ffb15f40000 - 0x00007ffb1658d000 	D:\Xilinx\Vivado\2019.1\lib\win64.o\librdi_filemgmt.dll
0x00007ffb38e90000 - 0x00007ffb38ef5000 	D:\Xilinx\Vivado\2019.1\lib\win64.o\librdi_hdf.dll
0x00007ffb13dc0000 - 0x00007ffb143d5000 	D:\Xilinx\Vivado\2019.1\lib\win64.o\librdi_memdata.dll
0x00007ffb124c0000 - 0x00007ffb13a80000 	D:\Xilinx\Vivado\2019.1\lib\win64.o\librdi_implflow.dll
0x00007ffb38710000 - 0x00007ffb38783000 	D:\Xilinx\Vivado\2019.1\lib\win64.o\librdi_memoryarray.dll
0x00007ffb05c90000 - 0x00007ffb08976000 	D:\Xilinx\Vivado\2019.1\lib\win64.o\librdi_mig.dll
0x00007ffb11a50000 - 0x00007ffb120f2000 	D:\Xilinx\Vivado\2019.1\lib\win64.o\librdi_netlist.dll
0x00007ffb3c0d0000 - 0x00007ffb3c11b000 	D:\Xilinx\Vivado\2019.1\lib\win64.o\librdi_pfi.dll
0x00007ffb17880000 - 0x00007ffb17b8f000 	D:\Xilinx\Vivado\2019.1\lib\win64.o\librdi_platform.dll
0x00007ffb0caf0000 - 0x00007ffb0f166000 	D:\Xilinx\Vivado\2019.1\lib\win64.o\librdi_place.dll
0x00007ffb0b3b0000 - 0x00007ffb0b92f000 	D:\Xilinx\Vivado\2019.1\lib\win64.o\librdi_project.dll
0x00007ffb0b930000 - 0x00007ffb0c07a000 	D:\Xilinx\Vivado\2019.1\lib\win64.o\librdi_power.dll
0x00007ffb0aca0000 - 0x00007ffb0b3a9000 	D:\Xilinx\Vivado\2019.1\lib\win64.o\librdi_psta.dll
0x00007ffb0a590000 - 0x00007ffb0ac96000 	D:\Xilinx\Vivado\2019.1\lib\win64.o\librdi_rsb.dll
0x00007ffb0c6f0000 - 0x00007ffb0cae1000 	D:\Xilinx\Vivado\2019.1\lib\win64.o\librdi_runs.dll
0x00007ffb2c360000 - 0x00007ffb2c45a000 	D:\Xilinx\Vivado\2019.1\lib\win64.o\librdi_runsbase.dll
0x00007ffb22540000 - 0x00007ffb22796000 	D:\Xilinx\Vivado\2019.1\lib\win64.o\librdi_simdata.dll
0x00007ffb09770000 - 0x00007ffb0a581000 	D:\Xilinx\Vivado\2019.1\lib\win64.o\librdi_timing.dll
0x00007ffb2a6f0000 - 0x00007ffb2a862000 	D:\Xilinx\Vivado\2019.1\lib\win64.o\librdi_advchipscopeimpl.dll
0x00007ffb29ce0000 - 0x00007ffb29e7f000 	D:\Xilinx\Vivado\2019.1\lib\win64.o\librdi_hip_devdesign.dll
0x00007ffb3be00000 - 0x00007ffb3be4c000 	D:\Xilinx\Vivado\2019.1\lib\win64.o\libboost_serialization.dll
0x00007ffb2b070000 - 0x00007ffb2b132000 	D:\Xilinx\Vivado\2019.1\lib\win64.o\librdi_ipconfig_readwrite.dll
0x00007ffb38170000 - 0x00007ffb381b3000 	D:\Xilinx\Vivado\2019.1\lib\win64.o\librdi_noc_frameworks.dll
0x00007ffb01070000 - 0x00007ffb01bb7000 	D:\Xilinx\Vivado\2019.1\lib\win64.o\libverific.dll
0x00007ffb2ef40000 - 0x00007ffb2efde000 	D:\Xilinx\Vivado\2019.1\lib\win64.o\libise.dll
0x00007ffb08cb0000 - 0x00007ffb09095000 	D:\Xilinx\Vivado\2019.1\lib\win64.o\librdi_hip_config.dll
0x00007ffb05740000 - 0x00007ffb05c8e000 	D:\Xilinx\Vivado\2019.1\lib\win64.o\librdi_xdm.dll
0x00007ffb00a70000 - 0x00007ffb0106c000 	D:\Xilinx\Vivado\2019.1\lib\win64.o\librdi_wavedata.dll
0x00007ffb46740000 - 0x00007ffb46780000 	D:\Xilinx\Vivado\2019.1\lib\win64.o\librdi_wavedata_SimpleApi.dll
0x00007ffaff8e0000 - 0x00007ffb00a6d000 	D:\Xilinx\Vivado\2019.1\lib\win64.o\librdi_route.dll
0x00007ffb426f0000 - 0x00007ffb4272f000 	D:\Xilinx\Vivado\2019.1\lib\win64.o\librdi_schedmon.dll
0x00007ffaf88a0000 - 0x00007ffafa86d000 	D:\Xilinx\Vivado\2019.1\lib\win64.o\librdi_synth.dll
0x00007ffb36040000 - 0x00007ffb360c8000 	D:\Xilinx\Vivado\2019.1\lib\win64.o\librdi_meir_core.dll

VM Arguments:
jvm_args: -Dsun.java2d.pmoffscreen=false -Dsun.java2d.xrender=false -Dsun.java2d.d3d=false -Dsun.awt.nopixfmt=true -Dsun.java2d.dpiaware=true -Dsun.java2d.uiScale.enabled=false -Xverify:none -Dswing.aatext=true -XX:-UsePerfData -Djdk.map.althashing.threshold=512 -XX:StringTableSize=4072 --add-opens=java.base/java.nio=ALL-UNNAMED --add-opens=java.desktop/sun.swing=ALL-UNNAMED --add-opens=java.desktop/javax.swing=ALL-UNNAMED --add-opens=java.desktop/javax.swing.tree=ALL-UNNAMED --add-opens=java.desktop/javax.swing.plaf.basic=ALL-UNNAMED --add-opens=java.desktop/javax.swing.plaf.synth=ALL-UNNAMED --add-opens=java.desktop/com.sun.awt=ALL-UNNAMED -XX:NewSize=60m -XX:MaxNewSize=60m -Xms128m -Xmx3072m -Xss5m 
java_command: <unknown>
java_class_path (initial): D:/Xilinx/Vivado/2019.1\lib\classes\alloy.jar;D:/Xilinx/Vivado/2019.1\lib\classes\autopilot.scelaborator.jar;D:/Xilinx/Vivado/2019.1\lib\classes\autopilot.sourceprocessor.jar;D:/Xilinx/Vivado/2019.1\lib\classes\autopilot.tbprocessor.jar;D:/Xilinx/Vivado/2019.1\lib\classes\batik-anim.jar;D:/Xilinx/Vivado/2019.1\lib\classes\batik-awt-util.jar;D:/Xilinx/Vivado/2019.1\lib\classes\batik-bridge.jar;D:/Xilinx/Vivado/2019.1\lib\classes\batik-codec.jar;D:/Xilinx/Vivado/2019.1\lib\classes\batik-css.jar;D:/Xilinx/Vivado/2019.1\lib\classes\batik-dom.jar;D:/Xilinx/Vivado/2019.1\lib\classes\batik-ext.jar;D:/Xilinx/Vivado/2019.1\lib\classes\batik-gui-util.jar;D:/Xilinx/Vivado/2019.1\lib\classes\batik-gvt.jar;D:/Xilinx/Vivado/2019.1\lib\classes\batik-parser.jar;D:/Xilinx/Vivado/2019.1\lib\classes\batik-script.jar;D:/Xilinx/Vivado/2019.1\lib\classes\batik-svg-dom.jar;D:/Xilinx/Vivado/2019.1\lib\classes\batik-swing.jar;D:/Xilinx/Vivado/2019.1\lib\classes\batik-transcoder.jar;D:/Xilinx/Vivado/2019.1\lib\classes\batik-util.jar;D:/Xilinx/Vivado/2019.1\lib\classes\batik-xml.jar;D:/Xilinx/Vivado/2019.1\lib\classes\com.google.gson_2.7.0.v20170129-0911.jar;D:/Xilinx/Vivado/2019.1\lib\classes\com.google.guava_21.0.0.v20170206-1425.jar;D:/Xilinx/Vivado/2019.1\lib\classes\com.google.inject_3.0.0.v201605172100.jar;D:/Xilinx/Vivado/2019.1\lib\classes\com.ibm.icu_4.4.2.v20110208.jar;D:/Xilinx/Vivado/2019.1\lib\classes\com.sigasi.hdt.annotations.runtime_4.3.0.201903071210.jar;D:/Xilinx/Vivado/2019.1\lib\classes\com.sigasi.hdt.blockdiagram.model_4.3.0.201903071210.jar;D:/Xilinx/Vivado/2019.1\lib\classes\com.sigasi.hdt.connection_4.3.0.201903071210.jar;D:/Xilinx/Vivado/2019.1\lib\classes\com.sigasi.hdt.dependencies.model_4.3.0.201903071210.jar;D:/Xilinx/Vivado/2019.1\lib\classes\com.sigasi.hdt.epl_4.3.0.201903071210.jar;D:/Xilinx/Vivado/2019.1\lib\classes\com.sigasi.hdt.graphics.model_4.3.0.201903071210.jar;D:/Xilinx/Vivado/2019.1\lib\classes\com.sigasi.hdt.project_4.3.0
Launcher Type: generic

Logging:
Log output configuration:
#0: stdout all=warning uptime,level,tags
#1: stderr all=off uptime,level,tags

Environment Variables:
JAVA_HOME=C:\Program Files\Java\jdk1.8.0_251
CLASSPATH=C:\Program Files\Java\jdk1.8.0_251\lib;C:\Program Files\Java\jdk1.8.0_251\jre;C:\Program Files\Java\jdk1.8.0_251\jre\lib
PATH=D:/Xilinx/Vivado/2019.1/bin;D:/Xilinx/Vivado/2019.1/lib/win64.o;D:/Xilinx/Vivado/2019.1/tps/win64/jre9.0.4/bin/server;D:/Xilinx/Vivado/2019.1/tps/win64/jre9.0.4/bin;D:/Xilinx/Vivado/2019.1/ids_lite/ISE/bin/nt64;D:/Xilinx/Vivado/2019.1/ids_lite/ISE/lib/nt64;C:\Program Files (x86)\Common Files\Oracle\Java\javapath;C:\Program Files (x86)\Camera\DVP2\;C:\Program Files (x86)\Camera\DVP2 x64\;C:\Program Files (x86)\NetSarang\Xshell 6\;C:\Program Files\Java\jdk1.8.0_251\bin;C:\Program Files\NVIDIA GPU Computing Toolkit\CUDA\v10.2\bin;C:\Program Files\NVIDIA GPU Computing Toolkit\CUDA\v10.2\libnvvp;C:\Program Files\NVIDIA Corporation\Nsight Compute 2019.5.0\;C:\Program Files (x86)\NVIDIA Corporation\PhysX\Common;C:\Program Files\NVIDIA Corporation\NVIDIA NvDLISR;C:\Program Files\cuda\bin;C:\Program Files\cuda\include;C:\Program Files\cuda\lib\x64;C:\Program Files\Git\cmd;C:\Program Files (x86)\MinGW64\bin;C:\Windows\System32;D:\Program Files (x86)\Graphviz\bin;C:\Program Files\Maven\apache-maven-3.6.3\bin;C:\Program Files\Java\jdk1.8.0_251\jre;C:\Program Files\Java\jdk1.8.0_251\jre\lib;D:\Program Files (x86)\ffmpeg-4.3.1-win64-static\bin;C:\Program Files\Microsoft SQL Server\Client SDK\ODBC\110\Tools\Binn\;C:\Program Files (x86)\Microsoft SQL Server\120\Tools\Binn\;C:\Program Files\Microsoft SQL Server\120\Tools\Binn\;C:\Program Files\Microsoft SQL Server\120\DTS\Binn\;C:\Program Files (x86)\Windows Kits\8.1\Windows Performance Toolkit\;C:\Program Files (x86)\nodejs\;D:\Program Files\MATLAB\R2021a\runtime\win64;D:\Program Files\MATLAB\R2021a\bin;C:\WINDOWS;C:\WINDOWS\System32\Wbem;C:\WINDOWS\System32\WindowsPowerShell\v1.0\;C:\WINDOWS\System32\OpenSSH\;C:\Users\chenzhiyuan\AppData\Local\Programs\Python\Python38\Scripts\;C:\Users\chenzhiyuan\AppData\Local\Programs\Python\Python38\;C:\Users\chenzhiyuan\Anaconda3;C:\Program Files (x86)\Microsoft Visual Studio\Shared\Python37_64;C:\Users\chenzhiyuan\Anaconda3\Library\mingw-w64\bin;C:\Users\chenzhiyuan\Anaconda3\Library\bin;C:
USERNAME=chenzhiyuan
OS=Windows_NT
PROCESSOR_IDENTIFIER=Intel64 Family 6 Model 142 Stepping 12, GenuineIntel



---------------  S Y S T E M  ---------------

OS: Windows 10 , 64 bit Build 19041 (10.0.19041.1023)

CPU:total 8 (initial active 8) (4 cores per cpu, 2 threads per core) family 6 model 142 stepping 12, cmov, cx8, fxsr, mmx, sse, sse2, sse3, ssse3, sse4.1, sse4.2, popcnt, avx, avx2, aes, clmul, erms, 3dnowpref, lzcnt, ht, tsc, tscinvbit, bmi1, bmi2, adx, fma

Memory: 4k page, physical 16589036k(8509608k free), swap 19079404k(5895544k free)

vm_info: Java HotSpot(TM) 64-Bit Server VM (9.0.4+11) for windows-amd64 JRE (9.0.4+11), built on Dec 20 2017 02:18:54 by "mach5one" with MS VC++ 12.0 (VS2013)

END.
