#
# A fatal error has been detected by the Java Runtime Environment:
#
#  EXCEPTION_ACCESS_VIOLATION (0xc0000005) at pc=0x00007ffb26dca1a5, pid=22744, tid=26516
#
# JRE version: Java(TM) SE Runtime Environment (9.0+11) (build 9.0.4+11)
# Java VM: Java HotSpot(TM) 64-Bit Server VM (9.0.4+11, mixed mode, tiered, compressed oops, g1 gc, windows-amd64)
# Problematic frame:
# C  [librdi_common.dll+0x17a1a5]
#
# No core dump will be written. Minidumps are not enabled by default on client versions of Windows
#
# If you would like to submit a bug report, please visit:
#   http://bugreport.java.com/bugreport/crash.jsp
# The crash happened outside the Java Virtual Machine in native code.
# See problematic frame for where to report the bug.
#

---------------  S U M M A R Y ------------

Command Line: -Dsun.java2d.pmoffscreen=false -Dsun.java2d.xrender=false -Dsun.java2d.d3d=false -Dsun.awt.nopixfmt=true -Dsun.java2d.dpiaware=true -Dsun.java2d.uiScale.enabled=false -Xverify:none -Dswing.aatext=true -XX:-UsePerfData -Djdk.map.althashing.threshold=512 -XX:StringTableSize=4072 --add-opens=java.base/java.nio=ALL-UNNAMED --add-opens=java.desktop/sun.swing=ALL-UNNAMED --add-opens=java.desktop/javax.swing=ALL-UNNAMED --add-opens=java.desktop/javax.swing.tree=ALL-UNNAMED --add-opens=java.desktop/javax.swing.plaf.basic=ALL-UNNAMED --add-opens=java.desktop/javax.swing.plaf.synth=ALL-UNNAMED --add-opens=java.desktop/com.sun.awt=ALL-UNNAMED -XX:NewSize=60m -XX:MaxNewSize=60m -Xms128m -Xmx3072m -Xss5m 

Host: Intel(R) Core(TM) i7-10510U CPU @ 1.80GHz, 8 cores, 15G,  Windows 10 , 64 bit Build 19041 (10.0.19041.1023)
Time: Mon Jun 21 10:03:36 2021 ?D1¨²¡À¨º¡Á?¨º¡À?? elapsed time: 1065 seconds (0d 0h 17m 45s)

---------------  T H R E A D  ---------------

Current thread (0x00000170257b2000):  JavaThread "AWT-EventQueue-1" [_thread_in_native, id=26516, stack(0x0000000c1b200000,0x0000000c1b700000)]

Stack: [0x0000000c1b200000,0x0000000c1b700000],  sp=0x0000000c1b6fb2b0,  free space=5100k
Native frames: (J=compiled Java code, j=interpreted, Vv=VM code, C=native code)
C  [librdi_common.dll+0x17a1a5]
C  [librdi_common.dll+0x16ee15]
C  [librdi_common.dll+0x1386da]
C  [librdi_wavedata.dll+0x1e1eff]
C  [librdi_wavedata.dll+0x2621df]
C  [librdi_wavedata.dll+0x269e19]
C  [librdi_wavedata.dll+0x23a4cb]
C  [librdi_wavedata.dll+0x276de7]
C  0x0000017014f149ba

Java frames: (J=compiled Java code, j=interpreted, Vv=VM code)
J 17861  ui.views.waveform.waveformi.WVExecutive_getTooltipTextDelayed(J)Ljava/lang/String; (0 bytes) @ 0x0000017014f14921 [0x0000017014f148e0+0x0000000000000041]
J 17856 c1 ui.views.waveform.b.a.bG(Ljava/awt/event/MouseEvent;)V (135 bytes) @ 0x000001700f250424 [0x000001700f24fd80+0x00000000000006a4]
J 17869 c1 ui.views.waveform.b.a.mouseMoved(Ljava/awt/event/MouseEvent;)V (32 bytes) @ 0x000001700f258f4c [0x000001700f258a20+0x000000000000052c]
J 17064 c2 java.awt.AWTEventMulticaster.mouseMoved(Ljava/awt/event/MouseEvent;)V java.desktop@9.0.4 (27 bytes) @ 0x0000017014757d74 [0x0000017014757cc0+0x00000000000000b4]
J 17064 c2 java.awt.AWTEventMulticaster.mouseMoved(Ljava/awt/event/MouseEvent;)V java.desktop@9.0.4 (27 bytes) @ 0x0000017014757d34 [0x0000017014757cc0+0x0000000000000074]
J 20048 c2 javax.swing.JComponent.processMouseMotionEvent(Ljava/awt/event/MouseEvent;)V java.desktop@9.0.4 (46 bytes) @ 0x00000170152951a8 [0x0000017015295060+0x0000000000000148]
J 17777 c1 ui.frmwork.c.i.processMouseMotionEvent(Ljava/awt/event/MouseEvent;)V (131 bytes) @ 0x000001700f2230c4 [0x000001700f222200+0x0000000000000ec4]
J 20839 c2 java.awt.Container.processEvent(Ljava/awt/AWTEvent;)V java.desktop@9.0.4 (22 bytes) @ 0x0000017014bb6fb8 [0x0000017014bb6e40+0x0000000000000178]
J 22950 c2 java.awt.Component.dispatchEventImpl(Ljava/awt/AWTEvent;)V java.desktop@9.0.4 (739 bytes) @ 0x000001701552901c [0x0000017015528600+0x0000000000000a1c]
J 23208 c2 java.awt.Container.dispatchEventImpl(Ljava/awt/AWTEvent;)V java.desktop@9.0.4 (129 bytes) @ 0x00000170155c1e28 [0x00000170155c1d60+0x00000000000000c8]
J 19576 c2 java.awt.LightweightDispatcher.retargetMouseEvent(Ljava/awt/Component;ILjava/awt/event/MouseEvent;)V java.desktop@9.0.4 (350 bytes) @ 0x000001701459770c [0x00000170145972e0+0x000000000000042c]
J 18448 c2 java.awt.LightweightDispatcher.processMouseEvent(Ljava/awt/event/MouseEvent;)Z java.desktop@9.0.4 (265 bytes) @ 0x0000017015041ee0 [0x0000017015041720+0x00000000000007c0]
J 23208 c2 java.awt.Container.dispatchEventImpl(Ljava/awt/AWTEvent;)V java.desktop@9.0.4 (129 bytes) @ 0x00000170155c2074 [0x00000170155c1d60+0x0000000000000314]
J 18434 c2 java.awt.Window.dispatchEventImpl(Ljava/awt/AWTEvent;)V java.desktop@9.0.4 (23 bytes) @ 0x000001701503c20c [0x000001701503c1c0+0x000000000000004c]
J 15244 c2 java.awt.EventQueue$3.run()Ljava/lang/Object; java.desktop@9.0.4 (5 bytes) @ 0x000001701443013c [0x000001701442ff80+0x00000000000001bc]
v  ~StubRoutines::call_stub
J 3813  java.security.AccessController.doPrivileged(Ljava/security/PrivilegedAction;Ljava/security/AccessControlContext;)Ljava/lang/Object; java.base@9.0.4 (0 bytes) @ 0x00000170141d90c6 [0x00000170141d9060+0x0000000000000066]
J 18454 c2 java.awt.EventQueue$4.run()Ljava/lang/Object; java.desktop@9.0.4 (5 bytes) @ 0x00000170150455c0 [0x0000017015045360+0x0000000000000260]
v  ~StubRoutines::call_stub
J 3813  java.security.AccessController.doPrivileged(Ljava/security/PrivilegedAction;Ljava/security/AccessControlContext;)Ljava/lang/Object; java.base@9.0.4 (0 bytes) @ 0x00000170141d90c6 [0x00000170141d9060+0x0000000000000066]
J 14487 c2 ui.frmwork.b.d.dispatchEvent(Ljava/awt/AWTEvent;)V (34 bytes) @ 0x0000017014ba184c [0x0000017014ba1400+0x000000000000044c]
J 22754 c2 java.awt.EventDispatchThread.pumpOneEventForFilters(I)V java.desktop@9.0.4 (218 bytes) @ 0x00000170152c4a54 [0x00000170152c4700+0x0000000000000354]
J 21118% c1 java.awt.EventDispatchThread.pumpEventsForFilter(ILjava/awt/Conditional;Ljava/awt/EventFilter;)V java.desktop@9.0.4 (47 bytes) @ 0x000001700d2e2864 [0x000001700d2e2520+0x0000000000000344]
j  java.awt.EventDispatchThread.pumpEventsForHierarchy(ILjava/awt/Conditional;Ljava/awt/Component;)V+11 java.desktop@9.0.4
j  java.awt.EventDispatchThread.pumpEvents(ILjava/awt/Conditional;)V+4 java.desktop@9.0.4
j  java.awt.EventDispatchThread.pumpEvents(Ljava/awt/Conditional;)V+3 java.desktop@9.0.4
j  java.awt.EventDispatchThread.run()V+9 java.desktop@9.0.4
v  ~StubRoutines::call_stub

siginfo: EXCEPTION_ACCESS_VIOLATION (0xc0000005), reading address 0xffffffffffffffff


Register to memory mapping:

RIP=0x00007ffb26dca1a5 librdi_common.dll
RAX=0x000001707bd9dc01 is an unknown value
RBX=0x90056000a1fdb37b is an unknown value
RCX=0x000001707bd9dc90 is an unknown value
RDX=0x90056000a1fdb37b is an unknown value
RSP=0x0000000c1b6fb2b0 is pointing into the stack for thread: 0x00000170257b2000
RBP=0x0000000c1b6fb3e0 is pointing into the stack for thread: 0x00000170257b2000
RSI=0x0000017029de1a10 is an unknown value
RDI=0x0000000c1b6fb4c8 is pointing into the stack for thread: 0x00000170257b2000
R8 =0x0000000c1b6fb4c8 is pointing into the stack for thread: 0x00000170257b2000
R9 =0x0000000000000000 is an unknown value
R10=0x00007ffb53500000 VCRUNTIME140.dll
R11=0x0026e97bca8706c0 is an unknown value
R12=0x0000000c1b6fb4c8 is pointing into the stack for thread: 0x00000170257b2000
R13=0x0000000000000000 is an unknown value
R14=0x000001707b5653c0 is an unknown value
R15=0x90056000a1fdb37b is an unknown value


Registers:
RAX=0x000001707bd9dc01, RBX=0x90056000a1fdb37b, RCX=0x000001707bd9dc90, RDX=0x90056000a1fdb37b
RSP=0x0000000c1b6fb2b0, RBP=0x0000000c1b6fb3e0, RSI=0x0000017029de1a10, RDI=0x0000000c1b6fb4c8
R8 =0x0000000c1b6fb4c8, R9 =0x0000000000000000, R10=0x00007ffb53500000, R11=0x0026e97bca8706c0
R12=0x0000000c1b6fb4c8, R13=0x0000000000000000, R14=0x000001707b5653c0, R15=0x90056000a1fdb37b
RIP=0x00007ffb26dca1a5, EFLAGS=0x0000000000010202

Top of Stack: (sp=0x0000000c1b6fb2b0)
0x0000000c1b6fb2b0:   0000000c1b6fb660 00007ffb53532cf7
0x0000000c1b6fb2c0:   0000000c00000000 90056000a1fdb37b
0x0000000c1b6fb2d0:   90056000a1fdb37b 00007ffb26dbee15
0x0000000c1b6fb2e0:   00000170302dd408 00007ffb53532f5f
0x0000000c1b6fb2f0:   00004c038728b420 0000000000000017
0x0000000c1b6fb300:   0000017026922d00 00000170302dd3e0
0x0000000c1b6fb310:   0000000000000002 00007ffb26e28985
0x0000000c1b6fb320:   000001702a2ec7c0 00000170302dd3e8
0x0000000c1b6fb330:   00000170302dd428 00000170302dd3e0
0x0000000c1b6fb340:   fffffffffffffffe 00007ffb27396a6d
0x0000000c1b6fb350:   fffffffffffffffe 00007ffb27a83fe0
0x0000000c1b6fb360:   00000170302dd3e0 00000170794bec48
0x0000000c1b6fb370:   0000000c1b6fb4c8 00007ffb26e27c76
0x0000000c1b6fb380:   00000170302dd3e0 0000000c1b6fb4c8
0x0000000c1b6fb390:   0000017000000002 0000000000000000
0x0000000c1b6fb3a0:   fffffffffffffffe 000000000000000f 

Instructions: (pc=0x00007ffb26dca1a5)
0x00007ffb26dca185:   20 48 8b d9 e8 22 c4 04 00 48 8b c8 48 8b d3 e8
0x00007ffb26dca195:   27 0d 05 00 84 c0 75 08 33 c0 48 83 c4 20 5b c3
0x00007ffb26dca1a5:   48 8b 4b 50 48 85 c9 74 0a 48 83 c4 20 5b e9 68
0x00007ffb26dca1b5:   e2 04 00 48 8b d3 48 8d 0d 26 fc 73 00 e8 59 b7 



---------------  P R O C E S S  ---------------

Java Threads: ( => current thread )
  0x000001702566b000 JavaThread "Relaunch Simulation" [_thread_blocked, id=23840, stack(0x0000000c1f600000,0x0000000c1fb00000)]
  0x000001702566c800 JavaThread "SyntheticaAnimation 50" daemon [_thread_blocked, id=5736, stack(0x0000000c1f100000,0x0000000c1f600000)]
  0x0000017025672800 JavaThread "Update Runs Swing Worker" [_thread_blocked, id=25312, stack(0x0000000c1ec00000,0x0000000c1f100000)]
  0x000001702566b800 JavaThread "Swing-Shell" daemon [_thread_blocked, id=28748, stack(0x0000000c1e200000,0x0000000c1e700000)]
  0x0000017002086000 JavaThread "SyntheticaAnimation 50" daemon [_thread_blocked, id=6804, stack(0x0000000c1dd00000,0x0000000c1e200000)]
  0x000001702c8cc000 JavaThread "hw_ila_monitor" [_thread_blocked, id=16540, stack(0x0000000c1d800000,0x0000000c1dd00000)]
  0x000001702c8ce800 JavaThread "Refresh Filesets Swing Worker" [_thread_blocked, id=29756, stack(0x0000000c1d300000,0x0000000c1d800000)]
  0x0000017002086800 JavaThread "SyntheticaAnimation 70" daemon [_thread_blocked, id=16608, stack(0x0000000c1b700000,0x0000000c1bc00000)]
  0x0000017002085000 JavaThread "SyntheticaAnimation 25" daemon [_thread_blocked, id=24540, stack(0x0000000c1ce00000,0x0000000c1d300000)]
  0x0000017002084800 JavaThread "SyntheticaAnimation 50" daemon [_thread_blocked, id=26476, stack(0x0000000c1c900000,0x0000000c1ce00000)]
  0x0000017002083000 JavaThread "Monitor HEventQueue" [_thread_blocked, id=18108, stack(0x0000000c1c400000,0x0000000c1c900000)]
  0x0000017002082000 JavaThread "SyntheticaCleanerThread" daemon [_thread_blocked, id=12048, stack(0x0000000c1bc00000,0x0000000c1c100000)]
  0x0000017002087800 JavaThread "Batik CleanerThread" daemon [_thread_blocked, id=28512, stack(0x0000000c1a800000,0x0000000c1ad00000)]
=>0x00000170257b2000 JavaThread "AWT-EventQueue-1" [_thread_in_native, id=26516, stack(0x0000000c1b200000,0x0000000c1b700000)]
  0x0000017025587800 JavaThread "Process Messages" [_thread_blocked, id=15852, stack(0x0000000c1ad00000,0x0000000c1b200000)]
  0x0000017026add800 JavaThread "Thread-1" [_thread_in_native, id=18264, stack(0x0000000c13b00000,0x0000000c14f00000)]
  0x0000017025ae5800 JavaThread "TimerQueue" daemon [_thread_blocked, id=30268, stack(0x0000000c19e00000,0x0000000c1a300000)]
  0x0000017000ce4800 JavaThread "AWT-Windows" daemon [_thread_in_native, id=3184, stack(0x0000000c19900000,0x0000000c19e00000)]
  0x0000017002336000 JavaThread "AWT-Shutdown" [_thread_blocked, id=19036, stack(0x0000000c19400000,0x0000000c19900000)]
  0x0000017000dbe000 JavaThread "Java2D Disposer" daemon [_thread_blocked, id=6492, stack(0x0000000c18f00000,0x0000000c19400000)]
  0x000001700201e000 JavaThread "Service Thread" daemon [_thread_blocked, id=14100, stack(0x0000000c18900000,0x0000000c18e00000)]
  0x000001707f89d800 JavaThread "Common-Cleaner" daemon [_thread_blocked, id=2060, stack(0x0000000c18400000,0x0000000c18900000)]
  0x0000017002081800 JavaThread "Sweeper thread" daemon [_thread_blocked, id=2356, stack(0x0000000c17f00000,0x0000000c18400000)]
  0x000001707fb81800 JavaThread "C1 CompilerThread3" daemon [_thread_blocked, id=16284, stack(0x0000000c17e00000,0x0000000c17f00000)]
  0x000001707fb3c000 JavaThread "C2 CompilerThread2" daemon [_thread_blocked, id=1528, stack(0x0000000c17d00000,0x0000000c17e00000)]
  0x000001707fb3b800 JavaThread "C2 CompilerThread1" daemon [_thread_blocked, id=13828, stack(0x0000000c17c00000,0x0000000c17d00000)]
  0x00000170027ba000 JavaThread "C2 CompilerThread0" daemon [_thread_blocked, id=29516, stack(0x0000000c17b00000,0x0000000c17c00000)]
  0x00000170027b9800 JavaThread "Attach Listener" daemon [_thread_blocked, id=27276, stack(0x0000000c17600000,0x0000000c17b00000)]
  0x00000170050cf000 JavaThread "Signal Dispatcher" daemon [_thread_blocked, id=25288, stack(0x0000000c17100000,0x0000000c17600000)]
  0x00000170050ce800 JavaThread "Finalizer" daemon [_thread_blocked, id=29300, stack(0x0000000c16c00000,0x0000000c17100000)]
  0x0000017001b2d000 JavaThread "Reference Handler" daemon [_thread_blocked, id=21620, stack(0x0000000c16700000,0x0000000c16c00000)]
  0x00000170023ca000 JavaThread "main" [_thread_blocked, id=4004, stack(0x0000000c15100000,0x0000000c15200000)]

Other Threads:
  0x0000017001b2c800 VMThread "VM Thread" [stack: 0x0000000c16600000,0x0000000c16700000] [id=16900]
  0x000001700290e000 WatcherThread [stack: 0x0000000c18e00000,0x0000000c18f00000] [id=27400]
  0x00000170023ca800 GCTaskThread "GC Thread#0" [stack: 0x0000000c15200000,0x0000000c15300000] [id=29240]
  0x000001700089f000 GCTaskThread "GC Thread#1" [stack: 0x0000000c15300000,0x0000000c15400000] [id=4860]
  0x000001700089c800 GCTaskThread "GC Thread#2" [stack: 0x0000000c15400000,0x0000000c15500000] [id=19044]
  0x000001700089e000 GCTaskThread "GC Thread#3" [stack: 0x0000000c15500000,0x0000000c15600000] [id=27172]
  0x000001700089e800 GCTaskThread "GC Thread#4" [stack: 0x0000000c15600000,0x0000000c15700000] [id=21544]
  0x00000170008a2000 GCTaskThread "GC Thread#5" [stack: 0x0000000c15700000,0x0000000c15800000] [id=1644]
  0x000001700089b800 GCTaskThread "GC Thread#6" [stack: 0x0000000c15800000,0x0000000c15900000] [id=1068]
  0x00000170008a0800 GCTaskThread "GC Thread#7" [stack: 0x0000000c15900000,0x0000000c15a00000] [id=18368]
  0x00000170009e0800 ConcurrentGCThread "G1 Main Marker" [stack: 0x0000000c16300000,0x0000000c16400000] [id=14492]
  0x000001700089c000 ConcurrentGCThread "G1 Marker#0" [stack: 0x0000000c16400000,0x0000000c16500000] [id=29700]
  0x000001700089f800 ConcurrentGCThread "G1 Marker#1" [stack: 0x0000000c16500000,0x0000000c16600000] [id=17620]
  0x000001707c092800 ConcurrentGCThread "G1 Refine#0" [stack: 0x0000000c16100000,0x0000000c16200000] [id=8860]
  0x000001707fb92000 ConcurrentGCThread "G1 Refine#1" [stack: 0x0000000c16000000,0x0000000c16100000] [id=16840]
  0x000001707fb91800 ConcurrentGCThread "G1 Refine#2" [stack: 0x0000000c15f00000,0x0000000c16000000] [id=28148]
  0x000001700219a000 ConcurrentGCThread "G1 Refine#3" [stack: 0x0000000c15e00000,0x0000000c15f00000] [id=27248]
  0x0000017002904000 ConcurrentGCThread "G1 Refine#4" [stack: 0x0000000c15d00000,0x0000000c15e00000] [id=29236]
  0x0000017002903800 ConcurrentGCThread "G1 Refine#5" [stack: 0x0000000c15c00000,0x0000000c15d00000] [id=27980]
  0x0000017005956800 ConcurrentGCThread "G1 Refine#6" [stack: 0x0000000c15b00000,0x0000000c15c00000] [id=12484]
  0x0000017005628000 ConcurrentGCThread "G1 Refine#7" [stack: 0x0000000c15a00000,0x0000000c15b00000] [id=9488]
  0x00000170022f8000 ConcurrentGCThread "G1 Young RemSet Sampling" [stack: 0x0000000c16200000,0x0000000c16300000] [id=29660]

Threads with active compile tasks:

VM state:not at safepoint (normal execution)

VM Mutex/Monitor currently owned by a thread: None

Heap address: 0x0000000700000000, size: 3072 MB, Compressed Oops mode: Zero based, Oop shift amount: 3
Narrow klass base: 0x0000000000000000, Narrow klass shift: 3
Compressed class space size: 1073741824 Address: 0x00000007c0000000

Heap:
 garbage-first heap   total 243712K, used 130481K [0x0000000700000000, 0x0000000700100770, 0x00000007c0000000)
  region size 1024K, 52 young (53248K), 1 survivors (1024K)
 Metaspace       used 87526K, capacity 94229K, committed 94512K, reserved 1130496K
  class space    used 11909K, capacity 13053K, committed 13104K, reserved 1048576K
Heap Regions: E=young(eden), S=young(survivor), O=old, HS=humongous(starts), HC=humongous(continues), CS=collection set, F=free, A=archive, TS=gc time stamp, AC=allocation context, TAMS=top-at-mark-start (previous, next)
|   0|0x0000000700000000, 0x00000007000fa010, 0x0000000700100000| 97%| O|  |TS  0|AC  0|TAMS 0x0000000700000000, 0x0000000700000000|
|   1|0x0000000700100000, 0x0000000700200000, 0x0000000700200000|100%|HS|  |TS  0|AC  0|TAMS 0x0000000700100000, 0x0000000700100000|
|   2|0x0000000700200000, 0x0000000700300000, 0x0000000700300000|100%|HC|  |TS  0|AC  0|TAMS 0x0000000700200000, 0x0000000700200000|
|   3|0x0000000700300000, 0x0000000700400000, 0x0000000700400000|100%|HS|  |TS  0|AC  0|TAMS 0x0000000700300000, 0x0000000700300000|
|   4|0x0000000700400000, 0x00000007004e1100, 0x0000000700500000| 87%| O|  |TS  0|AC  0|TAMS 0x0000000700400000, 0x0000000700400000|
|   5|0x0000000700500000, 0x00000007005fb400, 0x0000000700600000| 98%| O|  |TS  0|AC  0|TAMS 0x0000000700500000, 0x0000000700500000|
|   6|0x0000000700600000, 0x00000007006ffff0, 0x0000000700700000| 99%| O|  |TS  0|AC  0|TAMS 0x0000000700600000, 0x0000000700600000|
|   7|0x0000000700700000, 0x0000000700800000, 0x0000000700800000|100%| O|  |TS  0|AC  0|TAMS 0x0000000700700000, 0x0000000700700000|
|   8|0x0000000700800000, 0x00000007008fffd8, 0x0000000700900000| 99%| O|  |TS  0|AC  0|TAMS 0x0000000700800000, 0x0000000700800000|
|   9|0x0000000700900000, 0x0000000700a00000, 0x0000000700a00000|100%| O|  |TS  0|AC  0|TAMS 0x0000000700900000, 0x0000000700900000|
|  10|0x0000000700a00000, 0x0000000700afffc0, 0x0000000700b00000| 99%| O|  |TS  0|AC  0|TAMS 0x0000000700a00000, 0x0000000700a00000|
|  11|0x0000000700b00000, 0x0000000700bfffe0, 0x0000000700c00000| 99%| O|  |TS  0|AC  0|TAMS 0x0000000700b00000, 0x0000000700b00000|
|  12|0x0000000700c00000, 0x0000000700cfc5c8, 0x0000000700d00000| 98%| O|  |TS  0|AC  0|TAMS 0x0000000700c00000, 0x0000000700c00000|
|  13|0x0000000700d00000, 0x0000000700df5198, 0x0000000700e00000| 95%| O|  |TS  0|AC  0|TAMS 0x0000000700d00000, 0x0000000700d00000|
|  14|0x0000000700e00000, 0x0000000700ee8960, 0x0000000700f00000| 90%| O|  |TS  0|AC  0|TAMS 0x0000000700e00000, 0x0000000700e00000|
|  15|0x0000000700f00000, 0x0000000700fffff8, 0x0000000701000000| 99%| O|  |TS  0|AC  0|TAMS 0x0000000700f00000, 0x0000000700f00000|
|  16|0x0000000701000000, 0x00000007010fffe8, 0x0000000701100000| 99%| O|  |TS  0|AC  0|TAMS 0x0000000701000000, 0x0000000701000000|
|  17|0x0000000701100000, 0x00000007011fff38, 0x0000000701200000| 99%| O|  |TS  0|AC  0|TAMS 0x0000000701100000, 0x0000000701100000|
|  18|0x0000000701200000, 0x00000007012f1bf8, 0x0000000701300000| 94%| O|  |TS  0|AC  0|TAMS 0x0000000701200000, 0x0000000701200000|
|  19|0x0000000701300000, 0x0000000701400000, 0x0000000701400000|100%| O|  |TS  0|AC  0|TAMS 0x0000000701300000, 0x0000000701300000|
|  20|0x0000000701400000, 0x00000007014ffff0, 0x0000000701500000| 99%| O|  |TS  0|AC  0|TAMS 0x0000000701400000, 0x0000000701400000|
|  21|0x0000000701500000, 0x0000000701600000, 0x0000000701600000|100%|HS|  |TS  0|AC  0|TAMS 0x0000000701500000, 0x0000000701500000|
|  22|0x0000000701600000, 0x0000000701700000, 0x0000000701700000|100%|HC|  |TS  0|AC  0|TAMS 0x0000000701600000, 0x0000000701600000|
|  23|0x0000000701700000, 0x0000000701800000, 0x0000000701800000|100%| O|  |TS  0|AC  0|TAMS 0x0000000701700000, 0x0000000701700000|
|  24|0x0000000701800000, 0x0000000701900000, 0x0000000701900000|100%| O|  |TS  0|AC  0|TAMS 0x0000000701800000, 0x0000000701800000|
|  25|0x0000000701900000, 0x00000007019ffff8, 0x0000000701a00000| 99%| O|  |TS  0|AC  0|TAMS 0x0000000701900000, 0x0000000701900000|
|  26|0x0000000701a00000, 0x0000000701afffe0, 0x0000000701b00000| 99%| O|  |TS  0|AC  0|TAMS 0x0000000701a00000, 0x0000000701a00000|
|  27|0x0000000701b00000, 0x0000000701c00000, 0x0000000701c00000|100%| O|  |TS  0|AC  0|TAMS 0x0000000701b00000, 0x0000000701b00000|
|  28|0x0000000701c00000, 0x0000000701cfff58, 0x0000000701d00000| 99%| O|  |TS  0|AC  0|TAMS 0x0000000701c00000, 0x0000000701c00000|
|  29|0x0000000701d00000, 0x0000000701dfffe8, 0x0000000701e00000| 99%| O|  |TS  0|AC  0|TAMS 0x0000000701d00000, 0x0000000701d00000|
|  30|0x0000000701e00000, 0x0000000701effe30, 0x0000000701f00000| 99%| O|  |TS  0|AC  0|TAMS 0x0000000701e00000, 0x0000000701e00000|
|  31|0x0000000701f00000, 0x0000000701fffff0, 0x0000000702000000| 99%| O|  |TS  0|AC  0|TAMS 0x0000000701f00000, 0x0000000701f00000|
|  32|0x0000000702000000, 0x00000007020ffc08, 0x0000000702100000| 99%| O|  |TS  0|AC  0|TAMS 0x0000000702000000, 0x0000000702000000|
|  33|0x0000000702100000, 0x00000007021ffff0, 0x0000000702200000| 99%| O|  |TS  0|AC  0|TAMS 0x0000000702100000, 0x0000000702100000|
|  34|0x0000000702200000, 0x00000007022ffff8, 0x0000000702300000| 99%| O|  |TS  0|AC  0|TAMS 0x0000000702200000, 0x0000000702200000|
|  35|0x0000000702300000, 0x00000007023ffff8, 0x0000000702400000| 99%| O|  |TS  0|AC  0|TAMS 0x0000000702300000, 0x0000000702300000|
|  36|0x0000000702400000, 0x00000007024fff28, 0x0000000702500000| 99%| O|  |TS  0|AC  0|TAMS 0x0000000702400000, 0x0000000702400000|
|  37|0x0000000702500000, 0x0000000702600000, 0x0000000702600000|100%| O|  |TS  0|AC  0|TAMS 0x0000000702500000, 0x0000000702500000|
|  38|0x0000000702600000, 0x00000007026ffff8, 0x0000000702700000| 99%| O|  |TS  0|AC  0|TAMS 0x0000000702600000, 0x0000000702600000|
|  39|0x0000000702700000, 0x00000007027ffce8, 0x0000000702800000| 99%| O|  |TS  0|AC  0|TAMS 0x0000000702700000, 0x0000000702700000|
|  40|0x0000000702800000, 0x0000000702900000, 0x0000000702900000|100%| O|  |TS  0|AC  0|TAMS 0x0000000702800000, 0x0000000702800000|
|  41|0x0000000702900000, 0x00000007029fffe8, 0x0000000702a00000| 99%| O|  |TS  0|AC  0|TAMS 0x0000000702900000, 0x0000000702900000|
|  42|0x0000000702a00000, 0x0000000702affe28, 0x0000000702b00000| 99%| O|  |TS  0|AC  0|TAMS 0x0000000702a00000, 0x0000000702a00000|
|  43|0x0000000702b00000, 0x0000000702bffe80, 0x0000000702c00000| 99%| O|  |TS  0|AC  0|TAMS 0x0000000702b00000, 0x0000000702b00000|
|  44|0x0000000702c00000, 0x0000000702cfffd0, 0x0000000702d00000| 99%| O|  |TS  0|AC  0|TAMS 0x0000000702c00000, 0x0000000702c00000|
|  45|0x0000000702d00000, 0x0000000702dffed8, 0x0000000702e00000| 99%| O|  |TS  0|AC  0|TAMS 0x0000000702d00000, 0x0000000702d00000|
|  46|0x0000000702e00000, 0x0000000702effdb8, 0x0000000702f00000| 99%| O|  |TS  0|AC  0|TAMS 0x0000000702e00000, 0x0000000702e00000|
|  47|0x0000000702f00000, 0x0000000702ffffc0, 0x0000000703000000| 99%| O|  |TS  0|AC  0|TAMS 0x0000000702f00000, 0x0000000702f00000|
|  48|0x0000000703000000, 0x00000007030ffff8, 0x0000000703100000| 99%| O|  |TS  0|AC  0|TAMS 0x0000000703000000, 0x0000000703000000|
|  49|0x0000000703100000, 0x00000007031ffff8, 0x0000000703200000| 99%| O|  |TS  0|AC  0|TAMS 0x0000000703100000, 0x0000000703100000|
|  50|0x0000000703200000, 0x00000007032fffc0, 0x0000000703300000| 99%| O|  |TS  0|AC  0|TAMS 0x0000000703200000, 0x0000000703200000|
|  51|0x0000000703300000, 0x00000007033ffff8, 0x0000000703400000| 99%| O|  |TS  0|AC  0|TAMS 0x0000000703300000, 0x0000000703300000|
|  52|0x0000000703400000, 0x00000007034fff10, 0x0000000703500000| 99%| O|  |TS  0|AC  0|TAMS 0x0000000703400000, 0x0000000703400000|
|  53|0x0000000703500000, 0x00000007035ffff8, 0x0000000703600000| 99%| O|  |TS  0|AC  0|TAMS 0x0000000703500000, 0x0000000703500000|
|  54|0x0000000703600000, 0x00000007036f0960, 0x0000000703700000| 93%| O|  |TS  0|AC  0|TAMS 0x0000000703600000, 0x0000000703600000|
|  55|0x0000000703700000, 0x00000007037fffe8, 0x0000000703800000| 99%| O|  |TS  0|AC  0|TAMS 0x0000000703700000, 0x0000000703700000|
|  56|0x0000000703800000, 0x00000007038ffff8, 0x0000000703900000| 99%| O|  |TS  0|AC  0|TAMS 0x0000000703800000, 0x0000000703800000|
|  57|0x0000000703900000, 0x0000000703a00000, 0x0000000703a00000|100%| O|  |TS  0|AC  0|TAMS 0x0000000703900000, 0x0000000703900000|
|  58|0x0000000703a00000, 0x0000000703b00000, 0x0000000703b00000|100%|HS|  |TS  0|AC  0|TAMS 0x0000000703a00000, 0x0000000703a00000|
|  59|0x0000000703b00000, 0x0000000703c00000, 0x0000000703c00000|100%|HC|  |TS  0|AC  0|TAMS 0x0000000703b00000, 0x0000000703b00000|
|  60|0x0000000703c00000, 0x0000000703cffff0, 0x0000000703d00000| 99%| O|  |TS  0|AC  0|TAMS 0x0000000703c00000, 0x0000000703c00000|
|  61|0x0000000703d00000, 0x0000000703e00000, 0x0000000703e00000|100%|HS|  |TS  0|AC  0|TAMS 0x0000000703d00000, 0x0000000703d00000|
|  62|0x0000000703e00000, 0x0000000703efffe0, 0x0000000703f00000| 99%| O|  |TS  0|AC  0|TAMS 0x0000000703e00000, 0x0000000703e00000|
|  63|0x0000000703f00000, 0x0000000704000000, 0x0000000704000000|100%| O|  |TS  0|AC  0|TAMS 0x0000000703f00000, 0x0000000703f00000|
|  64|0x0000000704000000, 0x00000007040306f8, 0x0000000704100000| 18%| O|  |TS  0|AC  0|TAMS 0x0000000704000000, 0x0000000704000000|
|  65|0x0000000704100000, 0x0000000704100000, 0x0000000704200000|  0%| F|  |TS  0|AC  0|TAMS 0x0000000704100000, 0x0000000704100000|
|  66|0x0000000704200000, 0x0000000704300000, 0x0000000704300000|100%|HS|  |TS  0|AC  0|TAMS 0x0000000704200000, 0x0000000704200000|
|  67|0x0000000704300000, 0x0000000704300000, 0x0000000704400000|  0%| F|  |TS  0|AC  0|TAMS 0x0000000704300000, 0x0000000704300000|
|  68|0x0000000704400000, 0x0000000704400000, 0x0000000704500000|  0%| F|  |TS  0|AC  0|TAMS 0x0000000704400000, 0x0000000704400000|
|  69|0x0000000704500000, 0x0000000704500000, 0x0000000704600000|  0%| F|  |TS  0|AC  0|TAMS 0x0000000704500000, 0x0000000704500000|
|  70|0x0000000704600000, 0x0000000704700000, 0x0000000704700000|100%|HS|  |TS  0|AC  0|TAMS 0x0000000704600000, 0x0000000704600000|
|  71|0x0000000704700000, 0x0000000704700000, 0x0000000704800000|  0%| F|  |TS  0|AC  0|TAMS 0x0000000704700000, 0x0000000704700000|
|  72|0x0000000704800000, 0x0000000704800000, 0x0000000704900000|  0%| F|  |TS  0|AC  0|TAMS 0x0000000704800000, 0x0000000704800000|
|  73|0x0000000704900000, 0x0000000704900000, 0x0000000704a00000|  0%| F|  |TS  0|AC  0|TAMS 0x0000000704900000, 0x0000000704900000|
|  74|0x0000000704a00000, 0x0000000704a00000, 0x0000000704b00000|  0%| F|  |TS  0|AC  0|TAMS 0x0000000704a00000, 0x0000000704a00000|
|  75|0x0000000704b00000, 0x0000000704b00000, 0x0000000704c00000|  0%| F|  |TS  0|AC  0|TAMS 0x0000000704b00000, 0x0000000704b00000|
|  76|0x0000000704c00000, 0x0000000704c00000, 0x0000000704d00000|  0%| F|  |TS  0|AC  0|TAMS 0x0000000704c00000, 0x0000000704c00000|
|  77|0x0000000704d00000, 0x0000000704e00000, 0x0000000704e00000|100%|HS|  |TS  0|AC  0|TAMS 0x0000000704d00000, 0x0000000704d00000|
|  78|0x0000000704e00000, 0x0000000704f00000, 0x0000000704f00000|100%|HC|  |TS  0|AC  0|TAMS 0x0000000704e00000, 0x0000000704e00000|
|  79|0x0000000704f00000, 0x0000000705000000, 0x0000000705000000|100%|HC|  |TS  0|AC  0|TAMS 0x0000000704f00000, 0x0000000704f00000|
|  80|0x0000000705000000, 0x0000000705000000, 0x0000000705100000|  0%| F|  |TS  0|AC  0|TAMS 0x0000000705000000, 0x0000000705000000|
|  81|0x0000000705100000, 0x0000000705100000, 0x0000000705200000|  0%| F|  |TS  0|AC  0|TAMS 0x0000000705100000, 0x0000000705100000|
|  82|0x0000000705200000, 0x0000000705200000, 0x0000000705300000|  0%| F|  |TS  0|AC  0|TAMS 0x0000000705200000, 0x0000000705200000|
|  83|0x0000000705300000, 0x0000000705300000, 0x0000000705400000|  0%| F|  |TS  0|AC  0|TAMS 0x0000000705300000, 0x0000000705300000|
|  84|0x0000000705400000, 0x0000000705400000, 0x0000000705500000|  0%| F|  |TS  0|AC  0|TAMS 0x0000000705400000, 0x0000000705400000|
|  85|0x0000000705500000, 0x0000000705500000, 0x0000000705600000|  0%| F|  |TS  0|AC  0|TAMS 0x0000000705500000, 0x0000000705500000|
|  86|0x0000000705600000, 0x0000000705600000, 0x0000000705700000|  0%| F|  |TS  0|AC  0|TAMS 0x0000000705600000, 0x0000000705600000|
|  87|0x0000000705700000, 0x0000000705700000, 0x0000000705800000|  0%| F|  |TS  0|AC  0|TAMS 0x0000000705700000, 0x0000000705700000|
|  88|0x0000000705800000, 0x0000000705900000, 0x0000000705900000|100%|HS|  |TS  0|AC  0|TAMS 0x0000000705800000, 0x0000000705800000|
|  89|0x0000000705900000, 0x0000000705a00000, 0x0000000705a00000|100%|HC|  |TS  0|AC  0|TAMS 0x0000000705900000, 0x0000000705900000|
|  90|0x0000000705a00000, 0x0000000705b00000, 0x0000000705b00000|100%|HC|  |TS  0|AC  0|TAMS 0x0000000705a00000, 0x0000000705a00000|
|  91|0x0000000705b00000, 0x0000000705c00000, 0x0000000705c00000|100%|HC|  |TS  0|AC  0|TAMS 0x0000000705b00000, 0x0000000705b00000|
|  92|0x0000000705c00000, 0x0000000705d00000, 0x0000000705d00000|100%|HC|  |TS  0|AC  0|TAMS 0x0000000705c00000, 0x0000000705c00000|
|  93|0x0000000705d00000, 0x0000000705e00000, 0x0000000705e00000|100%|HC|  |TS  0|AC  0|TAMS 0x0000000705d00000, 0x0000000705d00000|
|  94|0x0000000705e00000, 0x0000000705f00000, 0x0000000705f00000|100%|HC|  |TS  0|AC  0|TAMS 0x0000000705e00000, 0x0000000705e00000|
|  95|0x0000000705f00000, 0x0000000706000000, 0x0000000706000000|100%|HC|  |TS  0|AC  0|TAMS 0x0000000705f00000, 0x0000000705f00000|
|  96|0x0000000706000000, 0x0000000706000000, 0x0000000706100000|  0%| F|  |TS  0|AC  0|TAMS 0x0000000706000000, 0x0000000706000000|
|  97|0x0000000706100000, 0x0000000706100000, 0x0000000706200000|  0%| F|  |TS  0|AC  0|TAMS 0x0000000706100000, 0x0000000706100000|
|  98|0x0000000706200000, 0x0000000706200000, 0x0000000706300000|  0%| F|  |TS  0|AC  0|TAMS 0x0000000706200000, 0x0000000706200000|
|  99|0x0000000706300000, 0x0000000706300000, 0x0000000706400000|  0%| F|  |TS  0|AC  0|TAMS 0x0000000706300000, 0x0000000706300000|
| 100|0x0000000706400000, 0x0000000706400000, 0x0000000706500000|  0%| F|  |TS  0|AC  0|TAMS 0x0000000706400000, 0x0000000706400000|
| 101|0x0000000706500000, 0x0000000706500000, 0x0000000706600000|  0%| F|  |TS  0|AC  0|TAMS 0x0000000706500000, 0x0000000706500000|
| 102|0x0000000706600000, 0x0000000706600000, 0x0000000706700000|  0%| F|  |TS  0|AC  0|TAMS 0x0000000706600000, 0x0000000706600000|
| 103|0x0000000706700000, 0x0000000706700000, 0x0000000706800000|  0%| F|  |TS  0|AC  0|TAMS 0x0000000706700000, 0x0000000706700000|
| 104|0x0000000706800000, 0x0000000706800000, 0x0000000706900000|  0%| F|  |TS  0|AC  0|TAMS 0x0000000706800000, 0x0000000706800000|
| 105|0x0000000706900000, 0x0000000706900000, 0x0000000706a00000|  0%| F|  |TS  0|AC  0|TAMS 0x0000000706900000, 0x0000000706900000|
| 106|0x0000000706a00000, 0x0000000706a00000, 0x0000000706b00000|  0%| F|  |TS  0|AC  0|TAMS 0x0000000706a00000, 0x0000000706a00000|
| 107|0x0000000706b00000, 0x0000000706b00000, 0x0000000706c00000|  0%| F|  |TS  0|AC  0|TAMS 0x0000000706b00000, 0x0000000706b00000|
| 108|0x0000000706c00000, 0x0000000706c00000, 0x0000000706d00000|  0%| F|  |TS  0|AC  0|TAMS 0x0000000706c00000, 0x0000000706c00000|
| 109|0x0000000706d00000, 0x0000000706d00000, 0x0000000706e00000|  0%| F|  |TS  0|AC  0|TAMS 0x0000000706d00000, 0x0000000706d00000|
| 110|0x0000000706e00000, 0x0000000706e00000, 0x0000000706f00000|  0%| F|  |TS  0|AC  0|TAMS 0x0000000706e00000, 0x0000000706e00000|
| 111|0x0000000706f00000, 0x0000000706f00000, 0x0000000707000000|  0%| F|  |TS  0|AC  0|TAMS 0x0000000706f00000, 0x0000000706f00000|
| 112|0x0000000707000000, 0x0000000707000000, 0x0000000707100000|  0%| F|  |TS  0|AC  0|TAMS 0x0000000707000000, 0x0000000707000000|
| 113|0x0000000707100000, 0x0000000707100000, 0x0000000707200000|  0%| F|  |TS  0|AC  0|TAMS 0x0000000707100000, 0x0000000707100000|
| 114|0x0000000707200000, 0x0000000707200000, 0x0000000707300000|  0%| F|  |TS  0|AC  0|TAMS 0x0000000707200000, 0x0000000707200000|
| 115|0x0000000707300000, 0x0000000707300000, 0x0000000707400000|  0%| F|  |TS  0|AC  0|TAMS 0x0000000707300000, 0x0000000707300000|
| 116|0x0000000707400000, 0x0000000707400000, 0x0000000707500000|  0%| F|  |TS  0|AC  0|TAMS 0x0000000707400000, 0x0000000707400000|
| 117|0x0000000707500000, 0x0000000707500000, 0x0000000707600000|  0%| F|  |TS  0|AC  0|TAMS 0x0000000707500000, 0x0000000707500000|
| 118|0x0000000707600000, 0x0000000707600000, 0x0000000707700000|  0%| F|  |TS  0|AC  0|TAMS 0x0000000707600000, 0x0000000707600000|
| 119|0x0000000707700000, 0x0000000707700000, 0x0000000707800000|  0%| F|  |TS  0|AC  0|TAMS 0x0000000707700000, 0x0000000707700000|
| 120|0x0000000707800000, 0x0000000707800000, 0x0000000707900000|  0%| F|  |TS  0|AC  0|TAMS 0x0000000707800000, 0x0000000707800000|
| 121|0x0000000707900000, 0x0000000707900000, 0x0000000707a00000|  0%| F|  |TS  0|AC  0|TAMS 0x0000000707900000, 0x0000000707900000|
| 122|0x0000000707a00000, 0x0000000707a00000, 0x0000000707b00000|  0%| F|  |TS  0|AC  0|TAMS 0x0000000707a00000, 0x0000000707a00000|
| 123|0x0000000707b00000, 0x0000000707b00000, 0x0000000707c00000|  0%| F|  |TS  0|AC  0|TAMS 0x0000000707b00000, 0x0000000707b00000|
| 124|0x0000000707c00000, 0x0000000707c00000, 0x0000000707d00000|  0%| F|  |TS  0|AC  0|TAMS 0x0000000707c00000, 0x0000000707c00000|
| 125|0x0000000707d00000, 0x0000000707d00000, 0x0000000707e00000|  0%| F|  |TS  0|AC  0|TAMS 0x0000000707d00000, 0x0000000707d00000|
| 126|0x0000000707e00000, 0x0000000707e00000, 0x0000000707f00000|  0%| F|  |TS  0|AC  0|TAMS 0x0000000707e00000, 0x0000000707e00000|
| 127|0x0000000707f00000, 0x0000000707f00000, 0x0000000708000000|  0%| F|  |TS  0|AC  0|TAMS 0x0000000707f00000, 0x0000000707f00000|
| 128|0x0000000708000000, 0x0000000708000000, 0x0000000708100000|  0%| F|  |TS  0|AC  0|TAMS 0x0000000708000000, 0x0000000708000000|
| 129|0x0000000708100000, 0x0000000708100000, 0x0000000708200000|  0%| F|  |TS  0|AC  0|TAMS 0x0000000708100000, 0x0000000708100000|
| 130|0x0000000708200000, 0x0000000708200000, 0x0000000708300000|  0%| F|  |TS  0|AC  0|TAMS 0x0000000708200000, 0x0000000708200000|
| 131|0x0000000708300000, 0x0000000708300000, 0x0000000708400000|  0%| F|  |TS  0|AC  0|TAMS 0x0000000708300000, 0x0000000708300000|
| 132|0x0000000708400000, 0x0000000708400000, 0x0000000708500000|  0%| F|  |TS  0|AC  0|TAMS 0x0000000708400000, 0x0000000708400000|
| 133|0x0000000708500000, 0x0000000708500000, 0x0000000708600000|  0%| F|  |TS  0|AC  0|TAMS 0x0000000708500000, 0x0000000708500000|
| 134|0x0000000708600000, 0x0000000708600000, 0x0000000708700000|  0%| F|  |TS  0|AC  0|TAMS 0x0000000708600000, 0x0000000708600000|
| 135|0x0000000708700000, 0x0000000708700000, 0x0000000708800000|  0%| F|  |TS  0|AC  0|TAMS 0x0000000708700000, 0x0000000708700000|
| 136|0x0000000708800000, 0x0000000708800000, 0x0000000708900000|  0%| F|  |TS  0|AC  0|TAMS 0x0000000708800000, 0x0000000708800000|
| 137|0x0000000708900000, 0x0000000708900000, 0x0000000708a00000|  0%| F|  |TS  0|AC  0|TAMS 0x0000000708900000, 0x0000000708900000|
| 138|0x0000000708a00000, 0x0000000708a00000, 0x0000000708b00000|  0%| F|  |TS  0|AC  0|TAMS 0x0000000708a00000, 0x0000000708a00000|
| 139|0x0000000708b00000, 0x0000000708b00000, 0x0000000708c00000|  0%| F|  |TS  0|AC  0|TAMS 0x0000000708b00000, 0x0000000708b00000|
| 140|0x0000000708c00000, 0x0000000708c00000, 0x0000000708d00000|  0%| F|  |TS  0|AC  0|TAMS 0x0000000708c00000, 0x0000000708c00000|
| 141|0x0000000708d00000, 0x0000000708d00000, 0x0000000708e00000|  0%| F|  |TS  0|AC  0|TAMS 0x0000000708d00000, 0x0000000708d00000|
| 142|0x0000000708e00000, 0x0000000708e00000, 0x0000000708f00000|  0%| F|  |TS  0|AC  0|TAMS 0x0000000708e00000, 0x0000000708e00000|
| 143|0x0000000708f00000, 0x0000000708f00000, 0x0000000709000000|  0%| F|  |TS  0|AC  0|TAMS 0x0000000708f00000, 0x0000000708f00000|
| 144|0x0000000709000000, 0x0000000709000000, 0x0000000709100000|  0%| F|  |TS  0|AC  0|TAMS 0x0000000709000000, 0x0000000709000000|
| 145|0x0000000709100000, 0x0000000709100000, 0x0000000709200000|  0%| F|  |TS  0|AC  0|TAMS 0x0000000709100000, 0x0000000709100000|
| 146|0x0000000709200000, 0x0000000709200000, 0x0000000709300000|  0%| F|  |TS  0|AC  0|TAMS 0x0000000709200000, 0x0000000709200000|
| 147|0x0000000709300000, 0x0000000709300000, 0x0000000709400000|  0%| F|  |TS  0|AC  0|TAMS 0x0000000709300000, 0x0000000709300000|
| 148|0x0000000709400000, 0x0000000709400000, 0x0000000709500000|  0%| F|  |TS  0|AC  0|TAMS 0x0000000709400000, 0x0000000709400000|
| 149|0x0000000709500000, 0x0000000709500000, 0x0000000709600000|  0%| F|  |TS  0|AC  0|TAMS 0x0000000709500000, 0x0000000709500000|
| 150|0x0000000709600000, 0x0000000709600000, 0x0000000709700000|  0%| F|  |TS  0|AC  0|TAMS 0x0000000709600000, 0x0000000709600000|
| 151|0x0000000709700000, 0x0000000709700000, 0x0000000709800000|  0%| F|  |TS  0|AC  0|TAMS 0x0000000709700000, 0x0000000709700000|
| 152|0x0000000709800000, 0x0000000709800000, 0x0000000709900000|  0%| F|  |TS  0|AC  0|TAMS 0x0000000709800000, 0x0000000709800000|
| 153|0x0000000709900000, 0x0000000709900000, 0x0000000709a00000|  0%| F|  |TS  0|AC  0|TAMS 0x0000000709900000, 0x0000000709900000|
| 154|0x0000000709a00000, 0x0000000709a00000, 0x0000000709b00000|  0%| F|  |TS  0|AC  0|TAMS 0x0000000709a00000, 0x0000000709a00000|
| 155|0x0000000709b00000, 0x0000000709b00000, 0x0000000709c00000|  0%| F|  |TS  0|AC  0|TAMS 0x0000000709b00000, 0x0000000709b00000|
| 156|0x0000000709c00000, 0x0000000709c00000, 0x0000000709d00000|  0%| F|  |TS  0|AC  0|TAMS 0x0000000709c00000, 0x0000000709c00000|
| 157|0x0000000709d00000, 0x0000000709d00000, 0x0000000709e00000|  0%| F|  |TS  0|AC  0|TAMS 0x0000000709d00000, 0x0000000709d00000|
| 158|0x0000000709e00000, 0x0000000709e00000, 0x0000000709f00000|  0%| F|  |TS  0|AC  0|TAMS 0x0000000709e00000, 0x0000000709e00000|
| 159|0x0000000709f00000, 0x0000000709f00000, 0x000000070a000000|  0%| F|  |TS  0|AC  0|TAMS 0x0000000709f00000, 0x0000000709f00000|
| 160|0x000000070a000000, 0x000000070a000000, 0x000000070a100000|  0%| F|  |TS  0|AC  0|TAMS 0x000000070a000000, 0x000000070a000000|
| 161|0x000000070a100000, 0x000000070a100000, 0x000000070a200000|  0%| F|  |TS  0|AC  0|TAMS 0x000000070a100000, 0x000000070a100000|
| 162|0x000000070a200000, 0x000000070a200000, 0x000000070a300000|  0%| F|  |TS  0|AC  0|TAMS 0x000000070a200000, 0x000000070a200000|
| 163|0x000000070a300000, 0x000000070a300000, 0x000000070a400000|  0%| F|  |TS  0|AC  0|TAMS 0x000000070a300000, 0x000000070a300000|
| 164|0x000000070a400000, 0x000000070a400000, 0x000000070a500000|  0%| F|  |TS  0|AC  0|TAMS 0x000000070a400000, 0x000000070a400000|
| 165|0x000000070a500000, 0x000000070a500000, 0x000000070a600000|  0%| F|  |TS  0|AC  0|TAMS 0x000000070a500000, 0x000000070a500000|
| 166|0x000000070a600000, 0x000000070a600000, 0x000000070a700000|  0%| F|  |TS  0|AC  0|TAMS 0x000000070a600000, 0x000000070a600000|
| 167|0x000000070a700000, 0x000000070a700000, 0x000000070a800000|  0%| F|  |TS  0|AC  0|TAMS 0x000000070a700000, 0x000000070a700000|
| 168|0x000000070a800000, 0x000000070a800000, 0x000000070a900000|  0%| F|  |TS  0|AC  0|TAMS 0x000000070a800000, 0x000000070a800000|
| 169|0x000000070a900000, 0x000000070a900000, 0x000000070aa00000|  0%| F|  |TS  0|AC  0|TAMS 0x000000070a900000, 0x000000070a900000|
| 170|0x000000070aa00000, 0x000000070aa00000, 0x000000070ab00000|  0%| F|  |TS  0|AC  0|TAMS 0x000000070aa00000, 0x000000070aa00000|
| 171|0x000000070ab00000, 0x000000070ab00000, 0x000000070ac00000|  0%| F|  |TS  0|AC  0|TAMS 0x000000070ab00000, 0x000000070ab00000|
| 172|0x000000070ac00000, 0x000000070ac00000, 0x000000070ad00000|  0%| F|  |TS  0|AC  0|TAMS 0x000000070ac00000, 0x000000070ac00000|
| 173|0x000000070ad00000, 0x000000070ad00000, 0x000000070ae00000|  0%| F|  |TS  0|AC  0|TAMS 0x000000070ad00000, 0x000000070ad00000|
| 174|0x000000070ae00000, 0x000000070ae00000, 0x000000070af00000|  0%| F|  |TS  0|AC  0|TAMS 0x000000070ae00000, 0x000000070ae00000|
| 175|0x000000070af00000, 0x000000070af00000, 0x000000070b000000|  0%| F|  |TS  0|AC  0|TAMS 0x000000070af00000, 0x000000070af00000|
| 176|0x000000070b000000, 0x000000070b000000, 0x000000070b100000|  0%| F|  |TS  7|AC  0|TAMS 0x000000070b000000, 0x000000070b000000|
| 177|0x000000070b100000, 0x000000070b1aa900, 0x000000070b200000| 66%| S|CS|TS  9|AC  0|TAMS 0x000000070b100000, 0x000000070b100000|
| 178|0x000000070b200000, 0x000000070b200000, 0x000000070b300000|  0%| F|  |TS  9|AC  0|TAMS 0x000000070b200000, 0x000000070b200000|
| 179|0x000000070b300000, 0x000000070b300000, 0x000000070b400000|  0%| F|  |TS  9|AC  0|TAMS 0x000000070b300000, 0x000000070b300000|
| 180|0x000000070b400000, 0x000000070b400000, 0x000000070b500000|  0%| F|  |TS  9|AC  0|TAMS 0x000000070b400000, 0x000000070b400000|
| 181|0x000000070b500000, 0x000000070b500000, 0x000000070b600000|  0%| F|  |TS  9|AC  0|TAMS 0x000000070b500000, 0x000000070b500000|
| 182|0x000000070b600000, 0x000000070b600000, 0x000000070b700000|  0%| F|  |TS  9|AC  0|TAMS 0x000000070b600000, 0x000000070b600000|
| 183|0x000000070b700000, 0x000000070b700000, 0x000000070b800000|  0%| F|  |TS  9|AC  0|TAMS 0x000000070b700000, 0x000000070b700000|
| 184|0x000000070b800000, 0x000000070b800000, 0x000000070b900000|  0%| F|  |TS  9|AC  0|TAMS 0x000000070b800000, 0x000000070b800000|
| 185|0x000000070b900000, 0x000000070b900000, 0x000000070ba00000|  0%| F|  |TS  9|AC  0|TAMS 0x000000070b900000, 0x000000070b900000|
| 186|0x000000070ba00000, 0x000000070ba00000, 0x000000070bb00000|  0%| F|  |TS  9|AC  0|TAMS 0x000000070ba00000, 0x000000070ba00000|
| 187|0x000000070bb00000, 0x000000070bb00800, 0x000000070bc00000|  0%| E|  |TS  9|AC  0|TAMS 0x000000070bb00000, 0x000000070bb00000|
| 188|0x000000070bc00000, 0x000000070bd00000, 0x000000070bd00000|100%| E|CS|TS  9|AC  0|TAMS 0x000000070bc00000, 0x000000070bc00000|
| 189|0x000000070bd00000, 0x000000070be00000, 0x000000070be00000|100%| E|CS|TS  9|AC  0|TAMS 0x000000070bd00000, 0x000000070bd00000|
| 190|0x000000070be00000, 0x000000070bf00000, 0x000000070bf00000|100%| E|CS|TS  9|AC  0|TAMS 0x000000070be00000, 0x000000070be00000|
| 191|0x000000070bf00000, 0x000000070c000000, 0x000000070c000000|100%| E|CS|TS  9|AC  0|TAMS 0x000000070bf00000, 0x000000070bf00000|
| 192|0x000000070c000000, 0x000000070c100000, 0x000000070c100000|100%| E|CS|TS  9|AC  0|TAMS 0x000000070c000000, 0x000000070c000000|
| 193|0x000000070c100000, 0x000000070c200000, 0x000000070c200000|100%| E|CS|TS  9|AC  0|TAMS 0x000000070c100000, 0x000000070c100000|
| 194|0x000000070c200000, 0x000000070c300000, 0x000000070c300000|100%| E|CS|TS  9|AC  0|TAMS 0x000000070c200000, 0x000000070c200000|
| 195|0x000000070c300000, 0x000000070c400000, 0x000000070c400000|100%| E|CS|TS  9|AC  0|TAMS 0x000000070c300000, 0x000000070c300000|
| 196|0x000000070c400000, 0x000000070c500000, 0x000000070c500000|100%| E|CS|TS  9|AC  0|TAMS 0x000000070c400000, 0x000000070c400000|
| 197|0x000000070c500000, 0x000000070c600000, 0x000000070c600000|100%| E|CS|TS  9|AC  0|TAMS 0x000000070c500000, 0x000000070c500000|
| 198|0x000000070c600000, 0x000000070c700000, 0x000000070c700000|100%| E|CS|TS  9|AC  0|TAMS 0x000000070c600000, 0x000000070c600000|
| 199|0x000000070c700000, 0x000000070c800000, 0x000000070c800000|100%| E|CS|TS  9|AC  0|TAMS 0x000000070c700000, 0x000000070c700000|
| 200|0x000000070c800000, 0x000000070c900000, 0x000000070c900000|100%| E|CS|TS  9|AC  0|TAMS 0x000000070c800000, 0x000000070c800000|
| 201|0x000000070c900000, 0x000000070ca00000, 0x000000070ca00000|100%| E|CS|TS  9|AC  0|TAMS 0x000000070c900000, 0x000000070c900000|
| 202|0x000000070ca00000, 0x000000070cb00000, 0x000000070cb00000|100%| E|CS|TS  9|AC  0|TAMS 0x000000070ca00000, 0x000000070ca00000|
| 203|0x000000070cb00000, 0x000000070cc00000, 0x000000070cc00000|100%| E|CS|TS  9|AC  0|TAMS 0x000000070cb00000, 0x000000070cb00000|
| 204|0x000000070cc00000, 0x000000070cd00000, 0x000000070cd00000|100%| E|CS|TS  9|AC  0|TAMS 0x000000070cc00000, 0x000000070cc00000|
| 205|0x000000070cd00000, 0x000000070ce00000, 0x000000070ce00000|100%| E|CS|TS  9|AC  0|TAMS 0x000000070cd00000, 0x000000070cd00000|
| 206|0x000000070ce00000, 0x000000070cf00000, 0x000000070cf00000|100%| E|CS|TS  9|AC  0|TAMS 0x000000070ce00000, 0x000000070ce00000|
| 207|0x000000070cf00000, 0x000000070d000000, 0x000000070d000000|100%| E|CS|TS  9|AC  0|TAMS 0x000000070cf00000, 0x000000070cf00000|
| 208|0x000000070d000000, 0x000000070d100000, 0x000000070d100000|100%| E|CS|TS  9|AC  0|TAMS 0x000000070d000000, 0x000000070d000000|
| 209|0x000000070d100000, 0x000000070d200000, 0x000000070d200000|100%| E|CS|TS  9|AC  0|TAMS 0x000000070d100000, 0x000000070d100000|
| 210|0x000000070d200000, 0x000000070d300000, 0x000000070d300000|100%| E|CS|TS  9|AC  0|TAMS 0x000000070d200000, 0x000000070d200000|
| 211|0x000000070d300000, 0x000000070d400000, 0x000000070d400000|100%| E|CS|TS  9|AC  0|TAMS 0x000000070d300000, 0x000000070d300000|
| 212|0x000000070d400000, 0x000000070d500000, 0x000000070d500000|100%| E|CS|TS  9|AC  0|TAMS 0x000000070d400000, 0x000000070d400000|
| 213|0x000000070d500000, 0x000000070d600000, 0x000000070d600000|100%| E|CS|TS  9|AC  0|TAMS 0x000000070d500000, 0x000000070d500000|
| 214|0x000000070d600000, 0x000000070d700000, 0x000000070d700000|100%| E|CS|TS  9|AC  0|TAMS 0x000000070d600000, 0x000000070d600000|
| 215|0x000000070d700000, 0x000000070d800000, 0x000000070d800000|100%| E|CS|TS  9|AC  0|TAMS 0x000000070d700000, 0x000000070d700000|
| 216|0x000000070d800000, 0x000000070d900000, 0x000000070d900000|100%| E|CS|TS  9|AC  0|TAMS 0x000000070d800000, 0x000000070d800000|
| 217|0x000000070d900000, 0x000000070da00000, 0x000000070da00000|100%| E|CS|TS  9|AC  0|TAMS 0x000000070d900000, 0x000000070d900000|
| 218|0x000000070da00000, 0x000000070db00000, 0x000000070db00000|100%| E|CS|TS  9|AC  0|TAMS 0x000000070da00000, 0x000000070da00000|
| 219|0x000000070db00000, 0x000000070dc00000, 0x000000070dc00000|100%| E|CS|TS  9|AC  0|TAMS 0x000000070db00000, 0x000000070db00000|
| 220|0x000000070dc00000, 0x000000070dd00000, 0x000000070dd00000|100%| E|CS|TS  9|AC  0|TAMS 0x000000070dc00000, 0x000000070dc00000|
| 221|0x000000070dd00000, 0x000000070de00000, 0x000000070de00000|100%| E|CS|TS  9|AC  0|TAMS 0x000000070dd00000, 0x000000070dd00000|
| 222|0x000000070de00000, 0x000000070df00000, 0x000000070df00000|100%| E|CS|TS  9|AC  0|TAMS 0x000000070de00000, 0x000000070de00000|
| 223|0x000000070df00000, 0x000000070e000000, 0x000000070e000000|100%| E|CS|TS  9|AC  0|TAMS 0x000000070df00000, 0x000000070df00000|
| 224|0x000000070e000000, 0x000000070e100000, 0x000000070e100000|100%| E|CS|TS  9|AC  0|TAMS 0x000000070e000000, 0x000000070e000000|
| 225|0x000000070e100000, 0x000000070e200000, 0x000000070e200000|100%| E|CS|TS  9|AC  0|TAMS 0x000000070e100000, 0x000000070e100000|
| 226|0x000000070e200000, 0x000000070e300000, 0x000000070e300000|100%| E|CS|TS  9|AC  0|TAMS 0x000000070e200000, 0x000000070e200000|
| 227|0x000000070e300000, 0x000000070e400000, 0x000000070e400000|100%| E|CS|TS  9|AC  0|TAMS 0x000000070e300000, 0x000000070e300000|
| 228|0x000000070e400000, 0x000000070e500000, 0x000000070e500000|100%| E|CS|TS  9|AC  0|TAMS 0x000000070e400000, 0x000000070e400000|
| 229|0x000000070e500000, 0x000000070e600000, 0x000000070e600000|100%| E|CS|TS  9|AC  0|TAMS 0x000000070e500000, 0x000000070e500000|
| 230|0x000000070e600000, 0x000000070e700000, 0x000000070e700000|100%| E|CS|TS  9|AC  0|TAMS 0x000000070e600000, 0x000000070e600000|
| 231|0x000000070e700000, 0x000000070e800000, 0x000000070e800000|100%| E|CS|TS  9|AC  0|TAMS 0x000000070e700000, 0x000000070e700000|
| 232|0x000000070e800000, 0x000000070e900000, 0x000000070e900000|100%| E|CS|TS  9|AC  0|TAMS 0x000000070e800000, 0x000000070e800000|
| 233|0x000000070e900000, 0x000000070ea00000, 0x000000070ea00000|100%| E|CS|TS  9|AC  0|TAMS 0x000000070e900000, 0x000000070e900000|
| 234|0x000000070ea00000, 0x000000070eb00000, 0x000000070eb00000|100%| E|CS|TS  9|AC  0|TAMS 0x000000070ea00000, 0x000000070ea00000|
| 235|0x000000070eb00000, 0x000000070ec00000, 0x000000070ec00000|100%| E|CS|TS  9|AC  0|TAMS 0x000000070eb00000, 0x000000070eb00000|
| 236|0x000000070ec00000, 0x000000070ed00000, 0x000000070ed00000|100%| E|CS|TS  9|AC  0|TAMS 0x000000070ec00000, 0x000000070ec00000|
| 237|0x000000070ed00000, 0x000000070ee00000, 0x000000070ee00000|100%| E|CS|TS  9|AC  0|TAMS 0x000000070ed00000, 0x000000070ed00000|

Card table byte_map: [0x0000017004050000,0x0000017004650000] byte_map_base: 0x0000017000850000

Marking Bits (Prev, Next): (CMBitMap*) 0x00000170022f8a48, (CMBitMap*) 0x00000170022f8a10
 Prev Bits: [0x000001701eaf0000, 0x0000017021af0000)
 Next Bits: [0x000001701baf0000, 0x000001701eaf0000)

Polling page: 0x0000017001130000

CodeHeap 'non-profiled nmethods': size=120000Kb used=21428Kb max_used=22749Kb free=98571Kb
 bounds [0x0000017013fc0000, 0x0000017015600000, 0x000001701b4f0000]
CodeHeap 'profiled nmethods': size=120000Kb used=41897Kb max_used=45318Kb free=78103Kb
 bounds [0x000001700ca90000, 0x000001700f800000, 0x0000017013fc0000]
CodeHeap 'non-nmethods': size=5760Kb used=1847Kb max_used=1912Kb free=3912Kb
 bounds [0x000001700c4f0000, 0x000001700c760000, 0x000001700ca90000]
 total_blobs=34058 nmethods=17553 adapters=1213
 compilation: enabled

Compilation events (10 events):
Event: 1064.089 Thread 0x000001707fb81800 23340       1       java.lang.Double::doubleValue (5 bytes)
Event: 1064.089 Thread 0x000001707fb81800 nmethod 23340 0x00000170141df390 code [0x00000170141df540, 0x00000170141df658]
Event: 1064.096 Thread 0x000001707fb81800 23342       3       java.awt.Component::getBoundsOp (29 bytes)
Event: 1064.096 Thread 0x000001707fb81800 nmethod 23342 0x000001700cbca110 code [0x000001700cbca2c0, 0x000001700cbca438]
Event: 1064.101 Thread 0x000001707fb81800 23343       3       javax.swing.plaf.synth.SynthLookAndFeel$Handler::repaintIfBackgroundsDiffer (114 bytes)
Event: 1064.102 Thread 0x000001707fb81800 nmethod 23343 0x000001700cd16190 code [0x000001700cd163e0, 0x000001700cd17010]
Event: 1064.113 Thread 0x000001707fb81800 23344       3       ui.views.cp::fgr (103 bytes)
Event: 1064.115 Thread 0x000001707fb81800 nmethod 23344 0x000001700cd63010 code [0x000001700cd63600, 0x000001700cd67670]
Event: 1064.570 Thread 0x000001707fb3b800 23345   !   4       java.awt.KeyboardFocusManager::processCurrentLightweightRequests (345 bytes)
Event: 1064.589 Thread 0x000001707fb3b800 nmethod 23345 0x0000017014612290 code [0x00000170146125a0, 0x00000170146143a0]

GC Heap History (10 events):
Event: 998.310 GC heap before
{Heap before GC invocations=331 (full 124):
 garbage-first heap   total 243712K, used 140039K [0x0000000700000000, 0x0000000700100770, 0x00000007c0000000)
  region size 1024K, 60 young (61440K), 0 survivors (0K)
 Metaspace       used 87447K, capacity 94161K, committed 94256K, reserved 1130496K
  class space    used 11909K, capacity 13053K, committed 13104K, reserved 1048576K
}
Event: 998.313 GC heap after
{Heap after GC invocations=332 (full 124):
 garbage-first heap   total 243712K, used 79510K [0x0000000700000000, 0x0000000700100770, 0x00000007c0000000)
  region size 1024K, 1 young (1024K), 1 survivors (1024K)
 Metaspace       used 87447K, capacity 94161K, committed 94256K, reserved 1130496K
  class space    used 11909K, capacity 13053K, committed 13104K, reserved 1048576K
}
Event: 1000.279 GC heap before
{Heap before GC invocations=332 (full 124):
 garbage-first heap   total 243712K, used 139926K [0x0000000700000000, 0x0000000700100770, 0x00000007c0000000)
  region size 1024K, 60 young (61440K), 1 survivors (1024K)
 Metaspace       used 87502K, capacity 94225K, committed 94512K, reserved 1130496K
  class space    used 11909K, capacity 13053K, committed 13104K, reserved 1048576K
}
Event: 1000.281 GC heap after
{Heap after GC invocations=333 (full 124):
 garbage-first heap   total 243712K, used 79536K [0x0000000700000000, 0x0000000700100770, 0x00000007c0000000)
  region size 1024K, 1 young (1024K), 1 survivors (1024K)
 Metaspace       used 87502K, capacity 94225K, committed 94512K, reserved 1130496K
  class space    used 11909K, capacity 13053K, committed 13104K, reserved 1048576K
}
Event: 1060.220 GC heap before
{Heap before GC invocations=333 (full 124):
 garbage-first heap   total 243712K, used 139952K [0x0000000700000000, 0x0000000700100770, 0x00000007c0000000)
  region size 1024K, 60 young (61440K), 1 survivors (1024K)
 Metaspace       used 87515K, capacity 94229K, committed 94512K, reserved 1130496K
  class space    used 11909K, capacity 13053K, committed 13104K, reserved 1048576K
}
Event: 1060.222 GC heap after
{Heap after GC invocations=334 (full 124):
 garbage-first heap   total 243712K, used 79705K [0x0000000700000000, 0x0000000700100770, 0x00000007c0000000)
  region size 1024K, 2 young (2048K), 2 survivors (2048K)
 Metaspace       used 87515K, capacity 94229K, committed 94512K, reserved 1130496K
  class space    used 11909K, capacity 13053K, committed 13104K, reserved 1048576K
}
Event: 1062.216 GC heap before
{Heap before GC invocations=334 (full 124):
 garbage-first heap   total 243712K, used 139097K [0x0000000700000000, 0x0000000700100770, 0x00000007c0000000)
  region size 1024K, 60 young (61440K), 2 survivors (2048K)
 Metaspace       used 87523K, capacity 94229K, committed 94512K, reserved 1130496K
  class space    used 11909K, capacity 13053K, committed 13104K, reserved 1048576K
}
Event: 1062.218 GC heap after
{Heap after GC invocations=335 (full 124):
 garbage-first heap   total 243712K, used 79240K [0x0000000700000000, 0x0000000700100770, 0x00000007c0000000)
  region size 1024K, 1 young (1024K), 1 survivors (1024K)
 Metaspace       used 87523K, capacity 94229K, committed 94512K, reserved 1130496K
  class space    used 11909K, capacity 13053K, committed 13104K, reserved 1048576K
}
Event: 1062.343 GC heap before
{Heap before GC invocations=335 (full 124):
 garbage-first heap   total 243712K, used 139656K [0x0000000700000000, 0x0000000700100770, 0x00000007c0000000)
  region size 1024K, 60 young (61440K), 1 survivors (1024K)
 Metaspace       used 87523K, capacity 94229K, committed 94512K, reserved 1130496K
  class space    used 11909K, capacity 13053K, committed 13104K, reserved 1048576K
}
Event: 1062.345 GC heap after
{Heap after GC invocations=336 (full 124):
 garbage-first heap   total 243712K, used 79281K [0x0000000700000000, 0x0000000700100770, 0x00000007c0000000)
  region size 1024K, 1 young (1024K), 1 survivors (1024K)
 Metaspace       used 87523K, capacity 94229K, committed 94512K, reserved 1130496K
  class space    used 11909K, capacity 13053K, committed 13104K, reserved 1048576K
}

Deoptimization events (10 events):
Event: 786.830 Thread 0x00000170257b2000 Uncommon trap: reason=unstable_if action=reinterpret pc=0x00000170154a61f0 method=javax.swing.tree.VariableHeightLayoutCache.getBounds(Ljavax/swing/tree/TreePath;Ljava/awt/Rectangle;)Ljava/awt/Rectangle; @ 16 c2
Event: 800.935 Thread 0x00000170257b2000 Uncommon trap: reason=class_check action=maybe_recompile pc=0x00000170154c73a0 method=java.awt.LightweightDispatcher.dispatchEvent(Ljava/awt/AWTEvent;)Z @ 44 c2
Event: 801.094 Thread 0x00000170257b2000 Uncommon trap: reason=class_check action=maybe_recompile pc=0x00000170154c73a0 method=java.awt.LightweightDispatcher.dispatchEvent(Ljava/awt/AWTEvent;)Z @ 44 c2
Event: 801.097 Thread 0x00000170257b2000 Uncommon trap: reason=class_check action=maybe_recompile pc=0x0000017014786c54 method=java.awt.EventQueue.coalesceEvent(Ljava/awt/AWTEvent;I)Z @ 77 c2
Event: 801.102 Thread 0x00000170257b2000 Uncommon trap: reason=class_check action=maybe_recompile pc=0x00000170154c73a0 method=java.awt.LightweightDispatcher.dispatchEvent(Ljava/awt/AWTEvent;)Z @ 44 c2
Event: 836.189 Thread 0x0000017025ae5800 Uncommon trap: reason=unstable_if action=reinterpret pc=0x00000170143c25c8 method=java.util.concurrent.locks.AbstractQueuedSynchronizer.acquireQueued(Ljava/util/concurrent/locks/AbstractQueuedSynchronizer$Node;I)Z @ 14 c2
Event: 961.664 Thread 0x00000170257b2000 Uncommon trap: reason=unstable_if action=reinterpret pc=0x00000170154b3230 method=javax.swing.tree.VariableHeightLayoutCache.getBounds(Ljavax/swing/tree/TreePath;Ljava/awt/Rectangle;)Ljava/awt/Rectangle; @ 16 c2
Event: 961.664 Thread 0x00000170257b2000 Uncommon trap: reason=unstable_if action=reinterpret pc=0x0000017014fdb294 method=javax.swing.tree.VariableHeightLayoutCache.getBounds(Ljavax/swing/tree/TreePath;Ljava/awt/Rectangle;)Ljava/awt/Rectangle; @ 16 c2
Event: 961.665 Thread 0x00000170257b2000 Uncommon trap: reason=unstable_if action=reinterpret pc=0x0000017014f6fbc8 method=javax.swing.tree.VariableHeightLayoutCache.getBounds(Ljavax/swing/tree/TreePath;Ljava/awt/Rectangle;)Ljava/awt/Rectangle; @ 16 c2
Event: 975.939 Thread 0x00000170257b2000 Uncommon trap: reason=class_check action=maybe_recompile pc=0x00000170154c73a0 method=java.awt.LightweightDispatcher.dispatchEvent(Ljava/awt/AWTEvent;)Z @ 44 c2

Classes redefined (0 events):
No events

Internal exceptions (10 events):
Event: 758.150 Thread 0x00000170257b2000 Exception <a 'java/io/FileNotFoundException'{0x000000070e72a890}> (0x000000070e72a890) thrown at [t:/workspace/hotspot/src/share/vm/prims/jni.cpp, line 604]
Event: 758.150 Thread 0x00000170257b2000 Exception <a 'java/io/FileNotFoundException'{0x000000070e72f8b0}> (0x000000070e72f8b0) thrown at [t:/workspace/hotspot/src/share/vm/prims/jni.cpp, line 604]
Event: 758.174 Thread 0x00000170257b2000 Exception <a 'java/io/FileNotFoundException'{0x000000070e542fe0}> (0x000000070e542fe0) thrown at [t:/workspace/hotspot/src/share/vm/prims/jni.cpp, line 604]
Event: 758.200 Thread 0x00000170257b2000 Exception <a 'java/io/FileNotFoundException'{0x000000070e362088}> (0x000000070e362088) thrown at [t:/workspace/hotspot/src/share/vm/prims/jni.cpp, line 604]
Event: 758.200 Thread 0x00000170257b2000 Exception <a 'java/io/FileNotFoundException'{0x000000070e3670a8}> (0x000000070e3670a8) thrown at [t:/workspace/hotspot/src/share/vm/prims/jni.cpp, line 604]
Event: 758.223 Thread 0x00000170257b2000 Exception <a 'java/io/FileNotFoundException'{0x000000070e2e6cc8}> (0x000000070e2e6cc8) thrown at [t:/workspace/hotspot/src/share/vm/prims/jni.cpp, line 604]
Event: 758.249 Thread 0x00000170257b2000 Exception <a 'java/io/FileNotFoundException'{0x000000070df5ac40}> (0x000000070df5ac40) thrown at [t:/workspace/hotspot/src/share/vm/prims/jni.cpp, line 604]
Event: 758.249 Thread 0x00000170257b2000 Exception <a 'java/io/FileNotFoundException'{0x000000070df5fc60}> (0x000000070df5fc60) thrown at [t:/workspace/hotspot/src/share/vm/prims/jni.cpp, line 604]
Event: 758.416 Thread 0x0000017025673000 Exception <a 'ui/frmwork/CommandFailedException'{0x000000070c20b218}> (0x000000070c20b218) thrown at [t:/workspace/hotspot/src/share/vm/prims/jni.cpp, line 604]
Event: 758.425 Thread 0x00000170257b2000 Implicit null exception at 0x0000017014e8d924 to 0x0000017014e8e969

Events (10 events):
Event: 1062.345 Executing VM operation: G1IncCollectionPause done
Event: 1063.214 Thread 0x000001702566e000 Thread added: 0x000001702566e000
Event: 1063.217 Thread 0x000001702566e000 Thread exited: 0x000001702566e000
Event: 1064.089 Thread 0x000001702566b000 Thread added: 0x000001702566b000
Event: 1064.090 Executing VM operation: RevokeBias
Event: 1064.093 Executing VM operation: RevokeBias done
Event: 1064.094 Executing VM operation: RevokeBias
Event: 1064.094 Executing VM operation: RevokeBias done
Event: 1064.214 Thread 0x000001702566f800 Thread added: 0x000001702566f800
Event: 1064.217 Thread 0x000001702566f800 Thread exited: 0x000001702566f800


Dynamic libraries:
0x00007ff7d48a0000 - 0x00007ff7d48d0000 	D:\Xilinx\Vivado\2019.1\bin\unwrapped\win64.o\vivado.exe
0x00007ffb81790000 - 0x00007ffb81985000 	C:\WINDOWS\SYSTEM32\ntdll.dll
0x00007ffb7fbd0000 - 0x00007ffb7fc8d000 	C:\WINDOWS\System32\KERNEL32.DLL
0x00007ffb7f1a0000 - 0x00007ffb7f468000 	C:\WINDOWS\System32\KERNELBASE.dll
0x00007ffb7efb0000 - 0x00007ffb7f0b0000 	C:\WINDOWS\System32\ucrtbase.dll
0x00007ffb53520000 - 0x00007ffb535ad000 	C:\WINDOWS\SYSTEM32\MSVCP140.dll
0x00007ffb53500000 - 0x00007ffb5351a000 	C:\WINDOWS\SYSTEM32\VCRUNTIME140.dll
0x00007ffb534f0000 - 0x00007ffb534fc000 	C:\WINDOWS\SYSTEM32\VCRUNTIME140_1.dll
0x00007ffb6c910000 - 0x00007ffb6c924000 	D:\Xilinx\Vivado\2019.1\lib\win64.o\libboost_signals.dll
0x00007ffb6c5c0000 - 0x00007ffb6c5d4000 	D:\Xilinx\Vivado\2019.1\lib\win64.o\librdi_commonmain.dll
0x00007ffb26c50000 - 0x00007ffb27b32000 	D:\Xilinx\Vivado\2019.1\lib\win64.o\librdi_common.dll
0x00007ffb62eb0000 - 0x00007ffb62ed6000 	D:\Xilinx\Vivado\2019.1\lib\win64.o\libboost_filesystem.dll
0x00007ffb800b0000 - 0x00007ffb80250000 	C:\WINDOWS\System32\USER32.dll
0x00007ffb7f470000 - 0x00007ffb7f492000 	C:\WINDOWS\System32\win32u.dll
0x00007ffb7fc90000 - 0x00007ffb7fcba000 	C:\WINDOWS\System32\GDI32.dll
0x00007ffb7f4a0000 - 0x00007ffb7f5ab000 	C:\WINDOWS\System32\gdi32full.dll
0x00007ffb816a0000 - 0x00007ffb8174c000 	C:\WINDOWS\System32\ADVAPI32.dll
0x00007ffb7f0b0000 - 0x00007ffb7f14d000 	C:\WINDOWS\System32\msvcp_win.dll
0x00007ffb813a0000 - 0x00007ffb8143e000 	C:\WINDOWS\System32\msvcrt.dll
0x00007ffb80990000 - 0x00007ffb80a2b000 	C:\WINDOWS\System32\sechost.dll
0x00007ffb80250000 - 0x00007ffb8098f000 	C:\WINDOWS\System32\SHELL32.dll
0x00007ffb7ff80000 - 0x00007ffb800ab000 	C:\WINDOWS\System32\RPCRT4.dll
0x00007ffb69560000 - 0x00007ffb6956a000 	D:\Xilinx\Vivado\2019.1\lib\win64.o\librdi_commonversion.dll
0x0000000069a80000 - 0x0000000069bab000 	D:\Xilinx\Vivado\2019.1\lib\win64.o\tcl85t.dll
0x00007ffb363f0000 - 0x00007ffb36511000 	D:\Xilinx\Vivado\2019.1\lib\win64.o\librdi_commonxillic.dll
0x00007ffb80f90000 - 0x00007ffb80ffb000 	C:\WINDOWS\System32\WS2_32.dll
0x00007ffb68740000 - 0x00007ffb68754000 	D:\Xilinx\Vivado\2019.1\lib\win64.o\libboost_date_time.dll
0x00007ffb29e80000 - 0x00007ffb2a1ee000 	D:\Xilinx\Vivado\2019.1\lib\win64.o\libCOIN-all.dll
0x00007ffb40170000 - 0x00007ffb401ef000 	D:\Xilinx\Vivado\2019.1\lib\win64.o\libboost_program_options.dll
0x00007ffb35810000 - 0x00007ffb35924000 	D:\Xilinx\Vivado\2019.1\lib\win64.o\libboost_regex.dll
0x00007ffb61770000 - 0x00007ffb61791000 	D:\Xilinx\Vivado\2019.1\lib\win64.o\libboost_thread.dll
0x00007ffb67fb0000 - 0x00007ffb67fbb000 	D:\Xilinx\Vivado\2019.1\lib\win64.o\libboost_system.dll
0x00007ffb67e40000 - 0x00007ffb67e4f000 	D:\Xilinx\Vivado\2019.1\lib\win64.o\libboost_xilinx.dll
0x00007ffb38e70000 - 0x00007ffb38ef2000 	D:\Xilinx\Vivado\2019.1\lib\win64.o\libhdlpsolve.dll
0x00007ffb36d50000 - 0x00007ffb36df5000 	D:\Xilinx\Vivado\2019.1\lib\win64.o\libhdxml.dll
0x00007ffb260a0000 - 0x00007ffb26c4f400 	D:\Xilinx\Vivado\2019.1\lib\win64.o\libisl_iostreams.dll
0x00007ffb60750000 - 0x00007ffb6077e000 	D:\Xilinx\Vivado\2019.1\lib\win64.o\libisl_sysinfo.dll
0x00007ffb3f2e0000 - 0x00007ffb3f345000 	D:\Xilinx\Vivado\2019.1\lib\win64.o\liblmx6.0.dll
0x00007ffb67c00000 - 0x00007ffb67c1a000 	D:\Xilinx\Vivado\2019.1\lib\win64.o\pthreadVC2.dll
0x00007ffb64960000 - 0x00007ffb6497c000 	D:\Xilinx\Vivado\2019.1\lib\win64.o\librdiconfig.dll
0x00007ffb4d360000 - 0x00007ffb4d381000 	D:\Xilinx\Vivado\2019.1\lib\win64.o\librdizlib.dll
0x00007ffb5bab0000 - 0x00007ffb5bac8000 	C:\WINDOWS\SYSTEM32\NETAPI32.dll
0x00007ffb4fb60000 - 0x00007ffb5003d000 	C:\WINDOWS\SYSTEM32\WININET.dll
0x00007ffb765f0000 - 0x00007ffb766fb000 	C:\WINDOWS\SYSTEM32\WINHTTP.dll
0x00007ffb6a7b0000 - 0x00007ffb6a99c000 	C:\WINDOWS\SYSTEM32\urlmon.dll
0x0000000012000000 - 0x0000000012270000 	D:\Xilinx\Vivado\2019.1\lib\win64.o\xerces-c_3_1.dll
0x00007ffb67e30000 - 0x00007ffb67e39000 	C:\WINDOWS\SYSTEM32\WSOCK32.dll
0x00007ffb49060000 - 0x00007ffb49089000 	C:\WINDOWS\SYSTEM32\VCOMP140.DLL
0x00007ffb24f20000 - 0x00007ffb251f8000 	D:\Xilinx\Vivado\2019.1\lib\win64.o\libXil_lmgr11.dll
0x00007ffb67ce0000 - 0x00007ffb67ced000 	D:\Xilinx\Vivado\2019.1\lib\win64.o\libboost_chrono.dll
0x00007ffb810e0000 - 0x00007ffb811ba000 	C:\WINDOWS\System32\COMDLG32.dll
0x00007ffb7f800000 - 0x00007ffb7fb55000 	C:\WINDOWS\System32\combase.dll
0x00007ffb25200000 - 0x00007ffb26091000 	D:\Xilinx\Vivado\2019.1\lib\win64.o\gurobi65.dll
0x00007ffb7fcc0000 - 0x00007ffb7fd6e000 	C:\WINDOWS\System32\shcore.dll
0x00007ffb81020000 - 0x00007ffb81075000 	C:\WINDOWS\System32\SHLWAPI.dll
0x00007ffb80a30000 - 0x00007ffb80afd000 	C:\WINDOWS\System32\OLEAUT32.dll
0x00007ffb811c0000 - 0x00007ffb812ea000 	C:\WINDOWS\System32\ole32.dll
0x00007ffb7f710000 - 0x00007ffb7f770000 	C:\WINDOWS\System32\WINTRUST.dll
0x00007ffb7f5b0000 - 0x00007ffb7f70f000 	C:\WINDOWS\System32\CRYPT32.dll
0x00007ffb6abf0000 - 0x00007ffb6aea0000 	C:\WINDOWS\SYSTEM32\iertutil.dll
0x00007ffb63fe0000 - 0x00007ffb63ffb000 	D:\Xilinx\Vivado\2019.1\lib\win64.o\libboost_iostreams.dll
0x00007ffb47f00000 - 0x00007ffb47f25000 	D:\Xilinx\Vivado\2019.1\lib\win64.o\libisl_iosutils.dll
0x00007ffb5c500000 - 0x00007ffb5c5b0000 	C:\WINDOWS\WinSxS\amd64_microsoft.windows.common-controls_6595b64144ccf1df_5.82.19041.844_none_423537bff6b9828c\COMCTL32.dll
0x00007ffb73570000 - 0x00007ffb7358d000 	C:\WINDOWS\SYSTEM32\dhcpcsvc.DLL
0x00007ffb7e460000 - 0x00007ffb7e46c000 	C:\WINDOWS\SYSTEM32\NETUTILS.DLL
0x00007ffb812f0000 - 0x00007ffb81320000 	C:\WINDOWS\System32\IMM32.DLL
0x00007ffb7eac0000 - 0x00007ffb7ead2000 	C:\WINDOWS\SYSTEM32\MSASN1.dll
0x00007ffb7d780000 - 0x00007ffb7d792000 	C:\WINDOWS\SYSTEM32\kernel.appcore.dll
0x00007ffb24a00000 - 0x00007ffb24f17000 	D:\Xilinx\Vivado\2019.1\lib\win64.o\librdi_commontasks.dll
0x00007ffb71d40000 - 0x00007ffb71d4a000 	C:\WINDOWS\SYSTEM32\VERSION.dll
0x00007ffb22bb0000 - 0x00007ffb22e36000 	D:\Xilinx\Vivado\2019.1\lib\win64.o\librdi_sio.dll
0x00007ffb7e350000 - 0x00007ffb7e38b000 	C:\WINDOWS\SYSTEM32\IPHLPAPI.DLL
0x0000000066710000 - 0x0000000067135000 	D:\Xilinx\Vivado\2019.1\tps\win64\jre9.0.4\bin\server\jvm.dll
0x00007ffb7fbc0000 - 0x00007ffb7fbc8000 	C:\WINDOWS\System32\PSAPI.DLL
0x00007ffb5c870000 - 0x00007ffb5c897000 	C:\WINDOWS\SYSTEM32\WINMM.dll
0x00007ffb7e6b0000 - 0x00007ffb7e71a000 	C:\WINDOWS\SYSTEM32\MSWSOCK.DLL
0x00007ffb4f670000 - 0x00007ffb4f75f000 	C:\WINDOWS\SYSTEM32\MSVCR120.dll
0x00007ffb7cfe0000 - 0x00007ffb7d770000 	C:\WINDOWS\SYSTEM32\windows.storage.dll
0x00007ffb7e940000 - 0x00007ffb7e96c000 	C:\WINDOWS\SYSTEM32\Wldp.dll
0x00007ffb1b570000 - 0x00007ffb1da2c000 	D:\Xilinx\Vivado\2019.1\lib\win64.o\librdi_tcltasks.dll
0x00007ffb38710000 - 0x00007ffb38788000 	D:\Xilinx\Vivado\2019.1\lib\win64.o\librdi_boarddep.dll
0x00007ffb2ed70000 - 0x00007ffb2ef01000 	D:\Xilinx\Vivado\2019.1\lib\win64.o\librdi_board.dll
0x00007ffb227a0000 - 0x00007ffb22ba8000 	D:\Xilinx\Vivado\2019.1\lib\win64.o\librdi_bitstream.dll
0x00007ffb35600000 - 0x00007ffb356eb000 	D:\Xilinx\Vivado\2019.1\lib\win64.o\librdi_chipscope.dll
0x00007ffb2adb0000 - 0x00007ffb2af06000 	D:\Xilinx\Vivado\2019.1\lib\win64.o\librdi_containers.dll
0x00007ffb2c670000 - 0x00007ffb2c82d000 	D:\Xilinx\Vivado\2019.1\lib\win64.o\librdi_chipscopeimpl.dll
0x00007ffb19b80000 - 0x00007ffb1b56a000 	D:\Xilinx\Vivado\2019.1\lib\win64.o\librdi_constraints.dll
0x00007ffb0f170000 - 0x00007ffb11021000 	D:\Xilinx\Vivado\2019.1\lib\win64.o\librdi_coregen.dll
0x00007ffb18930000 - 0x00007ffb1900a000 	D:\Xilinx\Vivado\2019.1\lib\win64.o\librdi_coregenipxact.dll
0x00007ffaeb9a0000 - 0x00007ffaef9e3000 	D:\Xilinx\Vivado\2019.1\lib\win64.o\librdi_designutils.dll
0x00007ffb17f40000 - 0x00007ffb1825e000 	D:\Xilinx\Vivado\2019.1\lib\win64.o\librdi_dlyest.dll
0x00007ffb16eb0000 - 0x00007ffb1744a000 	D:\Xilinx\Vivado\2019.1\lib\win64.o\librdi_drc.dll
0x00007ffb33370000 - 0x00007ffb33434000 	D:\Xilinx\Vivado\2019.1\lib\win64.o\librdi_dsp.dll
0x00007ffb15ef0000 - 0x00007ffb1653d000 	D:\Xilinx\Vivado\2019.1\lib\win64.o\librdi_filemgmt.dll
0x00007ffb22230000 - 0x00007ffb22513000 	D:\Xilinx\Vivado\2019.1\lib\win64.o\librdi_guitools.dll
0x00007ffad69f0000 - 0x00007ffae8e1c000 	D:\Xilinx\Vivado\2019.1\lib\win64.o\librdi_device.dll
0x00007ffb38150000 - 0x00007ffb381b5000 	D:\Xilinx\Vivado\2019.1\lib\win64.o\librdi_hdf.dll
0x00007ffb124c0000 - 0x00007ffb13a80000 	D:\Xilinx\Vivado\2019.1\lib\win64.o\librdi_implflow.dll
0x00007ffb2ef60000 - 0x00007ffb2efd3000 	D:\Xilinx\Vivado\2019.1\lib\win64.o\librdi_memoryarray.dll
0x00007ffb13dc0000 - 0x00007ffb143d5000 	D:\Xilinx\Vivado\2019.1\lib\win64.o\librdi_memdata.dll
0x00007ffb11a50000 - 0x00007ffb120f2000 	D:\Xilinx\Vivado\2019.1\lib\win64.o\librdi_netlist.dll
0x00007ffb3c0d0000 - 0x00007ffb3c11b000 	D:\Xilinx\Vivado\2019.1\lib\win64.o\librdi_pfi.dll
0x00007ffb05c90000 - 0x00007ffb08976000 	D:\Xilinx\Vivado\2019.1\lib\win64.o\librdi_mig.dll
0x00007ffb17880000 - 0x00007ffb17b8f000 	D:\Xilinx\Vivado\2019.1\lib\win64.o\librdi_platform.dll
0x00007ffb0caf0000 - 0x00007ffb0f166000 	D:\Xilinx\Vivado\2019.1\lib\win64.o\librdi_place.dll
0x00007ffb0b930000 - 0x00007ffb0c07a000 	D:\Xilinx\Vivado\2019.1\lib\win64.o\librdi_power.dll
0x00007ffb0b3b0000 - 0x00007ffb0b92f000 	D:\Xilinx\Vivado\2019.1\lib\win64.o\librdi_project.dll
0x00007ffb0aca0000 - 0x00007ffb0b3a9000 	D:\Xilinx\Vivado\2019.1\lib\win64.o\librdi_psta.dll
0x00007ffb0a590000 - 0x00007ffb0ac96000 	D:\Xilinx\Vivado\2019.1\lib\win64.o\librdi_rsb.dll
0x00007ffb0c6f0000 - 0x00007ffb0cae1000 	D:\Xilinx\Vivado\2019.1\lib\win64.o\librdi_runs.dll
0x00007ffb2c360000 - 0x00007ffb2c45a000 	D:\Xilinx\Vivado\2019.1\lib\win64.o\librdi_runsbase.dll
0x00007ffb22540000 - 0x00007ffb22796000 	D:\Xilinx\Vivado\2019.1\lib\win64.o\librdi_simdata.dll
0x00007ffb2a6f0000 - 0x00007ffb2a862000 	D:\Xilinx\Vivado\2019.1\lib\win64.o\librdi_advchipscopeimpl.dll
0x00007ffb09770000 - 0x00007ffb0a581000 	D:\Xilinx\Vivado\2019.1\lib\win64.o\librdi_timing.dll
0x00007ffb3be00000 - 0x00007ffb3be4c000 	D:\Xilinx\Vivado\2019.1\lib\win64.o\libboost_serialization.dll
0x00007ffb2b070000 - 0x00007ffb2b132000 	D:\Xilinx\Vivado\2019.1\lib\win64.o\librdi_ipconfig_readwrite.dll
0x00007ffb29ce0000 - 0x00007ffb29e7f000 	D:\Xilinx\Vivado\2019.1\lib\win64.o\librdi_hip_devdesign.dll
0x00007ffb37880000 - 0x00007ffb378c3000 	D:\Xilinx\Vivado\2019.1\lib\win64.o\librdi_noc_frameworks.dll
0x00007ffb08c80000 - 0x00007ffb09065000 	D:\Xilinx\Vivado\2019.1\lib\win64.o\librdi_hip_config.dll
0x00007ffb05740000 - 0x00007ffb05c8e000 	D:\Xilinx\Vivado\2019.1\lib\win64.o\librdi_xdm.dll
0x00007ffb29bc0000 - 0x00007ffb29c5e000 	D:\Xilinx\Vivado\2019.1\lib\win64.o\libise.dll
0x00007ffb01070000 - 0x00007ffb01bb7000 	D:\Xilinx\Vivado\2019.1\lib\win64.o\libverific.dll
0x00007ffb00a70000 - 0x00007ffb0106c000 	D:\Xilinx\Vivado\2019.1\lib\win64.o\librdi_wavedata.dll
0x00007ffb46740000 - 0x00007ffb46780000 	D:\Xilinx\Vivado\2019.1\lib\win64.o\librdi_wavedata_SimpleApi.dll
0x00007ffb426f0000 - 0x00007ffb4272f000 	D:\Xilinx\Vivado\2019.1\lib\win64.o\librdi_schedmon.dll
0x00007ffaff8e0000 - 0x00007ffb00a6d000 	D:\Xilinx\Vivado\2019.1\lib\win64.o\librdi_route.dll
0x00007ffb216f0000 - 0x00007ffb21949000 	D:\Xilinx\Vivado\2019.1\lib\win64.o\librdi_hsm.dll
0x00007ffb29330000 - 0x00007ffb293b8000 	D:\Xilinx\Vivado\2019.1\lib\win64.o\librdi_meir_core.dll

VM Arguments:
jvm_args: -Dsun.java2d.pmoffscreen=false -Dsun.java2d.xrender=false -Dsun.java2d.d3d=false -Dsun.awt.nopixfmt=true -Dsun.java2d.dpiaware=true -Dsun.java2d.uiScale.enabled=false -Xverify:none -Dswing.aatext=true -XX:-UsePerfData -Djdk.map.althashing.threshold=512 -XX:StringTableSize=4072 --add-opens=java.base/java.nio=ALL-UNNAMED --add-opens=java.desktop/sun.swing=ALL-UNNAMED --add-opens=java.desktop/javax.swing=ALL-UNNAMED --add-opens=java.desktop/javax.swing.tree=ALL-UNNAMED --add-opens=java.desktop/javax.swing.plaf.basic=ALL-UNNAMED --add-opens=java.desktop/javax.swing.plaf.synth=ALL-UNNAMED --add-opens=java.desktop/com.sun.awt=ALL-UNNAMED -XX:NewSize=60m -XX:MaxNewSize=60m -Xms128m -Xmx3072m -Xss5m 
java_command: <unknown>
java_class_path (initial): D:/Xilinx/Vivado/2019.1\lib\classes\alloy.jar;D:/Xilinx/Vivado/2019.1\lib\classes\autopilot.scelaborator.jar;D:/Xilinx/Vivado/2019.1\lib\classes\autopilot.sourceprocessor.jar;D:/Xilinx/Vivado/2019.1\lib\classes\autopilot.tbprocessor.jar;D:/Xilinx/Vivado/2019.1\lib\classes\batik-anim.jar;D:/Xilinx/Vivado/2019.1\lib\classes\batik-awt-util.jar;D:/Xilinx/Vivado/2019.1\lib\classes\batik-bridge.jar;D:/Xilinx/Vivado/2019.1\lib\classes\batik-codec.jar;D:/Xilinx/Vivado/2019.1\lib\classes\batik-css.jar;D:/Xilinx/Vivado/2019.1\lib\classes\batik-dom.jar;D:/Xilinx/Vivado/2019.1\lib\classes\batik-ext.jar;D:/Xilinx/Vivado/2019.1\lib\classes\batik-gui-util.jar;D:/Xilinx/Vivado/2019.1\lib\classes\batik-gvt.jar;D:/Xilinx/Vivado/2019.1\lib\classes\batik-parser.jar;D:/Xilinx/Vivado/2019.1\lib\classes\batik-script.jar;D:/Xilinx/Vivado/2019.1\lib\classes\batik-svg-dom.jar;D:/Xilinx/Vivado/2019.1\lib\classes\batik-swing.jar;D:/Xilinx/Vivado/2019.1\lib\classes\batik-transcoder.jar;D:/Xilinx/Vivado/2019.1\lib\classes\batik-util.jar;D:/Xilinx/Vivado/2019.1\lib\classes\batik-xml.jar;D:/Xilinx/Vivado/2019.1\lib\classes\com.google.gson_2.7.0.v20170129-0911.jar;D:/Xilinx/Vivado/2019.1\lib\classes\com.google.guava_21.0.0.v20170206-1425.jar;D:/Xilinx/Vivado/2019.1\lib\classes\com.google.inject_3.0.0.v201605172100.jar;D:/Xilinx/Vivado/2019.1\lib\classes\com.ibm.icu_4.4.2.v20110208.jar;D:/Xilinx/Vivado/2019.1\lib\classes\com.sigasi.hdt.annotations.runtime_4.3.0.201903071210.jar;D:/Xilinx/Vivado/2019.1\lib\classes\com.sigasi.hdt.blockdiagram.model_4.3.0.201903071210.jar;D:/Xilinx/Vivado/2019.1\lib\classes\com.sigasi.hdt.connection_4.3.0.201903071210.jar;D:/Xilinx/Vivado/2019.1\lib\classes\com.sigasi.hdt.dependencies.model_4.3.0.201903071210.jar;D:/Xilinx/Vivado/2019.1\lib\classes\com.sigasi.hdt.epl_4.3.0.201903071210.jar;D:/Xilinx/Vivado/2019.1\lib\classes\com.sigasi.hdt.graphics.model_4.3.0.201903071210.jar;D:/Xilinx/Vivado/2019.1\lib\classes\com.sigasi.hdt.project_4.3.0
Launcher Type: generic

Logging:
Log output configuration:
#0: stdout all=warning uptime,level,tags
#1: stderr all=off uptime,level,tags

Environment Variables:
JAVA_HOME=C:\Program Files\Java\jdk1.8.0_251
CLASSPATH=C:\Program Files\Java\jdk1.8.0_251\lib;C:\Program Files\Java\jdk1.8.0_251\jre;C:\Program Files\Java\jdk1.8.0_251\jre\lib
PATH=D:/Xilinx/Vivado/2019.1/bin;D:/Xilinx/Vivado/2019.1/lib/win64.o;D:/Xilinx/Vivado/2019.1/tps/win64/jre9.0.4/bin/server;D:/Xilinx/Vivado/2019.1/tps/win64/jre9.0.4/bin;D:/Xilinx/Vivado/2019.1/ids_lite/ISE/bin/nt64;D:/Xilinx/Vivado/2019.1/ids_lite/ISE/lib/nt64;C:\Program Files (x86)\Common Files\Oracle\Java\javapath;C:\Program Files (x86)\Camera\DVP2\;C:\Program Files (x86)\Camera\DVP2 x64\;C:\Program Files (x86)\NetSarang\Xshell 6\;C:\Program Files\Java\jdk1.8.0_251\bin;C:\Program Files\NVIDIA GPU Computing Toolkit\CUDA\v10.2\bin;C:\Program Files\NVIDIA GPU Computing Toolkit\CUDA\v10.2\libnvvp;C:\Program Files\NVIDIA Corporation\Nsight Compute 2019.5.0\;C:\Program Files (x86)\NVIDIA Corporation\PhysX\Common;C:\Program Files\NVIDIA Corporation\NVIDIA NvDLISR;C:\Program Files\cuda\bin;C:\Program Files\cuda\include;C:\Program Files\cuda\lib\x64;C:\Program Files\Git\cmd;C:\Program Files (x86)\MinGW64\bin;C:\Windows\System32;D:\Program Files (x86)\Graphviz\bin;C:\Program Files\Maven\apache-maven-3.6.3\bin;C:\Program Files\Java\jdk1.8.0_251\jre;C:\Program Files\Java\jdk1.8.0_251\jre\lib;D:\Program Files (x86)\ffmpeg-4.3.1-win64-static\bin;C:\Program Files\Microsoft SQL Server\Client SDK\ODBC\110\Tools\Binn\;C:\Program Files (x86)\Microsoft SQL Server\120\Tools\Binn\;C:\Program Files\Microsoft SQL Server\120\Tools\Binn\;C:\Program Files\Microsoft SQL Server\120\DTS\Binn\;C:\Program Files (x86)\Windows Kits\8.1\Windows Performance Toolkit\;C:\Program Files (x86)\nodejs\;D:\Program Files\MATLAB\R2021a\runtime\win64;D:\Program Files\MATLAB\R2021a\bin;C:\WINDOWS;C:\WINDOWS\System32\Wbem;C:\WINDOWS\System32\WindowsPowerShell\v1.0\;C:\WINDOWS\System32\OpenSSH\;C:\Users\chenzhiyuan\AppData\Local\Programs\Python\Python38\Scripts\;C:\Users\chenzhiyuan\AppData\Local\Programs\Python\Python38\;C:\Users\chenzhiyuan\Anaconda3;C:\Program Files (x86)\Microsoft Visual Studio\Shared\Python37_64;C:\Users\chenzhiyuan\Anaconda3\Library\mingw-w64\bin;C:\Users\chenzhiyuan\Anaconda3\Library\bin;C:
USERNAME=chenzhiyuan
OS=Windows_NT
PROCESSOR_IDENTIFIER=Intel64 Family 6 Model 142 Stepping 12, GenuineIntel



---------------  S Y S T E M  ---------------

OS: Windows 10 , 64 bit Build 19041 (10.0.19041.1023)

CPU:total 8 (initial active 8) (4 cores per cpu, 2 threads per core) family 6 model 142 stepping 12, cmov, cx8, fxsr, mmx, sse, sse2, sse3, ssse3, sse4.1, sse4.2, popcnt, avx, avx2, aes, clmul, erms, 3dnowpref, lzcnt, ht, tsc, tscinvbit, bmi1, bmi2, adx, fma

Memory: 4k page, physical 16589036k(8673452k free), swap 19079404k(7017248k free)

vm_info: Java HotSpot(TM) 64-Bit Server VM (9.0.4+11) for windows-amd64 JRE (9.0.4+11), built on Dec 20 2017 02:18:54 by "mach5one" with MS VC++ 12.0 (VS2013)

END.
