
*** Running vivado
    with args -log LCU.vds -m64 -product Vivado -mode batch -messageDb vivado.pb -notrace -source LCU.tcl


****** Vivado v2019.1 (64-bit)
  **** SW Build 2552052 on Fri May 24 14:49:42 MDT 2019
  **** IP Build 2548770 on Fri May 24 18:01:18 MDT 2019
    ** Copyright 1986-2019 Xilinx, Inc. All Rights Reserved.

source LCU.tcl -notrace
Command: synth_design -top LCU -part xc7a100tcsg324-1
Starting synth_design
Attempting to get a license for feature 'Synthesis' and/or device 'xc7a100t'
INFO: [Common 17-349] Got license for feature 'Synthesis' and/or device 'xc7a100t'
INFO: [Device 21-403] Loading part xc7a100tcsg324-1
INFO: Launching helper process for spawning children vivado processes
INFO: Helper process launched with PID 9092 
---------------------------------------------------------------------------------
Starting RTL Elaboration : Time (s): cpu = 00:00:03 ; elapsed = 00:00:04 . Memory (MB): peak = 690.539 ; gain = 178.746
---------------------------------------------------------------------------------
INFO: [Synth 8-6157] synthesizing module 'LCU' [C:/Users/13232/Desktop/vivado/zy_lab2/zy_lab2.srcs/sources_1/new/LCU.v:23]
INFO: [Synth 8-6157] synthesizing module 'qdd' [C:/Users/13232/Desktop/vivado/zy_lab2/zy_lab2.srcs/sources_1/new/qdd.v:23]
INFO: [Synth 8-6157] synthesizing module 'counter21' [C:/Users/13232/Desktop/vivado/zy_lab2/zy_lab2.srcs/sources_1/new/counter21.v:45]
	Parameter W bound to: 21 - type: integer 
	Parameter RST_VLU bound to: 0 - type: integer 
INFO: [Synth 8-6155] done synthesizing module 'counter21' (1#1) [C:/Users/13232/Desktop/vivado/zy_lab2/zy_lab2.srcs/sources_1/new/counter21.v:45]
INFO: [Synth 8-6155] done synthesizing module 'qdd' (2#1) [C:/Users/13232/Desktop/vivado/zy_lab2/zy_lab2.srcs/sources_1/new/qdd.v:23]
INFO: [Synth 8-6157] synthesizing module 'D' [C:/Users/13232/Desktop/vivado/zy_lab2/zy_lab2.srcs/sources_1/new/D.v:23]
INFO: [Synth 8-6155] done synthesizing module 'D' (3#1) [C:/Users/13232/Desktop/vivado/zy_lab2/zy_lab2.srcs/sources_1/new/D.v:23]
INFO: [Synth 8-6157] synthesizing module 'register8_4' [C:/Users/13232/Desktop/vivado/zy_lab2/zy_lab2.srcs/sources_1/new/register8_4.v:23]
INFO: [Synth 8-6155] done synthesizing module 'register8_4' (4#1) [C:/Users/13232/Desktop/vivado/zy_lab2/zy_lab2.srcs/sources_1/new/register8_4.v:23]
INFO: [Synth 8-6157] synthesizing module 'register1_3' [C:/Users/13232/Desktop/vivado/zy_lab2/zy_lab2.srcs/sources_1/new/register1_3.v:23]
INFO: [Synth 8-6155] done synthesizing module 'register1_3' (5#1) [C:/Users/13232/Desktop/vivado/zy_lab2/zy_lab2.srcs/sources_1/new/register1_3.v:23]
INFO: [Synth 8-6157] synthesizing module 'ADD' [C:/Users/13232/Desktop/vivado/zy_lab2/zy_lab2.srcs/sources_1/new/ADD.v:23]
INFO: [Synth 8-6155] done synthesizing module 'ADD' (6#1) [C:/Users/13232/Desktop/vivado/zy_lab2/zy_lab2.srcs/sources_1/new/ADD.v:23]
INFO: [Synth 8-6157] synthesizing module 'mux' [C:/Users/13232/Desktop/vivado/zy_lab2/zy_lab2.srcs/sources_1/new/mux.v:23]
	Parameter WIDTH bound to: 3 - type: integer 
INFO: [Synth 8-6155] done synthesizing module 'mux' (7#1) [C:/Users/13232/Desktop/vivado/zy_lab2/zy_lab2.srcs/sources_1/new/mux.v:23]
INFO: [Synth 8-6157] synthesizing module 'mux__parameterized0' [C:/Users/13232/Desktop/vivado/zy_lab2/zy_lab2.srcs/sources_1/new/mux.v:23]
	Parameter WIDTH bound to: 4 - type: integer 
INFO: [Synth 8-6155] done synthesizing module 'mux__parameterized0' (7#1) [C:/Users/13232/Desktop/vivado/zy_lab2/zy_lab2.srcs/sources_1/new/mux.v:23]
INFO: [Synth 8-6157] synthesizing module 'eq' [C:/Users/13232/Desktop/vivado/zy_lab2/zy_lab2.srcs/sources_1/new/eq.v:23]
INFO: [Synth 8-6155] done synthesizing module 'eq' (8#1) [C:/Users/13232/Desktop/vivado/zy_lab2/zy_lab2.srcs/sources_1/new/eq.v:23]
INFO: [Synth 8-6157] synthesizing module 'register1_4' [C:/Users/13232/Desktop/vivado/zy_lab2/zy_lab2.srcs/sources_1/new/register1_4.v:23]
INFO: [Synth 8-6155] done synthesizing module 'register1_4' (9#1) [C:/Users/13232/Desktop/vivado/zy_lab2/zy_lab2.srcs/sources_1/new/register1_4.v:23]
INFO: [Synth 8-6157] synthesizing module 'FSM' [C:/Users/13232/Desktop/vivado/zy_lab2/zy_lab2.srcs/sources_1/new/FSM.v:23]
	Parameter S0 bound to: 3'b000 
	Parameter S1 bound to: 3'b001 
	Parameter S2 bound to: 3'b010 
	Parameter S3 bound to: 3'b011 
INFO: [Synth 8-6157] synthesizing module 'register1_2' [C:/Users/13232/Desktop/vivado/zy_lab2/zy_lab2.srcs/sources_1/new/register1_2.v:23]
INFO: [Synth 8-6155] done synthesizing module 'register1_2' (10#1) [C:/Users/13232/Desktop/vivado/zy_lab2/zy_lab2.srcs/sources_1/new/register1_2.v:23]
INFO: [Synth 8-226] default block is never used [C:/Users/13232/Desktop/vivado/zy_lab2/zy_lab2.srcs/sources_1/new/FSM.v:65]
INFO: [Synth 8-6155] done synthesizing module 'FSM' (11#1) [C:/Users/13232/Desktop/vivado/zy_lab2/zy_lab2.srcs/sources_1/new/FSM.v:23]
INFO: [Synth 8-6157] synthesizing module 'SDU' [C:/Users/13232/Desktop/vivado/zy_lab2/zy_lab2.srcs/sources_1/new/SDU.v:23]
INFO: [Synth 8-6157] synthesizing module 'ymq7' [C:/Users/13232/Desktop/vivado/zy_lab2/zy_lab2.srcs/sources_1/new/ymq7.v:23]
INFO: [Synth 8-6155] done synthesizing module 'ymq7' (12#1) [C:/Users/13232/Desktop/vivado/zy_lab2/zy_lab2.srcs/sources_1/new/ymq7.v:23]
INFO: [Synth 8-6157] synthesizing module 'counter' [C:/Users/13232/Desktop/vivado/zy_lab2/zy_lab2.srcs/sources_1/new/counter.v:23]
	Parameter W bound to: 12 - type: integer 
	Parameter RST_VLU bound to: 0 - type: integer 
INFO: [Synth 8-6155] done synthesizing module 'counter' (13#1) [C:/Users/13232/Desktop/vivado/zy_lab2/zy_lab2.srcs/sources_1/new/counter.v:23]
INFO: [Synth 8-6157] synthesizing module 'ymq' [C:/Users/13232/Desktop/vivado/zy_lab2/zy_lab2.srcs/sources_1/new/ymq.v:23]
INFO: [Synth 8-6155] done synthesizing module 'ymq' (14#1) [C:/Users/13232/Desktop/vivado/zy_lab2/zy_lab2.srcs/sources_1/new/ymq.v:23]
WARNING: [Synth 8-689] width (7) of port connection 'an' does not match port width (8) of module 'ymq' [C:/Users/13232/Desktop/vivado/zy_lab2/zy_lab2.srcs/sources_1/new/SDU.v:53]
WARNING: [Synth 8-689] width (7) of port connection 'an' does not match port width (8) of module 'ymq' [C:/Users/13232/Desktop/vivado/zy_lab2/zy_lab2.srcs/sources_1/new/SDU.v:61]
INFO: [Synth 8-6155] done synthesizing module 'SDU' (15#1) [C:/Users/13232/Desktop/vivado/zy_lab2/zy_lab2.srcs/sources_1/new/SDU.v:23]
INFO: [Synth 8-6155] done synthesizing module 'LCU' (16#1) [C:/Users/13232/Desktop/vivado/zy_lab2/zy_lab2.srcs/sources_1/new/LCU.v:23]
---------------------------------------------------------------------------------
Finished RTL Elaboration : Time (s): cpu = 00:00:05 ; elapsed = 00:00:05 . Memory (MB): peak = 754.680 ; gain = 242.887
---------------------------------------------------------------------------------

Report Check Netlist: 
+------+------------------+-------+---------+-------+------------------+
|      |Item              |Errors |Warnings |Status |Description       |
+------+------------------+-------+---------+-------+------------------+
|1     |multi_driven_nets |      0|        0|Passed |Multi driven nets |
+------+------------------+-------+---------+-------+------------------+
---------------------------------------------------------------------------------
Start Handling Custom Attributes
---------------------------------------------------------------------------------
---------------------------------------------------------------------------------
Finished Handling Custom Attributes : Time (s): cpu = 00:00:05 ; elapsed = 00:00:05 . Memory (MB): peak = 754.680 ; gain = 242.887
---------------------------------------------------------------------------------
---------------------------------------------------------------------------------
Finished RTL Optimization Phase 1 : Time (s): cpu = 00:00:05 ; elapsed = 00:00:05 . Memory (MB): peak = 754.680 ; gain = 242.887
---------------------------------------------------------------------------------
INFO: [Project 1-570] Preparing netlist for logic optimization

Processing XDC Constraints
Initializing timing engine
Parsing XDC File [C:/Users/13232/Desktop/vivado/zy_lab2/zy_lab2.srcs/constrs_1/new/LCU_xdc.xdc]
Finished Parsing XDC File [C:/Users/13232/Desktop/vivado/zy_lab2/zy_lab2.srcs/constrs_1/new/LCU_xdc.xdc]
INFO: [Project 1-236] Implementation specific constraints were found while reading constraint file [C:/Users/13232/Desktop/vivado/zy_lab2/zy_lab2.srcs/constrs_1/new/LCU_xdc.xdc]. These constraints will be ignored for synthesis but will be used in implementation. Impacted constraints are listed in the file [.Xil/LCU_propImpl.xdc].
Resolution: To avoid this warning, move constraints listed in [.Xil/LCU_propImpl.xdc] to another XDC file and exclude this new file from synthesis with the used_in_synthesis property (File Properties dialog in GUI) and re-run elaboration/synthesis.
Completed Processing XDC Constraints

Netlist sorting complete. Time (s): cpu = 00:00:00 ; elapsed = 00:00:00.001 . Memory (MB): peak = 874.836 ; gain = 0.000
INFO: [Project 1-111] Unisim Transformation Summary:
No Unisim elements were transformed.

Constraint Validation Runtime : Time (s): cpu = 00:00:00 ; elapsed = 00:00:00.004 . Memory (MB): peak = 874.836 ; gain = 0.000
---------------------------------------------------------------------------------
Finished Constraint Validation : Time (s): cpu = 00:00:12 ; elapsed = 00:00:12 . Memory (MB): peak = 874.836 ; gain = 363.043
---------------------------------------------------------------------------------
---------------------------------------------------------------------------------
Start Loading Part and Timing Information
---------------------------------------------------------------------------------
Loading part: xc7a100tcsg324-1
---------------------------------------------------------------------------------
Finished Loading Part and Timing Information : Time (s): cpu = 00:00:12 ; elapsed = 00:00:12 . Memory (MB): peak = 874.836 ; gain = 363.043
---------------------------------------------------------------------------------
---------------------------------------------------------------------------------
Start Applying 'set_property' XDC Constraints
---------------------------------------------------------------------------------
---------------------------------------------------------------------------------
Finished applying 'set_property' XDC Constraints : Time (s): cpu = 00:00:12 ; elapsed = 00:00:13 . Memory (MB): peak = 874.836 ; gain = 363.043
---------------------------------------------------------------------------------
---------------------------------------------------------------------------------
Finished RTL Optimization Phase 2 : Time (s): cpu = 00:00:12 ; elapsed = 00:00:13 . Memory (MB): peak = 874.836 ; gain = 363.043
---------------------------------------------------------------------------------

Report RTL Partitions: 
+-+--------------+------------+----------+
| |RTL Partition |Replication |Instances |
+-+--------------+------------+----------+
+-+--------------+------------+----------+
---------------------------------------------------------------------------------
Start RTL Component Statistics 
---------------------------------------------------------------------------------
Detailed RTL Component Info : 
+---Adders : 
	   2 Input     32 Bit       Adders := 1     
	   2 Input      3 Bit       Adders := 4     
+---Registers : 
	                4 Bit    Registers := 1     
	                3 Bit    Registers := 4     
	                2 Bit    Registers := 2     
	                1 Bit    Registers := 5     
+---Muxes : 
	   2 Input     20 Bit        Muxes := 4     
	   8 Input      8 Bit        Muxes := 2     
	   2 Input      8 Bit        Muxes := 2     
	   2 Input      4 Bit        Muxes := 2     
	   2 Input      3 Bit        Muxes := 7     
	   2 Input      2 Bit        Muxes := 1     
	   4 Input      2 Bit        Muxes := 2     
	   2 Input      1 Bit        Muxes := 17    
	   4 Input      1 Bit        Muxes := 5     
---------------------------------------------------------------------------------
Finished RTL Component Statistics 
---------------------------------------------------------------------------------
---------------------------------------------------------------------------------
Start RTL Hierarchical Component Statistics 
---------------------------------------------------------------------------------
Hierarchical RTL Component report 
Module counter21 
Detailed RTL Component Info : 
+---Muxes : 
	   2 Input      1 Bit        Muxes := 1     
Module qdd 
Detailed RTL Component Info : 
+---Muxes : 
	   2 Input     20 Bit        Muxes := 2     
	   2 Input      1 Bit        Muxes := 7     
Module D 
Detailed RTL Component Info : 
+---Registers : 
	                1 Bit    Registers := 1     
Module register1_3 
Detailed RTL Component Info : 
+---Registers : 
	                3 Bit    Registers := 1     
Module ADD 
Detailed RTL Component Info : 
+---Adders : 
	   2 Input      3 Bit       Adders := 1     
Module mux 
Detailed RTL Component Info : 
+---Muxes : 
	   2 Input      3 Bit        Muxes := 1     
Module mux__parameterized0 
Detailed RTL Component Info : 
+---Muxes : 
	   2 Input      4 Bit        Muxes := 1     
Module register1_4 
Detailed RTL Component Info : 
+---Registers : 
	                4 Bit    Registers := 1     
Module register1_2 
Detailed RTL Component Info : 
+---Registers : 
	                2 Bit    Registers := 1     
Module FSM 
Detailed RTL Component Info : 
+---Registers : 
	                2 Bit    Registers := 1     
+---Muxes : 
	   2 Input      2 Bit        Muxes := 1     
	   4 Input      2 Bit        Muxes := 2     
	   4 Input      1 Bit        Muxes := 5     
Module counter 
Detailed RTL Component Info : 
+---Muxes : 
	   2 Input      1 Bit        Muxes := 1     
Module ymq 
Detailed RTL Component Info : 
+---Muxes : 
	   8 Input      8 Bit        Muxes := 1     
Module SDU 
Detailed RTL Component Info : 
+---Adders : 
	   2 Input     32 Bit       Adders := 1     
	   2 Input      3 Bit       Adders := 2     
+---Registers : 
	                3 Bit    Registers := 2     
	                1 Bit    Registers := 1     
+---Muxes : 
	   2 Input      8 Bit        Muxes := 2     
	   2 Input      3 Bit        Muxes := 4     
---------------------------------------------------------------------------------
Finished RTL Hierarchical Component Statistics
---------------------------------------------------------------------------------
---------------------------------------------------------------------------------
Start Part Resource Summary
---------------------------------------------------------------------------------
Part Resources:
DSPs: 240 (col length:80)
BRAMs: 270 (col length: RAMB18 80 RAMB36 40)
---------------------------------------------------------------------------------
Finished Part Resource Summary
---------------------------------------------------------------------------------
---------------------------------------------------------------------------------
Start Cross Boundary and Area Optimization
---------------------------------------------------------------------------------
Warning: Parallel synthesis criteria is not met 
---------------------------------------------------------------------------------
Finished Cross Boundary and Area Optimization : Time (s): cpu = 00:00:14 ; elapsed = 00:00:15 . Memory (MB): peak = 874.836 ; gain = 363.043
---------------------------------------------------------------------------------
---------------------------------------------------------------------------------
Start ROM, RAM, DSP and Shift Register Reporting
---------------------------------------------------------------------------------

Distributed RAM: Preliminary Mapping  Report (see note below)
+------------+---------------------------+-----------+----------------------+--------------+
|Module Name | RTL Object                | Inference | Size (Depth x Width) | Primitives   | 
+------------+---------------------------+-----------+----------------------+--------------+
|LCU         | register8_4_0/regfile_reg | Implied   | 8 x 4                | RAM32M x 2   | 
+------------+---------------------------+-----------+----------------------+--------------+

Note: The table above is a preliminary report that shows the Distributed RAMs at the current stage of the synthesis flow. Some Distributed RAMs may be reimplemented as non Distributed RAM primitives later in the synthesis flow. Multiple instantiated RAMs are reported only once.
---------------------------------------------------------------------------------
Finished ROM, RAM, DSP and Shift Register Reporting
---------------------------------------------------------------------------------

Report RTL Partitions: 
+-+--------------+------------+----------+
| |RTL Partition |Replication |Instances |
+-+--------------+------------+----------+
+-+--------------+------------+----------+
---------------------------------------------------------------------------------
Start Applying XDC Timing Constraints
---------------------------------------------------------------------------------
---------------------------------------------------------------------------------
Finished Applying XDC Timing Constraints : Time (s): cpu = 00:00:22 ; elapsed = 00:00:23 . Memory (MB): peak = 874.836 ; gain = 363.043
---------------------------------------------------------------------------------
---------------------------------------------------------------------------------
Start Timing Optimization
---------------------------------------------------------------------------------
---------------------------------------------------------------------------------
Finished Timing Optimization : Time (s): cpu = 00:00:22 ; elapsed = 00:00:24 . Memory (MB): peak = 876.172 ; gain = 364.379
---------------------------------------------------------------------------------
---------------------------------------------------------------------------------
Start ROM, RAM, DSP and Shift Register Reporting
---------------------------------------------------------------------------------

Distributed RAM: Final Mapping  Report
+------------+---------------------------+-----------+----------------------+--------------+
|Module Name | RTL Object                | Inference | Size (Depth x Width) | Primitives   | 
+------------+---------------------------+-----------+----------------------+--------------+
|LCU         | register8_4_0/regfile_reg | Implied   | 8 x 4                | RAM32M x 2   | 
+------------+---------------------------+-----------+----------------------+--------------+

---------------------------------------------------------------------------------
Finished ROM, RAM, DSP and Shift Register Reporting
---------------------------------------------------------------------------------

Report RTL Partitions: 
+-+--------------+------------+----------+
| |RTL Partition |Replication |Instances |
+-+--------------+------------+----------+
+-+--------------+------------+----------+
---------------------------------------------------------------------------------
Start Technology Mapping
---------------------------------------------------------------------------------
---------------------------------------------------------------------------------
Finished Technology Mapping : Time (s): cpu = 00:00:23 ; elapsed = 00:00:24 . Memory (MB): peak = 877.504 ; gain = 365.711
---------------------------------------------------------------------------------

Report RTL Partitions: 
+-+--------------+------------+----------+
| |RTL Partition |Replication |Instances |
+-+--------------+------------+----------+
+-+--------------+------------+----------+
---------------------------------------------------------------------------------
Start IO Insertion
---------------------------------------------------------------------------------
---------------------------------------------------------------------------------
Start Flattening Before IO Insertion
---------------------------------------------------------------------------------
---------------------------------------------------------------------------------
Finished Flattening Before IO Insertion
---------------------------------------------------------------------------------
---------------------------------------------------------------------------------
Start Final Netlist Cleanup
---------------------------------------------------------------------------------
---------------------------------------------------------------------------------
Finished Final Netlist Cleanup
---------------------------------------------------------------------------------
---------------------------------------------------------------------------------
Finished IO Insertion : Time (s): cpu = 00:00:25 ; elapsed = 00:00:26 . Memory (MB): peak = 884.348 ; gain = 372.555
---------------------------------------------------------------------------------

Report Check Netlist: 
+------+------------------+-------+---------+-------+------------------+
|      |Item              |Errors |Warnings |Status |Description       |
+------+------------------+-------+---------+-------+------------------+
|1     |multi_driven_nets |      0|        0|Passed |Multi driven nets |
+------+------------------+-------+---------+-------+------------------+
---------------------------------------------------------------------------------
Start Renaming Generated Instances
---------------------------------------------------------------------------------
---------------------------------------------------------------------------------
Finished Renaming Generated Instances : Time (s): cpu = 00:00:25 ; elapsed = 00:00:26 . Memory (MB): peak = 884.348 ; gain = 372.555
---------------------------------------------------------------------------------

Report RTL Partitions: 
+-+--------------+------------+----------+
| |RTL Partition |Replication |Instances |
+-+--------------+------------+----------+
+-+--------------+------------+----------+
---------------------------------------------------------------------------------
Start Rebuilding User Hierarchy
---------------------------------------------------------------------------------
---------------------------------------------------------------------------------
Finished Rebuilding User Hierarchy : Time (s): cpu = 00:00:25 ; elapsed = 00:00:26 . Memory (MB): peak = 884.348 ; gain = 372.555
---------------------------------------------------------------------------------
---------------------------------------------------------------------------------
Start Renaming Generated Ports
---------------------------------------------------------------------------------
---------------------------------------------------------------------------------
Finished Renaming Generated Ports : Time (s): cpu = 00:00:25 ; elapsed = 00:00:26 . Memory (MB): peak = 884.348 ; gain = 372.555
---------------------------------------------------------------------------------
---------------------------------------------------------------------------------
Start Handling Custom Attributes
---------------------------------------------------------------------------------
---------------------------------------------------------------------------------
Finished Handling Custom Attributes : Time (s): cpu = 00:00:25 ; elapsed = 00:00:26 . Memory (MB): peak = 884.348 ; gain = 372.555
---------------------------------------------------------------------------------
---------------------------------------------------------------------------------
Start Renaming Generated Nets
---------------------------------------------------------------------------------
---------------------------------------------------------------------------------
Finished Renaming Generated Nets : Time (s): cpu = 00:00:25 ; elapsed = 00:00:26 . Memory (MB): peak = 884.348 ; gain = 372.555
---------------------------------------------------------------------------------
---------------------------------------------------------------------------------
Start Writing Synthesis Report
---------------------------------------------------------------------------------

Report BlackBoxes: 
+-+--------------+----------+
| |BlackBox name |Instances |
+-+--------------+----------+
+-+--------------+----------+

Report Cell Usage: 
+------+-------+------+
|      |Cell   |Count |
+------+-------+------+
|1     |BUFG   |     1|
|2     |CARRY4 |    18|
|3     |LUT1   |     3|
|4     |LUT2   |     7|
|5     |LUT3   |    19|
|6     |LUT4   |    23|
|7     |LUT5   |    24|
|8     |LUT6   |    62|
|9     |RAM32M |     2|
|10    |FDRE   |    79|
|11    |IBUF   |     8|
|12    |OBUF   |    21|
+------+-------+------+

Report Instance Areas: 
+------+-------------------+--------------+------+
|      |Instance           |Module        |Cells |
+------+-------------------+--------------+------+
|1     |top                |              |   267|
|2     |  D0               |D             |     1|
|3     |  D1               |D_0           |     1|
|4     |  D2               |D_1           |     2|
|5     |  D3               |D_2           |     1|
|6     |  FSM_0            |FSM           |    15|
|7     |    reg_0          |register1_2   |     6|
|8     |  SDU_0            |SDU           |    60|
|9     |    nolabel_line36 |counter       |    19|
|10    |    ymq7_0         |ymq7          |     7|
|11    |  qdd_0            |qdd           |    60|
|12    |    counter        |counter21_5   |    60|
|13    |  qdd_1            |qdd_3         |    60|
|14    |    counter        |counter21     |    60|
|15    |  register1_3_0    |register1_3   |    11|
|16    |  register1_3_1    |register1_3_4 |    20|
|17    |  register1_4_0    |register1_4   |     4|
|18    |  register8_4_0    |register8_4   |     2|
+------+-------------------+--------------+------+
---------------------------------------------------------------------------------
Finished Writing Synthesis Report : Time (s): cpu = 00:00:25 ; elapsed = 00:00:26 . Memory (MB): peak = 884.348 ; gain = 372.555
---------------------------------------------------------------------------------
Synthesis finished with 0 errors, 0 critical warnings and 0 warnings.
Synthesis Optimization Runtime : Time (s): cpu = 00:00:18 ; elapsed = 00:00:24 . Memory (MB): peak = 884.348 ; gain = 252.398
Synthesis Optimization Complete : Time (s): cpu = 00:00:25 ; elapsed = 00:00:26 . Memory (MB): peak = 884.348 ; gain = 372.555
INFO: [Project 1-571] Translating synthesized netlist
INFO: [Netlist 29-17] Analyzing 20 Unisim elements for replacement
INFO: [Netlist 29-28] Unisim Transformation completed in 0 CPU seconds
INFO: [Project 1-570] Preparing netlist for logic optimization
INFO: [Opt 31-138] Pushed 0 inverter(s) to 0 load pin(s).
Netlist sorting complete. Time (s): cpu = 00:00:00 ; elapsed = 00:00:00 . Memory (MB): peak = 900.391 ; gain = 0.000
INFO: [Project 1-111] Unisim Transformation Summary:
  A total of 2 instances were transformed.
  RAM32M => RAM32M (RAMD32, RAMD32, RAMD32, RAMD32, RAMD32, RAMD32, RAMS32, RAMS32): 2 instances

INFO: [Common 17-83] Releasing license: Synthesis
47 Infos, 2 Warnings, 0 Critical Warnings and 0 Errors encountered.
synth_design completed successfully
synth_design: Time (s): cpu = 00:00:31 ; elapsed = 00:00:33 . Memory (MB): peak = 900.391 ; gain = 609.465
Netlist sorting complete. Time (s): cpu = 00:00:00 ; elapsed = 00:00:00.001 . Memory (MB): peak = 900.391 ; gain = 0.000
WARNING: [Constraints 18-5210] No constraints selected for write.
Resolution: This message can indicate that there are no constraints for the design, or it can indicate that the used_in flags are set such that the constraints are ignored. This later case is used when running synth_design to not write synthesis constraints to the resulting checkpoint. Instead, project constraints are read when the synthesized design is opened.
INFO: [Common 17-1381] The checkpoint 'C:/Users/13232/Desktop/vivado/zy_lab2/zy_lab2.runs/synth_1/LCU.dcp' has been generated.
INFO: [runtcl-4] Executing : report_utilization -file LCU_utilization_synth.rpt -pb LCU_utilization_synth.pb
INFO: [Common 17-206] Exiting Vivado at Tue Mar 29 20:10:36 2022...
