#-----------------------------------------------------------
# Vivado v2020.2 (64-bit)
# SW Build 3064766 on Wed Nov 18 09:12:45 MST 2020
# IP Build 3064653 on Wed Nov 18 14:17:31 MST 2020
# Start of session at: Wed Apr 20 17:11:55 2022
# Process ID: 7680
# Current directory: D:/Courses/COD实验/zy_lab4/zy_lab4.srcs/sources_1/ip/D_mem1
# Command line: vivado.exe -gui_launcher_event rodinguilauncherevent2888 D:\Courses\COD实验\zy_lab4\zy_lab4.srcs\sources_1\ip\D_mem1\D_mem1.dcp
# Log file: D:/Courses/COD实验/zy_lab4/zy_lab4.srcs/sources_1/ip/D_mem1/vivado.log
# Journal file: D:/Courses/COD实验/zy_lab4/zy_lab4.srcs/sources_1/ip/D_mem1\vivado.jou
#-----------------------------------------------------------
start_gui
open_checkpoint D:/Courses/COD实验/zy_lab4/zy_lab4.srcs/sources_1/ip/D_mem1/D_mem1.dcp
Command: open_checkpoint D:/Courses/COD实验/zy_lab4/zy_lab4.srcs/sources_1/ip/D_mem1/D_mem1.dcp

Starting open_checkpoint Task

Time (s): cpu = 00:00:00 ; elapsed = 00:00:00.069 . Memory (MB): peak = 1010.590 ; gain = 0.000
INFO: [IP_Flow 19-234] Refreshing IP repositories
INFO: [IP_Flow 19-1704] No user IP repositories specified
INFO: [IP_Flow 19-2313] Loaded Vivado IP repository 'D:/product/Vivado/Vivado/2020.2/data/ip'.
INFO: [Device 21-403] Loading part xc7a100tcsg324-1
Netlist sorting complete. Time (s): cpu = 00:00:00 ; elapsed = 00:00:00.013 . Memory (MB): peak = 1010.590 ; gain = 0.000
INFO: [Netlist 29-17] Analyzing 64 Unisim elements for replacement
INFO: [Netlist 29-28] Unisim Transformation completed in 0 CPU seconds
INFO: [Project 1-479] Netlist was created with Vivado 2019.1
INFO: [Project 1-570] Preparing netlist for logic optimization
INFO: [Constraints 18-4397] Generator change detected checking ShapeConfig Enum. shapeDB will be regenerated.
INFO: [Opt 31-138] Pushed 0 inverter(s) to 0 load pin(s).
Netlist sorting complete. Time (s): cpu = 00:00:00 ; elapsed = 00:00:00.001 . Memory (MB): peak = 1081.125 ; gain = 0.000
INFO: [Project 1-111] Unisim Transformation Summary:
  A total of 64 instances were transformed.
  RAM128X1D => RAM128X1D (MUXF7(x2), RAMD64E(x4)): 64 instances

INFO: [Project 1-604] Checkpoint was created with Vivado v2019.1 (64-bit) build 2552052
open_checkpoint: Time (s): cpu = 00:00:48 ; elapsed = 00:00:23 . Memory (MB): peak = 1242.176 ; gain = 231.586
exit
INFO: [Common 17-206] Exiting Vivado at Wed Apr 20 17:12:51 2022...
