Vivado Simulator 2019.1
Copyright 1986-1999, 2001-2019 Xilinx, Inc. All Rights Reserved.
Running: E:/vivado/Vivado/2019.1/bin/unwrapped/win64.o/xelab.exe -wto 80170eb68e2a4a35b970cd1ae3e86cda --incr --debug typical --relax --mt 2 --maxdelay -L xil_defaultlib -L simprims_ver -L secureip --snapshot LCU_sim_time_synth -transport_int_delays -pulse_r 0 -pulse_int_r 0 -pulse_e 0 -pulse_int_e 0 xil_defaultlib.LCU_sim xil_defaultlib.glbl -log elaborate.log 
Using 2 slave threads.
Starting static elaboration
Completed static elaboration
Starting simulation data flow analysis
Completed simulation data flow analysis
INFO: [XSIM 43-3451] SDF backannotation process started with SDF file "LCU_sim_time_synth.sdf", for root module "LCU_sim/LCU_sim".
INFO: [XSIM 43-3452] SDF backannotation was successful for SDF file "LCU_sim_time_synth.sdf", for root module "LCU_sim/LCU_sim".
Time Resolution for simulation is 1ps
Compiling module simprims_ver.FDRE_default
Compiling module xil_defaultlib.D
Compiling module xil_defaultlib.D_0
Compiling module xil_defaultlib.D_1
Compiling module xil_defaultlib.D_2
Compiling module simprims_ver.LUT6
Compiling module simprims_ver.LUT4
Compiling module xil_defaultlib.register1_2
Compiling module simprims_ver.x_lut2_mux4
Compiling module simprims_ver.LUT2
Compiling module simprims_ver.x_lut1_mux2
Compiling module simprims_ver.LUT1
Compiling module xil_defaultlib.FSM
Compiling module simprims_ver.BUFG
Compiling module simprims_ver.IBUF
Compiling module simprims_ver.OBUF
Compiling module simprims_ver.x_lut3_mux8
Compiling module simprims_ver.LUT3
Compiling module simprims_ver.LUT5
Compiling module xil_defaultlib.register1_3
Compiling module xil_defaultlib.register1_3_3
Compiling module xil_defaultlib.register1_4
Compiling module simprims_ver.RAMD32
Compiling module simprims_ver.RAMS32
Compiling module xil_defaultlib.RAM32M_UNIQ_BASE_
Compiling module xil_defaultlib.register8_4
Compiling module xil_defaultlib.LCU
Compiling module xil_defaultlib.LCU_sim
Compiling module xil_defaultlib.glbl
Built simulation snapshot LCU_sim_time_synth
