#-----------------------------------------------------------
# Vivado v2019.1 (64-bit)
# SW Build 2552052 on Fri May 24 14:49:42 MDT 2019
# IP Build 2548770 on Fri May 24 18:01:18 MDT 2019
# Start of session at: Thu May  5 16:23:33 2022
# Process ID: 6648
# Current directory: D:/Courses/COD实验/zy_lab4
# Command line: vivado.exe -gui_launcher_event rodinguilauncherevent15632 D:\Courses\COD实验\zy_lab4\zy_lab4.xpr
# Log file: D:/Courses/COD实验/zy_lab4/vivado.log
# Journal file: D:/Courses/COD实验/zy_lab4\vivado.jou
#-----------------------------------------------------------
start_gui
open_project D:/Courses/COD实验/zy_lab4/zy_lab4.xpr
ERROR: [Project 1-208] No val for DA Elab Attr
Scanning sources...
Finished scanning sources
CRITICAL WARNING: [Project 1-192] Failed to load run I_mem1_synth_1. Strategy Vivado Synthesis Defaults (Vivado Synthesis 2020) not recognized by Vivado. 

CRITICAL WARNING: [Project 1-192] Failed to load run I_mem1_impl_1. Strategy Vivado Implementation Defaults (Vivado Implementation 2020) not recognized by Vivado. 

CRITICAL WARNING: [Project 1-532] XML ERROR: Project Option SimulatorInstallDirModelSim has no valid value
CRITICAL WARNING: [Project 1-532] XML ERROR: Project Option SimulatorInstallDirQuesta has no valid value
CRITICAL WARNING: [Project 1-532] XML ERROR: Project Option SimulatorInstallDirIES has no valid value
CRITICAL WARNING: [Project 1-532] XML ERROR: Project Option SimulatorInstallDirXcelium has no valid value
CRITICAL WARNING: [Project 1-532] XML ERROR: Project Option SimulatorInstallDirVCS has no valid value
CRITICAL WARNING: [Project 1-532] XML ERROR: Project Option SimulatorInstallDirRiviera has no valid value
CRITICAL WARNING: [Project 1-532] XML ERROR: Project Option SimulatorInstallDirActiveHdl has no valid value
CRITICAL WARNING: [Project 1-532] XML ERROR: Project Option SimulatorGccInstallDirModelSim has no valid value
CRITICAL WARNING: [Project 1-532] XML ERROR: Project Option SimulatorGccInstallDirQuesta has no valid value
CRITICAL WARNING: [Project 1-532] XML ERROR: Project Option SimulatorGccInstallDirIES has no valid value
CRITICAL WARNING: [Project 1-532] XML ERROR: Project Option SimulatorGccInstallDirXcelium has no valid value
CRITICAL WARNING: [Project 1-532] XML ERROR: Project Option SimulatorGccInstallDirVCS has no valid value
CRITICAL WARNING: [Project 1-532] XML ERROR: Project Option SimulatorGccInstallDirRiviera has no valid value
CRITICAL WARNING: [Project 1-532] XML ERROR: Project Option SimulatorGccInstallDirActiveHdl has no valid value
CRITICAL WARNING: [Project 1-505] Unrecognized Option Name DcpsUptoDate
WARNING: [IP_Flow 19-395] Problem validating against XML schema: see 'xilinx:componentInstanceExtensions' : Bad end of element
CRITICAL WARNING: [IP_Flow 19-5097] Unable to determine VLNV from IP file; verify it has the correct syntax: D:/Courses/COD实验/zy_lab4/zy_lab4.srcs/sources_1/ip/I_mem/I_mem.xci
WARNING: [IP_Flow 19-395] Problem validating against XML schema: see 'xilinx:componentInstanceExtensions' : Bad end of element
CRITICAL WARNING: [IP_Flow 19-5097] Unable to determine VLNV from IP file; verify it has the correct syntax: D:/Courses/COD实验/zy_lab4/zy_lab4.srcs/sources_1/ip/D_mem/D_mem.xci
INFO: [IP_Flow 19-234] Refreshing IP repositories
INFO: [IP_Flow 19-1704] No user IP repositories specified
INFO: [IP_Flow 19-2313] Loaded Vivado IP repository 'D:/product/Vivado2019/Vivado/2019.1/data/ip'.
WARNING: [IP_Flow 19-2162] IP 'D_mem1' is locked:
* Project containing IP 'D_mem1' is read-only.
WARNING: [IP_Flow 19-3664] IP 'I_mem1' generated file not found 'd:/Courses/COD实验/zy_lab4/zy_lab4.srcs/sources_1/ip/I_mem1/I_mem1.dcp'. Please regenerate to continue.
WARNING: [IP_Flow 19-3664] IP 'I_mem1' generated file not found 'd:/Courses/COD实验/zy_lab4/zy_lab4.srcs/sources_1/ip/I_mem1/I_mem1_stub.v'. Please regenerate to continue.
WARNING: [IP_Flow 19-3664] IP 'I_mem1' generated file not found 'd:/Courses/COD实验/zy_lab4/zy_lab4.srcs/sources_1/ip/I_mem1/I_mem1_stub.vhdl'. Please regenerate to continue.
WARNING: [IP_Flow 19-3664] IP 'I_mem1' generated file not found 'd:/Courses/COD实验/zy_lab4/zy_lab4.srcs/sources_1/ip/I_mem1/I_mem1_sim_netlist.v'. Please regenerate to continue.
WARNING: [IP_Flow 19-3664] IP 'I_mem1' generated file not found 'd:/Courses/COD实验/zy_lab4/zy_lab4.srcs/sources_1/ip/I_mem1/I_mem1_sim_netlist.vhdl'. Please regenerate to continue.
WARNING: [IP_Flow 19-2162] IP 'I_mem1' is locked:
* Project containing IP 'I_mem1' is read-only.
WARNING: [Project 1-231] Project 'zy_lab4.xpr' was created with a future version and may or may not perform reliably with this version of Vivado. It has been opened in read-only mode for the protection of unrecognized data. Use 'File | Save Project As...' if you wish to alter a copy of the project.
open_project: Time (s): cpu = 00:00:21 ; elapsed = 00:00:08 . Memory (MB): peak = 724.105 ; gain = 94.754
ERROR: [Common 17-39] 'open_project' failed due to earlier errors.
update_compile_order -fileset sources_1
exit
INFO: [Common 17-206] Exiting Vivado at Thu May  5 16:24:42 2022...
