#-----------------------------------------------------------
# Vivado v2020.2 (64-bit)
# SW Build 3064766 on Wed Nov 18 09:12:45 MST 2020
# IP Build 3064653 on Wed Nov 18 14:17:31 MST 2020
# Start of session at: Sat Apr 23 17:06:58 2022
# Process ID: 14524
# Current directory: D:/Courses/COD实验/zy_lab4
# Command line: vivado.exe -gui_launcher_event rodinguilauncherevent2216 D:\Courses\COD实验\zy_lab4\zy_lab4.xpr
# Log file: D:/Courses/COD实验/zy_lab4/vivado.log
# Journal file: D:/Courses/COD实验/zy_lab4\vivado.jou
#-----------------------------------------------------------
start_gui
open_project D:/Courses/COD实验/zy_lab4/zy_lab4.xpr
Scanning sources...
Finished scanning sources
INFO: [IP_Flow 19-234] Refreshing IP repositories
INFO: [IP_Flow 19-1704] No user IP repositories specified
INFO: [IP_Flow 19-2313] Loaded Vivado IP repository 'D:/product/Vivado/Vivado/2020.2/data/ip'.
WARNING: [IP_Flow 19-3664] IP 'I_mem1' generated file not found 'd:/Courses/COD实验/zy_lab4/zy_lab4.srcs/sources_1/ip/I_mem1/I_mem1.dcp'. Please regenerate to continue.
WARNING: [IP_Flow 19-3664] IP 'I_mem1' generated file not found 'd:/Courses/COD实验/zy_lab4/zy_lab4.srcs/sources_1/ip/I_mem1/I_mem1_stub.v'. Please regenerate to continue.
WARNING: [IP_Flow 19-3664] IP 'I_mem1' generated file not found 'd:/Courses/COD实验/zy_lab4/zy_lab4.srcs/sources_1/ip/I_mem1/I_mem1_stub.vhdl'. Please regenerate to continue.
WARNING: [IP_Flow 19-3664] IP 'I_mem1' generated file not found 'd:/Courses/COD实验/zy_lab4/zy_lab4.srcs/sources_1/ip/I_mem1/I_mem1_sim_netlist.v'. Please regenerate to continue.
WARNING: [IP_Flow 19-3664] IP 'I_mem1' generated file not found 'd:/Courses/COD实验/zy_lab4/zy_lab4.srcs/sources_1/ip/I_mem1/I_mem1_sim_netlist.vhdl'. Please regenerate to continue.
open_project: Time (s): cpu = 00:00:28 ; elapsed = 00:00:11 . Memory (MB): peak = 1198.742 ; gain = 0.000
update_compile_order -fileset sources_1
exit
INFO: [Common 17-206] Exiting Vivado at Sat Apr 23 22:58:53 2022...
